[15/03/2007 00:45] Tyler: /c LawQz
[15/03/2007 00:46] Tyler: /c LawQz
[15/03/2007 00:47] Tyler: /c LawQz
[15/03/2007 00:51] Tyler: /goto Lawqz
[15/03/2007 00:53] Tyler: /goto ESAM
[15/03/2007 00:53] Tyler: /goto ESAM
[15/03/2007 00:53] Counsellor Mino: /B thnkx tyler for help 
[15/03/2007 00:54] Counsellor Mino: /t
[15/03/2007 00:56] Tyler: /c Lawqz
[15/03/2007 00:57] Counsellor Mino: /t
[15/03/2007 00:58] Counsellor Mino: /invisible
[15/03/2007 00:59] Tyler: /t
[15/03/2007 01:00] Tyler: /owner Tyler
[15/03/2007 01:00] Counsellor Mino: /invisible
[15/03/2007 01:01] Tyler: /c LawQZ
[15/03/2007 01:06] Tyler: /c COunsellor Mino
[15/03/2007 01:09] Tyler: /c Felyo
[15/03/2007 01:09] Tyler: /owner Mave
[15/03/2007 01:10] Tyler: /goto Lubo
[15/03/2007 01:10] Tyler: /goto Lubo
[15/03/2007 01:10] Tyler: /goto 30 28 7
[15/03/2007 01:11] Counsellor Mino: /t
[15/03/2007 01:12] Tyler: /goto lawqz
[15/03/2007 01:13] Tyler: /i 2390 1
[15/03/2007 01:15] Tyler: /i 1738 3
[15/03/2007 01:15] Tyler: /i 1738 3
[15/03/2007 01:15] Tyler: /i 1738 3
[15/03/2007 01:15] Tyler: /i 1738 3
[15/03/2007 01:15] Tyler: /i 1738 3
[15/03/2007 01:15] Tyler: /i 1738 3
[15/03/2007 01:15] Tyler: /i 1738 3
[15/03/2007 01:15] Tyler: /i 1738 3
[15/03/2007 01:15] Tyler: /i 1738 3
[15/03/2007 01:15] Tyler: /i 1738 3
[15/03/2007 01:15] Tyler: /i 1738 3
[15/03/2007 01:15] Tyler: /i 1738 3
[15/03/2007 01:15] Tyler: /i 1738 3
[15/03/2007 01:15] Tyler: /i 1738 3
[15/03/2007 01:15] Tyler: /i 1738 3
[15/03/2007 01:16] Tyler: /i 2798 100
[15/03/2007 01:17] Tyler: /i 2798 100
[15/03/2007 01:18] Tyler: /i 2798 1
[15/03/2007 01:18] Tyler: /i 2433 1
[15/03/2007 01:18] Tyler: /i 2433 1
[15/03/2007 01:18] Tyler: /i 2433 1
[15/03/2007 01:18] Tyler: /i 2433 1
[15/03/2007 01:18] Tyler: /i 2433 1
[15/03/2007 01:18] Tyler: /i 2433 1
[15/03/2007 01:18] Tyler: /i 2433 1
[15/03/2007 01:18] Tyler: /i 2433 1
[15/03/2007 01:18] Tyler: /i 2433 1
[15/03/2007 01:18] Tyler: /i 2433 1
[15/03/2007 01:18] Tyler: /i 2433 1
[15/03/2007 01:18] Tyler: /i 2433 1
[15/03/2007 01:18] Tyler: /i 2433 1
[15/03/2007 01:18] Tyler: /i 2433 1
[15/03/2007 01:18] Tyler: /i 2433 1
[15/03/2007 01:19] Tyler: /i 1503 1
[15/03/2007 01:19] Tyler: /i 1503 1
[15/03/2007 01:19] Counsellor Mino: /t
[15/03/2007 01:23] Tyler: /i 2504 1
[15/03/2007 01:23] Tyler: /i 2503 1
[15/03/2007 01:23] Tyler: /i 2474 1
[15/03/2007 01:23] Tyler: /i 2542 1
[15/03/2007 01:23] Tyler: /i 2424 1
[15/03/2007 01:23] Tyler: /i 2130 1
[15/03/2007 01:24] Tyler: /i 2646 1
[15/03/2007 01:24] Tyler: /c Felyo
[15/03/2007 01:24] Tyler: /c Counsellor Mino
[15/03/2007 01:25] Tyler: /i 1503 1
[15/03/2007 01:25] Tyler: /i 1503 1
[15/03/2007 01:29] Tyler: /c Gorgon
[15/03/2007 01:29] Tyler: /c Gorgon
[15/03/2007 01:29] Tyler: /c Gorgon
[15/03/2007 01:30] Tyler: /c Gorgon
[15/03/2007 01:30] Tyler: /c Gorgon
[15/03/2007 01:30] Tyler: /c Gorgon
[15/03/2007 01:30] Tyler: /m war noob pk
[15/03/2007 01:30] Tyler: /m war noob pk
[15/03/2007 01:30] Tyler: /m war noob pk
[15/03/2007 01:30] Tyler: /m war noob pk
[15/03/2007 01:30] Tyler: /m war noob pk
[15/03/2007 01:30] Tyler: /m war noob pk
[15/03/2007 01:30] Tyler: /m war noob pk
[15/03/2007 01:30] Tyler: /m war noob pk
[15/03/2007 01:30] Tyler: /m war noob pk
[15/03/2007 01:30] Tyler: /m war noob pk
[15/03/2007 01:30] Tyler: /m war noob pk
[15/03/2007 01:30] Tyler: /m war noob pk
[15/03/2007 01:30] Tyler: /m war noob pk
[15/03/2007 01:30] Tyler: /m war noob pk
[15/03/2007 01:30] Tyler: /m war noob pk
[15/03/2007 01:30] Tyler: /m war noob pk
[15/03/2007 01:30] Tyler: /m war noob pk
[15/03/2007 01:30] Tyler: /m war noob pk
[15/03/2007 01:30] Tyler: /m war noob pk
[15/03/2007 01:30] Tyler: /m war noob pk
[15/03/2007 01:30] Tyler: /m war noob pk
[15/03/2007 01:30] Tyler: /m war noob pk
[15/03/2007 01:30] Tyler: /m war noob pk
[15/03/2007 01:30] Tyler: /m war noob pk
[15/03/2007 01:30] Tyler: /m war noob pk
[15/03/2007 01:30] Tyler: /m war noob pk
[15/03/2007 01:30] Tyler: /m war noob pk
[15/03/2007 01:30] Tyler: /m war noob pk
[15/03/2007 01:30] Tyler: /m war noob pk
[15/03/2007 01:30] Tyler: /m war noob pk
[15/03/2007 01:30] Tyler: /m war noob pk
[15/03/2007 01:30] Tyler: /m war noob pk
[15/03/2007 01:30] Tyler: /m war noob pk
[15/03/2007 01:30] Tyler: /m war noob pk
[15/03/2007 01:30] Tyler: /m war noob pk
[15/03/2007 01:30] Tyler: /m war noob pk
[15/03/2007 01:30] Tyler: /m war noob pk
[15/03/2007 01:30] Tyler: /m war noob pk
[15/03/2007 01:30] Tyler: /m war noob pk
[15/03/2007 01:30] Tyler: /m war noob pk
[15/03/2007 01:30] Tyler: /m war noob pk
[15/03/2007 01:30] Tyler: /m war noob pk
[15/03/2007 01:30] Tyler: /m war noob pk
[15/03/2007 01:30] Tyler: /m war noob pk
[15/03/2007 01:30] Tyler: /m war noob pk
[15/03/2007 01:30] Tyler: /m war noob pk
[15/03/2007 01:30] Tyler: /m war noob pk
[15/03/2007 01:30] Tyler: /m war noob pk
[15/03/2007 01:30] Tyler: /m war noob pk
[15/03/2007 01:30] Tyler: /m war noob pk
[15/03/2007 01:30] Tyler: /m war noob pk
[15/03/2007 01:30] Tyler: /m war noob pk
[15/03/2007 01:30] Tyler: /m war noob pk
[15/03/2007 01:30] Tyler: /m war noob pk
[15/03/2007 01:30] Tyler: /m war noob pk
[15/03/2007 01:30] Tyler: /m war noob pk
[15/03/2007 01:30] Tyler: /m war noob pk
[15/03/2007 01:30] Tyler: /m war noob pk
[15/03/2007 01:30] Tyler: /m war noob pk
[15/03/2007 01:30] Tyler: /m war noob pk
[15/03/2007 01:30] Tyler: /m war noob pk
[15/03/2007 01:30] Tyler: /m war noob pk
[15/03/2007 01:30] Tyler: /m war noob pk
[15/03/2007 01:30] Tyler: /m war noob pk
[15/03/2007 01:30] Tyler: /m war noob pk
[15/03/2007 01:30] Tyler: /m war noob pk
[15/03/2007 01:30] Tyler: /m war noob pk
[15/03/2007 01:31] Tyler: /m war noob pk
[15/03/2007 01:31] Tyler: /m war noob pk
[15/03/2007 01:31] Tyler: /m war noob pk
[15/03/2007 01:31] Tyler: /m war noob pk
[15/03/2007 01:31] Tyler: /m war noob pk
[15/03/2007 01:31] Tyler: /m war noob pk
[15/03/2007 01:31] Tyler: /m war noob pk
[15/03/2007 01:31] Tyler: /m war noob pk
[15/03/2007 01:31] Tyler: /m war noob pk
[15/03/2007 01:31] Tyler: /m war noob pk
[15/03/2007 01:31] Tyler: /m war noob pk
[15/03/2007 01:31] Tyler: /m war noob pk
[15/03/2007 01:31] Tyler: /m war noob pk
[15/03/2007 01:31] Tyler: /m war noob pk
[15/03/2007 01:31] Tyler: /m war noob pk
[15/03/2007 01:31] Tyler: /m war noob pk
[15/03/2007 01:31] Tyler: /m war noob pk
[15/03/2007 01:31] Tyler: /m war noob pk
[15/03/2007 01:31] Tyler: /m war noob pk
[15/03/2007 01:31] Tyler: /m war noob pk
[15/03/2007 01:31] Tyler: /m war noob pk
[15/03/2007 01:31] Tyler: /m war noob pk
[15/03/2007 01:31] Tyler: /m war noob pk
[15/03/2007 01:31] Tyler: /m war noob pk
[15/03/2007 01:31] Tyler: /m war noob pk
[15/03/2007 01:32] Tyler: /invisible
[15/03/2007 01:33] Tyler: /goto Lawqz
[15/03/2007 01:35] Counsellor Mino: /c tiesto
[15/03/2007 01:35] Tyler: /invisible
[15/03/2007 01:35] Tyler: /owner Tyler
[15/03/2007 01:35] Tyler: /owner Tyler
[15/03/2007 01:37] Tyler: /owner Mave
[15/03/2007 01:37] Tyler: /c Krakenr
[15/03/2007 01:38] Counsellor Mino: /c mave
[15/03/2007 01:39] Tyler: /t
[15/03/2007 01:41] Tyler: /c lawqz
[15/03/2007 01:41] Tyler: /t
[15/03/2007 01:42] Tyler: /goto Lawqz
[15/03/2007 01:42] Tyler: /s Seller
[15/03/2007 01:44] Tyler: /c Lawqz
[15/03/2007 01:44] Tyler: /c Counsellor Mino
[15/03/2007 01:46] Tyler: /t
[15/03/2007 01:46] Counsellor Mino: /t
[15/03/2007 01:46] Tyler: /c Counsellor Mino
[15/03/2007 01:48] Counsellor Mino: /t
[15/03/2007 01:48] Counsellor Mino: /c tiesto
[15/03/2007 01:48] Counsellor Mino: /t
[15/03/2007 01:50] Counsellor Mino: /getonline
[15/03/2007 02:12] Counsellor Mino: /getonline
[15/03/2007 02:12] Counsellor Mino: /c krakenr
[15/03/2007 06:51] Counsellor Mino: /getonline
[15/03/2007 06:58] Counsellor Mino: !online
[15/03/2007 07:06] Counsellor Mino: !online
[15/03/2007 07:07] Counsellor Mino: !online
[15/03/2007 07:18] Counsellor Mino: !online
[15/03/2007 07:39] Tutor Hellfire: /B clean in 2 min
[15/03/2007 07:40] Tutor Hellfire: /B http://titaniu-photoalbum.magix.net/ real fotos of titanium players
[15/03/2007 07:41] Tutor Hellfire: /B http://titanium-photoalbum.magix.net/
[15/03/2007 07:43] Tutor Hellfire: /B clean now
[15/03/2007 07:44] Tutor Hellfire: /clean
[15/03/2007 07:44] Tutor Hellfire: /B 07:44 Clean completed. Collected 6373 items.
[15/03/2007 07:48] Tutor Hellfire: /t
[15/03/2007 08:27] Tutor Hellfire: /B clean in 1 min
[15/03/2007 08:30] Tutor Hellfire: /B cleean now
[15/03/2007 08:30] Tutor Hellfire: /clean
[15/03/2007 13:49] Tutor Hellfire: /B clean in 2 min
[15/03/2007 13:50] Tutor Hellfire: /B clean
[15/03/2007 13:50] Tutor Hellfire: /clean
[15/03/2007 13:50] Tutor Hellfire: /B 13:50 Clean completed. Collected 17661 items.
[15/03/2007 14:51] {[HGM]}Shinry: /getonline
[15/03/2007 14:51] {[HGM]}Shinry: /goto 547 222 7
[15/03/2007 14:51] {[HGM]}Shinry: /goto 411 494 3
[15/03/2007 14:51] {[HGM]}Shinry: /goto 297 40 1
[15/03/2007 14:51] {[HGM]}Shinry: /goto 1460 310 7
[15/03/2007 14:54] Abyss: /closeserver
[15/03/2007 14:55] Abyss: /save
[15/03/2007 14:55] {[HGM]}Shinry: /goto Abyss
[15/03/2007 14:55] Abyss: !online
[15/03/2007 19:29] Tutor Hellfire: /B clean in 2 min
[15/03/2007 19:30] Tutor Hellfire: /B clean
[15/03/2007 19:31] Tutor Hellfire: /clean
[15/03/2007 20:22] {[HGM]}Shinry: /getonline
[15/03/2007 20:54] GM Skinner: /t
[15/03/2007 20:54] GM Skinner: /c Obi
[15/03/2007 20:54] GM Skinner: /c Obi
[15/03/2007 20:55] GM Skinner: /c Obi
[15/03/2007 20:55] GM Skinner: /c Obi
[15/03/2007 20:56] GM Skinner: /a 10
[15/03/2007 20:56] GM Skinner: /a 10
[15/03/2007 20:56] GM Skinner: /a 10
[15/03/2007 20:56] GM Skinner: /a 10
[15/03/2007 20:56] GM Skinner: /a 10
[15/03/2007 20:56] GM Skinner: /a 10
[15/03/2007 20:56] GM Skinner: /a 5
[15/03/2007 20:56] GM Skinner: /c Obi
[15/03/2007 20:56] GM Skinner: /m moob pk100x
[15/03/2007 20:56] GM Skinner: /m moob pk100x
[15/03/2007 20:56] GM Skinner: /m moob pk100x
[15/03/2007 20:56] GM Skinner: /m moob pk100x
[15/03/2007 20:56] GM Skinner: /m moob pk100x
[15/03/2007 20:56] GM Skinner: /m moob pk100x
[15/03/2007 20:56] GM Skinner: /m moob pk100x
[15/03/2007 20:56] GM Skinner: /m moob pk100x
[15/03/2007 20:56] GM Skinner: /m moob pk100x
[15/03/2007 20:56] GM Skinner: /m moob pk100x
[15/03/2007 20:56] GM Skinner: /m moob pk100x
[15/03/2007 20:56] GM Skinner: /m moob pk100x
[15/03/2007 20:56] GM Skinner: /m moob pk100x
[15/03/2007 20:56] GM Skinner: /m moob pk100x
[15/03/2007 20:56] GM Skinner: /m moob pk100x
[15/03/2007 20:56] GM Skinner: /m moob pk100x
[15/03/2007 20:56] GM Skinner: /m moob pk100x
[15/03/2007 20:56] GM Skinner: /m moob pk100x
[15/03/2007 20:56] GM Skinner: /m moob pk100x
[15/03/2007 20:56] GM Skinner: /m moob pk100x
[15/03/2007 20:56] GM Skinner: /m moob pk100x
[15/03/2007 20:56] GM Skinner: /m moob pk100x
[15/03/2007 20:56] GM Skinner: /m moob pk100x
[15/03/2007 20:56] GM Skinner: /m moob pk100x
[15/03/2007 20:56] GM Skinner: /m moob pk100x
[15/03/2007 20:56] GM Skinner: /m moob pk100x
[15/03/2007 20:56] GM Skinner: /m moob pk100x
[15/03/2007 20:56] GM Skinner: /m moob pk100x
[15/03/2007 20:56] GM Skinner: /m moob pk100x
[15/03/2007 20:56] GM Skinner: /m moob pk100x
[15/03/2007 20:56] GM Skinner: /m moob pk100x
[15/03/2007 20:57] GM Skinner: /m moob pk100x
[15/03/2007 20:57] GM Skinner: /m moob pk100x
[15/03/2007 20:57] GM Skinner: /m moob pk100x
[15/03/2007 20:57] GM Skinner: /m moob pk100x
[15/03/2007 20:57] GM Skinner: /m moob pk100x
[15/03/2007 20:57] GM Skinner: /m moob pk100x
[15/03/2007 20:57] GM Skinner: /m moob pk100x
[15/03/2007 20:57] GM Skinner: /m moob pk100x
[15/03/2007 20:57] GM Skinner: /m moob pk100x
[15/03/2007 20:57] GM Skinner: /m moob pk100x
[15/03/2007 20:57] GM Skinner: /m moob pk100x
[15/03/2007 20:57] GM Skinner: /m moob pk100x
[15/03/2007 20:57] GM Skinner: /m moob pk100x
[15/03/2007 20:57] GM Skinner: /m moob pk100x
[15/03/2007 20:57] GM Skinner: /m moob pk100x
[15/03/2007 20:57] GM Skinner: /m moob pk100x
[15/03/2007 20:57] GM Skinner: /m moob pk100x
[15/03/2007 20:57] GM Skinner: /m moob pk100x
[15/03/2007 20:57] GM Skinner: /m moob pk100x
[15/03/2007 20:57] GM Skinner: /m moob pk100x
[15/03/2007 20:57] GM Skinner: /m moob pk100x
[15/03/2007 20:57] GM Skinner: /m moob pk100x
[15/03/2007 20:57] GM Skinner: /m moob pk100x
[15/03/2007 20:57] GM Skinner: /m moob pk100x
[15/03/2007 20:57] GM Skinner: /m moob pk100x
[15/03/2007 20:57] GM Skinner: /m moob pk100x
[15/03/2007 20:57] GM Skinner: /m moob pk100x
[15/03/2007 20:57] GM Skinner: /m moob pk100x
[15/03/2007 20:57] GM Skinner: /m moob pk100x
[15/03/2007 20:57] GM Skinner: /m moob pk100x
[15/03/2007 20:57] GM Skinner: /m moob pk100x
[15/03/2007 20:57] GM Skinner: /m moob pk100x
[15/03/2007 20:57] GM Skinner: /m moob pk100x
[15/03/2007 20:57] GM Skinner: /m moob pk100x
[15/03/2007 20:57] GM Skinner: /m moob pk100x
[15/03/2007 20:57] GM Skinner: /m moob pk100x
[15/03/2007 20:57] GM Skinner: /m moob pk100x
[15/03/2007 20:57] GM Skinner: /m moob pk100x
[15/03/2007 20:57] GM Skinner: /m moob pk100x
[15/03/2007 20:57] GM Skinner: /m moob pk100x
[15/03/2007 20:57] GM Skinner: /m moob pk100x
[15/03/2007 20:57] GM Skinner: /m moob pk100x
[15/03/2007 20:57] GM Skinner: /m moob pk100x
[15/03/2007 20:57] GM Skinner: /m moob pk100x
[15/03/2007 20:57] GM Skinner: /m moob pk100x
[15/03/2007 20:57] GM Skinner: /m moob pk100x
[15/03/2007 20:57] GM Skinner: /c Obi
[15/03/2007 20:57] GM Skinner: /m moob pk100x
[15/03/2007 20:57] GM Skinner: /m moob pk100x
[15/03/2007 20:57] GM Skinner: /m moob pk100x
[15/03/2007 20:57] GM Skinner: /m moob pk100x
[15/03/2007 20:57] GM Skinner: /m moob pk100x
[15/03/2007 20:57] GM Skinner: /m moob pk100x
[15/03/2007 20:57] GM Skinner: /m moob pk100x
[15/03/2007 20:57] GM Skinner: /m moob pk100x
[15/03/2007 20:57] GM Skinner: /m moob pk100x
[15/03/2007 20:57] GM Skinner: /m moob pk100x
[15/03/2007 20:57] GM Skinner: /m moob pk100x
[15/03/2007 20:57] GM Skinner: /m moob pk100x
[15/03/2007 20:57] GM Skinner: /m moob pk100x
[15/03/2007 20:57] GM Skinner: /m moob pk100x
[15/03/2007 20:57] GM Skinner: /m moob pk100x
[15/03/2007 20:58] GM Skinner: /m moob pk100x
[15/03/2007 20:58] GM Skinner: /m moob pk100x
[15/03/2007 20:58] GM Skinner: /m moob pk100x
[15/03/2007 20:58] GM Skinner: /m moob pk100x
[15/03/2007 20:58] GM Skinner: /m moob pk100x
[15/03/2007 20:58] GM Skinner: /m moob pk100x
[15/03/2007 20:58] GM Skinner: /m moob pk100x
[15/03/2007 20:58] GM Skinner: /m moob pk100x
[15/03/2007 20:58] GM Skinner: /m moob pk100x
[15/03/2007 20:58] GM Skinner: /m moob pk100x
[15/03/2007 20:58] GM Skinner: /m moob pk100x
[15/03/2007 20:58] GM Skinner: /m moob pk100x
[15/03/2007 20:58] GM Skinner: /m moob pk100x
[15/03/2007 20:58] GM Skinner: /m moob pk100x
[15/03/2007 20:58] GM Skinner: /m moob pk100x
[15/03/2007 20:58] GM Skinner: /m moob pk100x
[15/03/2007 20:58] GM Skinner: /m moob pk100x
[15/03/2007 20:58] GM Skinner: /m moob pk100x
[15/03/2007 20:58] GM Skinner: /m moob pk100x
[15/03/2007 20:58] GM Skinner: /m moob pk100x
[15/03/2007 20:58] GM Skinner: /m moob pk100x
[15/03/2007 20:58] GM Skinner: /m moob pk100x
[15/03/2007 20:58] GM Skinner: /m moob pk100x
[15/03/2007 20:58] GM Skinner: /m moob pk100x
[15/03/2007 20:58] GM Skinner: /m moob pk100x
[15/03/2007 20:58] GM Skinner: /m moob pk100x
[15/03/2007 20:58] GM Skinner: /m moob pk100x
[15/03/2007 20:58] GM Skinner: /m moob pk100x
[15/03/2007 20:58] GM Skinner: /m moob pk100x
[15/03/2007 20:58] GM Skinner: /m moob pk100x
[15/03/2007 20:58] GM Skinner: /m moob pk100x
[15/03/2007 20:58] GM Skinner: /m moob pk100x
[15/03/2007 20:58] GM Skinner: /m moob pk100x
[15/03/2007 20:58] GM Skinner: /m moob pk100x
[15/03/2007 20:58] GM Skinner: /m moob pk100x
[15/03/2007 20:58] GM Skinner: /m moob pk100x
[15/03/2007 20:58] GM Skinner: /m moob pk100x
[15/03/2007 20:58] GM Skinner: /m moob pk100x
[15/03/2007 20:58] GM Skinner: /m moob pk100x
[15/03/2007 20:58] GM Skinner: /m moob pk100x
[15/03/2007 20:58] GM Skinner: /m moob pk100x
[15/03/2007 20:58] GM Skinner: /m moob pk100x
[15/03/2007 20:58] GM Skinner: /m moob pk100x
[15/03/2007 20:58] GM Skinner: /m moob pk100x
[15/03/2007 20:58] GM Skinner: /m moob pk100x
[15/03/2007 20:58] GM Skinner: /m moob pk100x
[15/03/2007 20:58] GM Skinner: /m moob pk100x
[15/03/2007 20:58] GM Skinner: /m moob pk100x
[15/03/2007 20:58] GM Skinner: /m moob pk100x
[15/03/2007 20:58] GM Skinner: /m moob pk100x
[15/03/2007 20:58] GM Skinner: /m moob pk100x
[15/03/2007 20:58] GM Skinner: /m moob pk100x
[15/03/2007 20:58] GM Skinner: /m moob pk100x
[15/03/2007 20:58] GM Skinner: /m moob pk100x
[15/03/2007 20:58] GM Skinner: /m moob pk100x
[15/03/2007 20:58] GM Skinner: /m moob pk100x
[15/03/2007 20:58] GM Skinner: /m moob pk100x
[15/03/2007 20:58] GM Skinner: /m moob pk100x
[15/03/2007 20:58] GM Skinner: /m moob pk100x
[15/03/2007 20:58] GM Skinner: /m moob pk100x
[15/03/2007 20:58] GM Skinner: /m moob pk100x
[15/03/2007 20:58] GM Skinner: /m moob pk100x
[15/03/2007 20:58] GM Skinner: /m moob pk100x
[15/03/2007 20:58] GM Skinner: /m moob pk100x
[15/03/2007 20:58] GM Skinner: /m moob pk100x
[15/03/2007 20:58] GM Skinner: /m moob pk100x
[15/03/2007 20:58] GM Skinner: /m moob pk100x
[15/03/2007 20:58] GM Skinner: /m moob pk100x
[15/03/2007 20:58] GM Skinner: /m moob pk100x
[15/03/2007 20:58] GM Skinner: /m moob pk100x
[15/03/2007 20:58] GM Skinner: /m moob pk100x
[15/03/2007 20:58] GM Skinner: /m moob pk100x
[15/03/2007 20:58] GM Skinner: /m moob pk100x
[15/03/2007 20:58] GM Skinner: /m moob pk100x
[15/03/2007 20:58] GM Skinner: /m moob pk100x
[15/03/2007 20:58] GM Skinner: /m moob pk100x
[15/03/2007 20:58] GM Skinner: /m moob pk100x
[15/03/2007 20:58] GM Skinner: /m moob pk100x
[15/03/2007 20:58] GM Skinner: /m moob pk100x
[15/03/2007 20:58] GM Skinner: /m moob pk100x
[15/03/2007 20:58] GM Skinner: /m moob pk100x
[15/03/2007 20:58] GM Skinner: /m moob pk100x
[15/03/2007 20:58] GM Skinner: /m moob pk100x
[15/03/2007 20:58] GM Skinner: /m moob pk100x
[15/03/2007 20:58] GM Skinner: /m moob pk100x
[15/03/2007 20:58] GM Skinner: /m moob pk100x
[15/03/2007 20:58] GM Skinner: /m moob pk100x
[15/03/2007 20:59] GM Skinner: /m moob pk100x
[15/03/2007 20:59] GM Skinner: /m moob pk100x
[15/03/2007 20:59] GM Skinner: /m moob pk100x
[15/03/2007 20:59] GM Skinner: /a 3
[15/03/2007 20:59] GM Skinner: /c Obi
[15/03/2007 20:59] GM Skinner: /c Dakezo
[15/03/2007 20:59] GM Skinner: /c Dakezo
[15/03/2007 20:59] GM Skinner: /c Dakezo
[15/03/2007 20:59] GM Skinner: /c Dakezo
[15/03/2007 20:59] GM Skinner: /c Dakezo
[15/03/2007 20:59] GM Skinner: /c Dakezo
[15/03/2007 20:59] GM Skinner: /c Dakezo
[15/03/2007 20:59] GM Skinner: /c Dakezo
[15/03/2007 21:01] GM Skinner: /m moob pk100x
[15/03/2007 21:01] GM Skinner: /kick Obi
[15/03/2007 21:01] GM Skinner: /c Dakezo
[15/03/2007 21:01] GM Skinner: /c Dakezo
[15/03/2007 21:01] GM Skinner: /c Dakezo
[15/03/2007 21:02] GM Skinner: /c Dakezo
[15/03/2007 21:02] GM Skinner: /c Dakezo
[15/03/2007 21:02] GM Skinner: /c Dakezo
[15/03/2007 21:02] GM Skinner: /c Dakezo
[15/03/2007 21:02] GM Skinner: /c Dakezo
[15/03/2007 21:02] GM Skinner: /c Dakezo
[15/03/2007 21:32] GM Skinner: /c Obi
[15/03/2007 21:32] GM Skinner: /a 4
[15/03/2007 21:32] GM Skinner: /c Obi
[15/03/2007 21:32] GM Skinner: /m moob pk100x
[15/03/2007 21:32] GM Skinner: /m moob pk100x
[15/03/2007 21:32] GM Skinner: /m moob pk100x
[15/03/2007 21:32] GM Skinner: /m moob pk100x
[15/03/2007 21:32] GM Skinner: /m moob pk100x
[15/03/2007 21:32] GM Skinner: /m moob pk100x
[15/03/2007 21:32] GM Skinner: /m moob pk100x
[15/03/2007 21:32] GM Skinner: /m moob pk100x
[15/03/2007 21:32] GM Skinner: /m moob pk100x
[15/03/2007 21:32] GM Skinner: /m moob pk100x
[15/03/2007 21:32] GM Skinner: /m moob pk100x
[15/03/2007 21:32] GM Skinner: /m moob pk100x
[15/03/2007 21:32] GM Skinner: /m moob pk100x
[15/03/2007 21:32] GM Skinner: /m moob pk100x
[15/03/2007 21:32] GM Skinner: /m moob pk100x
[15/03/2007 21:32] GM Skinner: /m moob pk100x
[15/03/2007 21:32] GM Skinner: /m moob pk100x
[15/03/2007 21:32] GM Skinner: /m moob pk100x
[15/03/2007 21:32] GM Skinner: /m moob pk100x
[15/03/2007 21:32] GM Skinner: /m moob pk100x
[15/03/2007 21:32] GM Skinner: /m moob pk100x
[15/03/2007 21:32] GM Skinner: /m moob pk100x
[15/03/2007 21:32] GM Skinner: /m moob pk100x
[15/03/2007 21:32] GM Skinner: /m moob pk100x
[15/03/2007 21:32] GM Skinner: /m moob pk100x
[15/03/2007 21:32] GM Skinner: /m moob pk100x
[15/03/2007 21:32] GM Skinner: /m moob pk100x
[15/03/2007 21:32] GM Skinner: /m moob pk100x
[15/03/2007 21:32] GM Skinner: /m moob pk100x
[15/03/2007 21:32] GM Skinner: /m moob pk100x
[15/03/2007 21:32] GM Skinner: /m moob pk100x
[15/03/2007 21:32] GM Skinner: /m moob pk100x
[15/03/2007 21:32] GM Skinner: /m moob pk100x
[15/03/2007 21:32] GM Skinner: /m moob pk100x
[15/03/2007 21:32] GM Skinner: /m moob pk100x
[15/03/2007 21:32] GM Skinner: /m moob pk100x
[15/03/2007 21:32] GM Skinner: /m moob pk100x
[15/03/2007 21:32] GM Skinner: /m moob pk100x
[15/03/2007 21:32] GM Skinner: /m moob pk100x
[15/03/2007 21:32] GM Skinner: /m moob pk100x
[15/03/2007 21:32] GM Skinner: /m moob pk100x
[15/03/2007 21:32] GM Skinner: /m moob pk100x
[15/03/2007 21:32] GM Skinner: /m moob pk100x
[15/03/2007 21:32] GM Skinner: /m moob pk100x
[15/03/2007 21:32] GM Skinner: /m moob pk100x
[15/03/2007 21:32] GM Skinner: /m moob pk100x
[15/03/2007 21:32] GM Skinner: /m moob pk100x
[15/03/2007 21:32] GM Skinner: /m moob pk100x
[15/03/2007 21:32] GM Skinner: /m moob pk100x
[15/03/2007 21:32] GM Skinner: /m moob pk100x
[15/03/2007 21:32] GM Skinner: /m moob pk100x
[15/03/2007 21:32] GM Skinner: /m moob pk100x
[15/03/2007 21:32] GM Skinner: /m moob pk100x
[15/03/2007 21:32] GM Skinner: /m moob pk100x
[15/03/2007 21:32] GM Skinner: /m moob pk100x
[15/03/2007 21:32] GM Skinner: /m moob pk100x
[15/03/2007 21:32] GM Skinner: /m moob pk100x
[15/03/2007 21:32] GM Skinner: /m moob pk100x
[15/03/2007 21:33] GM Skinner: /t
[15/03/2007 21:33] GM Skinner: /c Obi
[15/03/2007 21:33] GM Skinner: /kick Obi
[15/03/2007 22:23] Freedom Fighter: !online
[15/03/2007 22:23] Freedom Fighter: /goto zekul
[15/03/2007 22:23] Freedom Fighter: /t
[15/03/2007 22:23] Freedom Fighter: /invisible
[15/03/2007 22:23] Freedom Fighter: /c zekul
[15/03/2007 22:25] Freedom Fighter: /goto Zekul
[15/03/2007 22:25] Freedom Fighter: /i 2494 1
[15/03/2007 22:25] Freedom Fighter: /i 2494 1
[15/03/2007 22:25] Freedom Fighter: /i 2494 1
[15/03/2007 22:25] Freedom Fighter: /i 2494 1
[15/03/2007 22:25] Freedom Fighter: /i 2494 1
[15/03/2007 22:25] Freedom Fighter: /i 2494 1
[15/03/2007 22:25] Freedom Fighter: /i 2494 1
[15/03/2007 22:25] Freedom Fighter: /i 2494 1
[15/03/2007 22:25] Freedom Fighter: /i 2494 1
[15/03/2007 22:25] Freedom Fighter: /i 2494 1
[15/03/2007 22:26] Freedom Fighter: /i 2469 1
[15/03/2007 22:26] Freedom Fighter: /i 2469 1
[15/03/2007 22:26] Freedom Fighter: /i 2469 1
[15/03/2007 22:26] Freedom Fighter: /i 2493 1
[15/03/2007 22:26] Freedom Fighter: /i 2493 1
[15/03/2007 22:26] Freedom Fighter: /i 2493 1
[15/03/2007 22:26] Freedom Fighter: /i 2493 1
[15/03/2007 22:26] Freedom Fighter: /i 2471 1
[15/03/2007 22:26] Freedom Fighter: /i 2471 1
[15/03/2007 22:26] Freedom Fighter: /i 2471 1
[15/03/2007 22:26] Freedom Fighter: /owner Zekul
[16/03/2007 15:49] Counsellor Mino: /invisible
[16/03/2007 15:49] Counsellor Mino: /t
[16/03/2007 15:55] Tyler: /i 2003 1
[16/03/2007 15:57] Tyler: /m Demon
[16/03/2007 15:57] Tyler: /m Demon Noob
[16/03/2007 15:58] Tyler: /m Demon Noob
[16/03/2007 15:59] Tyler: /m Demon Noob
[16/03/2007 16:00] Tyler: /goto Hasso
[16/03/2007 16:01] Tyler: /goto Hasso
[16/03/2007 16:01] Tyler: /kick Hasso
[16/03/2007 16:05] Counsellor Mino: /t
[16/03/2007 16:09] Counsellor Mino: /t
[16/03/2007 16:13] Tyler: /invisible
[16/03/2007 16:13] Tyler: /goto Frixy
[16/03/2007 16:13] Tyler: /goto Sir Benni Miles
[16/03/2007 16:14] Tyler: /goto Sir Benni Miles
[16/03/2007 16:16] Counsellor Mino: /t
[16/03/2007 16:17] Tyler: /goto Sir Benni Miles
[16/03/2007 16:19] Tyler: /goto Sir Benni Miles
[16/03/2007 16:19] Tyler: /goto Sir Benni Miles
[16/03/2007 16:21] Tyler: /goto Sir Benni Miles
[16/03/2007 16:22] Tyler: /goto Quaze
[16/03/2007 16:23] Tyler: /goto 127 57 7
[16/03/2007 16:23] Tyler: /c Quaze
[16/03/2007 16:25] Counsellor Mino: /getonline
[16/03/2007 16:25] Tyler: /goto Frixy
[16/03/2007 16:25] Tyler: /c Quaze
[16/03/2007 16:27] Counsellor Mino: /getonline
[16/03/2007 16:27] Tyler: /B SAY TONIGHT BYE FOR 1 MONTH TO FRIXY AND SIR BENNI MILES. THEY ARE GOING TO 75% TO BE BANNED BECOUSE OF RACISM TO EGYPTS.
[16/03/2007 16:28] Tyler: /goto BeNeKkk
[16/03/2007 16:28] Tyler: /goto 30 28 7
[16/03/2007 16:29] Tyler: /invisible
[16/03/2007 16:29] Tyler: /invisible
[16/03/2007 16:29] Tyler: /goto Hasso
[16/03/2007 16:31] Tyler: /c Hasso
[16/03/2007 16:37] Counsellor Mino: /t
[16/03/2007 16:40] Andarc: /invisible
[16/03/2007 16:40] Andarc: /goto tyler
[16/03/2007 16:40] Andarc: /invisible
[16/03/2007 16:40] blub: /info tyler
[16/03/2007 16:41] blub: /goto tyler
[16/03/2007 16:41] Tyler: /c Barby
[16/03/2007 16:42] Tyler: /B Spam a other GM pls ^^
[16/03/2007 16:43] Tyler: /c barbi
[16/03/2007 16:43] Tyler: /c Barbie
[16/03/2007 16:45] Counsellor Mino: /B hi any one need help or have debug msg in help channel 
[16/03/2007 16:49] Counsellor Mino: /c Guinevere
[16/03/2007 16:49] Counsellor Mino: /c Guinevere
[16/03/2007 16:49] Counsellor Mino: /c Guinevere
[16/03/2007 16:49] Counsellor Mino: /c Guinevere
[16/03/2007 16:49] Counsellor Mino: /c Guinevere
[16/03/2007 16:49] Counsellor Mino: /c Guinevere
[16/03/2007 16:49] Counsellor Mino: /c Guinevere
[16/03/2007 16:50] Counsellor Mino: /c Guinevere
[16/03/2007 16:50] Counsellor Mino: /c Guinevere
[16/03/2007 16:54] Counsellor Mino: /c Rizzzla
[16/03/2007 16:54] Counsellor Mino: /c Rizzzla
[16/03/2007 16:54] Counsellor Mino: /c Rizzzla
[16/03/2007 16:55] Counsellor Mino: /c Benicio
[16/03/2007 16:55] Counsellor Mino: /c Benicio
[16/03/2007 16:55] Counsellor Mino: /c Benicio
[16/03/2007 16:55] Counsellor Mino: /c Benicio
[16/03/2007 16:55] Counsellor Mino: /c Benicio
[16/03/2007 16:55] Counsellor Mino: /c Benicio
[16/03/2007 16:55] Counsellor Mino: /c Benicio
[16/03/2007 16:55] Counsellor Mino: /c Benicio
[16/03/2007 16:55] Counsellor Mino: /c Benicio
[16/03/2007 16:55] Counsellor Mino: !online
[16/03/2007 16:56] Counsellor Mino: /c Benicio
[16/03/2007 16:56] Counsellor Mino: !online
[16/03/2007 16:57] Counsellor Mino: /c Benicio del gonzo
[16/03/2007 16:57] Counsellor Mino: /c Benicio del gonzo
[16/03/2007 16:57] Counsellor Mino: /c Benicio del gonzo
[16/03/2007 16:57] Counsellor Mino: /c Benicio del gonzo
[16/03/2007 16:59] Counsellor Mino: /c Benicio del gonzo
[16/03/2007 17:00] Counsellor Mino: !online
[16/03/2007 17:00] Counsellor Mino: /c dark psycho
[16/03/2007 17:01] Counsellor Mino: /getonline
[16/03/2007 17:07] Counsellor Mino: !online
[16/03/2007 17:07] Counsellor Mino: /getonline
[16/03/2007 17:08] Counsellor Mino: !online
[16/03/2007 17:17] Counsellor Mino: !online
[16/03/2007 17:22] Counsellor Mino: !online
[16/03/2007 17:27] Counsellor Mino: !online
[16/03/2007 17:28] Counsellor Mino: !online
[16/03/2007 17:34] Counsellor Mino: !online
[16/03/2007 17:34] Counsellor Mino: /getonline
[16/03/2007 17:36] Counsellor Mino: !online
[16/03/2007 17:37] Counsellor Mino: !online
[16/03/2007 17:39] Counsellor Mino: !online
[16/03/2007 17:39] Counsellor Mino: !online
[16/03/2007 17:44] Counsellor Mino: !online
[16/03/2007 17:46] Counsellor Mino: !online
[16/03/2007 19:15] Counsellor Mino: /invisible
[16/03/2007 19:15] Counsellor Mino: /getonline
[16/03/2007 19:28] Counsellor Mino: /t
[16/03/2007 19:34] Counsellor Mino: /B hi all any one need help or have debug msg in help channel
[16/03/2007 19:39] Counsellor Mino: /B i cant give lvls back i only get the chars from debugs if u cant log on it :) 
[16/03/2007 19:39] Counsellor Mino: !online
[16/03/2007 19:45] Counsellor Mino: /c Billy Talent
[16/03/2007 19:45] Counsellor Mino: /c Billy Talent
[16/03/2007 19:45] Counsellor Mino: /c Billy Talent
[16/03/2007 19:45] Counsellor Mino: /c Billy Talent
[16/03/2007 19:45] Counsellor Mino: /c Billy Talent
[16/03/2007 19:45] Counsellor Mino: /c Billy Talent
[16/03/2007 19:47] Counsellor Mino: !online
[16/03/2007 19:48] Counsellor Mino: /B server will be clean in 2 min plz all take save place 
[16/03/2007 19:50] Counsellor Mino: /B server will be clean now plz all take save place
[16/03/2007 19:51] Counsellor Mino: /clean
[16/03/2007 19:51] Counsellor Mino: /B Clean completed. Collected 6453 items.
[16/03/2007 19:51] Counsellor Mino: /t
[16/03/2007 19:54] Counsellor Mino: /invisible
[16/03/2007 19:56] Tutor Hellfire: /B when anyone need help msg me in help channel or private
[16/03/2007 20:11] Counsellor Mino: /invisible
[16/03/2007 20:17] Counsellor Mino: /invisible
[16/03/2007 20:29] Counsellor Mino: /t
[17/03/2007 02:41] blub: /up
[17/03/2007 02:41] blub: /i 1738 1
[17/03/2007 02:41] blub: /i 2390
[17/03/2007 02:41] blub: /i 2390 1
[17/03/2007 02:42] blub: /i 2798 100
[17/03/2007 02:42] blub: /i 1503 1
[17/03/2007 02:43] blub: /goto 547 222 7
[17/03/2007 02:46] blub: /t
[17/03/2007 02:46] blub: !online
[17/03/2007 03:31] Counsellor Mino: /getonline
[17/03/2007 03:31] Counsellor Mino: /invisible
[17/03/2007 04:06] Counsellor Mino: /invisible
[17/03/2007 04:09] Counsellor Mino: /invisible
[17/03/2007 04:13] Counsellor Mino: /getonline
[17/03/2007 04:28] Counsellor Mino: /t
[17/03/2007 05:30] Counsellor Mino: /t
[17/03/2007 08:12] Tutor Queen: /clean
[17/03/2007 09:22] Tutor Queen: /t
[17/03/2007 10:45] Tutor Hellfire: /B clean in 2min
[17/03/2007 10:47] Tutor Hellfire: /B clean
[17/03/2007 10:48] Tutor Hellfire: /clean
[17/03/2007 10:48] Tutor Hellfire: /B 10:48 Clean completed. Collected 3763 items.
[17/03/2007 10:49] Tutor Hellfire: /t
[17/03/2007 10:56] Tutor Hellfire: !online
[17/03/2007 11:10] Counsellor Mino: /invisible
[17/03/2007 11:11] Counsellor Mino: /c tutor Queen
[17/03/2007 11:13] Counsellor Mino: /t
[17/03/2007 11:14] Counsellor Mino: /B hi all any one need help or have debug msg in help channel
[17/03/2007 11:19] Counsellor Mino: /B k g2g cya
[17/03/2007 16:35] Tutor Queen: !online
[17/03/2007 16:35] Andarc: !online
[17/03/2007 16:43] Counsellor Mino: /getonline
[17/03/2007 16:44] Counsellor Mino: /invisible
[17/03/2007 16:45] Counsellor Mino: /B hi all any one need help or have debug msg in help channel
[17/03/2007 16:46] Counsellor Mino: /t
[17/03/2007 19:46] Tutor Hellfire: /B clean in 2 min
[17/03/2007 19:49] Tutor Hellfire: /B clean now
[17/03/2007 19:49] Tutor Hellfire: /clean
[17/03/2007 19:49] Tutor Hellfire: /B 19:49 Clean completed. Collected 4778 items.
[17/03/2007 22:41] blub: !online
[17/03/2007 22:42] blub: !online
[17/03/2007 22:43] blub: !online
[17/03/2007 23:53] Tyler: /invisible
[17/03/2007 23:55] Tyler: /goto Hasso
[18/03/2007 02:09] Tutor Freezer: /B server clean in 1 minute please go to a save place !!!!
[18/03/2007 02:10] Tutor Freezer: /B Server clean now !!
[18/03/2007 02:10] Tutor Freezer: /clean
[18/03/2007 02:11] Tutor Freezer: /B Clean completed. Collected 14060 items.
[18/03/2007 07:14] Tutor Hellfire: !online
[18/03/2007 07:15] Tutor Hellfire: !online
[18/03/2007 07:24] Tutor Hellfire: /B clean in 2 min
[18/03/2007 07:26] Tutor Hellfire: /B clean now!!!
[18/03/2007 07:26] Tutor Hellfire: /clean
[18/03/2007 07:26] Tutor Hellfire: /B 07:26 Clean completed. Collected 5144 items.
[18/03/2007 10:48] Counsellor Mino: /invisible
[18/03/2007 10:51] Counsellor Mino: /B any one need help or have debug msg in help channel 
[18/03/2007 11:02] Counsellor Mino: /t
[18/03/2007 11:05] Tutor Hellfire: /B clean in 2 min
[18/03/2007 11:14] Counsellor Mino: /invisible
[18/03/2007 11:14] Counsellor Mino: !online
[18/03/2007 11:15] Counsellor Mino: /t
[18/03/2007 11:18] Counsellor Mino: /t
[18/03/2007 11:19] Counsellor Mino: !online
[18/03/2007 11:26] Counsellor Mino: /t
[18/03/2007 13:17] GM Black Dragon: /i 2006 6
[18/03/2007 13:17] GM Black Dragon: /i 2006 6
[18/03/2007 13:17] GM Black Dragon: /i 2006 6
[18/03/2007 13:17] GM Black Dragon: /i 2006 6
[18/03/2007 13:17] GM Black Dragon: /i 2006 6
[18/03/2007 13:17] GM Black Dragon: /i 2006 6
[18/03/2007 13:17] GM Black Dragon: /i 2006 6
[18/03/2007 13:17] GM Black Dragon: /i 2006 6
[18/03/2007 13:17] GM Black Dragon: /i 2006 6
[18/03/2007 13:17] GM Black Dragon: /i 2006 6
[18/03/2007 13:17] GM Black Dragon: /i 2006 6
[18/03/2007 13:17] GM Black Dragon: /i 2006 6
[18/03/2007 13:17] GM Black Dragon: /i 2006 6
[18/03/2007 13:17] GM Black Dragon: /i 2006 6
[18/03/2007 13:17] GM Black Dragon: /i 2006 6
[18/03/2007 13:17] GM Black Dragon: /i 2006 6
[18/03/2007 13:17] GM Black Dragon: /i 2006 6
[18/03/2007 13:17] GM Black Dragon: /i 2006 6
[18/03/2007 13:17] GM Black Dragon: /i 2006 6
[18/03/2007 13:17] GM Black Dragon: /i 2006 6
[18/03/2007 13:18] GM Black Dragon: /i 2006 6
[18/03/2007 13:18] GM Black Dragon: /i 2006 6
[18/03/2007 13:18] GM Black Dragon: /i 2006 6
[18/03/2007 13:18] GM Black Dragon: /i 2006 6
[18/03/2007 13:18] GM Black Dragon: /i 2006 6
[18/03/2007 13:18] GM Black Dragon: /i 2006 6
[18/03/2007 13:18] GM Black Dragon: /i 2006 6
[18/03/2007 13:18] GM Black Dragon: /i 2006 6
[18/03/2007 13:18] GM Black Dragon: /i 2006 6
[18/03/2007 13:18] GM Black Dragon: /i 2006 6
[18/03/2007 13:18] GM Black Dragon: /i 2006 6
[18/03/2007 13:18] GM Black Dragon: /i 2006 6
[18/03/2007 13:18] GM Black Dragon: /i 2006 6
[18/03/2007 13:18] GM Black Dragon: /i 2006 6
[18/03/2007 13:18] GM Black Dragon: /i 2006 6
[18/03/2007 13:18] GM Black Dragon: /i 2006 6
[18/03/2007 13:18] GM Black Dragon: /i 2006 6
[18/03/2007 13:18] GM Black Dragon: /i 2006 6
[18/03/2007 13:18] GM Black Dragon: /i 2006 6
[18/03/2007 13:18] GM Black Dragon: /i 2006 6
[18/03/2007 13:20] GM Black Dragon: /i 2006 6
[18/03/2007 13:20] GM Black Dragon: /i 2006 6
[18/03/2007 13:20] GM Black Dragon: /i 2006 6
[18/03/2007 13:20] GM Black Dragon: /i 2006 6
[18/03/2007 13:20] GM Black Dragon: /i 2006 6
[18/03/2007 13:20] GM Black Dragon: /i 2006 6
[18/03/2007 13:20] GM Black Dragon: /i 2006 6
[18/03/2007 13:20] GM Black Dragon: /i 2006 6
[18/03/2007 13:20] GM Black Dragon: /i 2006 6
[18/03/2007 13:20] GM Black Dragon: /i 2006 6
[18/03/2007 13:20] GM Black Dragon: /i 2006 6
[18/03/2007 13:20] GM Black Dragon: /i 2006 6
[18/03/2007 13:20] GM Black Dragon: /i 2006 6
[18/03/2007 13:20] GM Black Dragon: /i 2006 6
[18/03/2007 13:20] GM Black Dragon: /i 2006 6
[18/03/2007 13:20] GM Black Dragon: /i 2006 6
[18/03/2007 13:20] GM Black Dragon: /i 2006 6
[18/03/2007 13:20] GM Black Dragon: /i 2006 6
[18/03/2007 13:20] GM Black Dragon: /i 2006 6
[18/03/2007 13:20] GM Black Dragon: /i 2006 6
[18/03/2007 13:20] GM Black Dragon: /i 2674 100
[18/03/2007 13:21] GM Black Dragon: /i 2000 1
[18/03/2007 13:22] GM Black Dragon: /i 2006 6
[18/03/2007 13:22] GM Black Dragon: /i 2006 6
[18/03/2007 13:22] GM Black Dragon: /i 2006 6
[18/03/2007 13:22] GM Black Dragon: /i 2006 6
[18/03/2007 13:22] GM Black Dragon: /i 2006 6
[18/03/2007 13:22] GM Black Dragon: /i 2006 6
[18/03/2007 13:22] GM Black Dragon: /i 2006 6
[18/03/2007 13:22] GM Black Dragon: /i 2006 6
[18/03/2007 13:22] GM Black Dragon: /i 2006 6
[18/03/2007 13:22] GM Black Dragon: /i 2006 6
[18/03/2007 13:22] GM Black Dragon: /i 2006 6
[18/03/2007 13:22] GM Black Dragon: /i 2006 6
[18/03/2007 13:22] GM Black Dragon: /i 2006 6
[18/03/2007 13:22] GM Black Dragon: /i 2006 6
[18/03/2007 13:22] GM Black Dragon: /i 2006 6
[18/03/2007 13:22] GM Black Dragon: /i 2006 6
[18/03/2007 13:22] GM Black Dragon: /i 2006 6
[18/03/2007 13:22] GM Black Dragon: /i 2006 6
[18/03/2007 13:22] GM Black Dragon: /i 2006 6
[18/03/2007 13:22] GM Black Dragon: /i 2006 6
[18/03/2007 13:22] GM Black Dragon: /i 2006 6
[18/03/2007 13:22] GM Black Dragon: /i 2006 6
[18/03/2007 13:22] GM Black Dragon: /i 2000 1
[18/03/2007 13:23] GM Black Dragon: /i 2006 6
[18/03/2007 13:23] GM Black Dragon: /i 2006 6
[18/03/2007 13:23] GM Black Dragon: /i 2006 6
[18/03/2007 13:23] GM Black Dragon: /i 2006 6
[18/03/2007 13:23] GM Black Dragon: /i 2006 6
[18/03/2007 13:23] GM Black Dragon: /i 2006 6
[18/03/2007 13:23] GM Black Dragon: /i 2006 6
[18/03/2007 13:23] GM Black Dragon: /i 2006 6
[18/03/2007 13:23] GM Black Dragon: /i 2006 6
[18/03/2007 13:23] GM Black Dragon: /i 2006 6
[18/03/2007 13:23] GM Black Dragon: /i 2006 6
[18/03/2007 13:23] GM Black Dragon: /i 2006 6
[18/03/2007 13:23] GM Black Dragon: /i 2006 6
[18/03/2007 13:23] GM Black Dragon: /i 2006 6
[18/03/2007 13:23] GM Black Dragon: /i 2006 6
[18/03/2007 13:24] GM Black Dragon: /invisible
[18/03/2007 14:43] Counsellor Mino: !online
[18/03/2007 14:47] Counsellor Mino: /B hi any one need help or have debug msg in help channel
[18/03/2007 14:50] Counsellor Mino: /c The ViruS
[18/03/2007 14:50] Counsellor Mino: /c The ViruS
[18/03/2007 14:50] Counsellor Mino: /c The ViruS
[18/03/2007 14:50] Counsellor Mino: /c The ViruS
[18/03/2007 15:00] Counsellor Mino: /invisible
[18/03/2007 15:11] Counsellor Mino: /getonline
[18/03/2007 15:11] Counsellor Mino: !online
[18/03/2007 15:11] Counsellor Mino: /invisible
[18/03/2007 15:12] Counsellor Mino: /t
[18/03/2007 15:18] Counsellor Mino: /t
[18/03/2007 15:35] GM Black Dragon: /goto 1449 38 7
[18/03/2007 15:35] GM Black Dragon: /c Hirschi
[18/03/2007 15:42] GM Black Dragon: /goto Zekul
[18/03/2007 15:42] GM Black Dragon: /a 2
[18/03/2007 15:43] GM Black Dragon: /m chopper
[18/03/2007 15:43] GM Black Dragon: /m chopper
[18/03/2007 15:43] GM Black Dragon: /m chopper
[18/03/2007 15:43] GM Black Dragon: /m chopper
[18/03/2007 15:43] GM Black Dragon: /m chopper
[18/03/2007 15:43] GM Black Dragon: /m chopper
[18/03/2007 15:43] GM Black Dragon: /m chopper
[18/03/2007 15:43] GM Black Dragon: /m chopper
[18/03/2007 15:44] GM Black Dragon: /c Snikers
[18/03/2007 15:49] GM Black Dragon: /m God of Light
[18/03/2007 15:49] GM Black Dragon: /m God of Light
[18/03/2007 15:49] GM Black Dragon: /m God of Light
[18/03/2007 15:49] GM Black Dragon: /m God of Light
[18/03/2007 15:49] GM Black Dragon: /m God of Light
[18/03/2007 15:49] GM Black Dragon: /m God of Light
[18/03/2007 15:49] GM Black Dragon: /m God of Light
[18/03/2007 15:49] GM Black Dragon: /m God of Light
[18/03/2007 15:49] GM Black Dragon: /m God of Light
[18/03/2007 15:49] GM Black Dragon: /m God of Light
[18/03/2007 15:49] GM Black Dragon: /m God of Light
[18/03/2007 15:50] GM Black Dragon: /c Snikers
[18/03/2007 15:50] GM Black Dragon: /c Zekul
[18/03/2007 15:51] GM Black Dragon: /c Zekul
[18/03/2007 15:51] GM Black Dragon: /c Snikers
[18/03/2007 15:53] GM Black Dragon: /m God Enel
[18/03/2007 15:53] GM Black Dragon: /m God Enel
[18/03/2007 15:53] GM Black Dragon: /m God Enel
[18/03/2007 15:53] GM Black Dragon: /m God Enel
[18/03/2007 15:53] GM Black Dragon: /m God Enel
[18/03/2007 15:53] GM Black Dragon: /m God Enel
[18/03/2007 15:53] GM Black Dragon: /m God Enel
[18/03/2007 15:53] GM Black Dragon: /m God Enel
[18/03/2007 15:53] GM Black Dragon: /m God Enel
[18/03/2007 15:53] GM Black Dragon: /m God Enel
[18/03/2007 15:53] GM Black Dragon: /m God Enel
[18/03/2007 15:57] GM Black Dragon: /m Alien Demon
[18/03/2007 15:57] GM Black Dragon: /m Alien Demon
[18/03/2007 15:57] GM Black Dragon: /m Alien Demon
[18/03/2007 15:57] GM Black Dragon: /m Alien Demon
[18/03/2007 15:57] GM Black Dragon: /m Alien Demon
[18/03/2007 15:57] GM Black Dragon: /m Alien Demon
[18/03/2007 16:00] Counsellor Mino: /getonline
[18/03/2007 16:02] Counsellor Mino: /invisible
[18/03/2007 16:04] Counsellor Mino: !online
[18/03/2007 16:09] Counsellor Mino: /t
[18/03/2007 16:11] Counsellor Mino: !online
[18/03/2007 16:11] blub: /up
[18/03/2007 16:11] blub: /up
[18/03/2007 16:11] blub: /up
[18/03/2007 16:11] blub: /up
[18/03/2007 16:12] blub: /i 2006 1
[18/03/2007 16:12] blub: /i 2006 6
[18/03/2007 16:13] blub: !online
[18/03/2007 16:13] blub: /down
[18/03/2007 16:13] blub: /down
[18/03/2007 16:13] blub: /down
[18/03/2007 16:13] blub: /down
[18/03/2007 16:14] Counsellor Mino: !online
[18/03/2007 16:15] Counsellor Mino: !online
[18/03/2007 16:16] blub: /clean
[18/03/2007 16:17] blub: !online
[18/03/2007 16:17] blub: /goto saphir
[18/03/2007 16:18] blub: !online
[18/03/2007 16:18] blub: /goto gm black dragon
[18/03/2007 16:19] Counsellor Mino: !online
[18/03/2007 16:20] Counsellor Mino: !online
[18/03/2007 16:26] Counsellor Mino: !online
[18/03/2007 16:53] GM Black Dragon: /goto 1449 38 7
[18/03/2007 16:53] GM Black Dragon: /invisible
[18/03/2007 16:54] GM Black Dragon: /a 2
[18/03/2007 16:54] GM Black Dragon: /down
[18/03/2007 16:54] GM Black Dragon: /down
[18/03/2007 16:54] GM Black Dragon: /down
[18/03/2007 16:54] GM Black Dragon: /down
[18/03/2007 16:54] GM Black Dragon: /down
[18/03/2007 16:54] GM Black Dragon: /up
[18/03/2007 16:55] GM Black Dragon: /goto 334 109 11
[18/03/2007 16:55] GM Black Dragon: /invisible
[18/03/2007 16:55] GM Black Dragon: /c Hirschi
[18/03/2007 18:31] Counsellor Mino: /t
[18/03/2007 18:31] Counsellor Mino: /invisible
[18/03/2007 18:33] Counsellor Mino: /B Hi all any one need help or have debug msg in help channel
[18/03/2007 18:34] Counsellor Mino: /t
[18/03/2007 18:42] Tutor Queen: /clean
[18/03/2007 18:43] GM Black Dragon: /i 2006 6
[18/03/2007 18:43] GM Black Dragon: /i 2006 6
[18/03/2007 18:43] GM Black Dragon: /i 2006 6
[18/03/2007 18:43] GM Black Dragon: /i 2006 6
[18/03/2007 18:43] GM Black Dragon: /i 2006 6
[18/03/2007 18:43] GM Black Dragon: /i 2006 6
[18/03/2007 18:43] GM Black Dragon: /i 2006 6
[18/03/2007 18:43] GM Black Dragon: /i 2006 6
[18/03/2007 18:43] GM Black Dragon: /i 2006 6
[18/03/2007 18:43] GM Black Dragon: /i 2006 6
[18/03/2007 18:43] GM Black Dragon: /i 2006 6
[18/03/2007 18:43] GM Black Dragon: /i 2006 6
[18/03/2007 18:43] GM Black Dragon: /i 2006 6
[18/03/2007 18:43] GM Black Dragon: /i 2006 6
[18/03/2007 18:43] GM Black Dragon: /i 2006 6
[18/03/2007 18:43] GM Black Dragon: /i 2006 6
[18/03/2007 18:43] GM Black Dragon: /i 2006 6
[18/03/2007 18:43] GM Black Dragon: /i 2006 6
[18/03/2007 18:43] GM Black Dragon: /i 2006 6
[18/03/2007 18:43] GM Black Dragon: /i 2006 6
[18/03/2007 18:44] Counsellor Mino: /t
[18/03/2007 18:56] GM Black Dragon: /B i dont give debug lvls back or lvls becouse a gm killed you post it in forum or msg the gm who killed you
[18/03/2007 18:57] GM Black Dragon: /invisible
[18/03/2007 18:57] GM Black Dragon: /m moob pk100x
[18/03/2007 18:58] GM Black Dragon: /m moob pk100x
[18/03/2007 18:58] GM Black Dragon: /m moob pk100x
[18/03/2007 18:58] GM Black Dragon: /m moob pk100x
[18/03/2007 19:02] Tyler: /invisible
[18/03/2007 19:02] Tyler: /goto COunellor mino
[18/03/2007 19:02] Tyler: /goto Counsellor Mino
[18/03/2007 19:02] Tyler: /goto Frixy
[18/03/2007 19:02] Tyler: /goto SIr Benni Miley
[18/03/2007 19:02] Tyler: /goto SIr Benni Miles
[18/03/2007 19:02] Tyler: /goto Hasso
[18/03/2007 19:02] Tyler: !online
[18/03/2007 19:03] Tyler: /goto The ViruS
[18/03/2007 19:03] Tyler: /goto Dark Phyton
[18/03/2007 19:04] Counsellor Mino: /invisible
[18/03/2007 19:07] Counsellor Mino: !online
[18/03/2007 19:08] Counsellor Mino: /invisible
[18/03/2007 19:09] Counsellor Mino: /t
[18/03/2007 19:09] Counsellor Mino: /c TorMela
[18/03/2007 19:11] Counsellor Mino: /invisible
[18/03/2007 19:13] Counsellor Mino: /B k all the event done 
[18/03/2007 19:14] Counsellor Mino: /B  Elite Knight: nice event
[18/03/2007 19:21] Counsellor Mino: /t
[18/03/2007 19:21] Counsellor Mino: !online
[18/03/2007 20:01] Tutor Hellfire: /B if anyone need help msg me or open help channel
[18/03/2007 20:03] Tyler: /invisible
[18/03/2007 20:09] Tutor Hellfire: /B clean in 2 min
[18/03/2007 20:11] Tutor Hellfire: /B server will be cleaned now
[18/03/2007 20:11] Tutor Hellfire: /clean
[18/03/2007 20:11] Tutor Hellfire: /B 20:12 Clean completed.
[18/03/2007 20:16] Tutor Hellfire: /t
[18/03/2007 20:34] Counsellor Mino: !online
[18/03/2007 21:35] GM Black Dragon: /c Hirschi
[18/03/2007 21:36] GM Black Dragon: /invisible
[18/03/2007 21:58] GM Black Dragon: /invisible
[18/03/2007 21:58] GM Black Dragon: /goto ESAM
[18/03/2007 22:02] Tyler: /invisible
[18/03/2007 22:02] GM Black Dragon: /invisible
[18/03/2007 22:03] GM Black Dragon: /info ESAM
[18/03/2007 22:07] Tyler: /goto Malzbier
[18/03/2007 22:09] Tyler: /clean
[18/03/2007 23:28] GM Black Dragon: /info ESAM
[18/03/2007 23:53] Tutor Queen: /clean
[18/03/2007 23:55] Tutor Queen: !online
[19/03/2007 00:18] Counsellor Mino: !online
[19/03/2007 00:18] Counsellor Mino: /invisible
[19/03/2007 00:21] Counsellor Mino: !online
[19/03/2007 00:37] Counsellor Mino: /getonline
[19/03/2007 01:24] Tutor Queen: !online
[19/03/2007 01:27] Tutor Queen: /clean
[19/03/2007 02:30] Counsellor Mino: /getonline
[19/03/2007 02:35] Counsellor Mino: !online
[19/03/2007 02:36] Counsellor Mino: /c Tutor Queen
[19/03/2007 02:36] Counsellor Mino: !online
[19/03/2007 02:36] Counsellor Mino: !online
[19/03/2007 02:36] Counsellor Mino: /c Tutor Queen
[19/03/2007 02:38] Tutor Queen: /t
[19/03/2007 02:38] Counsellor Mino: /t
[19/03/2007 02:38] Counsellor Mino: /invisible
[19/03/2007 03:27] Counsellor Mino: !online
[19/03/2007 03:27] Counsellor Mino: /t
[19/03/2007 03:31] Tutor Queen: /clean
[19/03/2007 04:14] Tutor Queen: !online
[19/03/2007 04:34] Tutor Queen: /clean
[19/03/2007 04:51] Tutor Queen: !online
[19/03/2007 11:55] Tyler: /goto Felyo
[19/03/2007 11:55] Tyler: !online
[19/03/2007 11:55] Tyler: /goto MeRsY The LoVe
[19/03/2007 11:55] Tyler: /ban soul sith
[19/03/2007 11:56] Tyler: /ban Mestre Coul
[19/03/2007 11:57] Tyler: /B Mestre Coul & soul sith are banned becouse of using TRAPS
[19/03/2007 11:57] Tyler: /clean
[19/03/2007 12:08] Tyler: /B If you Have a Debug Death, please Post it in the Forum or wait until GM ConsPirancy Is online. He is just the only one who is allowed to give Debugs back!
[19/03/2007 12:08] Tyler: /B If you Have a Debug Death, please Post it in the Forum or wait until GM ConsPirancy Is online. He is just the only one who is allowed to give Debugs back!
[19/03/2007 12:08] Tyler: /B If you Have a Debug Death, please Post it in the Forum or wait until GM ConsPirancy Is online. He is just the only one who is allowed to give Debugs back!
[19/03/2007 12:08] Tyler: /B If you Have a Debug Death, please Post it in the Forum or wait until GM ConsPirancy Is online. He is just the only one who is allowed to give Debugs back!
[19/03/2007 12:08] Tyler: /B If you Have a Debug Death, please Post it in the Forum or wait until GM ConsPirancy Is online. He is just the only one who is allowed to give Debugs back!
[19/03/2007 12:08] Tyler: /B If you Have a Debug Death, please Post it in the Forum or wait until GM ConsPirancy Is online. He is just the only one who is allowed to give Debugs back!
[19/03/2007 12:08] Tyler: /B If you Have a Debug Death, please Post it in the Forum or wait until GM ConsPirancy Is online. He is just the only one who is allowed to give Debugs back!
[19/03/2007 12:08] Tyler: /B If you Have a Debug Death, please Post it in the Forum or wait until GM ConsPirancy Is online. He is just the only one who is allowed to give Debugs back!
[19/03/2007 12:08] Tyler: /B If you Have a Debug Death, please Post it in the Forum or wait until GM ConsPirancy Is online. He is just the only one who is allowed to give Debugs back!
[19/03/2007 12:08] Tyler: /B If you Have a Debug Death, please Post it in the Forum or wait until GM ConsPirancy Is online. He is just the only one who is allowed to give Debugs back!
[19/03/2007 12:08] Tyler: /B If you Have a Debug Death, please Post it in the Forum or wait until GM ConsPirancy Is online. He is just the only one who is allowed to give Debugs back!
[19/03/2007 12:08] Tyler: /B If you Have a Debug Death, please Post it in the Forum or wait until GM ConsPirancy Is online. He is just the only one who is allowed to give Debugs back!
[19/03/2007 12:08] Tyler: /B If you Have a Debug Death, please Post it in the Forum or wait until GM ConsPirancy Is online. He is just the only one who is allowed to give Debugs back!
[19/03/2007 12:08] Tyler: /B Please do not message Gamemasters directly. Please use the Help Channel  if help is needed!
[19/03/2007 12:08] Tyler: /B Please do not message Gamemasters directly. Please use the Help Channel  if help is needed!
[19/03/2007 12:08] Tyler: /B Please do not message Gamemasters directly. Please use the Help Channel  if help is needed!
[19/03/2007 12:08] Tyler: /B Please do not message Gamemasters directly. Please use the Help Channel  if help is needed!
[19/03/2007 12:08] Tyler: /B Please do not message Gamemasters directly. Please use the Help Channel  if help is needed!
[19/03/2007 12:08] Tyler: /B Please do not message Gamemasters directly. Please use the Help Channel  if help is needed!
[19/03/2007 12:08] Tyler: /B Please do not message Gamemasters directly. Please use the Help Channel  if help is needed!
[19/03/2007 12:08] Tyler: /B Please do not message Gamemasters directly. Please use the Help Channel  if help is needed!
[19/03/2007 12:08] Tyler: /B Please do not message Gamemasters directly. Please use the Help Channel  if help is needed!
[19/03/2007 12:08] Tyler: /B Please do not message Gamemasters directly. Please use the Help Channel  if help is needed!
[19/03/2007 12:08] Tyler: /B Please do not message Gamemasters directly. Please use the Help Channel  if help is needed!
[19/03/2007 12:08] Tyler: /B Please do not message Gamemasters directly. Please use the Help Channel  if help is needed!
[19/03/2007 12:08] Tyler: /B Please do not message Gamemasters directly. Please use the Help Channel  if help is needed!
[19/03/2007 12:08] Tyler: /B Please do not message Gamemasters directly. Please use the Help Channel  if help is needed!
[19/03/2007 12:08] Tyler: /B Please do not message Gamemasters directly. Please use the Help Channel  if help is needed!
[19/03/2007 12:08] Tyler: /B Please do not message Gamemasters directly. Please use the Help Channel  if help is needed!
[19/03/2007 12:08] Tyler: /B Please do not message Gamemasters directly. Please use the Help Channel  if help is needed!
[19/03/2007 12:08] Tyler: /B Please do not message Gamemasters directly. Please use the Help Channel  if help is needed!
[19/03/2007 12:08] Tyler: /B Please do not message Gamemasters directly. Please use the Help Channel  if help is needed!
[19/03/2007 12:08] Tyler: /B Please do not message Gamemasters directly. Please use the Help Channel  if help is needed!
[19/03/2007 12:08] Tyler: /B Please do not message Gamemasters directly. Please use the Help Channel  if help is needed!
[19/03/2007 12:08] Tyler: /B Please do not message Gamemasters directly. Please use the Help Channel  if help is needed!
[19/03/2007 12:11] Tyler: /goto Soul Crasher
[19/03/2007 12:25] Tyler: /B If Anybody ask for a Debug Level, I swear you. You get a 1 Day ban from me. 
[19/03/2007 12:29] Tyler: /goto 35 32 7
[19/03/2007 12:29] Tyler: /c Felyo
[19/03/2007 12:29] Tyler: /m war noob pk
[19/03/2007 12:29] Tyler: /m war noob pk
[19/03/2007 12:29] Tyler: /m war noob pk
[19/03/2007 12:29] Tyler: /m war noob pk
[19/03/2007 12:29] Tyler: /m war noob pk
[19/03/2007 12:29] Tyler: /m war noob pk
[19/03/2007 12:29] Tyler: /m war noob pk
[19/03/2007 12:29] Tyler: /m war noob pk
[19/03/2007 12:29] Tyler: /m war noob pk
[19/03/2007 12:29] Tyler: /m war noob pk
[19/03/2007 12:29] Tyler: /m war noob pk
[19/03/2007 12:29] Tyler: /m war noob pk
[19/03/2007 12:29] Tyler: /m war noob pk
[19/03/2007 12:29] Tyler: /m war noob pk
[19/03/2007 12:29] Tyler: /m war noob pk
[19/03/2007 12:29] Tyler: /m war noob pk
[19/03/2007 12:29] Tyler: /m war noob pk
[19/03/2007 12:29] Tyler: /m war noob pk
[19/03/2007 12:29] Tyler: /m war noob pk
[19/03/2007 12:29] Tyler: /m war noob pk
[19/03/2007 12:29] Tyler: /m war noob pk
[19/03/2007 12:29] Tyler: /m war noob pk
[19/03/2007 12:29] Tyler: /m war noob pk
[19/03/2007 12:29] Tyler: /m war noob pk
[19/03/2007 12:29] Tyler: /m war noob pk
[19/03/2007 12:29] Tyler: /m war noob pk
[19/03/2007 12:29] Tyler: /m war noob pk
[19/03/2007 12:29] Tyler: /m war noob pk
[19/03/2007 12:29] Tyler: /m war noob pk
[19/03/2007 12:29] Tyler: /m war noob pk
[19/03/2007 12:29] Tyler: /m war noob pk
[19/03/2007 12:29] Tyler: /m war noob pk
[19/03/2007 12:29] Tyler: /m war noob pk
[19/03/2007 12:29] Tyler: /m war noob pk
[19/03/2007 12:29] Tyler: /m war noob pk
[19/03/2007 12:29] Tyler: /m war noob pk
[19/03/2007 12:29] Tyler: /m war noob pk
[19/03/2007 12:29] Tyler: /m war noob pk
[19/03/2007 12:29] Tyler: /m war noob pk
[19/03/2007 12:29] Tyler: /m war noob pk
[19/03/2007 12:29] Tyler: /m war noob pk
[19/03/2007 12:29] Tyler: /m war noob pk
[19/03/2007 12:29] Tyler: /m war noob pk
[19/03/2007 12:29] Tyler: /m war noob pk
[19/03/2007 12:29] Tyler: /m war noob pk
[19/03/2007 12:29] Tyler: /m war noob pk
[19/03/2007 12:29] Tyler: /m war noob pk
[19/03/2007 12:29] Tyler: /m war noob pk
[19/03/2007 12:29] Tyler: /m war noob pk
[19/03/2007 12:29] Tyler: /m war noob pk
[19/03/2007 12:29] Tyler: /m war noob pk
[19/03/2007 12:29] Tyler: /m war noob pk
[19/03/2007 12:29] Tyler: /m war noob pk
[19/03/2007 12:29] Tyler: /m war noob pk
[19/03/2007 12:29] Tyler: /m war noob pk
[19/03/2007 12:29] Tyler: /m war noob pk
[19/03/2007 12:29] Tyler: /m war noob pk
[19/03/2007 12:29] Tyler: /m war noob pk
[19/03/2007 12:29] Tyler: /m war noob pk
[19/03/2007 12:29] Tyler: /m war noob pk
[19/03/2007 12:29] Tyler: /m war noob pk
[19/03/2007 12:29] Tyler: /m war noob pk
[19/03/2007 12:29] Tyler: /m war noob pk
[19/03/2007 12:29] Tyler: /m war noob pk
[19/03/2007 12:29] Tyler: /m war noob pk
[19/03/2007 12:29] Tyler: /m war noob pk
[19/03/2007 12:29] Tyler: /m war noob pk
[19/03/2007 12:29] Tyler: /m war noob pk
[19/03/2007 12:30] Tyler: /invisible
[19/03/2007 12:30] Tyler: /goto H The Dragon
[19/03/2007 12:31] Tyler: /goto LawQz
[19/03/2007 12:31] Tyler: /m Demon
[19/03/2007 12:31] Tyler: /i 2352 100
[19/03/2007 12:31] Tyler: /m war noob pk
[19/03/2007 12:31] Tyler: /m war noob pk
[19/03/2007 12:31] Tyler: /m war noob pk
[19/03/2007 12:31] Tyler: /m war noob pk
[19/03/2007 12:31] Tyler: /m war noob pk
[19/03/2007 12:31] Tyler: /m war noob pk
[19/03/2007 12:31] Tyler: /m war noob pk
[19/03/2007 12:31] Tyler: /m war noob pk
[19/03/2007 12:31] Tyler: /m war noob pk
[19/03/2007 12:31] Tyler: /m war noob pk
[19/03/2007 12:31] Tyler: /m war noob pk
[19/03/2007 12:31] Tyler: /m war noob pk
[19/03/2007 12:31] Tyler: /m war noob pk
[19/03/2007 12:31] Tyler: /m war noob pk
[19/03/2007 12:31] Tyler: /m war noob pk
[19/03/2007 12:31] Tyler: /m war noob pk
[19/03/2007 12:31] Tyler: /m war noob pk
[19/03/2007 12:31] Tyler: /m war noob pk
[19/03/2007 12:31] Tyler: /m war noob pk
[19/03/2007 12:31] Tyler: /goto H the Dragon
[19/03/2007 12:32] Tyler: /c lawqz
[19/03/2007 12:37] Tyler: /kick H the Dragon
[19/03/2007 12:37] Tyler: /kick H the Dragon
[19/03/2007 12:38] Tyler: /kick H the Dragon
[19/03/2007 12:38] Tyler: /kick H the Dragon
[19/03/2007 12:44] Tyler: /c FElyo
[19/03/2007 12:44] Tyler: /m DIablo
[19/03/2007 12:45] Tyler: /c Felyo
[19/03/2007 13:19] Tyler: /goto Felyo
[19/03/2007 13:23] Tyler: /invisible
[19/03/2007 13:23] Tyler: /invisible
[19/03/2007 13:24] Tyler: /goto 688 192 12
[19/03/2007 13:25] Tyler: /goto Felyo
[19/03/2007 13:25] Tyler: /m war noob pk
[19/03/2007 13:25] Tyler: /m war noob pk
[19/03/2007 13:25] Tyler: /m war noob pk
[19/03/2007 13:28] Tyler: /c sir Axer
[19/03/2007 13:28] Tyler: /m war noob pk
[19/03/2007 13:28] Tyler: /m war noob pk
[19/03/2007 13:28] Tyler: /m war noob pk
[19/03/2007 13:28] Tyler: /m war noob pk
[19/03/2007 13:28] Tyler: /m war noob pk
[19/03/2007 13:28] Tyler: /c Zieso
[19/03/2007 13:28] Tyler: /m war noob pk
[19/03/2007 13:28] Tyler: /m war noob pk
[19/03/2007 13:28] Tyler: /m war noob pk
[19/03/2007 13:30] Tyler: /m war noob pk
[19/03/2007 13:30] Tyler: /m war noob pk
[19/03/2007 13:38] Tyler: /c Sistrax
[19/03/2007 13:38] Tyler: /c Sistrax
[19/03/2007 13:38] Tyler: /c Sitrax
[19/03/2007 13:38] Tyler: /m war noob pk
[19/03/2007 13:38] Tyler: /m war noob pk
[19/03/2007 13:40] Tyler: /c Felyso
[19/03/2007 13:40] Tyler: /c Felyo
[19/03/2007 13:42] Tyler: /i 5000 1
[19/03/2007 13:42] Tyler: /i 5031 1
[19/03/2007 13:43] Tyler: /clean
[19/03/2007 13:43] Tyler: /i 99 1
[19/03/2007 13:59] Tutor Hellfire: /B clean in 2 min
[19/03/2007 13:59] Tutor Hellfire: !online
[19/03/2007 14:01] Tutor Hellfire: /B clean will in 10sec
[19/03/2007 14:01] Tutor Hellfire: /clean
[19/03/2007 14:01] Tutor Hellfire: /B 14:02 Clean completed.
[19/03/2007 14:40] Tutor Queen: /t
[19/03/2007 14:59] Sandiak: /invisible
[19/03/2007 14:59] Sandiak: /goto gorgon
[19/03/2007 15:00] Sandiak: /goto quaze
[19/03/2007 15:00] Sandiak: !online
[19/03/2007 15:00] Sandiak: /goto blade
[19/03/2007 15:01] Sandiak: /goto ginga
[19/03/2007 15:01] Sandiak: /goto ficken
[19/03/2007 15:02] Sandiak: /goto sensei kakashi
[19/03/2007 15:02] Sandiak: /goto sakura haruno
[19/03/2007 15:02] Sandiak: /goto krzysiek
[19/03/2007 15:03] Sandiak: /goto pulmoll
[19/03/2007 15:04] Abyss: /goto pulmoll
[19/03/2007 15:05] Abyss: /closeserver
[19/03/2007 15:06] Abyss: /save
