[12/03/2007 17:35] blub: /info blub
[12/03/2007 17:36] blub: /invisible
[12/03/2007 17:36] blub: /goto triptohell
[12/03/2007 17:37] blub: /goto snikers
[12/03/2007 17:50] Andarc: /invisible
[12/03/2007 17:50] Andarc: /goto triptohell
[12/03/2007 17:52] Andarc: /t
[12/03/2007 17:52] Andarc: !online
[12/03/2007 17:53] Andarc: /goto triptohell
[12/03/2007 17:56] Andarc: /t
[12/03/2007 17:58] GM Skinner: /goto Obi
[12/03/2007 17:59] Andarc: /a 2
[12/03/2007 18:01] GM Skinner: !online
[12/03/2007 18:01] Andarc: /goto triptohell
[12/03/2007 18:01] GM Skinner: /info Prezifix
[12/03/2007 18:02] GM Skinner: /info Prezifix 
[12/03/2007 18:04] Andarc: /t
[12/03/2007 18:04] Andarc: /invisible
[12/03/2007 18:41] Counsellor Mino: /getonline
[12/03/2007 18:43] Counsellor Mino: /t
[12/03/2007 18:43] Counsellor Mino: /invisible
[12/03/2007 18:52] Tutor Hellfire: /B clean in 2 min
[12/03/2007 18:53] Tutor Hellfire: /B clean
[12/03/2007 18:53] Tutor Hellfire: /clean
[12/03/2007 19:00] blub: /c denise
[12/03/2007 19:00] blub: /c denise
[12/03/2007 19:00] blub: /c denise
[12/03/2007 19:00] blub: /c denise
[12/03/2007 19:00] blub: /c denise
[12/03/2007 19:00] blub: /c denise
[12/03/2007 19:00] blub: /c denise
[12/03/2007 19:00] blub: /c denise
[12/03/2007 19:00] blub: /c denise
[12/03/2007 19:00] blub: /c denise
[12/03/2007 19:00] blub: /c denise
[12/03/2007 19:00] blub: /c denise
[12/03/2007 19:00] blub: /c denise
[12/03/2007 19:00] blub: /c denise
[12/03/2007 19:00] blub: /c denise
[12/03/2007 19:00] blub: /c denise
[12/03/2007 19:00] blub: /c denise
[12/03/2007 19:00] blub: /c denise
[12/03/2007 19:00] blub: /c denise
[12/03/2007 19:00] blub: /c denise
[12/03/2007 19:00] blub: /c denise
[12/03/2007 19:00] blub: /c denise
[12/03/2007 19:01] blub: /c denise
[12/03/2007 19:01] blub: /c denise
[12/03/2007 19:01] blub: /c denise
[12/03/2007 19:01] blub: /c denise
[12/03/2007 19:01] blub: /c denise
[12/03/2007 19:01] blub: /c denise
[12/03/2007 19:01] blub: /c denise
[12/03/2007 19:01] blub: /c denise
[12/03/2007 19:01] blub: /c denise
[12/03/2007 19:01] blub: /c denise
[12/03/2007 19:01] blub: /c denise
[12/03/2007 19:01] blub: /c denise
[12/03/2007 19:01] blub: /c denise
[12/03/2007 19:01] blub: /c denise
[12/03/2007 19:01] blub: /c denise
[12/03/2007 19:01] blub: /c denise
[12/03/2007 19:01] blub: /c denise
[12/03/2007 19:01] blub: /c denise
[12/03/2007 19:04] blub: !online
[12/03/2007 20:42] Tutor Hellfire: !online
[12/03/2007 20:42] Sandiak: /invisible
[12/03/2007 20:43] Sandiak: /getonline
[12/03/2007 20:43] Sandiak: /t
[12/03/2007 20:43] Sandiak: /t
[12/03/2007 20:44] Sandiak: /goto eva vader
[12/03/2007 20:44] Sandiak: /goto persya
[12/03/2007 20:46] Sandiak: /ban Persya
[12/03/2007 20:46] Sandiak: /goto rollys
[12/03/2007 20:46] Sandiak: /goto lawqz
[12/03/2007 20:47] Sandiak: /goto mayo
[12/03/2007 20:47] Sandiak: /goto mayo
[12/03/2007 20:47] Sandiak: /getonline
[12/03/2007 20:47] Sandiak: /goto SiLeN GeAceS
[12/03/2007 20:47] Sandiak: /goto SiLeN GeAceS 
[12/03/2007 20:47] Sandiak: /goto SiLeN GeAces
[12/03/2007 20:48] Sandiak: /goto elite jocker
[12/03/2007 20:48] Sandiak: /goto snoop dog
[12/03/2007 20:49] Sandiak: /goto snoob dog
[12/03/2007 20:49] Sandiak: /goto Garakorn
[12/03/2007 20:50] Sandiak: /goto Elf Princess 
[12/03/2007 20:50] Sandiak: /goto Elf Princess 
[12/03/2007 20:50] Sandiak: /getonline
[12/03/2007 20:50] Sandiak: /goto Eva vader
[12/03/2007 20:53] Sandiak: /goto obi
[12/03/2007 20:53] Sandiak: /goto obi
[12/03/2007 20:53] Sandiak: /goto Frajereq
[12/03/2007 20:53] Sandiak: /goto Frajereq
[12/03/2007 20:53] Sandiak: /goto Gryzmol
[12/03/2007 20:54] Sandiak: /goto The Legend
[12/03/2007 20:54] Sandiak: /goto ziezo
[12/03/2007 20:55] Sandiak: /goto fetak
[12/03/2007 20:55] Sandiak: /goto nicros
[12/03/2007 20:55] Sandiak: /goto Persya Knight
[12/03/2007 20:56] Sandiak: /goto Kassem
[12/03/2007 21:20] GM Skinner: !online
[12/03/2007 21:20] GM Skinner: /info Obi
[12/03/2007 21:21] GM Skinner: /info Frixy
[12/03/2007 21:22] GM Skinner: !online
[12/03/2007 21:22] GM Skinner: /info Roxxy
[12/03/2007 21:22] GM Skinner: /goto Obi
[12/03/2007 21:35] GM Skinner: /t
[12/03/2007 21:35] GM Skinner: /up
[12/03/2007 21:35] GM Skinner: /up
[12/03/2007 21:35] GM Skinner: /up
[12/03/2007 21:35] GM Skinner: /up
[12/03/2007 21:36] GM Skinner: /m Hell Lord
[12/03/2007 21:36] GM Skinner: /m Hell Lord
[12/03/2007 21:36] GM Skinner: /m Hell Lord
[12/03/2007 21:36] GM Skinner: /m Hell Lord
[12/03/2007 21:36] GM Skinner: /m Hell Lord
[12/03/2007 21:36] GM Skinner: /m Hell Lord
[12/03/2007 21:36] GM Skinner: /m Hell Lord
[12/03/2007 21:36] GM Skinner: /m Hell Lord
[12/03/2007 21:36] GM Skinner: /m Hell Lord
[12/03/2007 21:36] GM Skinner: /m Hell Lord
[12/03/2007 21:36] GM Skinner: /m Hell Lord
[12/03/2007 21:36] GM Skinner: /m Hell Lord
[12/03/2007 21:36] GM Skinner: /m Hell Lord
[12/03/2007 21:36] GM Skinner: /m Hell Lord
[12/03/2007 21:36] GM Skinner: /m Hell Lord
[12/03/2007 21:36] GM Skinner: /m Hell Lord
[12/03/2007 21:36] GM Skinner: /m Hell Lord
[12/03/2007 21:36] GM Skinner: /m Hell Lord
[12/03/2007 21:36] GM Skinner: /m Hell Lord
[12/03/2007 21:36] GM Skinner: /m Hell Lord
[12/03/2007 21:36] GM Skinner: /m Hell Lord
[12/03/2007 21:38] GM Skinner: /m Hell Lord
[12/03/2007 21:38] GM Skinner: /m Hell Lord
[12/03/2007 21:38] GM Skinner: /m Hell Lord
[12/03/2007 21:38] GM Skinner: /m Hell Lord
[12/03/2007 21:38] GM Skinner: /m Hell Lord
[12/03/2007 21:38] GM Skinner: /m Hell Lord
[12/03/2007 21:39] GM Skinner: /m Hell Lord
[12/03/2007 21:39] GM Skinner: /m Hell Lord
[12/03/2007 21:39] GM Skinner: /m Hell Lord
[12/03/2007 21:39] GM Skinner: /m Hell Lord
[12/03/2007 21:39] GM Skinner: /m Hell Lord
[12/03/2007 21:39] GM Skinner: /m Hell Lord
[12/03/2007 21:40] GM Skinner: /m Hell Lord
[12/03/2007 21:40] GM Skinner: /m Hell Lord
[12/03/2007 21:40] GM Skinner: /m Hell Lord
[12/03/2007 21:40] GM Skinner: /m Hell Lord
[12/03/2007 21:40] GM Skinner: /m Hell Lord
[12/03/2007 21:40] GM Skinner: /m Hell Lord
[12/03/2007 21:41] GM Skinner: /invisible
[12/03/2007 21:41] GM Skinner: /goto Dany CooK
[12/03/2007 21:42] GM Skinner: /goto Devastator
[12/03/2007 21:44] GM Skinner: /up
[12/03/2007 21:44] GM Skinner: /up
[12/03/2007 21:44] GM Skinner: /up
[12/03/2007 21:44] GM Skinner: /t
[12/03/2007 21:45] GM Skinner: /up
[12/03/2007 21:45] GM Skinner: /up
[12/03/2007 21:45] GM Skinner: /up
[12/03/2007 21:45] GM Skinner: /up
[12/03/2007 21:46] GM Skinner: /m Hell Lord
[12/03/2007 21:46] GM Skinner: /m Hell Lord
[12/03/2007 21:46] GM Skinner: /m Hell Lord
[12/03/2007 21:53] Tyler: /invisible
[12/03/2007 21:53] Tyler: /goto Frixy
[12/03/2007 21:54] Tyler: /goto Sir Benni Miles
[12/03/2007 21:56] Tyler: /B I cant answer Quetions. We prepare at hte moment 7.92. Dont ask when released. I tell you on the weekend for sure.
[12/03/2007 21:57] Tyler: /goto Devastor
[12/03/2007 21:57] Tyler: /goto Devastator
[12/03/2007 21:58] Tyler: /B STOP SPAM ME WE HAVE TO WORK. WAIT FOR GM CONSPIRANCY!
[12/03/2007 22:24] blub: /info Zeyed
[12/03/2007 22:36] Counsellor Mino: /getonline
[12/03/2007 22:37] Counsellor Mino: /t
[12/03/2007 22:45] blub: /B DarkApok
[12/03/2007 22:45] blub: /ban DarkApok
[12/03/2007 22:45] Counsellor Mino: /invisible
[12/03/2007 22:46] blub: /up
[12/03/2007 22:46] blub: /up
[12/03/2007 22:46] blub: /up
[12/03/2007 22:46] blub: /up
[12/03/2007 22:46] Counsellor Mino: /B server will be clean in 2 min plz all take save place
[12/03/2007 22:47] blub: /down
[12/03/2007 22:47] blub: /down
[12/03/2007 22:47] blub: /down
[12/03/2007 22:47] blub: /down
[12/03/2007 22:49] Counsellor Mino: /B server will be clean now plz all take save place 
[12/03/2007 22:50] Counsellor Mino: /clean
[12/03/2007 22:50] Counsellor Mino: /B Clean completed. Collected 2117 items.
[12/03/2007 22:51] blub: /invisible
[12/03/2007 22:52] blub: /goto royal shake
[12/03/2007 22:54] blub: /up
[12/03/2007 22:54] blub: /a 3
[12/03/2007 23:24] Counsellor Mino: !online
[12/03/2007 23:29] Counsellor Mino: /getonline
[12/03/2007 23:38] Counsellor Mino: !online
[12/03/2007 23:38] Counsellor Mino: /c obi
[12/03/2007 23:39] Counsellor Mino: !online
[12/03/2007 23:41] Counsellor Mino: /c marco
[12/03/2007 23:41] Counsellor Mino: /t
[13/03/2007 09:21] Tyler: !online
[13/03/2007 09:21] Tyler: /goto Elf Princess
[13/03/2007 09:26] Tyler: /goto Elf Princess
[13/03/2007 09:26] Tyler: /invisible
[13/03/2007 09:26] Tyler: /m god enel
[13/03/2007 09:39] Tyler: /goto Faba
[13/03/2007 09:49] Tyler: /goto Fabo
[13/03/2007 09:49] Tyler: /goto Faba
[13/03/2007 09:49] Tyler: /goto order
[13/03/2007 11:23] Counsellor Mino: /invisible
[13/03/2007 11:24] Counsellor Mino: /getonline
[13/03/2007 11:28] Counsellor Mino: /t
[13/03/2007 11:34] Counsellor Mino: /getonline
[13/03/2007 11:57] Counsellor Mino: /getonline
[13/03/2007 13:22] Counsellor Mino: /invisible
[13/03/2007 13:22] Counsellor Mino: /t
[13/03/2007 13:26] Counsellor Mino: !online
[13/03/2007 13:27] Counsellor Mino: /t
[13/03/2007 15:24] Abyss: /closeserver
[13/03/2007 15:25] Abyss: /save
[13/03/2007 16:31] GM Skinner: !online
[13/03/2007 16:31] GM Skinner: /B daniel röpsch online?
[13/03/2007 17:22] Tutor Queen: /clean
[13/03/2007 17:25] Tutor Freezer: !online
[13/03/2007 17:26] Tutor Freezer: /B any questions or poblems msg me at vip or use the helpchannel 
[13/03/2007 18:30] Tutor Hellfire: !online
[13/03/2007 18:32] Tutor Hellfire: /B cleain in 2 min
[13/03/2007 18:32] Tutor Hellfire: /B clean*
[13/03/2007 18:33] Tutor Hellfire: /t
[13/03/2007 18:34] Tutor Hellfire: /B clean
[13/03/2007 18:34] Tutor Hellfire: /clean
[13/03/2007 18:34] Tutor Hellfire: /B 18:34 Clean completed. Collected 2502 items.
[13/03/2007 18:34] Tutor Hellfire: !online
[13/03/2007 19:18] Counsellor Mino: /invisible
[13/03/2007 19:29] Tutor Hellfire: /B if anyone need help msg me or open help channe;
[13/03/2007 19:30] Counsellor Mino: /B hi all any one need help or have debug msg in help channel 
[13/03/2007 19:34] Counsellor Mino: /c Artois
[13/03/2007 19:34] Counsellor Mino: /c Bermin
[13/03/2007 19:57] Counsellor Mino: /t
[13/03/2007 19:57] Counsellor Mino: /c krakenr
[13/03/2007 19:59] Counsellor Mino: /t
[13/03/2007 20:00] Counsellor Mino: !online
[13/03/2007 20:56] GM Skinner: /goto Obi
[13/03/2007 20:57] GM Skinner: /info GM Skinner
[13/03/2007 20:58] GM Skinner: /up
[13/03/2007 20:58] GM Skinner: /c Obi
[13/03/2007 20:59] GM Skinner: /m moob pk100x
[13/03/2007 20:59] GM Skinner: /m moob pk100x
[13/03/2007 20:59] GM Skinner: /m moob pk100x
[13/03/2007 20:59] GM Skinner: /m moob pk100x
[13/03/2007 20:59] GM Skinner: /m moob pk100x
[13/03/2007 20:59] GM Skinner: /m moob pk100x
[13/03/2007 20:59] GM Skinner: /m moob pk100x
[13/03/2007 20:59] GM Skinner: /m moob pk100x
[13/03/2007 20:59] GM Skinner: /m moob pk100x
[13/03/2007 20:59] GM Skinner: /m moob pk100x
[13/03/2007 20:59] GM Skinner: /m moob pk100x
[13/03/2007 20:59] GM Skinner: /m moob pk100x
[13/03/2007 20:59] GM Skinner: /m moob pk100x
[13/03/2007 20:59] GM Skinner: /m moob pk100x
[13/03/2007 20:59] GM Skinner: /m moob pk100x
[13/03/2007 20:59] GM Skinner: /m moob pk100x
[13/03/2007 20:59] GM Skinner: /m moob pk100x
[13/03/2007 20:59] GM Skinner: /m moob pk100x
[13/03/2007 20:59] GM Skinner: /m moob pk100x
[13/03/2007 20:59] GM Skinner: /m moob pk100x
[13/03/2007 20:59] GM Skinner: /m moob pk100x
[13/03/2007 20:59] GM Skinner: /m moob pk100x
[13/03/2007 20:59] GM Skinner: /m moob pk100x
[13/03/2007 20:59] GM Skinner: /m moob pk100x
[13/03/2007 20:59] GM Skinner: /m moob pk100x
[13/03/2007 20:59] GM Skinner: /m moob pk100x
[13/03/2007 20:59] GM Skinner: /m moob pk100x
[13/03/2007 20:59] GM Skinner: /m moob pk100x
[13/03/2007 20:59] GM Skinner: /m moob pk100x
[13/03/2007 20:59] GM Skinner: /m moob pk100x
[13/03/2007 20:59] GM Skinner: /m moob pk100x
[13/03/2007 20:59] GM Skinner: /m moob pk100x
[13/03/2007 20:59] GM Skinner: /m moob pk100x
[13/03/2007 20:59] GM Skinner: /m moob pk100x
[13/03/2007 20:59] GM Skinner: /m moob pk100x
[13/03/2007 20:59] GM Skinner: /m moob pk100x
[13/03/2007 20:59] GM Skinner: /m moob pk100x
[13/03/2007 20:59] GM Skinner: /m moob pk100x
[13/03/2007 20:59] GM Skinner: /m moob pk100x
[13/03/2007 20:59] GM Skinner: /m moob pk100x
[13/03/2007 20:59] GM Skinner: /m moob pk100x
[13/03/2007 20:59] GM Skinner: /m moob pk100x
[13/03/2007 20:59] GM Skinner: /m moob pk100x
[13/03/2007 20:59] GM Skinner: /m moob pk100x
[13/03/2007 20:59] GM Skinner: /m moob pk100x
[13/03/2007 20:59] GM Skinner: /m moob pk100x
[13/03/2007 20:59] GM Skinner: /m moob pk100x
[13/03/2007 20:59] GM Skinner: /m moob pk100x
[13/03/2007 20:59] GM Skinner: /m moob pk100x
[13/03/2007 20:59] GM Skinner: /m moob pk100x
[13/03/2007 20:59] GM Skinner: /m moob pk100x
[13/03/2007 20:59] GM Skinner: /m moob pk100x
[13/03/2007 20:59] GM Skinner: /m moob pk100x
[13/03/2007 20:59] GM Skinner: /m moob pk100x
[13/03/2007 20:59] GM Skinner: /m moob pk100x
[13/03/2007 20:59] GM Skinner: /m moob pk100x
[13/03/2007 20:59] GM Skinner: /m moob pk100x
[13/03/2007 20:59] GM Skinner: /m moob pk100x
[13/03/2007 20:59] GM Skinner: /m moob pk100x
[13/03/2007 20:59] GM Skinner: /m moob pk100x
[13/03/2007 20:59] GM Skinner: /m moob pk100x
[13/03/2007 20:59] GM Skinner: /m moob pk100x
[13/03/2007 20:59] GM Skinner: /m moob pk100x
[13/03/2007 20:59] GM Skinner: /m moob pk100x
[13/03/2007 20:59] GM Skinner: /m moob pk100x
[13/03/2007 20:59] GM Skinner: /m moob pk100x
[13/03/2007 20:59] GM Skinner: /m moob pk100x
[13/03/2007 20:59] GM Skinner: /m moob pk100x
[13/03/2007 20:59] GM Skinner: /m moob pk100x
[13/03/2007 20:59] GM Skinner: /m moob pk100x
[13/03/2007 20:59] GM Skinner: /m moob pk100x
[13/03/2007 20:59] GM Skinner: /m moob pk100x
[13/03/2007 21:00] GM Skinner: /t
[13/03/2007 21:00] GM Skinner: /c Obi
[13/03/2007 21:02] Counsellor Mino: !online
[13/03/2007 21:04] GM Skinner: /a 3
[13/03/2007 21:04] GM Skinner: /a 3
[13/03/2007 21:07] GM ConsPirancY: /c Mewtu
[13/03/2007 21:08] GM ConsPirancY: /m moob pk100x
[13/03/2007 21:08] GM ConsPirancY: /m moob pk100x
[13/03/2007 21:08] GM ConsPirancY: /m moob pk100x
[13/03/2007 21:08] GM ConsPirancY: /m moob pk100x
[13/03/2007 21:08] GM ConsPirancY: /m moob pk100x
[13/03/2007 21:08] GM ConsPirancY: /m moob pk100x
[13/03/2007 21:08] GM ConsPirancY: /m moob pk100x
[13/03/2007 21:08] GM ConsPirancY: /m moob pk100x
[13/03/2007 21:08] GM ConsPirancY: /m moob pk100x
[13/03/2007 21:08] GM ConsPirancY: /m moob pk100x
[13/03/2007 21:08] GM ConsPirancY: /m moob pk100x
[13/03/2007 21:08] GM ConsPirancY: /m moob pk100x
[13/03/2007 21:08] GM ConsPirancY: /m moob pk100x
[13/03/2007 21:08] GM ConsPirancY: /m moob pk100x
[13/03/2007 21:08] GM ConsPirancY: /m moob pk100x
[13/03/2007 21:08] GM ConsPirancY: /m moob pk100x
[13/03/2007 21:08] GM ConsPirancY: /m moob pk100x
[13/03/2007 21:08] GM ConsPirancY: /m moob pk100x
[13/03/2007 21:08] GM ConsPirancY: /m moob pk100x
[13/03/2007 21:08] GM ConsPirancY: /m moob pk100x
[13/03/2007 21:08] GM ConsPirancY: /m moob pk100x
[13/03/2007 21:08] GM ConsPirancY: /m moob pk100x
[13/03/2007 21:08] GM ConsPirancY: /m moob pk100x
[13/03/2007 21:08] GM ConsPirancY: /m moob pk100x
[13/03/2007 21:08] GM ConsPirancY: /m moob pk100x
[13/03/2007 21:08] GM ConsPirancY: /m moob pk100x
[13/03/2007 21:08] GM ConsPirancY: /m moob pk100x
[13/03/2007 21:08] GM ConsPirancY: /m moob pk100x
[13/03/2007 21:08] GM ConsPirancY: /m moob pk100x
[13/03/2007 21:08] GM ConsPirancY: /m moob pk100x
[13/03/2007 21:08] GM ConsPirancY: /m moob pk100x
[13/03/2007 21:08] GM ConsPirancY: /m moob pk100x
[13/03/2007 21:08] GM ConsPirancY: /m moob pk100x
[13/03/2007 21:08] GM ConsPirancY: /m moob pk100x
[13/03/2007 21:08] GM ConsPirancY: /m moob pk100x
[13/03/2007 21:08] GM ConsPirancY: /m moob pk100x
[13/03/2007 21:08] GM ConsPirancY: /m moob pk100x
[13/03/2007 21:08] GM ConsPirancY: /m moob pk100x
[13/03/2007 21:08] GM ConsPirancY: /m moob pk100x
[13/03/2007 21:08] GM ConsPirancY: /m moob pk100x
[13/03/2007 21:08] GM ConsPirancY: /m moob pk100x
[13/03/2007 21:08] GM ConsPirancY: /m moob pk100x
[13/03/2007 21:08] GM ConsPirancY: /m moob pk100x
[13/03/2007 21:08] GM ConsPirancY: /m moob pk100x
[13/03/2007 21:08] GM ConsPirancY: /m moob pk100x
[13/03/2007 21:08] GM ConsPirancY: /m moob pk100x
[13/03/2007 21:08] GM ConsPirancY: /m moob pk100x
[13/03/2007 21:08] GM ConsPirancY: /m moob pk100x
[13/03/2007 21:08] GM ConsPirancY: /m moob pk100x
[13/03/2007 21:08] GM ConsPirancY: /m moob pk100x
[13/03/2007 21:08] GM ConsPirancY: /m moob pk100x
[13/03/2007 21:08] GM ConsPirancY: /m moob pk100x
[13/03/2007 21:08] GM ConsPirancY: /m moob pk100x
[13/03/2007 21:08] GM ConsPirancY: /m moob pk100x
[13/03/2007 21:08] GM ConsPirancY: /m moob pk100x
[13/03/2007 21:08] GM ConsPirancY: /m moob pk100x
[13/03/2007 21:08] GM ConsPirancY: /m moob pk100x
[13/03/2007 21:08] GM ConsPirancY: /m moob pk100x
[13/03/2007 21:08] GM ConsPirancY: /m moob pk100x
[13/03/2007 21:08] GM ConsPirancY: /m moob pk100x
[13/03/2007 21:08] GM ConsPirancY: /m moob pk100x
[13/03/2007 21:08] GM ConsPirancY: /m moob pk100x
[13/03/2007 21:08] GM ConsPirancY: /m moob pk100x
[13/03/2007 21:08] GM ConsPirancY: /m moob pk100x
[13/03/2007 21:08] GM ConsPirancY: /m moob pk100x
[13/03/2007 21:08] GM ConsPirancY: /m moob pk100x
[13/03/2007 21:08] GM ConsPirancY: /m moob pk100x
[13/03/2007 21:08] GM ConsPirancY: /m moob pk100x
[13/03/2007 21:08] GM ConsPirancY: /m moob pk100x
[13/03/2007 21:08] GM ConsPirancY: /m moob pk100x
[13/03/2007 21:08] GM ConsPirancY: /m moob pk100x
[13/03/2007 21:08] GM ConsPirancY: /m moob pk100x
[13/03/2007 21:08] GM ConsPirancY: /m moob pk100x
[13/03/2007 21:08] GM ConsPirancY: /m moob pk100x
[13/03/2007 21:08] GM ConsPirancY: /m moob pk100x
[13/03/2007 21:08] GM ConsPirancY: /m moob pk100x
[13/03/2007 21:08] GM ConsPirancY: /m moob pk100x
[13/03/2007 21:08] GM ConsPirancY: /m moob pk100x
[13/03/2007 21:08] GM ConsPirancY: /m moob pk100x
[13/03/2007 21:08] GM ConsPirancY: /m moob pk100x
[13/03/2007 21:08] GM ConsPirancY: /m moob pk100x
[13/03/2007 21:08] GM ConsPirancY: /m moob pk100x
[13/03/2007 21:08] GM ConsPirancY: /m moob pk100x
[13/03/2007 21:08] GM ConsPirancY: /m moob pk100x
[13/03/2007 21:08] GM ConsPirancY: /m moob pk100x
[13/03/2007 21:08] GM ConsPirancY: /m moob pk100x
[13/03/2007 21:08] GM ConsPirancY: /m moob pk100x
[13/03/2007 21:08] GM ConsPirancY: /m moob pk100x
[13/03/2007 21:08] GM ConsPirancY: /m moob pk100x
[13/03/2007 21:08] GM ConsPirancY: /m moob pk100x
[13/03/2007 21:08] GM ConsPirancY: /m moob pk100x
[13/03/2007 21:08] GM ConsPirancY: /m moob pk100x
[13/03/2007 21:08] GM ConsPirancY: /m moob pk100x
[13/03/2007 21:08] GM ConsPirancY: /m moob pk100x
[13/03/2007 21:08] GM ConsPirancY: /m moob pk100x
[13/03/2007 21:08] GM ConsPirancY: /m moob pk100x
[13/03/2007 21:08] GM ConsPirancY: /m moob pk100x
[13/03/2007 21:08] GM ConsPirancY: /m moob pk100x
[13/03/2007 21:08] GM ConsPirancY: /m moob pk100x
[13/03/2007 21:08] GM ConsPirancY: /m moob pk100x
[13/03/2007 21:08] GM ConsPirancY: /m moob pk100x
[13/03/2007 21:08] GM ConsPirancY: /m moob pk100x
[13/03/2007 21:08] GM ConsPirancY: /m moob pk100x
[13/03/2007 21:08] GM ConsPirancY: /m moob pk100x
[13/03/2007 21:08] GM ConsPirancY: /m moob pk100x
[13/03/2007 21:08] GM ConsPirancY: /m moob pk100x
[13/03/2007 21:08] GM ConsPirancY: /m moob pk100x
[13/03/2007 21:08] GM ConsPirancY: /m moob pk100x
[13/03/2007 21:08] GM ConsPirancY: /m moob pk100x
[13/03/2007 21:08] GM ConsPirancY: /m moob pk100x
[13/03/2007 21:08] GM ConsPirancY: /m moob pk100x
[13/03/2007 21:08] GM ConsPirancY: /m moob pk100x
[13/03/2007 21:08] GM ConsPirancY: /m moob pk100x
[13/03/2007 21:08] GM ConsPirancY: /m moob pk100x
[13/03/2007 21:08] GM ConsPirancY: /m moob pk100x
[13/03/2007 21:08] GM ConsPirancY: /m moob pk100x
[13/03/2007 21:08] GM ConsPirancY: /m moob pk100x
[13/03/2007 21:08] GM ConsPirancY: /m moob pk100x
[13/03/2007 21:08] GM ConsPirancY: /m moob pk100x
[13/03/2007 21:08] GM ConsPirancY: /m moob pk100x
[13/03/2007 21:08] GM ConsPirancY: /m moob pk100x
[13/03/2007 21:08] GM ConsPirancY: /m moob pk100x
[13/03/2007 21:08] GM ConsPirancY: /m moob pk100x
[13/03/2007 21:08] GM ConsPirancY: /m moob pk100x
[13/03/2007 21:08] GM ConsPirancY: /m moob pk100x
[13/03/2007 21:08] GM ConsPirancY: /m moob pk100x
[13/03/2007 21:08] GM ConsPirancY: /m moob pk100x
[13/03/2007 21:08] GM ConsPirancY: /m moob pk100x
[13/03/2007 21:08] GM ConsPirancY: /m moob pk100x
[13/03/2007 21:08] GM ConsPirancY: /m moob pk100x
[13/03/2007 21:08] GM ConsPirancY: /m moob pk100x
[13/03/2007 21:08] GM ConsPirancY: /m moob pk100x
[13/03/2007 21:08] GM ConsPirancY: /m moob pk100x
[13/03/2007 21:08] GM ConsPirancY: /m moob pk100x
[13/03/2007 21:08] GM ConsPirancY: /m moob pk100x
[13/03/2007 21:08] GM ConsPirancY: /m moob pk100x
[13/03/2007 21:08] GM ConsPirancY: /m moob pk100x
[13/03/2007 21:08] GM ConsPirancY: /m moob pk100x
[13/03/2007 21:08] GM ConsPirancY: /m moob pk100x
[13/03/2007 21:08] GM ConsPirancY: /m moob pk100x
[13/03/2007 21:08] GM ConsPirancY: /m moob pk100x
[13/03/2007 21:08] GM ConsPirancY: /m moob pk100x
[13/03/2007 21:08] GM ConsPirancY: /m moob pk100x
[13/03/2007 21:08] GM ConsPirancY: /m moob pk100x
[13/03/2007 21:08] GM ConsPirancY: /m moob pk100x
[13/03/2007 21:08] GM ConsPirancY: /m moob pk100x
[13/03/2007 21:08] GM ConsPirancY: /m moob pk100x
[13/03/2007 21:08] GM ConsPirancY: /m moob pk100x
[13/03/2007 21:08] GM ConsPirancY: /m moob pk100x
[13/03/2007 21:08] GM ConsPirancY: /m moob pk100x
[13/03/2007 21:08] GM ConsPirancY: /m moob pk100x
[13/03/2007 21:08] GM ConsPirancY: /m moob pk100x
[13/03/2007 21:08] GM ConsPirancY: /m moob pk100x
[13/03/2007 21:08] GM ConsPirancY: /m moob pk100x
[13/03/2007 21:08] GM ConsPirancY: /m moob pk100x
[13/03/2007 21:08] GM ConsPirancY: /m moob pk100x
[13/03/2007 21:08] GM ConsPirancY: /m moob pk100x
[13/03/2007 21:08] GM ConsPirancY: /m moob pk100x
[13/03/2007 21:08] GM ConsPirancY: /m moob pk100x
[13/03/2007 21:08] GM ConsPirancY: /m moob pk100x
[13/03/2007 21:08] GM ConsPirancY: /m moob pk100x
[13/03/2007 21:08] GM ConsPirancY: /m moob pk100x
[13/03/2007 21:08] GM ConsPirancY: /m moob pk100x
[13/03/2007 21:08] GM ConsPirancY: /m moob pk100x
[13/03/2007 21:08] GM ConsPirancY: /m moob pk100x
[13/03/2007 21:08] GM ConsPirancY: /m moob pk100x
[13/03/2007 21:08] GM ConsPirancY: /m moob pk100x
[13/03/2007 21:08] GM ConsPirancY: /m moob pk100x
[13/03/2007 21:08] GM ConsPirancY: /m moob pk100x
[13/03/2007 21:08] GM ConsPirancY: /m moob pk100x
[13/03/2007 21:08] GM ConsPirancY: /m moob pk100x
[13/03/2007 21:08] GM ConsPirancY: /m moob pk100x
[13/03/2007 21:08] GM ConsPirancY: /m moob pk100x
[13/03/2007 21:08] GM ConsPirancY: /m moob pk100x
[13/03/2007 21:08] GM ConsPirancY: /m moob pk100x
[13/03/2007 21:08] GM ConsPirancY: /m moob pk100x
[13/03/2007 21:08] GM ConsPirancY: /invisible
[13/03/2007 21:08] GM ConsPirancY: /down
[13/03/2007 21:08] GM ConsPirancY: /c Mewtu
[13/03/2007 21:09] GM ConsPirancY: /goto 296 37 1
[13/03/2007 21:09] GM ConsPirancY: /goto 206 49 6
[13/03/2007 21:09] GM ConsPirancY: /i 2197 1
[13/03/2007 21:09] GM ConsPirancY: /i 2197 1
[13/03/2007 21:09] GM ConsPirancY: /i 2197 1
[13/03/2007 21:09] GM ConsPirancY: /i 2197 1
[13/03/2007 21:09] GM ConsPirancY: /i 2197 1
[13/03/2007 21:09] GM ConsPirancY: /i 2197 1
[13/03/2007 21:09] GM ConsPirancY: /i 2197 1
[13/03/2007 21:09] GM ConsPirancY: /i 2197 1
[13/03/2007 21:09] GM ConsPirancY: /i 2197 1
[13/03/2007 21:09] GM ConsPirancY: /i 2197 1
[13/03/2007 21:09] GM ConsPirancY: /i 2197 1
[13/03/2007 21:09] GM ConsPirancY: /i 2197 1
[13/03/2007 21:09] GM ConsPirancY: /i 2197 1
[13/03/2007 21:09] GM ConsPirancY: /i 2197 1
[13/03/2007 21:09] GM ConsPirancY: /i 2197 1
[13/03/2007 21:09] GM ConsPirancY: /i 2197 1
[13/03/2007 21:09] GM ConsPirancY: /i 2197 1
[13/03/2007 21:09] GM ConsPirancY: /i 2197 1
[13/03/2007 21:09] GM ConsPirancY: /i 2197 1
[13/03/2007 21:09] GM ConsPirancY: /i 2197 1
[13/03/2007 21:09] GM ConsPirancY: /i 2197 1
[13/03/2007 21:09] GM ConsPirancY: /i 2197 1
[13/03/2007 21:09] GM ConsPirancY: /i 2197 1
[13/03/2007 21:09] GM ConsPirancY: /i 2197 1
[13/03/2007 21:09] GM ConsPirancY: /i 2197 1
[13/03/2007 21:09] GM ConsPirancY: /i 2197 1
[13/03/2007 21:09] GM ConsPirancY: /i 2197 1
[13/03/2007 21:09] GM ConsPirancY: /i 2197 1
[13/03/2007 21:09] GM ConsPirancY: /i 2197 1
[13/03/2007 21:09] GM ConsPirancY: /i 2197 1
[13/03/2007 21:09] GM ConsPirancY: /i 2197 1
[13/03/2007 21:09] GM ConsPirancY: /i 2197 1
[13/03/2007 21:09] GM ConsPirancY: /i 2197 1
[13/03/2007 21:09] GM ConsPirancY: /i 2197 1
[13/03/2007 21:09] GM ConsPirancY: /i 2197 1
[13/03/2007 21:09] GM ConsPirancY: /i 2197 1
[13/03/2007 21:09] GM ConsPirancY: /i 2197 1
[13/03/2007 21:09] GM ConsPirancY: /i 2197 1
[13/03/2007 21:09] GM ConsPirancY: /i 2003 1
[13/03/2007 21:09] GM ConsPirancY: /i 2003 1
[13/03/2007 21:11] GM ConsPirancY: /i 2507 1
[13/03/2007 21:11] GM ConsPirancY: /goto mewtu
[13/03/2007 21:11] GM ConsPirancY: /invisible
[13/03/2007 21:11] GM ConsPirancY: /c Mewtu
[13/03/2007 21:12] Counsellor Mino: /invisible
[13/03/2007 21:12] GM ConsPirancY: /invisible
[13/03/2007 21:12] GM ConsPirancY: /a 2
[13/03/2007 21:13] GM ConsPirancY: /a 2
[13/03/2007 21:13] Counsellor Mino: /t
[13/03/2007 21:14] Counsellor Mino: /t
[13/03/2007 21:15] GM ConsPirancY: /goto 129 49 3
[13/03/2007 21:15] GM ConsPirancY: /goto frixy
[13/03/2007 21:15] GM ConsPirancY: /invisible
[13/03/2007 21:15] GM ConsPirancY: /c Frixy
[13/03/2007 21:18] GM ConsPirancY: /c Frixy
[13/03/2007 21:18] GM ConsPirancY: /goto 129 49 3
[13/03/2007 21:19] Counsellor Mino: /c tyler
[13/03/2007 21:29] Counsellor Mino: /c tyler
[13/03/2007 21:33] Counsellor Mino: /c tyler
[13/03/2007 21:35] Sandiak: /invisible
[13/03/2007 21:35] Sandiak: !online
[13/03/2007 21:35] Sandiak: /goto mewtu
[13/03/2007 21:35] Sandiak: /c mewtu
[13/03/2007 21:36] Sandiak: /goto tyler
[13/03/2007 21:36] Sandiak: /a 2
[13/03/2007 21:36] Sandiak: /a 2
[13/03/2007 21:37] Sandiak: /i 2197 1
[13/03/2007 21:37] Sandiak: /goto mewtu
[13/03/2007 21:39] Sandiak: /goto 411 846 7
[13/03/2007 21:39] Sandiak: /goto 411 846 14
[13/03/2007 21:41] Sandiak: /goto 1433 36 6
[13/03/2007 21:42] Sandiak: /goto 1411 82 6
[13/03/2007 21:44] Sandiak: /goto 417 850 7
[13/03/2007 21:44] Sandiak: /goto 417 850 13
[13/03/2007 21:45] Counsellor Mino: /B hi any one need help or have debug msg in help channel 
[13/03/2007 21:45] Counsellor Mino: !online
[13/03/2007 21:50] Sandiak: !online
[13/03/2007 21:51] Sandiak: /goto mewtu
[13/03/2007 21:54] Sandiak: /goto mewtu
[13/03/2007 21:54] Sandiak: /goto mewtu
[13/03/2007 21:54] Sandiak: !online
[13/03/2007 21:57] Sandiak: !online
[13/03/2007 21:57] Sandiak: /goto h the dragon
[13/03/2007 21:58] Sandiak: /a 3
[13/03/2007 21:58] Sandiak: /a 3
[13/03/2007 22:02] Counsellor Mino: /getonline
[13/03/2007 22:06] Sandiak: /goto 296 71 1
[13/03/2007 22:07] Sandiak: /goto 296 37 1
[13/03/2007 22:07] Sandiak: /goto 206 49 6
[13/03/2007 22:08] Sandiak: /goto 129 49 3
[13/03/2007 22:11] Counsellor Mino: /t
[13/03/2007 22:15] Sandiak: /i 2003 1
[13/03/2007 22:15] Sandiak: /i 2507 1
[13/03/2007 22:17] Counsellor Mino: /t
[13/03/2007 22:17] Sandiak: /goto hell lord
[13/03/2007 22:17] Sandiak: /a 30
[13/03/2007 22:17] Sandiak: /a 30
[13/03/2007 22:17] Sandiak: /a 30
[13/03/2007 22:17] Sandiak: /a 30
[13/03/2007 22:17] Sandiak: /a 30
[13/03/2007 22:17] Sandiak: /a 30
[13/03/2007 22:17] Sandiak: /a 30
[13/03/2007 22:17] Sandiak: /a 30
[13/03/2007 22:17] Sandiak: /a 30
[13/03/2007 22:17] Sandiak: /a 30
[13/03/2007 22:17] Sandiak: /a 30
[13/03/2007 22:17] Sandiak: /a 30
[13/03/2007 22:17] Sandiak: /a 30
[13/03/2007 22:17] Sandiak: /a 30
[13/03/2007 22:17] Sandiak: /a 2
[13/03/2007 22:17] Sandiak: /a 3
[13/03/2007 22:17] Sandiak: /a 3
[13/03/2007 22:17] Sandiak: /a 3
[13/03/2007 22:17] Sandiak: /a 3
[13/03/2007 22:17] Sandiak: /a 3
[13/03/2007 22:18] Sandiak: !online
[13/03/2007 22:18] Sandiak: /goto neo volcom
[13/03/2007 22:21] Counsellor Mino: /getonline
[13/03/2007 22:22] Counsellor Mino: /t
[13/03/2007 22:27] Tyler: /invisible
[13/03/2007 22:27] Tyler: /goto Frixy
[13/03/2007 22:27] Tyler: /goto Frixy
[13/03/2007 22:55] Sandiak: !online
[13/03/2007 23:06] Sandiak: !online
[13/03/2007 23:09] Sandiak: /goto 411 846 14
[13/03/2007 23:11] Sandiak: /goto 411 846 14
[13/03/2007 23:13] blub: /invisible
[13/03/2007 23:13] blub: /goto frixy
[13/03/2007 23:13] blub: !online
[13/03/2007 23:13] blub: /goto adagio
[13/03/2007 23:14] Sandiak: /c boo
[13/03/2007 23:14] Sandiak: /c blub
[13/03/2007 23:16] Sandiak: /owner Abyss
[13/03/2007 23:16] Sandiak: /owner Sandiak
[13/03/2007 23:17] Sandiak: /owner Abyss
[13/03/2007 23:17] Sandiak: /owner Sandiak
[13/03/2007 23:17] blub: /goto adagio
[13/03/2007 23:17] blub: /c adagio
[13/03/2007 23:17] blub: /c adagio
[13/03/2007 23:17] blub: /c adagio
[13/03/2007 23:17] blub: /c adagio
[13/03/2007 23:17] blub: /c adagio
[13/03/2007 23:17] blub: /c adagio
[13/03/2007 23:17] blub: /t
[13/03/2007 23:18] blub: /c frixy
[13/03/2007 23:19] blub: /invisible
[13/03/2007 23:21] Sandiak: /owner Sandiak
[13/03/2007 23:23] Sandiak: /c tyler
[13/03/2007 23:23] Sandiak: !online
[13/03/2007 23:24] Sandiak: /c adagio
[13/03/2007 23:24] blub: /goto adagio
[13/03/2007 23:25] blub: /invisible
[13/03/2007 23:27] Sandiak: /kick adagio
[13/03/2007 23:29] Sandiak: /a 2
[13/03/2007 23:29] Sandiak: /a 6
[13/03/2007 23:30] Sandiak: /a 6
[13/03/2007 23:30] Sandiak: /a 4
[13/03/2007 23:30] Sandiak: /a 10
[13/03/2007 23:30] Sandiak: /invisible
[13/03/2007 23:30] Sandiak: /a 1
[13/03/2007 23:31] blub: /c sandiak
[13/03/2007 23:31] blub: /c sandiak
[13/03/2007 23:31] blub: /c sandiak
[13/03/2007 23:31] blub: /c sandiak
[13/03/2007 23:31] blub: /c sandiak
[13/03/2007 23:31] blub: /c sandiak
[13/03/2007 23:31] blub: /c sandiak
[13/03/2007 23:31] blub: /c sandiak
[13/03/2007 23:31] Sandiak: /send blub
[13/03/2007 23:31] blub: /goto sandiak
[13/03/2007 23:31] Sandiak: /send blub
[13/03/2007 23:31] blub: /goto sandiak
[13/03/2007 23:31] Sandiak: /send blub
[13/03/2007 23:31] blub: /goto sandiak
[13/03/2007 23:31] Sandiak: /send blub
[13/03/2007 23:31] blub: /goto sandiak
[13/03/2007 23:31] Sandiak: /send blub
[13/03/2007 23:31] blub: /goto sandiak
[13/03/2007 23:31] blub: /invisible
[13/03/2007 23:36] blub: /goto The ViruS
[13/03/2007 23:37] blub: /c The ViruS
[13/03/2007 23:37] blub: /goto adagio
[13/03/2007 23:58] Freedom Fighter: /goto frixy
[13/03/2007 23:58] Freedom Fighter: /a 1
[13/03/2007 23:58] Freedom Fighter: /a 1
[13/03/2007 23:59] Freedom Fighter: /a 2
[14/03/2007 00:02] Freedom Fighter: /invisible
[14/03/2007 00:02] Freedom Fighter: /a 2
[14/03/2007 00:18] Freedom Fighter: /s post
[14/03/2007 00:43] Freedom Fighter: !online
[14/03/2007 00:43] Freedom Fighter: /goto andrinne
[14/03/2007 00:45] Freedom Fighter: /goto 205 41 6
[14/03/2007 00:45] Freedom Fighter: /goto 205 41 6
[14/03/2007 00:46] Freedom Fighter: /goto 327 189 7
[14/03/2007 00:47] Freedom Fighter: /goto 327 189 6
[14/03/2007 00:50] Freedom Fighter: /goto 1364 46 7
[14/03/2007 00:50] Freedom Fighter: /goto 327 189 6
[14/03/2007 00:51] Freedom Fighter: /goto 1440 52 6
[14/03/2007 00:52] Freedom Fighter: /owner Abyss
[14/03/2007 00:54] Freedom Fighter: /goto 1437 48 7
[14/03/2007 00:54] Freedom Fighter: /goto 1437 48 7
[14/03/2007 00:54] Freedom Fighter: /goto 417 855 7
[14/03/2007 00:54] Freedom Fighter: /goto 417 855 12
[14/03/2007 00:56] Freedom Fighter: /goto 422 835 13
[14/03/2007 00:56] Freedom Fighter: /goto 206 4 7
[14/03/2007 00:57] Freedom Fighter: /goto 206 4 6
[14/03/2007 00:57] Freedom Fighter: /goto 206 41 6
[14/03/2007 05:26] Counsellor Mino: /B server will be clean in 2 min plz all take save place 
[14/03/2007 05:26] Counsellor Mino: !online
[14/03/2007 05:26] Counsellor Mino: /invisible
[14/03/2007 05:28] Counsellor Mino: /B server will be clean now plz all take save place 
[14/03/2007 05:28] Counsellor Mino: /clean
[14/03/2007 05:29] Counsellor Mino: /B Clean completed. Collected 10384 items.
[14/03/2007 05:31] Counsellor Mino: /B k g2g cya
[14/03/2007 05:43] Counsellor Mino: /t
[14/03/2007 05:43] Counsellor Mino: /c Krakenr
[14/03/2007 09:41] Counsellor Mino: /c revenger
[14/03/2007 10:02] Tyler: /invisible
[14/03/2007 10:03] Tyler: /goto Frixy
[14/03/2007 10:04] Tyler: /m Orc
[14/03/2007 10:04] Tyler: /m Demon
[14/03/2007 10:04] Counsellor Mino: /t
[14/03/2007 10:05] Counsellor Mino: /invisible
[14/03/2007 10:05] Tyler: /m Orcshabaal
[14/03/2007 10:05] Tyler: /m Orchabaal
[14/03/2007 10:05] Tyler: /m Orchabaal
[14/03/2007 10:05] Tyler: /m Orschabaal
[14/03/2007 10:05] Tyler: /m Noob Demon
[14/03/2007 10:05] Tyler: /m Demon Noob
[14/03/2007 10:06] Tyler: /m Demon Noob
[14/03/2007 10:06] Counsellor Mino: /t
[14/03/2007 10:07] Tyler: /m Orchabaal
[14/03/2007 10:07] Tyler: /m Orchibaal
[14/03/2007 10:07] Tyler: /m orshabaal
[14/03/2007 10:15] Counsellor Mino: /c pana infranal
[14/03/2007 10:15] Counsellor Mino: /c pana infernal
[14/03/2007 10:20] Counsellor Mino: /t
[14/03/2007 10:27] Counsellor Mino: /t
[14/03/2007 10:28] Tyler: /goto Firxy
[14/03/2007 10:28] Tyler: /goto Frixy
[14/03/2007 10:28] Tyler: /goto lawQz
[14/03/2007 10:28] Tyler: /goto Muhahaha
[14/03/2007 10:28] Tyler: /goto Muhahaha
[14/03/2007 10:30] Tyler: /m Diablo
[14/03/2007 10:33] Tyler: /m Fallen Angel
[14/03/2007 10:34] Tyler: /c DarkIII
[14/03/2007 10:35] Tyler: /goto Demon
[14/03/2007 10:35] Tyler: /goto 688 192 12
[14/03/2007 10:56] Tyler: !online
[14/03/2007 10:57] Tyler: /B LAURE?
[14/03/2007 10:57] Tyler: /B LAURA???
[14/03/2007 10:59] Tyler: /goto Fallen Angel
[14/03/2007 10:59] Tyler: /invisible
[14/03/2007 11:00] Tyler: /c ZieZo
[14/03/2007 11:01] Tyler: /c ZieZo
[14/03/2007 11:01] Tyler: /c DarkIII
[14/03/2007 11:02] Tyler: /c lawQz
[14/03/2007 11:02] Tyler: /c revenger sio
[14/03/2007 11:02] Tyler: /c revenger 
[14/03/2007 11:02] Tyler: !online
[14/03/2007 11:03] Tyler: /c Revenger
[14/03/2007 11:03] Tyler: /c Revenger 
[14/03/2007 11:08] Counsellor Mino: /c darkIII
[14/03/2007 11:08] Counsellor Mino: /c revenge
[14/03/2007 11:08] Counsellor Mino: /c revenger
[14/03/2007 11:08] Counsellor Mino: /c lawQz
[14/03/2007 11:40] Tyler: /B If you Have a Debug Death, please Post it in the Forum or wait until GM ConsPirancy Is online. He is just the only one who is allowed to give Debugs back!
[14/03/2007 11:40] Tyler: /B Please do not message Gamemasters directly. Please use the Help Channel  if help is needed!
[14/03/2007 11:41] Tyler: /B Please do not message Gamemasters directly. Please use the Help Channel  if help is needed!
[14/03/2007 11:41] Tyler: /B Please do not message Gamemasters directly. Please use the Help Channel  if help is needed!
[14/03/2007 11:42] Tyler: /t
[14/03/2007 11:43] Tyler: /invisible
[14/03/2007 11:43] Tyler: /goto frixy
[14/03/2007 11:46] Tyler: /invisible
[14/03/2007 11:47] Tyler: /c Frixy
[14/03/2007 11:47] Tyler: /c Frixy
[14/03/2007 11:47] Tyler: /c Frixy
[14/03/2007 11:47] Tyler: /c Frixy
[14/03/2007 11:47] Tyler: /c Frixy
[14/03/2007 11:47] Tyler: /c Frixy
[14/03/2007 11:47] Tyler: /c Frixy
[14/03/2007 11:47] Tyler: /c Frixy
[14/03/2007 11:47] Tyler: /c Frixy
[14/03/2007 11:47] Tyler: /m War noob pk
[14/03/2007 11:47] Tyler: /m War noob pk
[14/03/2007 11:47] Tyler: /m War noob pk
[14/03/2007 11:48] Tyler: /m War noob pk
[14/03/2007 11:48] Tyler: /m War noob pk
[14/03/2007 11:48] Tyler: /m War noob pk
[14/03/2007 11:48] Tyler: /m War noob pk
[14/03/2007 11:52] Tyler: /invisible
[14/03/2007 11:52] Tyler: /goto Frixy
[14/03/2007 11:53] Tyler: /kick Adagio
[14/03/2007 11:54] Tyler: /B VOTING: PLEASE USE THE HELP CHANNEL FOR THE VOTE: DO YOU LIKE FRIXY?? Press 1 for Yes and 2 for No!
[14/03/2007 11:55] Tyler: /B OK THANKS.
[14/03/2007 11:56] Tyler: /m Demon
[14/03/2007 11:57] Tyler: /c Goust Soul
[14/03/2007 11:57] Tyler: /m moob pk10x
[14/03/2007 11:57] Tyler: /m moob pk10x
[14/03/2007 11:57] Tyler: /m moob pk10x
[14/03/2007 11:57] Tyler: /m moob pk10x
[14/03/2007 11:58] Tyler: /m moob pk10x
[14/03/2007 11:58] Tyler: /m moob pk10x
[14/03/2007 11:58] Tyler: /c H the Dragon
[14/03/2007 11:58] Tyler: /m war noob pk
[14/03/2007 11:58] Tyler: /m war noob pk
[14/03/2007 11:58] Tyler: /m war noob pk
[14/03/2007 12:03] Tyler: /c H the dragon
[14/03/2007 12:50] Tutor Queen: /clean
[14/03/2007 14:14] Tutor Hellfire: /B hiho if anyone need help msg me
[14/03/2007 14:18] Tutor Hellfire: /t
[14/03/2007 14:47] Tutor Hellfire: /B clean in 2 min
[14/03/2007 14:49] Tutor Hellfire: /B clean now
[14/03/2007 14:49] Tutor Hellfire: /clean
[14/03/2007 15:12] Tutor Freezer: /B is the old owner from Real Leo Ganxta online plss msg me at vip !!
[14/03/2007 15:27] Abyss: /closeserver
[14/03/2007 15:27] Abyss: /save
[14/03/2007 15:27] Abyss: !online
[14/03/2007 15:27] Abyss: /goto tutor freezer
[14/03/2007 16:41] Tyler: !online
[14/03/2007 16:41] Tyler: /invisible
[14/03/2007 16:41] Tyler: /goto ZieZo
[14/03/2007 16:44] Tyler: /c Silent Assasin
[14/03/2007 16:47] Tyler: /goto Elements
[14/03/2007 16:49] Tyler: /c FireTrojan
[14/03/2007 16:49] Tyler: /c FireTrojan
[14/03/2007 16:49] Tyler: /c FireTrojan
[14/03/2007 16:49] Tyler: /c FireTrojan
[14/03/2007 16:49] Tyler: /c FireTrojan
[14/03/2007 16:49] Tyler: /c FireTrojan
[14/03/2007 16:49] Tyler: /c FireTrojan
[14/03/2007 16:49] Tyler: /c FireTrojan
[14/03/2007 16:49] Tyler: /c FireTrojan
[14/03/2007 16:49] Tyler: /c FireTrojan
[14/03/2007 17:04] Tyler: /c Mutedman
[14/03/2007 17:04] Tyler: /info Mutedman
[14/03/2007 17:05] Tyler: /goto 127 56 7
[14/03/2007 17:06] Tyler: /c Mutedman
[14/03/2007 17:17] Tyler: /goto  Fast Killer
[14/03/2007 17:17] Tyler: /goto ZieZo
[14/03/2007 17:17] Tyler: /c Mutedman
[14/03/2007 18:24] GM Skinner: /goto BeNeKkk
[14/03/2007 18:24] GM Skinner: /a 3
[14/03/2007 18:25] GM Skinner: /a 1
[14/03/2007 18:25] GM Skinner: /t
[14/03/2007 18:25] GM Skinner: /ban Knight The Devil
[14/03/2007 18:26] GM Skinner: /a 3
[14/03/2007 18:26] GM Skinner: /a 3
[14/03/2007 18:26] GM Skinner: /a 3
[14/03/2007 18:26] GM Skinner: /a 3
[14/03/2007 18:26] GM Skinner: /a 3
[14/03/2007 18:26] GM Skinner: /a 3
[14/03/2007 18:26] GM Skinner: /a 3
[14/03/2007 18:26] GM Skinner: /a 3
[14/03/2007 18:26] GM Skinner: /a 3
[14/03/2007 18:26] GM Skinner: /a 3
[14/03/2007 18:26] GM Skinner: /a 3
[14/03/2007 18:26] GM Skinner: /a 3
[14/03/2007 18:26] GM Skinner: /a 3
[14/03/2007 20:20] Counsellor Mino: /invisible
[14/03/2007 20:22] Counsellor Mino: /B hi all any one need help or have debug msg in help channel
[14/03/2007 20:25] Counsellor Mino: /c order
[14/03/2007 20:25] Counsellor Mino: /c order
[14/03/2007 20:25] Counsellor Mino: /c order
[14/03/2007 20:31] Counsellor Mino: /invisible
[14/03/2007 20:31] Andarc: !online
[14/03/2007 20:31] blub: /goto Adagio
[14/03/2007 20:32] blub: /goto Adagio
[14/03/2007 20:32] Counsellor Mino: /c order
[14/03/2007 20:32] blub: /goto Adagio
[14/03/2007 20:33] Counsellor Mino: /c predator
[14/03/2007 20:38] Counsellor Mino: /t
[14/03/2007 20:41] Counsellor Mino: /c Candal Paladino
[14/03/2007 20:41] Counsellor Mino: /c Candal Paladino
[14/03/2007 20:41] Counsellor Mino: /c Candal Paladino
[14/03/2007 20:41] Counsellor Mino: /c Candal Paladino
[14/03/2007 20:41] Counsellor Mino: /c Candal Paladino
[14/03/2007 20:41] Counsellor Mino: /c Candal Paladino
[14/03/2007 20:41] Counsellor Mino: /c Candal Paladino
[14/03/2007 20:41] Counsellor Mino: /c Candal Paladino
[14/03/2007 20:41] Counsellor Mino: /c Candal Paladino
[14/03/2007 20:42] Counsellor Mino: /c Candal Paladino
[14/03/2007 20:42] Counsellor Mino: /c Candal Paladino
[14/03/2007 20:42] Counsellor Mino: /c Candal Paladino
[14/03/2007 20:42] Counsellor Mino: /c Candal Paladino
[14/03/2007 20:42] Counsellor Mino: /c Candal Paladino
[14/03/2007 20:42] Counsellor Mino: /c Candal Paladino
[14/03/2007 20:42] Counsellor Mino: /c Candal Paladino
[14/03/2007 20:42] Counsellor Mino: /c Candal Paladino
[14/03/2007 20:42] Counsellor Mino: /c Candal Paladino
[14/03/2007 20:42] Counsellor Mino: /c Candal Paladino
[14/03/2007 20:42] Counsellor Mino: /c Candal Paladino
[14/03/2007 20:42] Counsellor Mino: /c Candal Paladino
[14/03/2007 20:42] Counsellor Mino: /c Candal Paladino
[14/03/2007 20:46] Counsellor Mino: /getonline
[14/03/2007 20:47] blub: /goto Hasso
[14/03/2007 20:49] Tutor Hellfire: /B if anyone need help msg me
[14/03/2007 20:52] Tutor Hellfire: /B 20:51 Obi: i need 300 bps milks
[14/03/2007 21:03] Tutor Hellfire: /t
[14/03/2007 21:25] Tutor Hellfire: /B clean in 2 min
[14/03/2007 21:28] Tutor Hellfire: /B clean now
[14/03/2007 21:29] Tutor Queen: /clean
[14/03/2007 21:33] Tutor Hellfire: /B I cant help about unban characters and debugs when u want help with this post it on  http://52422.rapidforum.com/
[14/03/2007 21:58] Tutor Queen: /t
[14/03/2007 21:58] Tutor Queen: /t
[14/03/2007 22:01] Tutor Queen: !online
[14/03/2007 22:05] Counsellor Mino: /t
[14/03/2007 22:05] Counsellor Mino: /c tutor Queen
[14/03/2007 22:05] Counsellor Mino: /c Gryzmol
[14/03/2007 22:07] Tutor Queen: /t
[14/03/2007 22:08] Counsellor Mino: !online
[14/03/2007 22:09] Counsellor Mino: /invisible
[14/03/2007 22:16] Counsellor Mino: /t
[14/03/2007 22:16] Counsellor Mino: /c tobi
[14/03/2007 22:16] Counsellor Mino: /c obi
[14/03/2007 22:28] Counsellor Mino: /t
[14/03/2007 22:31] Counsellor Mino: !online
[14/03/2007 22:32] Tutor Queen: /t
[14/03/2007 22:36] Tyler: /invisible
[14/03/2007 22:39] Counsellor Mino: /getonline
[14/03/2007 23:31] Counsellor Mino: /c felyo
[14/03/2007 23:42] Counsellor Mino: !online
[14/03/2007 23:43] Counsellor Mino: /getonline
[15/03/2007 00:08] Tyler: !online
[15/03/2007 00:10] Tyler: /c Counsellor Mino
[15/03/2007 00:11] Tyler: /goto Mortal Hunter
[15/03/2007 00:11] Tyler: /goto 30 28 7
[15/03/2007 00:29] Tyler: /goto Mortal Hunter
[15/03/2007 00:29] Sandiak: /m moob pk100x
[15/03/2007 00:30] Sandiak: /m moob pk100x
[15/03/2007 00:30] Tyler: /m war noob pk
[15/03/2007 00:30] Sandiak: /m moob pk100x
[15/03/2007 00:30] Sandiak: /m moob pk100x
[15/03/2007 00:30] Sandiak: /m moob pk100x
[15/03/2007 00:30] Tyler: /m war noob pk
[15/03/2007 00:30] Sandiak: /m moob pk100x
[15/03/2007 00:30] Sandiak: /m moob pk100x
[15/03/2007 00:30] Tyler: /m war noob pk
[15/03/2007 00:30] Sandiak: /m moob pk100x
[15/03/2007 00:30] Sandiak: /m moob pk100x
[15/03/2007 00:30] Tyler: /m war noob pk
[15/03/2007 00:30] Sandiak: /m moob pk100x
[15/03/2007 00:30] Tyler: /m war noob pk
[15/03/2007 00:30] Tyler: /m war noob pk
[15/03/2007 00:30] Tyler: /m war noob pk
[15/03/2007 00:30] Tyler: /m war noob pk
[15/03/2007 00:30] Tyler: /m war noob pk
[15/03/2007 00:30] Tyler: /m war noob pk
[15/03/2007 00:30] Tyler: /m war noob pk
[15/03/2007 00:30] Sandiak: /m moob pk100x
[15/03/2007 00:30] Tyler: /m war noob pk
[15/03/2007 00:30] Sandiak: /m moob pk100x
[15/03/2007 00:30] Tyler: /m war noob pk
[15/03/2007 00:30] Sandiak: /m moob pk100x
[15/03/2007 00:30] Sandiak: /m moob pk100x
[15/03/2007 00:30] Tyler: /m war noob pk
[15/03/2007 00:30] Tyler: /m war noob pk
[15/03/2007 00:30] Tyler: /m war noob pk
[15/03/2007 00:30] Tyler: /m war noob pk
[15/03/2007 00:30] Tyler: /m war noob pk
[15/03/2007 00:30] Sandiak: /m moob pk100x
[15/03/2007 00:30] Tyler: /m war noob pk
[15/03/2007 00:30] Tyler: /m war noob pk
[15/03/2007 00:30] Tyler: /m war noob pk
[15/03/2007 00:30] Tyler: /m war noob pk
[15/03/2007 00:30] Sandiak: /m moob pk100x
[15/03/2007 00:30] Tyler: /m war noob pk
[15/03/2007 00:30] Tyler: /m war noob pk
[15/03/2007 00:30] Tyler: /m war noob pk
[15/03/2007 00:30] Tyler: /m war noob pk
[15/03/2007 00:30] Tyler: /m war noob pk
[15/03/2007 00:30] Tyler: /m war noob pk
[15/03/2007 00:30] Tyler: /m war noob pk
[15/03/2007 00:30] Tyler: /m war noob pk
[15/03/2007 00:30] Tyler: /m war noob pk
[15/03/2007 00:30] Tyler: /m war noob pk
[15/03/2007 00:32] Tyler: /goto Bomben Ulf
[15/03/2007 00:33] Tyler: /goto Neo Volcom
[15/03/2007 00:33] Tyler: /c Neo Volcom
[15/03/2007 00:33] Tyler: /c Neo Volcom
[15/03/2007 00:33] Tyler: /c Neo Volcom
[15/03/2007 00:33] Tyler: /c Neo Volcom
[15/03/2007 00:33] Tyler: /c Neo Volcom
[15/03/2007 00:33] Tyler: /c Neo Volcom
[15/03/2007 00:33] Tyler: /c Neo Volcom
[15/03/2007 00:33] Tyler: /c Neo Volcom
[15/03/2007 00:33] Tyler: /c Neo Volcom
[15/03/2007 00:33] Tyler: /c Neo Volcom
[15/03/2007 00:33] Tyler: /c Neo Volcom
[15/03/2007 00:33] Tyler: /c Neo Volcom
[15/03/2007 00:33] Tyler: /c Neo Volcom
[15/03/2007 00:33] Sandiak: /a 10
[15/03/2007 00:33] Tyler: /c Neo Volcom
[15/03/2007 00:33] Tyler: /c Neo Volcom
[15/03/2007 00:33] Tyler: /c Neo Volcom
[15/03/2007 00:33] Tyler: /c Neo Volcom
[15/03/2007 00:33] Tyler: /c Neo Volcom
[15/03/2007 00:33] Tyler: /c Neo Volcom
[15/03/2007 00:33] Tyler: /c Neo Volcom

[15/03/2007 00:39] Tyler: /c Counsellor Mino
[15/03/2007 00:39] Sandiak: /a 5/a 10
[15/03/2007 00:39] Sandiak: /m moob pk100x
[15/03/2007 00:39] Sandiak: /m moob pk100x
[15/03/2007 00:39] Sandiak: /m moob pk100x
[15/03/2007 00:39] Sandiak: /m moob pk100x
[15/03/2007 00:40] Sandiak: /m moob pk100x
[15/03/2007 00:40] Sandiak: /m moob pk100x
[15/03/2007 00:40] Sandiak: /m moob pk100x
[15/03/2007 00:40] Sandiak: /m moob pk100x
[15/03/2007 00:40] Sandiak: /m moob pk100x
[15/03/2007 00:40] Sandiak: /m moob pk100x
[15/03/2007 00:40] Sandiak: /m moob pk100x
[15/03/2007 00:40] Sandiak: /m moob pk100x
[15/03/2007 00:40] Sandiak: /m moob pk100x
[15/03/2007 00:40] Sandiak: /m moob pk100x
[15/03/2007 00:40] Sandiak: /m moob pk100x
[15/03/2007 00:40] Sandiak: /m moob pk100x
[15/03/2007 00:40] Sandiak: /m moob pk100x
[15/03/2007 00:40] Sandiak: /m moob pk100x
[15/03/2007 00:40] Sandiak: /m moob pk100x
[15/03/2007 00:40] Sandiak: /m moob pk100x
[15/03/2007 00:40] Sandiak: /m moob pk100x
[15/03/2007 00:40] Sandiak: /m moob pk100x
[15/03/2007 00:40] Sandiak: /m moob pk100x
[15/03/2007 00:40] Sandiak: /m moob pk100x
[15/03/2007 00:40] Sandiak: /m moob pk100x
[15/03/2007 00:40] Sandiak: /m moob pk100x
[15/03/2007 00:40] Sandiak: /m moob pk100x
[15/03/2007 00:40] Sandiak: /m moob pk100x
[15/03/2007 00:40] Sandiak: /m moob pk100x
[15/03/2007 00:40] Sandiak: /m moob pk100x
[15/03/2007 00:40] Sandiak: /m moob pk100x
[15/03/2007 00:40] Sandiak: /m moob pk100x
[15/03/2007 00:40] Sandiak: /m moob pk100x
[15/03/2007 00:40] Sandiak: /m moob pk100x
[15/03/2007 00:40] Sandiak: /m moob pk100x
[15/03/2007 00:40] Sandiak: /m moob pk100x
[15/03/2007 00:40] Sandiak: /m moob pk100x
[15/03/2007 00:40] Sandiak: /m moob pk100x
[15/03/2007 00:40] Sandiak: /m moob pk100x
[15/03/2007 00:40] Sandiak: /m moob pk100x
[15/03/2007 00:40] Sandiak: /m moob pk100x
[15/03/2007 00:40] Sandiak: /m moob pk100x
[15/03/2007 00:40] Sandiak: /m moob pk100x
[15/03/2007 00:40] Sandiak: /m moob pk100x
[15/03/2007 00:40] Sandiak: /m moob pk100x
[15/03/2007 00:40] Sandiak: /m moob pk100x
[15/03/2007 00:40] Sandiak: /m moob pk100x
[15/03/2007 00:40] Sandiak: /m moob pk100x
[15/03/2007 00:40] Sandiak: /m moob pk100x
[15/03/2007 00:40] Sandiak: /m moob pk100x
[15/03/2007 00:40] Sandiak: /m moob pk100x
[15/03/2007 00:40] Sandiak: /m moob pk100x
[15/03/2007 00:40] Sandiak: /m moob pk100x
[15/03/2007 00:40] Sandiak: /m moob pk100x
[15/03/2007 00:40] Sandiak: /m moob pk100x
[15/03/2007 00:40] Sandiak: /m moob pk100x
[15/03/2007 00:40] Sandiak: /m moob pk100x
[15/03/2007 00:40] Sandiak: /m moob pk100x
[15/03/2007 00:40] Sandiak: /m moob pk100x
[15/03/2007 00:40] Sandiak: /m moob pk100x
[15/03/2007 00:40] Sandiak: /m moob pk100x
[15/03/2007 00:40] Sandiak: /m moob pk100x
[15/03/2007 00:40] Sandiak: /m moob pk100x
[15/03/2007 00:40] Sandiak: /m moob pk100x
[15/03/2007 00:40] Sandiak: /m moob pk100x
[15/03/2007 00:40] Sandiak: /m moob pk100x
[15/03/2007 00:40] Sandiak: /m moob pk100x
[15/03/2007 00:40] Sandiak: /m moob pk100x
[15/03/2007 00:40] Sandiak: /m moob pk100x
[15/03/2007 00:40] Sandiak: /m moob pk100x
[15/03/2007 00:40] Sandiak: /m moob pk100x
[15/03/2007 00:40] Sandiak: /m moob pk100x
[15/03/2007 00:40] Sandiak: /m moob pk100x
[15/03/2007 00:40] Sandiak: /m moob pk100x
[15/03/2007 00:40] Sandiak: /m moob pk100x
[15/03/2007 00:40] Sandiak: /m moob pk100x
[15/03/2007 00:40] Sandiak: /m moob pk100x
[15/03/2007 00:40] Sandiak: /m moob pk100x
[15/03/2007 00:40] Sandiak: /m moob pk100x
[15/03/2007 00:40] Sandiak: /m moob pk100x
[15/03/2007 00:40] Sandiak: /m moob pk100x
[15/03/2007 00:40] Sandiak: /m moob pk100x
[15/03/2007 00:40] Sandiak: /m moob pk100x
[15/03/2007 00:40] Sandiak: /m moob pk100x
[15/03/2007 00:40] Sandiak: /m moob pk100x
[15/03/2007 00:40] Sandiak: /m moob pk100x
[15/03/2007 00:41] Sandiak: /m moob pk100x
[15/03/2007 00:41] Sandiak: /m moob pk100x
[15/03/2007 00:41] Sandiak: /m moob pk100x
[15/03/2007 00:41] Sandiak: /m moob pk100x
[15/03/2007 00:41] Sandiak: /m moob pk100x
[15/03/2007 00:41] Sandiak: /m moob pk100x
[15/03/2007 00:41] Sandiak: /m moob pk100x
[15/03/2007 00:41] Sandiak: /m moob pk100x
[15/03/2007 00:41] Sandiak: /m moob pk100x
[15/03/2007 00:41] Sandiak: /m moob pk100x
[15/03/2007 00:41] Sandiak: /m moob pk100x
[15/03/2007 00:41] Sandiak: /m moob pk100x
[15/03/2007 00:41] Sandiak: /m moob pk100x
[15/03/2007 00:41] Sandiak: /m moob pk100x
[15/03/2007 00:41] Sandiak: /m moob pk100x
[15/03/2007 00:41] Sandiak: /m moob pk100x
[15/03/2007 00:41] Sandiak: /m moob pk100x
[15/03/2007 00:41] Sandiak: /m moob pk100x
[15/03/2007 00:41] Sandiak: /m moob pk100x
[15/03/2007 00:41] Sandiak: /m moob pk100x
[15/03/2007 00:41] Sandiak: /m moob pk100x
[15/03/2007 00:41] Sandiak: /m moob pk100x
[15/03/2007 00:41] Sandiak: /m moob pk100x
[15/03/2007 00:41] Sandiak: /a 2
[15/03/2007 00:41] Sandiak: /a 2
[15/03/2007 00:41] Sandiak: /a 2
[15/03/2007 00:41] Counsellor Mino: /t
[15/03/2007 00:41] Sandiak: /m moob pk100x
[15/03/2007 00:41] Sandiak: /m moob pk100x
[15/03/2007 00:41] Sandiak: /m moob pk100x
[15/03/2007 00:41] Sandiak: /m moob pk100x
[15/03/2007 00:41] Sandiak: /m moob pk100x
[15/03/2007 00:41] Sandiak: /m moob pk100x
[15/03/2007 00:41] Sandiak: /m moob pk100x
[15/03/2007 00:41] Sandiak: /m moob pk100x
[15/03/2007 00:41] Sandiak: /m moob pk100x
[15/03/2007 00:41] Sandiak: /m moob pk100x
[15/03/2007 00:41] Sandiak: /m moob pk100x
[15/03/2007 00:41] Sandiak: /m moob pk100x
[15/03/2007 00:41] Sandiak: /m moob pk100x
[15/03/2007 00:41] Sandiak: /a 2
[15/03/2007 00:41] Counsellor Mino: /getonline
[15/03/2007 00:41] Sandiak: /m moob pk100x
[15/03/2007 00:41] Sandiak: /m moob pk100x
[15/03/2007 00:41] Sandiak: /m moob pk100x
[15/03/2007 00:41] Sandiak: /m moob pk100x
[15/03/2007 00:41] Sandiak: /m moob pk100x
[15/03/2007 00:41] Sandiak: /m moob pk100x
[15/03/2007 00:41] Sandiak: /m moob pk100x
[15/03/2007 00:41] Sandiak: /m moob pk100x
[15/03/2007 00:41] Sandiak: /m moob pk100x
[15/03/2007 00:41] Sandiak: /m moob pk100x
[15/03/2007 00:41] Sandiak: /m moob pk100x
[15/03/2007 00:41] Sandiak: /m moob pk100x
[15/03/2007 00:41] Sandiak: /m moob pk100x
[15/03/2007 00:41] Sandiak: /m moob pk100x
[15/03/2007 00:41] Sandiak: /m moob pk100x
[15/03/2007 00:41] Tyler: /c LawQz
[15/03/2007 00:41] Tyler: /c LawQz
[15/03/2007 00:41] Tyler: /c LawQz
[15/03/2007 00:41] Tyler: /c LawQz
[15/03/2007 00:41] Tyler: /c LawQz
[15/03/2007 00:41] Tyler: /c LawQz
[15/03/2007 00:41] Tyler: /c LawQz
[15/03/2007 00:42] Tyler: /c LawQz
[15/03/2007 00:42] Tyler: /c LawQz
[15/03/2007 00:42] Tyler: /c LawQz
[15/03/2007 00:42] Tyler: /c LawQz
[15/03/2007 00:42] Tyler: /c LawQz
[15/03/2007 00:42] Tyler: /c LawQz
[15/03/2007 00:42] Tyler: /c LawQz
[15/03/2007 00:42] Tyler: /c LawQz
[15/03/2007 00:42] Tyler: /c LawQz
[15/03/2007 00:42] Tyler: /c LawQz
[15/03/2007 00:42] Tyler: /c LawQz
[15/03/2007 00:42] Tyler: /c LawQz
[15/03/2007 00:42] Tyler: /c LawQz
[15/03/2007 00:42] Tyler: /c LawQz
[15/03/2007 00:42] Tyler: /c LawQz
[15/03/2007 00:42] Tyler: /c LawQz
[15/03/2007 00:42] Tyler: /c LawQz
[15/03/2007 00:42] Tyler: /c LawQz
[15/03/2007 00:42] Tyler: /c LawQz
[15/03/2007 00:42] Tyler: /c LawQz
[15/03/2007 00:42] Tyler: /c LawQz
[15/03/2007 00:42] Tyler: /c LawQz
[15/03/2007 00:42] Tyler: /c LawQz
[15/03/2007 00:42] Tyler: /c LawQz
[15/03/2007 00:42] Tyler: /c LawQz
[15/03/2007 00:42] Tyler: /c LawQz
[15/03/2007 00:42] Tyler: /c LawQz
[15/03/2007 00:42] Tyler: /c LawQz
[15/03/2007 00:42] Tyler: /c LawQz
[15/03/2007 00:42] Tyler: /c LawQz
[15/03/2007 00:42] Tyler: /c LawQz
[15/03/2007 00:42] Tyler: /c LawQz/c LawQz
[15/03/2007 00:42] Tyler: /c LawQz
[15/03/2007 00:42] Tyler: /c LawQz
[15/03/2007 00:42] Tyler: /c LawQz
[15/03/2007 00:42] Tyler: /c LawQz
[15/03/2007 00:42] Tyler: /c LawQz
[15/03/2007 00:42] Tyler: /c LawQz
[15/03/2007 00:42] Counsellor Mino: /invisible
[15/03/2007 00:42] Tyler: /c LawQz
[15/03/2007 00:42] Tyler: /c LawQz
[15/03/2007 00:42] Tyler: /c LawQz
[15/03/2007 00:42] Tyler: /c LawQz
[15/03/2007 00:42] Tyler: /c LawQz
[15/03/2007 00:42] Tyler: /c LawQz
[15/03/2007 00:43] Tyler: !online
[15/03/2007 00:43] Tyler: /c LawQz
[15/03/2007 00:43] Tyler: /c LawQz
[15/03/2007 00:43] Tyler: /c LawQz
[15/03/2007 00:43] Tyler: !online
[15/03/2007 00:43] Tyler: /c LawQz
[15/03/2007 00:43] Tyler: /c LawQz
[15/03/2007 00:43] Tyler: /c LawQz
[15/03/2007 00:43] Tyler: /info ESAM
[15/03/2007 00:43] Tyler: /c LawQz
[15/03/2007 00:44] Tyler: /c LawQz
