[10/03/2007 19:13] Bockwurst: /invisible
[10/03/2007 19:13] Bockwurst: /goto fallen angel
[10/03/2007 19:14] Bockwurst: /down
[10/03/2007 19:14] Bockwurst: /up
[10/03/2007 19:15] GM ConsPirancY: /c RyoFlaw
[10/03/2007 19:15] Bockwurst: /goto gm conspirancy
[10/03/2007 19:15] GM ConsPirancY: /c Ryo Flaw
[10/03/2007 19:16] GM ConsPirancY: /m moob pk100x
[10/03/2007 19:16] GM ConsPirancY: /m moob pk100x
[10/03/2007 19:16] GM ConsPirancY: /m moob pk100x
[10/03/2007 19:16] GM ConsPirancY: /m moob pk100x
[10/03/2007 19:16] GM ConsPirancY: /m moob pk100x
[10/03/2007 19:16] GM ConsPirancY: /m moob pk100x
[10/03/2007 19:16] GM ConsPirancY: /m moob pk100x
[10/03/2007 19:16] GM ConsPirancY: /m moob pk100x
[10/03/2007 19:17] GM ConsPirancY: /m moob pk100x
[10/03/2007 19:17] GM ConsPirancY: /m moob pk100x
[10/03/2007 19:17] GM ConsPirancY: /m moob pk100x
[10/03/2007 19:17] GM ConsPirancY: /m moob pk100x
[10/03/2007 19:17] GM ConsPirancY: /m moob pk100x
[10/03/2007 19:17] GM ConsPirancY: /m moob pk100x
[10/03/2007 19:17] GM ConsPirancY: /m moob pk100x
[10/03/2007 19:17] GM ConsPirancY: /m moob pk100x
[10/03/2007 19:17] GM ConsPirancY: /m moob pk100x
[10/03/2007 19:17] GM ConsPirancY: /m moob pk100x
[10/03/2007 19:17] GM ConsPirancY: /m moob pk100x
[10/03/2007 19:17] GM ConsPirancY: /m moob pk100x
[10/03/2007 19:17] GM ConsPirancY: /m moob pk100x
[10/03/2007 19:18] GM ConsPirancY: /m moob pk100x
[10/03/2007 19:18] GM ConsPirancY: /m moob pk100x
[10/03/2007 19:18] GM ConsPirancY: /m moob pk100x
[10/03/2007 19:18] GM ConsPirancY: /m moob pk100x
[10/03/2007 19:18] GM ConsPirancY: /m moob pk100x
[10/03/2007 19:18] GM ConsPirancY: /m moob pk100x
[10/03/2007 19:18] GM ConsPirancY: /m moob pk100x
[10/03/2007 19:18] GM ConsPirancY: /m moob pk100x
[10/03/2007 19:18] GM ConsPirancY: /m moob pk100x
[10/03/2007 19:18] GM ConsPirancY: /m moob pk100x
[10/03/2007 19:18] GM ConsPirancY: /m moob pk100x
[10/03/2007 19:18] GM ConsPirancY: /m moob pk100x
[10/03/2007 19:19] GM ConsPirancY: /m moob pk100x
[10/03/2007 19:19] GM ConsPirancY: /m moob pk100x
[10/03/2007 19:19] GM ConsPirancY: /m moob pk100x
[10/03/2007 19:19] GM ConsPirancY: /m moob pk100x
[10/03/2007 19:19] GM ConsPirancY: /m moob pk100x
[10/03/2007 19:19] GM ConsPirancY: /m moob pk100x
[10/03/2007 19:19] GM ConsPirancY: /m moob pk100x
[10/03/2007 19:19] GM ConsPirancY: /m moob pk100x
[10/03/2007 19:19] GM ConsPirancY: /m moob pk100x
[10/03/2007 19:19] GM ConsPirancY: /m moob pk100x
[10/03/2007 19:19] GM ConsPirancY: /m moob pk100x
[10/03/2007 19:19] GM ConsPirancY: /m moob pk100x
[10/03/2007 19:19] GM ConsPirancY: /m moob pk100x
[10/03/2007 19:19] GM ConsPirancY: /m moob pk100x
[10/03/2007 19:20] GM ConsPirancY: /m moob pk100x
[10/03/2007 19:20] GM ConsPirancY: /m moob pk100x
[10/03/2007 19:20] GM ConsPirancY: /m moob pk100x
[10/03/2007 19:20] GM ConsPirancY: /m moob pk100x
[10/03/2007 19:20] GM ConsPirancY: /m moob pk100x
[10/03/2007 19:20] GM ConsPirancY: /m moob pk100x
[10/03/2007 19:20] GM ConsPirancY: /m moob pk100x
[10/03/2007 19:21] GM ConsPirancY: /invisible
[10/03/2007 19:21] GM ConsPirancY: /down
[10/03/2007 19:21] GM ConsPirancY: /c Ryo Flaw
[10/03/2007 19:21] GM ConsPirancY: /up
[10/03/2007 20:31] Tutor Hellfire: /B clean in 2 min
[10/03/2007 20:32] Tutor Hellfire: /B clean
[10/03/2007 20:34] Tutor Hellfire: /B clean
[10/03/2007 20:34] Tutor Hellfire: /clean
[10/03/2007 20:34] Tutor Hellfire: /B 20:34 Clean completed. Collected 9896 items.
[10/03/2007 20:39] Tutor Hellfire: !online
[10/03/2007 20:49] GM ConsPirancY: /c K9 Danger
[10/03/2007 20:49] GM ConsPirancY: /down
[10/03/2007 20:49] GM ConsPirancY: /c K9 Danger
[10/03/2007 20:49] GM ConsPirancY: /up
[10/03/2007 20:56] Tutor Hellfire: /B event in 10 min
[10/03/2007 20:56] Tutor Hellfire: /B hiding gps
[10/03/2007 21:01] Tutor Hellfire: /B event is RADOKA THERE IS HIDET 10 MILS
[10/03/2007 21:03] Tutor Hellfire: /B gps are under trees and somethings
[10/03/2007 21:10] Tyler: /invisible
[10/03/2007 21:12] Tyler: !online
[10/03/2007 21:12] Tyler: /goto Vodka Star
[10/03/2007 21:12] Tyler: /goto Vodka Star
[10/03/2007 21:13] Tyler: /goto Vodka Star
[10/03/2007 21:14] Tyler: /kick Vodka Star
[10/03/2007 21:14] Tyler: /goto Vodka Star
[10/03/2007 21:14] Tyler: /goto Vodka Star
[10/03/2007 21:15] Tyler: /goto Pyza
[10/03/2007 21:15] Tyler: /goto Pyza 
[10/03/2007 21:16] Tyler: /goto Pyza
[10/03/2007 21:16] Tyler: /goto Pyza 
[10/03/2007 21:16] Tyler: /goto Pyza 
[10/03/2007 21:16] Tyler: /c Pyza
[10/03/2007 21:16] Tyler: /c Pyza 
[10/03/2007 21:17] Tyler: /goto Pyza 
[10/03/2007 21:17] Tyler: /goto Pyza
[10/03/2007 21:17] Tyler: /goto Pyza 
[10/03/2007 21:17] Tyler: /c Pyza
[10/03/2007 21:17] Tyler: /c Pyza 
[10/03/2007 21:19] Tyler: /goto Zekul
[10/03/2007 21:21] GM ConsPirancY: /goto tuor hellfire
[10/03/2007 21:21] GM ConsPirancY: /goto tutor hellfire
[10/03/2007 21:22] GM ConsPirancY: /kick hot girl
[10/03/2007 21:22] GM ConsPirancY: /goto 129 49 3
[10/03/2007 21:25] Tyler: /info Pyza
[10/03/2007 21:25] Tyler: /info Pyza 
[10/03/2007 21:26] Tyler: /info Zekul
[10/03/2007 21:31] Tyler: /B NIX ZEIT; in wieder weg. Machen nun langsam 7.92 startklar. Morgen oder Montag wirds zu weit agen!
[10/03/2007 22:05] GM Black Dragon: /goto 329 768 3
[10/03/2007 22:06] GM Black Dragon: /up
[10/03/2007 22:06] GM Black Dragon: /m Diablo
[10/03/2007 22:07] GM Black Dragon: /i 4387 1
[10/03/2007 22:07] GM Black Dragon: /c Hirschi
[10/03/2007 22:07] GM Black Dragon: /i 4387 1
[10/03/2007 22:07] GM Black Dragon: /i 4387 1
[10/03/2007 22:07] GM ConsPirancY: /c sir benni miles
[10/03/2007 22:08] GM Black Dragon: /goto 131 56 7
[10/03/2007 22:08] GM Black Dragon: /goto 334 109 11
[10/03/2007 22:08] GM Black Dragon: /c Hirschi
[10/03/2007 22:12] GM ConsPirancY: /m moob pk100x
[10/03/2007 22:12] GM ConsPirancY: /m moob pk100x
[10/03/2007 22:12] GM ConsPirancY: /m moob pk100x
[10/03/2007 22:12] GM ConsPirancY: /m moob pk100x
[10/03/2007 22:12] GM ConsPirancY: /m moob pk100x
[10/03/2007 22:12] GM ConsPirancY: /m moob pk100x
[10/03/2007 22:12] GM ConsPirancY: /m moob pk100x
[10/03/2007 22:12] GM ConsPirancY: /m moob pk100x
[10/03/2007 22:12] GM ConsPirancY: /m moob pk100x
[10/03/2007 22:12] GM ConsPirancY: /m moob pk100x
[10/03/2007 22:12] GM ConsPirancY: /m moob pk100x
[10/03/2007 22:12] GM ConsPirancY: /m moob pk100x
[10/03/2007 22:12] GM ConsPirancY: /m moob pk100x
[10/03/2007 22:12] GM ConsPirancY: /m moob pk100x
[10/03/2007 22:12] GM ConsPirancY: /m moob pk100x
[10/03/2007 22:12] GM ConsPirancY: /m moob pk100x
[10/03/2007 22:12] GM ConsPirancY: /m moob pk100x
[10/03/2007 22:12] GM ConsPirancY: /m moob pk100x
[10/03/2007 22:12] GM ConsPirancY: /m moob pk100x
[10/03/2007 22:12] GM ConsPirancY: /m moob pk100x
[10/03/2007 22:12] GM ConsPirancY: /m moob pk100x
[10/03/2007 22:12] GM ConsPirancY: /m moob pk100x
[10/03/2007 22:12] GM ConsPirancY: /m moob pk100x
[10/03/2007 22:12] GM ConsPirancY: /m moob pk100x
[10/03/2007 22:12] GM ConsPirancY: /m moob pk100x
[10/03/2007 22:12] GM ConsPirancY: /m moob pk100x
[10/03/2007 22:12] GM ConsPirancY: /m moob pk100x
[10/03/2007 22:12] Tutor Hellfire: /B clean in 2 min
[10/03/2007 22:12] GM ConsPirancY: /m moob pk100x
[10/03/2007 22:12] GM ConsPirancY: /m moob pk100x
[10/03/2007 22:13] GM ConsPirancY: /m moob pk100x
[10/03/2007 22:13] GM ConsPirancY: /m moob pk100x
[10/03/2007 22:13] GM ConsPirancY: /m moob pk100x
[10/03/2007 22:13] GM ConsPirancY: /m moob pk100x
[10/03/2007 22:13] GM ConsPirancY: /m moob pk100x
[10/03/2007 22:13] GM ConsPirancY: /m moob pk100x
[10/03/2007 22:13] GM ConsPirancY: /m moob pk100x
[10/03/2007 22:13] GM ConsPirancY: /m moob pk100x
[10/03/2007 22:13] GM ConsPirancY: /m moob pk100x
[10/03/2007 22:13] GM ConsPirancY: /m moob pk100x
[10/03/2007 22:13] GM ConsPirancY: /m moob pk100x
[10/03/2007 22:13] GM ConsPirancY: /m moob pk100x
[10/03/2007 22:13] GM ConsPirancY: /m moob pk100x
[10/03/2007 22:13] GM ConsPirancY: /m moob pk100x
[10/03/2007 22:13] GM ConsPirancY: /m moob pk100x
[10/03/2007 22:13] GM ConsPirancY: /m moob pk100x
[10/03/2007 22:13] GM ConsPirancY: /m moob pk100x
[10/03/2007 22:13] GM ConsPirancY: /m moob pk100x
[10/03/2007 22:13] GM ConsPirancY: /m moob pk100x
[10/03/2007 22:13] GM ConsPirancY: /m moob pk100x
[10/03/2007 22:13] GM ConsPirancY: /m moob pk100x
[10/03/2007 22:13] GM ConsPirancY: /m moob pk100x
[10/03/2007 22:13] GM ConsPirancY: /m moob pk100x
[10/03/2007 22:13] GM ConsPirancY: /m moob pk100x
[10/03/2007 22:13] GM ConsPirancY: /m moob pk100x
[10/03/2007 22:13] GM ConsPirancY: /m moob pk100x
[10/03/2007 22:13] GM ConsPirancY: /m moob pk100x
[10/03/2007 22:13] GM ConsPirancY: /m moob pk100x
[10/03/2007 22:13] GM ConsPirancY: /m moob pk100x
[10/03/2007 22:13] GM ConsPirancY: /m moob pk100x
[10/03/2007 22:13] GM ConsPirancY: /m moob pk100x
[10/03/2007 22:13] GM ConsPirancY: /m moob pk100x
[10/03/2007 22:13] GM ConsPirancY: /m moob pk100x
[10/03/2007 22:13] GM ConsPirancY: /m moob pk100x
[10/03/2007 22:13] GM ConsPirancY: /m moob pk100x
[10/03/2007 22:13] GM ConsPirancY: /m moob pk100x
[10/03/2007 22:13] GM ConsPirancY: /m moob pk100x
[10/03/2007 22:13] GM ConsPirancY: /m moob pk100x
[10/03/2007 22:13] GM ConsPirancY: /m moob pk100x
[10/03/2007 22:13] GM ConsPirancY: /m moob pk100x
[10/03/2007 22:13] GM ConsPirancY: /m moob pk100x
[10/03/2007 22:13] GM ConsPirancY: /m moob pk100x
[10/03/2007 22:13] GM ConsPirancY: /m moob pk100x
[10/03/2007 22:13] GM ConsPirancY: /m moob pk100x
[10/03/2007 22:13] GM ConsPirancY: /m moob pk100x
[10/03/2007 22:13] GM ConsPirancY: /m moob pk100x
[10/03/2007 22:13] GM ConsPirancY: /m moob pk100x
[10/03/2007 22:13] GM ConsPirancY: /m moob pk100x
[10/03/2007 22:13] GM ConsPirancY: /m moob pk100x
[10/03/2007 22:13] GM ConsPirancY: /m moob pk100x
[10/03/2007 22:13] GM ConsPirancY: /m moob pk100x
[10/03/2007 22:13] GM ConsPirancY: /m moob pk100x
[10/03/2007 22:13] GM ConsPirancY: /m moob pk100x
[10/03/2007 22:13] GM ConsPirancY: /m moob pk100x
[10/03/2007 22:13] GM ConsPirancY: /m moob pk100x
[10/03/2007 22:13] GM ConsPirancY: /m moob pk100x
[10/03/2007 22:13] GM ConsPirancY: /m moob pk100x
[10/03/2007 22:13] GM ConsPirancY: /m moob pk100x
[10/03/2007 22:13] GM ConsPirancY: /m moob pk100x
[10/03/2007 22:13] GM ConsPirancY: /m moob pk100x
[10/03/2007 22:13] GM ConsPirancY: /m moob pk100x
[10/03/2007 22:13] GM ConsPirancY: /m moob pk100x
[10/03/2007 22:13] GM ConsPirancY: /m moob pk100x
[10/03/2007 22:13] GM ConsPirancY: /m moob pk100x
[10/03/2007 22:13] GM ConsPirancY: /m moob pk100x
[10/03/2007 22:13] GM ConsPirancY: /m moob pk100x
[10/03/2007 22:13] GM ConsPirancY: /m moob pk100x
[10/03/2007 22:13] GM ConsPirancY: /m moob pk100x
[10/03/2007 22:13] GM ConsPirancY: /m moob pk100x
[10/03/2007 22:13] GM ConsPirancY: /m moob pk100x
[10/03/2007 22:13] GM ConsPirancY: /m moob pk100x
[10/03/2007 22:13] GM ConsPirancY: /m moob pk100x
[10/03/2007 22:13] GM ConsPirancY: /m moob pk100x
[10/03/2007 22:13] GM ConsPirancY: /m moob pk100x
[10/03/2007 22:13] GM ConsPirancY: /m moob pk100x
[10/03/2007 22:13] GM ConsPirancY: /m moob pk100x
[10/03/2007 22:13] GM ConsPirancY: /m moob pk100x
[10/03/2007 22:13] GM ConsPirancY: /m moob pk100x
[10/03/2007 22:13] GM ConsPirancY: /m moob pk100x
[10/03/2007 22:13] GM ConsPirancY: /m moob pk100x
[10/03/2007 22:13] GM ConsPirancY: /m moob pk100x
[10/03/2007 22:13] GM ConsPirancY: /m moob pk100x
[10/03/2007 22:13] GM ConsPirancY: /m moob pk100x
[10/03/2007 22:13] GM ConsPirancY: /m moob pk100x
[10/03/2007 22:13] GM ConsPirancY: /m moob pk100x
[10/03/2007 22:13] GM ConsPirancY: /m moob pk100x
[10/03/2007 22:13] GM ConsPirancY: /invisible
[10/03/2007 22:13] GM ConsPirancY: /down
[10/03/2007 22:13] GM ConsPirancY: /c sir benni miles
[10/03/2007 22:13] GM ConsPirancY: /up
[10/03/2007 22:14] Tutor Hellfire: /B clean
[10/03/2007 22:14] Tutor Hellfire: /clean
[10/03/2007 22:14] Tutor Hellfire: /B 22:14 Clean completed. Collected 3646 items.
[10/03/2007 22:15] Tutor Hellfire: /t
[10/03/2007 22:19] Tutor Hellfire: !online
[10/03/2007 22:38] GM ConsPirancY: /c Baljong
[10/03/2007 22:39] GM ConsPirancY: /c Adagio
[10/03/2007 22:39] GM ConsPirancY: /down
[10/03/2007 22:39] GM ConsPirancY: /c Adagio
[10/03/2007 22:39] GM ConsPirancY: /up
[10/03/2007 22:46] GM Black Dragon: /i 2006 6
[10/03/2007 22:46] GM Black Dragon: /i 2006 6
[10/03/2007 22:46] GM Black Dragon: /i 2006 6
[10/03/2007 22:46] GM Black Dragon: /i 2006 6
[10/03/2007 22:46] GM Black Dragon: /i 2006 6
[10/03/2007 22:46] GM Black Dragon: /i 2006 6
[10/03/2007 22:46] GM Black Dragon: /i 2006 6
[10/03/2007 22:46] GM Black Dragon: /i 2006 6
[10/03/2007 22:46] GM Black Dragon: /i 2006 6
[10/03/2007 22:46] GM Black Dragon: /i 2006 6
[10/03/2007 22:46] GM Black Dragon: /i 2006 6
[10/03/2007 22:46] GM Black Dragon: /i 2006 6
[10/03/2007 22:46] GM Black Dragon: /i 2006 6
[10/03/2007 22:46] GM Black Dragon: /i 2006 6
[10/03/2007 22:47] GM Black Dragon: /i 2006 6
[10/03/2007 22:47] GM Black Dragon: /i 2006 6
[10/03/2007 22:47] GM Black Dragon: /i 2006 6
[10/03/2007 22:47] GM Black Dragon: /i 2006 6
[10/03/2007 22:47] GM Black Dragon: /i 2006 6
[10/03/2007 22:47] GM Black Dragon: /i 2006 6
[10/03/2007 22:47] GM Black Dragon: /i 2006 6
[10/03/2007 22:47] GM Black Dragon: /i 2006 6
[10/03/2007 22:47] GM Black Dragon: /i 2006 6
[10/03/2007 22:47] GM Black Dragon: /i 2006 6
[10/03/2007 22:47] GM Black Dragon: /i 2006 6
[10/03/2007 22:47] GM Black Dragon: /i 2006 6
[10/03/2007 22:47] GM Black Dragon: /i 2006 6
[10/03/2007 22:47] GM Black Dragon: /i 2006 6
[10/03/2007 22:47] GM Black Dragon: /i 2006 6
[10/03/2007 22:47] GM Black Dragon: /i 2006 6
[10/03/2007 22:47] GM Black Dragon: /i 2006 6
[10/03/2007 22:47] GM Black Dragon: /i 2006 6
[10/03/2007 22:47] GM Black Dragon: /i 2006 6
[10/03/2007 22:47] GM Black Dragon: /i 2006 6
[10/03/2007 22:47] GM Black Dragon: /i 2006 6
[10/03/2007 22:47] GM Black Dragon: /i 2006 6
[10/03/2007 22:47] GM Black Dragon: /i 2006 6
[10/03/2007 22:47] GM Black Dragon: /i 2006 6
[10/03/2007 22:47] GM Black Dragon: /i 2006 6
[10/03/2007 22:47] GM Black Dragon: /i 2006 6
[10/03/2007 22:47] GM Black Dragon: /i 2006 6
[10/03/2007 22:47] GM Black Dragon: /i 2006 6
[10/03/2007 22:47] GM Black Dragon: /i 2006 6
[10/03/2007 22:47] GM Black Dragon: /i 2006 6
[10/03/2007 22:47] GM Black Dragon: /i 2006 6
[10/03/2007 22:47] GM Black Dragon: /i 2006 6
[10/03/2007 22:47] GM Black Dragon: /i 2006 6
[10/03/2007 22:47] GM Black Dragon: /i 2006 6
[10/03/2007 22:47] GM Black Dragon: /i 2006 6
[10/03/2007 22:47] GM Black Dragon: /i 2006 6
[10/03/2007 22:47] GM Black Dragon: /i 2006 6
[10/03/2007 22:47] GM Black Dragon: /i 2006 6
[10/03/2007 22:47] GM Black Dragon: /i 2006 6
[10/03/2007 22:47] GM Black Dragon: /i 2006 6
[10/03/2007 22:47] GM Black Dragon: /i 2006 6
[10/03/2007 22:47] GM Black Dragon: /i 2006 6
[10/03/2007 22:47] GM Black Dragon: /i 2006 6
[10/03/2007 22:47] GM Black Dragon: /i 2006 6
[10/03/2007 22:47] GM Black Dragon: /i 2006 6
[10/03/2007 22:47] GM Black Dragon: /i 2006 6
[10/03/2007 22:50] GM Black Dragon: /i 1998 1
[10/03/2007 22:50] GM Black Dragon: /i 2006 6
[10/03/2007 22:51] GM Black Dragon: /i 2006 6
[10/03/2007 22:51] GM Black Dragon: /i 2006 6
[10/03/2007 22:51] GM Black Dragon: /i 2006 6
[10/03/2007 22:51] GM Black Dragon: /i 2006 6
[10/03/2007 22:51] GM Black Dragon: /i 2006 6
[10/03/2007 22:51] GM Black Dragon: /i 2006 6
[10/03/2007 22:51] GM Black Dragon: /i 2006 6
[10/03/2007 22:51] GM Black Dragon: /i 2006 6
[10/03/2007 22:51] GM Black Dragon: /i 2006 6
[10/03/2007 22:51] GM Black Dragon: /i 2006 6
[10/03/2007 22:51] GM Black Dragon: /i 2006 6
[10/03/2007 22:51] GM Black Dragon: /i 2006 6
[10/03/2007 22:51] GM Black Dragon: /i 2006 6
[10/03/2007 22:51] GM Black Dragon: /i 2006 6
[10/03/2007 22:51] GM Black Dragon: /i 2006 6
[10/03/2007 22:51] GM Black Dragon: /i 2006 6
[10/03/2007 22:51] GM Black Dragon: /i 2006 6
[10/03/2007 22:52] GM Black Dragon: /invisible
[10/03/2007 22:58] GM Black Dragon: /kick Hirschi
[10/03/2007 23:41] GM Black Dragon: /invisible
[10/03/2007 23:44] GM ConsPirancY: /c Adagio
[10/03/2007 23:44] GM ConsPirancY: /m moob pk100x
[10/03/2007 23:44] GM ConsPirancY: /m moob pk100x
[10/03/2007 23:44] GM ConsPirancY: /m moob pk100x
[10/03/2007 23:44] GM ConsPirancY: /m moob pk100x
[10/03/2007 23:44] GM ConsPirancY: /m moob pk100x
[10/03/2007 23:44] GM ConsPirancY: /m moob pk100x
[10/03/2007 23:44] GM ConsPirancY: /m moob pk100x
[10/03/2007 23:44] GM ConsPirancY: /m moob pk100x
[10/03/2007 23:44] GM ConsPirancY: /m moob pk100x
[10/03/2007 23:44] GM ConsPirancY: /m moob pk100x
[10/03/2007 23:44] GM ConsPirancY: /m moob pk100x
[10/03/2007 23:44] GM ConsPirancY: /m moob pk100x
[10/03/2007 23:44] GM ConsPirancY: /m moob pk100x
[10/03/2007 23:44] GM ConsPirancY: /m moob pk100x
[10/03/2007 23:45] GM ConsPirancY: /m moob pk100x
[10/03/2007 23:45] GM ConsPirancY: /m moob pk100x
[10/03/2007 23:45] GM ConsPirancY: /m moob pk100x
[10/03/2007 23:45] GM ConsPirancY: /m moob pk100x
[10/03/2007 23:45] GM ConsPirancY: /m moob pk100x
[10/03/2007 23:45] GM ConsPirancY: /m moob pk100x
[10/03/2007 23:45] GM ConsPirancY: /m moob pk100x
[10/03/2007 23:45] GM ConsPirancY: /m moob pk100x
[10/03/2007 23:45] GM ConsPirancY: /m moob pk100x
[10/03/2007 23:45] GM ConsPirancY: /m moob pk100x
[10/03/2007 23:45] GM ConsPirancY: /m moob pk100x
[10/03/2007 23:45] GM ConsPirancY: /m moob pk100x
[10/03/2007 23:45] GM ConsPirancY: /m moob pk100x
[10/03/2007 23:45] GM ConsPirancY: /m moob pk100x
[10/03/2007 23:45] GM ConsPirancY: /m moob pk100x
[10/03/2007 23:45] GM ConsPirancY: /m moob pk100x
[10/03/2007 23:45] GM ConsPirancY: /m moob pk100x
[10/03/2007 23:45] GM ConsPirancY: /m moob pk100x
[10/03/2007 23:45] GM ConsPirancY: /m moob pk100x
[10/03/2007 23:45] GM ConsPirancY: /m moob pk100x
[10/03/2007 23:45] GM ConsPirancY: /m moob pk100x
[10/03/2007 23:45] GM ConsPirancY: /m moob pk100x
[10/03/2007 23:45] GM ConsPirancY: /m moob pk100x
[10/03/2007 23:45] GM ConsPirancY: /m moob pk100x
[10/03/2007 23:45] GM ConsPirancY: /m moob pk100x
[10/03/2007 23:45] GM ConsPirancY: /m moob pk100x
[10/03/2007 23:45] GM ConsPirancY: /m moob pk100x
[10/03/2007 23:45] GM ConsPirancY: /m moob pk100x
[10/03/2007 23:45] GM ConsPirancY: /m moob pk100x
[10/03/2007 23:45] GM ConsPirancY: /m moob pk100x
[10/03/2007 23:45] GM ConsPirancY: /m moob pk100x
[10/03/2007 23:45] GM ConsPirancY: /m moob pk100x
[10/03/2007 23:45] GM ConsPirancY: /m moob pk100x
[10/03/2007 23:45] GM ConsPirancY: /m moob pk100x
[10/03/2007 23:45] GM ConsPirancY: /m moob pk100x
[10/03/2007 23:45] GM ConsPirancY: /m moob pk100x
[10/03/2007 23:45] GM ConsPirancY: /m moob pk100x
[10/03/2007 23:45] GM ConsPirancY: /m moob pk100x
[10/03/2007 23:45] GM ConsPirancY: /m moob pk100x
[10/03/2007 23:45] GM ConsPirancY: /m moob pk100x
[10/03/2007 23:45] GM ConsPirancY: /m moob pk100x
[10/03/2007 23:45] GM ConsPirancY: /m moob pk100x
[10/03/2007 23:45] GM ConsPirancY: /m moob pk100x
[10/03/2007 23:45] GM ConsPirancY: /m moob pk100x
[10/03/2007 23:45] GM ConsPirancY: /m moob pk100x
[10/03/2007 23:45] GM ConsPirancY: /m moob pk100x
[10/03/2007 23:45] GM ConsPirancY: /m moob pk100x
[10/03/2007 23:45] GM ConsPirancY: /m moob pk100x
[10/03/2007 23:45] GM ConsPirancY: /m moob pk100x
[10/03/2007 23:45] GM ConsPirancY: /m moob pk100x
[10/03/2007 23:45] GM ConsPirancY: /m moob pk100x
[10/03/2007 23:45] GM ConsPirancY: /m moob pk100x
[10/03/2007 23:45] GM ConsPirancY: /m moob pk100x
[10/03/2007 23:45] GM ConsPirancY: /m moob pk100x
[10/03/2007 23:45] GM ConsPirancY: /m moob pk100x
[10/03/2007 23:45] GM ConsPirancY: /m moob pk100x
[10/03/2007 23:45] GM ConsPirancY: /m moob pk100x
[10/03/2007 23:45] GM ConsPirancY: /m moob pk100x
[10/03/2007 23:45] GM ConsPirancY: /m moob pk100x
[10/03/2007 23:45] GM ConsPirancY: /m moob pk100x
[10/03/2007 23:45] GM ConsPirancY: /m moob pk100x
[10/03/2007 23:45] GM ConsPirancY: /m moob pk100x
[10/03/2007 23:45] GM ConsPirancY: /m moob pk100x
[10/03/2007 23:45] GM ConsPirancY: /m moob pk100x
[10/03/2007 23:45] GM ConsPirancY: /m moob pk100x
[10/03/2007 23:45] GM ConsPirancY: /m moob pk100x
[10/03/2007 23:45] GM ConsPirancY: /m moob pk100x
[10/03/2007 23:45] GM ConsPirancY: /m moob pk100x
[10/03/2007 23:45] GM ConsPirancY: /m moob pk100x
[10/03/2007 23:45] GM ConsPirancY: /m moob pk100x
[10/03/2007 23:45] GM ConsPirancY: /m moob pk100x
[10/03/2007 23:45] GM ConsPirancY: /m moob pk100x
[10/03/2007 23:45] GM ConsPirancY: /m moob pk100x
[10/03/2007 23:45] GM ConsPirancY: /m moob pk100x
[10/03/2007 23:45] GM ConsPirancY: /m moob pk100x
[10/03/2007 23:45] GM ConsPirancY: /m moob pk100x
[10/03/2007 23:45] GM ConsPirancY: /m moob pk100x
[10/03/2007 23:45] GM ConsPirancY: /m moob pk100x
[10/03/2007 23:45] GM ConsPirancY: /m moob pk100x
[10/03/2007 23:45] GM ConsPirancY: /m moob pk100x
[10/03/2007 23:45] GM ConsPirancY: /m moob pk100x
[10/03/2007 23:45] GM ConsPirancY: /m moob pk100x
[10/03/2007 23:45] GM ConsPirancY: /m moob pk100x
[10/03/2007 23:45] GM ConsPirancY: /m moob pk100x
[10/03/2007 23:45] GM ConsPirancY: /m moob pk100x
[10/03/2007 23:45] GM ConsPirancY: /m moob pk100x
[10/03/2007 23:45] GM ConsPirancY: /m moob pk100x
[10/03/2007 23:45] GM ConsPirancY: /m moob pk100x
[10/03/2007 23:45] GM ConsPirancY: /m moob pk100x
[10/03/2007 23:45] GM ConsPirancY: /m moob pk100x
[10/03/2007 23:45] GM ConsPirancY: /m moob pk100x
[10/03/2007 23:45] GM Black Dragon: /m Hell Lord
[10/03/2007 23:45] GM ConsPirancY: /invisible
[10/03/2007 23:45] GM ConsPirancY: /down
[10/03/2007 23:45] GM ConsPirancY: /c Adagio
[10/03/2007 23:45] GM ConsPirancY: /up
[10/03/2007 23:49] Counsellor Mino: /getonline
[10/03/2007 23:54] GM ConsPirancY: /i 2153 1
[10/03/2007 23:54] GM ConsPirancY: /invisible
[10/03/2007 23:54] Counsellor Mino: !online
[10/03/2007 23:54] GM ConsPirancY: /goto GM Black dragon
[10/03/2007 23:55] Counsellor Mino: !online
[10/03/2007 23:55] GM Black Dragon: /invisible
[10/03/2007 23:55] GM ConsPirancY: /goto pyza
[10/03/2007 23:55] GM ConsPirancY: /goto pyza 
[10/03/2007 23:55] GM ConsPirancY: /invisible
[10/03/2007 23:56] GM ConsPirancY: /c Pyza 
[10/03/2007 23:56] GM ConsPirancY: /invisible
[10/03/2007 23:56] Counsellor Mino: !online
[10/03/2007 23:56] GM ConsPirancY: /invisible
[10/03/2007 23:56] GM ConsPirancY: /invisible
[10/03/2007 23:57] Counsellor Mino: !online
[10/03/2007 23:58] GM ConsPirancY: /m Fallen angel
[10/03/2007 23:59] GM Black Dragon: /goto GM ConsPirancY
[10/03/2007 23:59] GM Black Dragon: /goto GM ConsPirancY
[10/03/2007 23:59] GM Black Dragon: /goto GM ConsPirancY
[11/03/2007 00:00] GM Black Dragon: /invisible
[11/03/2007 00:00] GM Skinner: /B tobi?
[11/03/2007 00:01] Counsellor Mino: !online
[11/03/2007 00:01] GM Skinner: /c H The Dragon
[11/03/2007 00:02] GM ConsPirancY: /invisible
[11/03/2007 00:03] GM ConsPirancY: /a 2
[11/03/2007 00:04] GM ConsPirancY: /goto 129 49 3
[11/03/2007 00:04] GM ConsPirancY: /goto mc donald
[11/03/2007 00:04] GM ConsPirancY: /down
[11/03/2007 00:04] GM ConsPirancY: /goto 66 266 7
[11/03/2007 00:04] GM Skinner: /goto Obi
[11/03/2007 00:05] GM ConsPirancY: /i 2293 1
[11/03/2007 00:05] GM Skinner: /c Obi
[11/03/2007 00:05] GM Skinner: /m moob pk100x
[11/03/2007 00:05] GM Skinner: /m moob pk100x
[11/03/2007 00:05] GM Skinner: /m moob pk100x
[11/03/2007 00:05] GM Skinner: /m moob pk100x
[11/03/2007 00:05] GM Skinner: /m moob pk100x
[11/03/2007 00:05] GM Skinner: /m moob pk100x
[11/03/2007 00:05] GM Skinner: /m moob pk100x
[11/03/2007 00:05] GM Skinner: /m moob pk100x
[11/03/2007 00:05] GM Skinner: /m moob pk100x
[11/03/2007 00:05] GM Skinner: /m moob pk100x
[11/03/2007 00:05] GM Skinner: /m moob pk100x
[11/03/2007 00:05] GM Skinner: /m moob pk100x
[11/03/2007 00:05] GM Skinner: /m moob pk100x
[11/03/2007 00:05] GM Skinner: /m moob pk100x
[11/03/2007 00:05] GM Skinner: /m moob pk100x
[11/03/2007 00:05] GM Skinner: /m moob pk100x
[11/03/2007 00:05] GM Skinner: /m moob pk100x
[11/03/2007 00:05] GM Skinner: /m moob pk100x
[11/03/2007 00:05] GM Skinner: /m moob pk100x
[11/03/2007 00:06] GM Skinner: /m moob pk100x
[11/03/2007 00:06] GM Skinner: /m moob pk100x
[11/03/2007 00:06] GM Skinner: /m moob pk100x
[11/03/2007 00:06] GM Skinner: /m moob pk100x
[11/03/2007 00:06] GM Skinner: /m moob pk100x
[11/03/2007 00:06] GM Skinner: /m moob pk100x
[11/03/2007 00:06] GM Skinner: /m moob pk100x
[11/03/2007 00:06] GM Skinner: /m moob pk100x
[11/03/2007 00:06] GM Skinner: /m moob pk100x
[11/03/2007 00:06] GM Skinner: /m moob pk100x
[11/03/2007 00:06] GM Skinner: /m moob pk100x
[11/03/2007 00:06] GM Skinner: /m moob pk100x
[11/03/2007 00:06] GM Skinner: /m moob pk100x
[11/03/2007 00:06] GM Skinner: /m moob pk100x
[11/03/2007 00:06] GM Skinner: /m moob pk100x
[11/03/2007 00:06] GM Skinner: /m moob pk100x
[11/03/2007 00:06] GM Skinner: /m moob pk100x
[11/03/2007 00:06] GM Skinner: /m moob pk100x
[11/03/2007 00:06] GM Skinner: /m moob pk100x
[11/03/2007 00:06] GM Skinner: /m moob pk100x
[11/03/2007 00:06] GM Skinner: /m moob pk100x
[11/03/2007 00:06] GM Skinner: /m moob pk100x
[11/03/2007 00:06] GM Skinner: /m moob pk100x
[11/03/2007 00:06] GM Skinner: /m moob pk100x
[11/03/2007 00:06] GM Skinner: /m moob pk100x
[11/03/2007 00:06] GM Skinner: /m moob pk100x
[11/03/2007 00:06] GM Skinner: /m moob pk100x
[11/03/2007 00:06] GM Skinner: /m moob pk100x
[11/03/2007 00:06] GM Skinner: /m moob pk100x
[11/03/2007 00:06] GM Skinner: /m moob pk100x
[11/03/2007 00:06] GM Skinner: /m moob pk100x
[11/03/2007 00:06] GM Skinner: /m moob pk100x
[11/03/2007 00:06] GM Skinner: /m moob pk100x
[11/03/2007 00:06] GM Skinner: /m moob pk100x
[11/03/2007 00:06] GM Skinner: /m moob pk100x
[11/03/2007 00:06] GM Skinner: /m moob pk100x
[11/03/2007 00:06] GM Skinner: /m moob pk100x
[11/03/2007 00:06] GM Skinner: /m moob pk100x
[11/03/2007 00:06] GM Skinner: /m moob pk100x
[11/03/2007 00:06] GM Skinner: /m moob pk100x
[11/03/2007 00:06] GM Skinner: /m moob pk100x
[11/03/2007 00:06] GM Skinner: /m moob pk100x
[11/03/2007 00:06] GM Skinner: /m moob pk100x
[11/03/2007 00:06] GM Skinner: /m moob pk100x
[11/03/2007 00:06] GM Skinner: /m moob pk100x
[11/03/2007 00:06] GM Skinner: /m moob pk100x
[11/03/2007 00:06] GM Skinner: /m moob pk100x
[11/03/2007 00:06] GM Skinner: /m moob pk100x
[11/03/2007 00:06] GM Skinner: /m moob pk100x
[11/03/2007 00:06] GM Skinner: /m moob pk100x
[11/03/2007 00:06] GM Skinner: /m moob pk100x
[11/03/2007 00:06] GM Skinner: /m moob pk100x
[11/03/2007 00:06] GM Skinner: /m moob pk100x
[11/03/2007 00:06] GM Skinner: /m moob pk100x
[11/03/2007 00:06] GM Skinner: /m moob pk100x
[11/03/2007 00:06] GM Skinner: /m moob pk100x
[11/03/2007 00:06] GM Skinner: /m moob pk100x
[11/03/2007 00:06] GM Skinner: /m moob pk100x
[11/03/2007 00:06] GM Skinner: /m moob pk100x
[11/03/2007 00:06] GM Skinner: /m moob pk100x
[11/03/2007 00:06] GM Skinner: /m moob pk100x
[11/03/2007 00:06] GM Skinner: /m moob pk100x
[11/03/2007 00:06] GM Skinner: /m moob pk100x
[11/03/2007 00:06] GM Skinner: /m moob pk100x
[11/03/2007 00:06] GM Skinner: /m moob pk100x
[11/03/2007 00:06] GM Skinner: /m moob pk100x
[11/03/2007 00:06] GM Skinner: /m moob pk100x
[11/03/2007 00:06] GM Skinner: /m moob pk100x
[11/03/2007 00:06] GM Skinner: /m moob pk100x
[11/03/2007 00:06] GM Skinner: /m moob pk100x
[11/03/2007 00:06] GM Skinner: /m moob pk100x
[11/03/2007 00:06] GM Skinner: /m moob pk100x
[11/03/2007 00:06] GM Skinner: /m moob pk100x
[11/03/2007 00:06] GM Black Dragon: /invisible
[11/03/2007 00:06] GM Skinner: /m moob pk100x
[11/03/2007 00:06] GM Skinner: /m moob pk100x
[11/03/2007 00:06] GM Skinner: /m moob pk100x
[11/03/2007 00:06] GM Skinner: /m moob pk100x
[11/03/2007 00:06] GM Skinner: /m moob pk100x
[11/03/2007 00:06] GM Skinner: /m moob pk100x
[11/03/2007 00:06] GM Skinner: /m moob pk100x
[11/03/2007 00:06] GM Skinner: /m moob pk100x
[11/03/2007 00:06] GM Skinner: /m moob pk100x
[11/03/2007 00:06] GM Skinner: /m moob pk100x
[11/03/2007 00:06] GM Skinner: /m moob pk100x
[11/03/2007 00:06] GM Skinner: /m moob pk100x
[11/03/2007 00:06] GM Skinner: /m moob pk100x
[11/03/2007 00:06] GM Skinner: /m moob pk100x
[11/03/2007 00:06] GM Skinner: /m moob pk100x
[11/03/2007 00:06] GM Skinner: /m moob pk100x
[11/03/2007 00:06] GM Skinner: /m moob pk100x
[11/03/2007 00:06] GM Black Dragon: /goto GM ConsPirancY
[11/03/2007 00:06] GM Skinner: /m moob pk100x
[11/03/2007 00:06] GM Skinner: /m moob pk100x
[11/03/2007 00:06] GM Skinner: /m moob pk100x
[11/03/2007 00:06] GM Skinner: /m moob pk100x
[11/03/2007 00:06] GM Skinner: /m moob pk100x
[11/03/2007 00:06] GM Skinner: /m moob pk100x
[11/03/2007 00:06] GM Skinner: /m moob pk100x
[11/03/2007 00:06] GM Skinner: /m moob pk100x
[11/03/2007 00:06] GM Skinner: /m moob pk100x
[11/03/2007 00:06] GM Skinner: /m moob pk100x
[11/03/2007 00:06] GM Skinner: /m moob pk100x
[11/03/2007 00:06] GM Skinner: /m moob pk100x
[11/03/2007 00:06] GM Skinner: /m moob pk100x
[11/03/2007 00:06] GM Skinner: /m moob pk100x
[11/03/2007 00:06] GM Skinner: /m moob pk100x
[11/03/2007 00:06] GM Skinner: /m moob pk100x
[11/03/2007 00:06] GM Skinner: /m moob pk100x
[11/03/2007 00:06] GM Skinner: /m moob pk100x
[11/03/2007 00:06] GM Skinner: /m moob pk100x
[11/03/2007 00:06] GM Skinner: /m moob pk100x
[11/03/2007 00:07] GM Skinner: /m moob pk100x
[11/03/2007 00:07] GM Skinner: /m moob pk100x
[11/03/2007 00:07] GM Skinner: /m moob pk100x
[11/03/2007 00:07] GM Skinner: /m moob pk100x
[11/03/2007 00:07] GM Skinner: /m moob pk100x
[11/03/2007 00:07] GM Skinner: /m moob pk100x
[11/03/2007 00:07] GM Skinner: /m moob pk100x
[11/03/2007 00:07] GM Skinner: /m moob pk100x
[11/03/2007 00:07] GM Skinner: /m moob pk100x
[11/03/2007 00:07] GM Skinner: /m moob pk100x
[11/03/2007 00:07] GM Skinner: /m moob pk100x
[11/03/2007 00:07] GM Skinner: /m moob pk100x
[11/03/2007 00:07] GM Skinner: /m moob pk100x
[11/03/2007 00:07] GM Skinner: /m moob pk100x
[11/03/2007 00:07] GM Skinner: /m moob pk100x
[11/03/2007 00:07] GM Skinner: /m moob pk100x
[11/03/2007 00:07] GM Skinner: /m moob pk100x
[11/03/2007 00:07] GM Skinner: /m moob pk100x
[11/03/2007 00:07] GM Skinner: /m moob pk100x
[11/03/2007 00:07] GM Skinner: /m moob pk100x
[11/03/2007 00:07] GM Skinner: /m moob pk100x
[11/03/2007 00:07] GM Skinner: /m moob pk100x
[11/03/2007 00:07] GM Skinner: /m moob pk100x
[11/03/2007 00:07] GM Skinner: /m moob pk100x
[11/03/2007 00:07] GM Skinner: /m moob pk100x
[11/03/2007 00:07] GM Skinner: /m moob pk100x
[11/03/2007 00:07] GM Skinner: /m moob pk100x
[11/03/2007 00:07] GM Skinner: /m moob pk100x
[11/03/2007 00:07] GM Skinner: /m moob pk100x
[11/03/2007 00:07] GM Skinner: /m moob pk100x
[11/03/2007 00:07] GM Skinner: /m moob pk100x
[11/03/2007 00:07] GM Skinner: /m moob pk100x
[11/03/2007 00:07] GM Skinner: /m moob pk100x
[11/03/2007 00:07] GM Skinner: /m moob pk100x
[11/03/2007 00:07] GM Skinner: /m moob pk100x
[11/03/2007 00:07] GM Skinner: /m moob pk100x
[11/03/2007 00:07] GM Skinner: /m moob pk100x
[11/03/2007 00:07] GM Skinner: /m moob pk100x
[11/03/2007 00:07] GM Skinner: /m moob pk100x
[11/03/2007 00:07] GM Skinner: /m moob pk100x
[11/03/2007 00:07] GM ConsPirancY: /goto 129 49 3
[11/03/2007 00:08] GM Skinner: /t
[11/03/2007 00:08] GM Black Dragon: /up
[11/03/2007 00:08] GM Skinner: /c Obi
[11/03/2007 00:08] GM Skinner: /kick Obi
[11/03/2007 00:08] GM ConsPirancY: /goto gm skinner
[11/03/2007 00:08] GM ConsPirancY: /down
[11/03/2007 00:08] GM ConsPirancY: /down
[11/03/2007 00:08] GM ConsPirancY: /down
[11/03/2007 00:08] GM ConsPirancY: /down
[11/03/2007 00:08] GM ConsPirancY: /a 2
[11/03/2007 00:08] GM Black Dragon: /down
[11/03/2007 00:10] GM Black Dragon: /invisible
[11/03/2007 00:10] GM Black Dragon: /invisible
[11/03/2007 00:10] GM Black Dragon: /goto Hirschi
[11/03/2007 00:11] GM Black Dragon: /m moob pk100x
[11/03/2007 00:12] GM Black Dragon: /invisible
[11/03/2007 00:15] Counsellor Mino: /invisible
[11/03/2007 00:16] Counsellor Mino: /t
[11/03/2007 00:17] Counsellor Mino: /invisible
[11/03/2007 00:23] GM ConsPirancY: /invisible
[11/03/2007 00:23] GM ConsPirancY: /goto 129 49 3
[11/03/2007 00:24] GM ConsPirancY: /t
[11/03/2007 00:24] GM ConsPirancY: /c The Razor
[11/03/2007 00:24] GM ConsPirancY: /goto baljong
[11/03/2007 00:26] Counsellor Mino: /t
[11/03/2007 00:26] Counsellor Mino: !online
[11/03/2007 00:27] GM ConsPirancY: /c Baljong
[11/03/2007 00:27] Counsellor Mino: /c No Risk No Fun
[11/03/2007 00:29] GM ConsPirancY: /up
[11/03/2007 00:29] GM ConsPirancY: /up
[11/03/2007 00:29] GM ConsPirancY: /up
[11/03/2007 00:29] GM ConsPirancY: /up
[11/03/2007 00:30] GM ConsPirancY: /c Baljong
[11/03/2007 00:35] Counsellor Mino: /getonline
[11/03/2007 00:40] Counsellor Mino: /getonline
[11/03/2007 00:42] Counsellor Mino: /getonline
[11/03/2007 00:49] GM ConsPirancY: /i 594 270 3
[11/03/2007 00:49] Counsellor Mino: /invisible
[11/03/2007 00:49] GM ConsPirancY: /a 1
[11/03/2007 00:49] GM ConsPirancY: /i 3139 1
[11/03/2007 00:49] GM ConsPirancY: /goto 594 270 3
[11/03/2007 00:49] GM ConsPirancY: /goto 594 270 3
[11/03/2007 00:50] GM ConsPirancY: /goto adagio
[11/03/2007 00:50] GM ConsPirancY: /a 1
[11/03/2007 00:50] GM ConsPirancY: /a 1
[11/03/2007 00:50] GM ConsPirancY: /goto 594 270 3
[11/03/2007 01:00] GM ConsPirancY: /goto Pyza 
[11/03/2007 01:01] GM ConsPirancY: /goto 594 270 3
[11/03/2007 01:03] Counsellor Mino: /t
[11/03/2007 01:04] Counsellor Mino: /getonline
[11/03/2007 01:04] GM ConsPirancY: /invisible
[11/03/2007 01:04] GM ConsPirancY: /invisible
[11/03/2007 01:04] GM ConsPirancY: /invisible
[11/03/2007 01:04] GM ConsPirancY: /t
[11/03/2007 01:05] Counsellor Mino: /t
[11/03/2007 01:12] GM ConsPirancY: /i 2691 100
[11/03/2007 01:18] GM ConsPirancY: /goto 594 270 3
[11/03/2007 01:18] GM ConsPirancY: /goto 129 49 3
[11/03/2007 01:18] GM ConsPirancY: /invisible
[11/03/2007 01:18] GM ConsPirancY: /invisible
[11/03/2007 01:18] GM ConsPirancY: /down
[11/03/2007 01:20] GM ConsPirancY: /goto 594 270 3
[11/03/2007 01:21] GM ConsPirancY: /i 2267 100
[11/03/2007 01:23] GM ConsPirancY: /c Baljong
[11/03/2007 01:23] GM ConsPirancY: /c Baljong
[11/03/2007 01:23] GM ConsPirancY: /c Baljong
[11/03/2007 01:23] GM ConsPirancY: /c Baljong
[11/03/2007 01:23] GM ConsPirancY: /c Baljong
[11/03/2007 01:23] GM ConsPirancY: /goto 129 49 3
[11/03/2007 01:27] blub: /goto tutor queen
[11/03/2007 01:29] blub: !online
[11/03/2007 01:35] Tutor Queen: /clean
[11/03/2007 01:45] blub: !online
[11/03/2007 01:45] blub: /goto Shadow Shinobi
[11/03/2007 01:47] blub: /t
[11/03/2007 01:47] blub: !online
[11/03/2007 01:47] blub: /goto {Police}snooz
[11/03/2007 01:54] blub: /goto {police}snooz
[11/03/2007 01:55] blub: /goto {police}snooz
[11/03/2007 01:55] blub: /goto {police}snooz
[11/03/2007 01:55] blub: /goto {police}snooz
[11/03/2007 01:55] blub: /a 1
[11/03/2007 01:59] Counsellor Mino: /getonline
[11/03/2007 02:05] blub: /goto tutor queen
[11/03/2007 02:06] blub: /c {Police}SnOOz
[11/03/2007 02:36] Tutor Freezer: /B Hi all
[11/03/2007 02:38] Tutor Freezer: !online
[11/03/2007 03:06] Counsellor Mino: /invisible
[11/03/2007 03:17] Tutor Queen: !online
[11/03/2007 03:18] blub: /up
[11/03/2007 03:18] blub: /up
[11/03/2007 03:18] blub: /up
[11/03/2007 03:18] blub: /up
[11/03/2007 03:18] blub: /c tutor queen
[11/03/2007 03:23] Counsellor Mino: /t
[11/03/2007 03:23] blub: /down
[11/03/2007 03:23] blub: /down
[11/03/2007 03:23] blub: /down
[11/03/2007 03:23] blub: /down
[11/03/2007 03:23] blub: /c Tutor Queen
[11/03/2007 03:25] Counsellor Mino: /B all take care about the undead in old city
[11/03/2007 03:25] Counsellor Mino: /B 1 min and dragon lord will atk old city take care all
[11/03/2007 03:31] Counsellor Mino: /getonline
[11/03/2007 03:33] Tutor Queen: /clean
[11/03/2007 03:35] blub: /goto Kapittan
[11/03/2007 03:37] Counsellor Mino: /getonline
[11/03/2007 03:37] Counsellor Mino: /getonline
[11/03/2007 04:02] Tutor Queen: /clean
[11/03/2007 04:59] Sandiak: /invisible
[11/03/2007 04:59] Sandiak: !online
[11/03/2007 04:59] Sandiak: /goto h the dragon
[11/03/2007 05:00] Sandiak: /goto h the dragon
[11/03/2007 05:02] Sandiak: /goto fallen angel
[11/03/2007 05:02] Sandiak: /goto diablo
[11/03/2007 05:03] Sandiak: /down
[11/03/2007 05:03] Sandiak: /up
[11/03/2007 05:03] Sandiak: /c shadow shinobi
[11/03/2007 05:03] Sandiak: /m moob pk100x
[11/03/2007 05:03] Sandiak: /m moob pk100x
[11/03/2007 05:03] Sandiak: /m moob pk100x
[11/03/2007 05:03] Sandiak: /m moob pk100x
[11/03/2007 05:03] Sandiak: /m moob pk100x
[11/03/2007 05:03] Sandiak: /m moob pk100x
[11/03/2007 05:03] Sandiak: /m moob pk100x
[11/03/2007 05:03] Sandiak: /m moob pk100x
[11/03/2007 05:03] Sandiak: /m moob pk100x
[11/03/2007 05:03] Sandiak: /m moob pk100x
[11/03/2007 05:03] Sandiak: /m moob pk100x
[11/03/2007 05:03] Sandiak: /m moob pk100x
[11/03/2007 05:03] Sandiak: /m moob pk100x
[11/03/2007 05:03] Sandiak: /m moob pk100x
[11/03/2007 05:03] Sandiak: /m moob pk100x
[11/03/2007 05:03] Sandiak: /m moob pk100x
[11/03/2007 05:03] Sandiak: /m moob pk100x
[11/03/2007 05:03] Sandiak: /m moob pk100x
[11/03/2007 05:03] Sandiak: /m moob pk100x
[11/03/2007 05:03] Sandiak: /m moob pk100x
[11/03/2007 05:03] Sandiak: /m moob pk100x
[11/03/2007 05:03] Sandiak: /m moob pk100x
[11/03/2007 05:03] Sandiak: /m moob pk100x
[11/03/2007 05:03] Sandiak: /m moob pk100x
[11/03/2007 05:03] Sandiak: /m moob pk100x
[11/03/2007 05:03] Sandiak: /m moob pk100x
[11/03/2007 05:03] Sandiak: /m moob pk100x
[11/03/2007 05:03] Sandiak: /m moob pk100x
[11/03/2007 05:03] Sandiak: /m moob pk100x
[11/03/2007 05:03] Sandiak: /m moob pk100x
[11/03/2007 05:03] Sandiak: /m moob pk100x
[11/03/2007 05:03] Sandiak: /m moob pk100x
[11/03/2007 05:03] Sandiak: /m moob pk100x
[11/03/2007 05:03] Sandiak: /m moob pk100x
[11/03/2007 05:03] Sandiak: /m moob pk100x
[11/03/2007 05:03] Sandiak: /m moob pk100x
[11/03/2007 05:03] Sandiak: /m moob pk100x
[11/03/2007 05:03] Sandiak: /m moob pk100x
[11/03/2007 05:03] Sandiak: /m moob pk100x
[11/03/2007 05:03] Sandiak: /m moob pk100x
[11/03/2007 05:03] Sandiak: /m moob pk100x
[11/03/2007 05:03] Sandiak: /m moob pk100x
[11/03/2007 05:03] Sandiak: /m moob pk100x
[11/03/2007 05:03] Sandiak: /m moob pk100x
[11/03/2007 05:03] Sandiak: /down
[11/03/2007 05:03] Sandiak: /down
[11/03/2007 05:03] Sandiak: /down
[11/03/2007 05:03] Sandiak: /down
[11/03/2007 05:03] Sandiak: /a 10
[11/03/2007 05:03] Sandiak: /a 10
[11/03/2007 05:03] Sandiak: /a 10
[11/03/2007 05:03] Sandiak: /a 10
[11/03/2007 05:03] Sandiak: /a 10
[11/03/2007 05:03] Sandiak: /a 10
[11/03/2007 05:03] Sandiak: /a 10
[11/03/2007 05:03] Sandiak: /a 10
[11/03/2007 05:03] Sandiak: /a 10
[11/03/2007 05:03] Sandiak: /a 10
[11/03/2007 05:03] Sandiak: /a 10
[11/03/2007 05:03] Sandiak: /a 10
[11/03/2007 05:03] Sandiak: /a 10
[11/03/2007 05:04] Sandiak: /a 10
[11/03/2007 05:04] Sandiak: /a 10
[11/03/2007 05:04] Sandiak: /a 10
[11/03/2007 05:04] Sandiak: /a 10
[11/03/2007 05:04] Sandiak: /a 10
[11/03/2007 05:04] Sandiak: /a 10
[11/03/2007 05:04] Sandiak: /a 10
[11/03/2007 05:04] Sandiak: /a 10
[11/03/2007 05:04] Sandiak: /a 4
[11/03/2007 05:07] Sandiak: /goto torben drake
[11/03/2007 05:13] Sandiak: !online
[11/03/2007 05:21] Sandiak: !online
[11/03/2007 05:23] Sandiak: /goto shadow shinobi
[11/03/2007 05:23] Sandiak: /m moob pk100x
[11/03/2007 05:23] Sandiak: /m moob pk100x
[11/03/2007 05:23] Sandiak: /m moob pk100x
[11/03/2007 05:23] Sandiak: /m moob pk100x
[11/03/2007 05:23] Sandiak: /m moob pk100x
[11/03/2007 05:23] Sandiak: /m moob pk100x
[11/03/2007 05:23] Sandiak: /m moob pk100x
[11/03/2007 05:23] Sandiak: /m moob pk100x
[11/03/2007 05:23] Sandiak: /m moob pk100x
[11/03/2007 05:23] Sandiak: /m moob pk100x
[11/03/2007 05:23] Sandiak: /m moob pk100x
[11/03/2007 05:23] Sandiak: /m moob pk100x
[11/03/2007 05:23] Sandiak: /m moob pk100x
[11/03/2007 05:23] Sandiak: /m moob pk100x
[11/03/2007 05:23] Sandiak: /m moob pk100x
[11/03/2007 05:23] Sandiak: /m moob pk100x
[11/03/2007 05:23] Sandiak: /m moob pk100x
[11/03/2007 05:23] Sandiak: /m moob pk100x
[11/03/2007 05:23] Sandiak: /m moob pk100x
[11/03/2007 05:23] Sandiak: /m moob pk100x
[11/03/2007 05:23] Sandiak: /m moob pk100x
[11/03/2007 05:23] Sandiak: /m moob pk100x
[11/03/2007 05:24] Sandiak: /m moob pk100x
[11/03/2007 05:24] Sandiak: /m moob pk100x
[11/03/2007 05:24] Sandiak: /m moob pk100x
[11/03/2007 05:24] Sandiak: /m moob pk100x
[11/03/2007 05:24] Sandiak: /m moob pk100x
[11/03/2007 05:24] Sandiak: /m moob pk100x
[11/03/2007 05:24] Sandiak: /m moob pk100x
[11/03/2007 05:24] Sandiak: /m moob pk100x
[11/03/2007 05:24] Sandiak: /goto torben drake
[11/03/2007 05:24] Sandiak: /goto frixy
[11/03/2007 05:24] Sandiak: /goto torben drake
[11/03/2007 05:27] Sandiak: /goto Ali Gomnes
[11/03/2007 05:31] Sandiak: /goto torben drake
[11/03/2007 05:31] Sandiak: /goto frixy
[11/03/2007 05:31] Sandiak: /goto torben drake
[11/03/2007 05:45] Sandiak: /goto shadow shinobi
[11/03/2007 05:45] Sandiak: /m moob pk100x
[11/03/2007 05:45] Sandiak: /m moob pk100x
[11/03/2007 05:45] Sandiak: /m moob pk100x
[11/03/2007 05:45] Sandiak: /goto torben drake
[11/03/2007 05:45] Sandiak: /c shadow shinobi
[11/03/2007 05:45] Sandiak: /a 40
[11/03/2007 05:45] Sandiak: /a 40
[11/03/2007 05:47] Sandiak: !online
[11/03/2007 05:47] Sandiak: /goto gay party
[11/03/2007 05:47] Sandiak: /info gay party
[11/03/2007 05:48] Sandiak: /ban Gay Party
[11/03/2007 05:48] Sandiak: /goto gorgon
[11/03/2007 05:50] Sandiak: /goto ali gomnes
[11/03/2007 05:51] Sandiak: /goto riddik
[11/03/2007 05:51] Sandiak: /goto krinz
[11/03/2007 05:51] Sandiak: /goto reld
[11/03/2007 05:52] Sandiak: !online
[11/03/2007 05:52] Sandiak: /info frixy
[11/03/2007 05:52] Sandiak: /goto frixy
[11/03/2007 08:47] Tutor Hellfire: /B clean in 2 min
[11/03/2007 08:48] Tutor Hellfire: /B clean
[11/03/2007 08:49] Tutor Hellfire: /clean
[11/03/2007 09:41] Tutor Hellfire: /B 09:41 Viktor Hazard: BUY HOUSE
[11/03/2007 09:49] Tutor Hellfire: /B 09:47 Adamiona: BUY HOUSE !
[11/03/2007 11:10] Tutor Queen: /clean
[11/03/2007 12:22] Counsellor Mino: /invisible
[11/03/2007 12:23] Counsellor Mino: /getonline
[11/03/2007 12:34] Counsellor Mino: /t
[11/03/2007 12:38] Counsellor Mino: /getonline
[11/03/2007 12:43] Counsellor Mino: !online
[11/03/2007 12:47] Counsellor Mino: /t
[11/03/2007 12:54] Counsellor Mino: /c Neo Volcom
[11/03/2007 12:56] Counsellor Mino: /c Bomben Ulf
[11/03/2007 13:03] Tutor Hellfire: /B if anyone need help msg me or msg me in help channel
[11/03/2007 13:06] Counsellor Mino: /t
[11/03/2007 13:08] blub: /goto Counsellor Mino
[11/03/2007 13:11] blub: /goto Jenny the Fire
[11/03/2007 13:15] blub: /t
[11/03/2007 13:22] Counsellor Mino: /c aggro knight
[11/03/2007 13:22] Counsellor Mino: /c aggro knight
[11/03/2007 13:22] Counsellor Mino: /c aggro knight
[11/03/2007 13:22] Counsellor Mino: /c aggro knight
[11/03/2007 13:23] Counsellor Mino: /c aggro knight
[11/03/2007 13:23] Counsellor Mino: /c aggro knight
[11/03/2007 13:23] Counsellor Mino: /c aggro knight
[11/03/2007 13:23] Counsellor Mino: /c aggro knight
[11/03/2007 13:23] Counsellor Mino: /c aggro knight
[11/03/2007 13:23] Counsellor Mino: /c aggro knight
[11/03/2007 13:28] GM ConsPirancY: /i 2153 1
[11/03/2007 13:28] GM ConsPirancY: /invisible
[11/03/2007 13:28] GM ConsPirancY: /goto blub
[11/03/2007 13:29] GM ConsPirancY: /goto 129 49 3
[11/03/2007 13:30] blub: /goto TripToHell
[11/03/2007 13:31] GM ConsPirancY: /invisible
[11/03/2007 13:31] GM ConsPirancY: /goto blub
[11/03/2007 13:31] blub: /goto Tutor Queen
[11/03/2007 13:32] GM ConsPirancY: /a 1
[11/03/2007 13:32] GM ConsPirancY: /a 1
[11/03/2007 13:34] blub: /c adagio
[11/03/2007 13:34] GM ConsPirancY: /a 1
[11/03/2007 13:34] GM ConsPirancY: /a 1
[11/03/2007 13:35] GM ConsPirancY: /c Baljong
[11/03/2007 13:36] blub: /a 2
[11/03/2007 13:36] blub: /c adagio
[11/03/2007 13:37] GM ConsPirancY: /goto 129 49 3
[11/03/2007 13:37] GM ConsPirancY: /goto blub
[11/03/2007 13:37] Counsellor Mino: /c fler
[11/03/2007 13:38] GM ConsPirancY: /invisible
[11/03/2007 13:39] GM ConsPirancY: /goto pyza 
[11/03/2007 13:39] Counsellor Mino: /c stefi
[11/03/2007 13:39] GM ConsPirancY: /invisible
[11/03/2007 13:41] GM ConsPirancY: /goto triptohell
[11/03/2007 13:42] GM ConsPirancY: /goto blub
[11/03/2007 13:42] GM ConsPirancY: /goto tutor queen
[11/03/2007 13:43] GM ConsPirancY: /goto blub
[11/03/2007 13:44] GM ConsPirancY: /goto jenny the fire
[11/03/2007 13:45] GM ConsPirancY: /goto jenny the fire
[11/03/2007 13:46] GM ConsPirancY: /invisible
[11/03/2007 13:46] GM ConsPirancY: /c jenny the fire
[11/03/2007 13:46] GM ConsPirancY: /invisible
[11/03/2007 13:47] blub: /t
[11/03/2007 13:47] blub: /c adagio
[11/03/2007 13:48] GM ConsPirancY: /invisible
[11/03/2007 13:49] GM ConsPirancY: /goto Dont Worry Be Happy
[11/03/2007 13:51] GM ConsPirancY: /kick Apokalyptika
[11/03/2007 13:52] GM ConsPirancY: /goto blub
[11/03/2007 13:52] GM ConsPirancY: /invisible
[11/03/2007 13:52] GM ConsPirancY: /goto pyza 
[11/03/2007 13:53] GM ConsPirancY: /a 2
[11/03/2007 13:57] GM ConsPirancY: /goto 129 49 3
[11/03/2007 14:50] GM Black Dragon: /invisible
[11/03/2007 14:58] GM Black Dragon: /goto 329 768 3
[11/03/2007 14:58] GM Black Dragon: /up
[11/03/2007 14:58] GM Black Dragon: /c Hirschi
[11/03/2007 14:59] GM Black Dragon: /down
[11/03/2007 14:59] GM Black Dragon: /c Hirschi
[11/03/2007 14:59] GM Black Dragon: /up
[11/03/2007 14:59] GM Black Dragon: /m Diablo
[11/03/2007 15:00] GM Black Dragon: /c Hirschi
[11/03/2007 15:00] GM Black Dragon: /i 4387 1
[11/03/2007 15:00] GM Black Dragon: /i 4387 1
[11/03/2007 15:00] GM Black Dragon: /i 4387 1
[11/03/2007 15:00] GM Black Dragon: /i 4387 1
[11/03/2007 15:01] blub: !online
[11/03/2007 15:01] blub: /goto mewtu
[11/03/2007 15:02] GM Black Dragon: /down
[11/03/2007 15:02] blub: /goto hasso
[11/03/2007 15:02] GM Black Dragon: /c Hirschi
[11/03/2007 15:02] GM Black Dragon: /goto 131 56 7
[11/03/2007 15:03] blub: /goto Apokalyptika
[11/03/2007 15:03] blub: /a 2
[11/03/2007 15:03] GM Black Dragon: /invisible
[11/03/2007 15:03] blub: /kick Apokalyptika
[11/03/2007 15:03] GM Black Dragon: /invisible
[11/03/2007 15:04] GM Black Dragon: /a 5
[11/03/2007 15:04] blub: /goto hasso
[11/03/2007 15:05] GM Black Dragon: /goto 334 109 11
[11/03/2007 15:06] blub: /goto h the dragon
[11/03/2007 15:06] GM Black Dragon: /c Hirschi
[11/03/2007 15:06] GM Black Dragon: /c Hirschi
[11/03/2007 15:06] blub: /a 3
[11/03/2007 15:06] blub: /a 3
[11/03/2007 15:06] blub: /c sir axer
[11/03/2007 15:06] blub: /a 3
[11/03/2007 15:06] blub: /c sir axer
[11/03/2007 15:07] blub: /t
[11/03/2007 15:21] GM Skinner: /goto Obi
[11/03/2007 15:22] Abyss: /closeserver
[11/03/2007 15:22] GM Skinner: !online
[11/03/2007 15:22] Counsellor Mino: !online
[11/03/2007 15:22] GM Skinner: !online
[11/03/2007 15:22] GM Skinner: /goto Sandiak
[11/03/2007 15:22] GM Skinner: /goto Sandiak 
[11/03/2007 15:22] GM Skinner: /t
[11/03/2007 15:23] GM Skinner: /B HOMO
[11/03/2007 15:23] GM Skinner: !online
[11/03/2007 15:23] Counsellor Mino: !online
[11/03/2007 15:23] Counsellor Mino: !online
[11/03/2007 15:24] Counsellor Mino: !online
[11/03/2007 15:24] Counsellor Mino: !online
[11/03/2007 15:25] Counsellor Mino: !online
[11/03/2007 15:25] Counsellor Mino: !online
[11/03/2007 15:26] Counsellor Mino: !online
[11/03/2007 15:26] Counsellor Mino: !online
[11/03/2007 15:27] Counsellor Mino: !online
[11/03/2007 19:08] Counsellor Mino: /c darkIII
[11/03/2007 19:08] Counsellor Mino: /c obi
[11/03/2007 19:11] Counsellor Mino: /getonline
[11/03/2007 19:20] Tutor Queen: /clean
[11/03/2007 19:22] Tutor Hellfire: /B hiho if anyone need help msg me or open help channel
[11/03/2007 19:31] Tutor Hellfire: !online
[11/03/2007 19:31] Tutor Hellfire: /B http://titanium-photoalbum.magix.net/ <--- real foto's of player and some screens
[11/03/2007 20:18] GM Skinner: /c Obi
[11/03/2007 20:18] GM Skinner: /m moob pk100x
[11/03/2007 20:18] GM Skinner: /m moob pk100x
[11/03/2007 20:18] GM Skinner: /m moob pk100x
[11/03/2007 20:18] GM Skinner: /m moob pk100x
[11/03/2007 20:18] GM Skinner: /m moob pk100x
[11/03/2007 20:18] GM Skinner: /m moob pk100x
[11/03/2007 20:18] GM Skinner: /m moob pk100x
[11/03/2007 20:18] GM Skinner: /m moob pk100x
[11/03/2007 20:18] GM Skinner: /m moob pk100x
[11/03/2007 20:18] GM Skinner: /m moob pk100x
[11/03/2007 20:18] GM Skinner: /m moob pk100x
[11/03/2007 20:18] GM Skinner: /m moob pk100x
[11/03/2007 20:18] GM Skinner: /m moob pk100x
[11/03/2007 20:18] GM Skinner: /m moob pk100x
[11/03/2007 20:18] GM Skinner: /m moob pk100x
[11/03/2007 20:18] GM Skinner: /m moob pk100x
[11/03/2007 20:18] GM Skinner: /m moob pk100x
[11/03/2007 20:18] GM Skinner: /m moob pk100x
[11/03/2007 20:18] GM Skinner: /m moob pk100x
[11/03/2007 20:19] GM Skinner: /m moob pk100x
[11/03/2007 20:19] GM Skinner: /m moob pk100x
[11/03/2007 20:19] GM Skinner: /m moob pk100x
[11/03/2007 20:19] GM Skinner: /m moob pk100x
[11/03/2007 20:19] GM Skinner: /m moob pk100x
[11/03/2007 20:19] GM Skinner: /m moob pk100x
[11/03/2007 20:19] GM Skinner: /m moob pk100x
[11/03/2007 20:19] GM Skinner: /m moob pk100x
[11/03/2007 20:19] GM Skinner: /m moob pk100x
[11/03/2007 20:19] GM Skinner: /m moob pk100x
[11/03/2007 20:19] GM Skinner: /m moob pk100x
[11/03/2007 20:19] GM Skinner: /m moob pk100x
[11/03/2007 20:19] GM Skinner: /m moob pk100x
[11/03/2007 20:19] GM Skinner: /m moob pk100x
[11/03/2007 20:19] GM Skinner: /m moob pk100x
[11/03/2007 20:19] GM Skinner: /m moob pk100x
[11/03/2007 20:19] GM Skinner: /m moob pk100x
[11/03/2007 20:19] GM Skinner: /m moob pk100x
[11/03/2007 20:19] GM Skinner: /m moob pk100x
[11/03/2007 20:19] GM Skinner: /m moob pk100x
[11/03/2007 20:19] GM Skinner: /m moob pk100x
[11/03/2007 20:19] GM Skinner: /m moob pk100x
[11/03/2007 20:19] GM Skinner: /m moob pk100x
[11/03/2007 20:19] GM Skinner: /m moob pk100x
[11/03/2007 20:19] GM Skinner: /m moob pk100x
[11/03/2007 20:19] GM Skinner: /m moob pk100x
[11/03/2007 20:19] GM Skinner: /m moob pk100x
[11/03/2007 20:19] GM Skinner: /m moob pk100x
[11/03/2007 20:19] GM Skinner: /m moob pk100x
[11/03/2007 20:19] GM Skinner: /m moob pk100x
[11/03/2007 20:19] GM Skinner: /m moob pk100x
[11/03/2007 20:19] GM Skinner: /m moob pk100x
[11/03/2007 20:19] GM Skinner: /m moob pk100x
[11/03/2007 20:19] GM Skinner: /m moob pk100x
[11/03/2007 20:19] GM Skinner: /m moob pk100x
[11/03/2007 20:19] GM Skinner: /m moob pk100x
[11/03/2007 20:19] GM Skinner: /m moob pk100x
[11/03/2007 20:19] GM Skinner: /m moob pk100x
[11/03/2007 20:19] GM Skinner: /m moob pk100x
[11/03/2007 20:19] GM Skinner: /m moob pk100x
[11/03/2007 20:19] GM Skinner: /m moob pk100x
[11/03/2007 20:19] GM Skinner: /m moob pk100x
[11/03/2007 20:19] GM Skinner: /m moob pk100x
[11/03/2007 20:19] GM Skinner: /m moob pk100x
[11/03/2007 20:19] GM Skinner: /m moob pk100x
[11/03/2007 20:19] GM Skinner: /m moob pk100x
[11/03/2007 20:19] GM Skinner: /m moob pk100x
[11/03/2007 20:19] GM Skinner: /m moob pk100x
[11/03/2007 20:19] GM Skinner: /m moob pk100x
[11/03/2007 20:19] GM Skinner: /m moob pk100x
[11/03/2007 20:19] GM Skinner: /m moob pk100x
[11/03/2007 20:19] GM Skinner: /m moob pk100x
[11/03/2007 20:19] GM Skinner: /m moob pk100x
[11/03/2007 20:19] GM Skinner: /t
[11/03/2007 20:19] GM Skinner: /c Obi
[11/03/2007 20:28] Tutor Hellfire: /B clean in 2 min
[11/03/2007 20:30] Tutor Hellfire: /B clean
[11/03/2007 20:30] Tutor Hellfire: /clean
[11/03/2007 20:30] Tutor Hellfire: /B 20:30 Clean completed. Collected 5862 items.
[11/03/2007 21:09] GM ConsPirancY: /invisible
[11/03/2007 21:09] GM ConsPirancY: /goto adagio
[11/03/2007 21:09] GM ConsPirancY: /goto tuor queen
[11/03/2007 21:09] GM ConsPirancY: /goto tutor queen
[11/03/2007 21:11] GM ConsPirancY: /goto dog
[11/03/2007 21:12] GM ConsPirancY: /goto dog
[11/03/2007 21:12] GM ConsPirancY: /goto deer
[11/03/2007 21:12] GM ConsPirancY: /a 4
[11/03/2007 21:13] GM ConsPirancY: /a 4
[11/03/2007 21:13] GM ConsPirancY: /a 4
[11/03/2007 21:14] GM ConsPirancY: /c Baljong
[11/03/2007 21:15] GM ConsPirancY: /goto chopper
[11/03/2007 21:15] GM ConsPirancY: /up
[11/03/2007 21:15] GM ConsPirancY: /up
[11/03/2007 21:17] GM ConsPirancY: /c Baljong
[11/03/2007 21:17] GM ConsPirancY: /goto 129 49 3
[11/03/2007 21:46] Counsellor Mino: /invisible
[11/03/2007 21:51] Counsellor Mino: /t
[11/03/2007 22:16] Counsellor Mino: /getonline
[11/03/2007 22:26] Tutor Queen: !online
[11/03/2007 22:28] Counsellor Mino: /invisible
[11/03/2007 22:30] Counsellor Mino: !online
[11/03/2007 22:32] Tutor Queen: /clean
[11/03/2007 22:42] Counsellor Mino: /invisible
[12/03/2007 05:11] Counsellor Mino: /B hi all server will be clean in 2 min plz all take save place
[12/03/2007 05:12] Counsellor Mino: /c revenger
[12/03/2007 05:13] Counsellor Mino: !online
[12/03/2007 05:14] Counsellor Mino: /B server will be clean in 1 min plz all take save place
[12/03/2007 05:16] Counsellor Mino: /B server will be clean now plz all take save place
[12/03/2007 05:16] Counsellor Mino: /clean
[12/03/2007 05:16] Counsellor Mino: /B Clean completed. Collected 4190 items.
[12/03/2007 05:16] Counsellor Mino: /B k cya :)
[12/03/2007 10:10] Tutor Queen: /clean
[12/03/2007 13:41] Tutor Queen: /clean
[12/03/2007 14:27] Tutor Hellfire: /B if anyone need help msg me or open help channel das ist alter commando log aso w
