[31/12/2006 16:12] Freedom Fighter: /invisible
[31/12/2006 16:13] Freedom Fighter: /a 20
[31/12/2006 16:13] Freedom Fighter: /a 20
[31/12/2006 16:13] Freedom Fighter: /a 20
[31/12/2006 16:13] Freedom Fighter: /a 20
[31/12/2006 16:13] Freedom Fighter: /a 20
[31/12/2006 16:13] Freedom Fighter: /a 20
[31/12/2006 16:13] Freedom Fighter: /a 20
[31/12/2006 16:13] Freedom Fighter: /a 20
[31/12/2006 16:13] Freedom Fighter: /a 20
[31/12/2006 16:13] Freedom Fighter: /a 20
[31/12/2006 16:13] Freedom Fighter: /a 20
[31/12/2006 16:13] Freedom Fighter: /a 20
[31/12/2006 16:13] Freedom Fighter: /a 20
[31/12/2006 16:13] Freedom Fighter: /a 20
[31/12/2006 16:13] Freedom Fighter: /a 20
[31/12/2006 16:13] Freedom Fighter: /a 20
[31/12/2006 16:13] Freedom Fighter: /a 20
[31/12/2006 16:13] Freedom Fighter: /a 20
[31/12/2006 16:13] Freedom Fighter: /a 20
[31/12/2006 16:13] Freedom Fighter: /a 20
[31/12/2006 16:13] Freedom Fighter: /a 20
[31/12/2006 16:16] Freedom Fighter: /down
[31/12/2006 16:17] Freedom Fighter: /a 20/a 10
[31/12/2006 16:17] Freedom Fighter: /a 20/a 10
[31/12/2006 16:17] Freedom Fighter: /a 20/a 10
[31/12/2006 16:17] Freedom Fighter: /a 20/a 10
[31/12/2006 16:17] Freedom Fighter: /a 20/a 10
[31/12/2006 16:17] Freedom Fighter: /a 20/a 10
[31/12/2006 16:17] Freedom Fighter: /a 20/a 10
[31/12/2006 16:18] Freedom Fighter: /up
[31/12/2006 16:18] Freedom Fighter: /up
[31/12/2006 16:18] Freedom Fighter: /a 2
[31/12/2006 16:18] Freedom Fighter: /a 2
[31/12/2006 16:20] Freedom Fighter: /down
[31/12/2006 16:20] Freedom Fighter: /a 1
[31/12/2006 16:27] Freedom Fighter: /t
[31/12/2006 17:35] Imrion Fox: /clean
[31/12/2006 17:35] Imrion Fox: !online
[31/12/2006 17:35] Imrion Fox: !online
[31/12/2006 19:06] GM Skinner: !online
[31/12/2006 19:06] GM Skinner: /down
[31/12/2006 19:06] GM Skinner: /down
[31/12/2006 19:06] GM Skinner: /down
[31/12/2006 19:06] GM Skinner: /down
[31/12/2006 19:09] GM Skinner: /B wünsche euch allein ein gutes neues jahr, das hier wird wohl mein letzter log in auf diesem server sein war teils eine schöne zeit.. feiert schön
[01/01/2007 03:14] Imrion Fox: !online
[01/01/2007 03:19] Imrion Fox: /clean
[01/01/2007 03:19] Imrion Fox: !online
[01/01/2007 03:20] Imrion Fox: !online
[01/01/2007 03:20] Imrion Fox: !online
[01/01/2007 03:21] Imrion Fox: !online
[01/01/2007 03:22] Imrion Fox: !online
[01/01/2007 03:22] Imrion Fox: !online
[01/01/2007 03:22] Imrion Fox: !online
[01/01/2007 03:24] Imrion Fox: !online
[01/01/2007 03:24] Imrion Fox: !online
[01/01/2007 03:25] Imrion Fox: !online
[01/01/2007 03:25] Imrion Fox: !online
[01/01/2007 03:25] Imrion Fox: !online
[01/01/2007 03:26] Imrion Fox: !online
[01/01/2007 03:26] Imrion Fox: !online
[01/01/2007 03:27] Imrion Fox: !online
[01/01/2007 03:28] Imrion Fox: !online
[01/01/2007 03:30] Imrion Fox: !online
[01/01/2007 03:30] Imrion Fox: !online
[01/01/2007 03:31] Imrion Fox: !online
[01/01/2007 03:32] Imrion Fox: !online
[01/01/2007 03:32] Imrion Fox: !online
[01/01/2007 03:33] Imrion Fox: /invisible
[01/01/2007 03:34] Imrion Fox: /invisible
[01/01/2007 03:34] Imrion Fox: !online
[01/01/2007 03:34] Imrion Fox: !online
[01/01/2007 03:35] Imrion Fox: !online
[01/01/2007 03:37] Imrion Fox: !online
[01/01/2007 03:39] Imrion Fox: !online
[01/01/2007 03:39] Imrion Fox: !online
[01/01/2007 03:39] Imrion Fox: !online
[01/01/2007 03:40] Imrion Fox: !online
[01/01/2007 03:40] Imrion Fox: !online
[01/01/2007 03:40] Imrion Fox: !online
[01/01/2007 03:41] Imrion Fox: !online
[01/01/2007 03:42] Imrion Fox: /t
[01/01/2007 03:42] Imrion Fox: !online
[01/01/2007 03:42] Imrion Fox: !online
[01/01/2007 03:43] Imrion Fox: !online
[01/01/2007 03:43] Imrion Fox: !online
[01/01/2007 03:43] Imrion Fox: !online
[01/01/2007 03:43] Imrion Fox: !online
[01/01/2007 03:43] Imrion Fox: !online
[01/01/2007 03:43] Imrion Fox: !online
[01/01/2007 03:44] Imrion Fox: !online
[01/01/2007 03:44] Imrion Fox: !online
[01/01/2007 03:45] Imrion Fox: !online
[01/01/2007 03:45] Imrion Fox: /invisible
[01/01/2007 03:45] Imrion Fox: !online
[01/01/2007 03:46] Imrion Fox: !online
[01/01/2007 03:46] Imrion Fox: !online
[01/01/2007 03:47] Imrion Fox: !online
[01/01/2007 03:47] Imrion Fox: !online
[01/01/2007 03:48] Imrion Fox: !online
[01/01/2007 03:48] Imrion Fox: /invisible
[01/01/2007 03:50] Imrion Fox: !online
[01/01/2007 03:50] Imrion Fox: !online
[01/01/2007 03:50] Imrion Fox: !online
[01/01/2007 03:52] Imrion Fox: !online
[01/01/2007 03:53] Imrion Fox: /t
[01/01/2007 03:53] Imrion Fox: !online
[01/01/2007 03:53] Imrion Fox: !online
[01/01/2007 03:59] Imrion Fox: !online
[01/01/2007 03:59] Imrion Fox: !online
[01/01/2007 04:00] Imrion Fox: !online
[01/01/2007 04:01] Imrion Fox: !online
[01/01/2007 04:01] Imrion Fox: !online
[01/01/2007 04:03] Imrion Fox: !online
[01/01/2007 04:05] Imrion Fox: !online
[01/01/2007 04:06] Imrion Fox: !online
[01/01/2007 04:07] Imrion Fox: !online
[01/01/2007 04:07] Imrion Fox: !online
[01/01/2007 04:08] Imrion Fox: !online
[01/01/2007 04:08] Imrion Fox: !online
[01/01/2007 04:08] Imrion Fox: !online
[01/01/2007 04:08] Imrion Fox: !online
[01/01/2007 14:04] Imrion Fox: !online
[01/01/2007 14:04] Imrion Fox: !online
[01/01/2007 14:05] Imrion Fox: /clean
[01/01/2007 14:05] Imrion Fox: !online
[01/01/2007 16:23] Imrion Fox: !online
[01/01/2007 16:24] Imrion Fox: !online
