
[18/12/2006 17:41] Denise: !online
[18/12/2006 17:41] Hasso: !online
[18/12/2006 17:42] Nabster : !online
[18/12/2006 17:44] Denise: !online
[18/12/2006 17:46] dodo-basha: !frags
[18/12/2006 17:49] The king of Wizard: !online
[18/12/2006 17:50] Maddox: !online
[18/12/2006 17:56] Quaze: !online
[18/12/2006 18:00] Denise: !frags
[18/12/2006 18:05] Denise: !online
[18/12/2006 18:06] Maddox: !frags
[18/12/2006 18:09] Ultimatehealingrunes: !online
[18/12/2006 18:14] lawQz: !online
[18/12/2006 18:18] Sath Darom: !online
[18/12/2006 18:18] Sath Darom: !online
[18/12/2006 18:19] Draggy Pall: !frags
[18/12/2006 18:19] Sath Darom: !online
[18/12/2006 18:24] Imrion Fox: /invisible
[18/12/2006 18:24] Pharao: !online
[18/12/2006 18:24] Pharao: !frags
[18/12/2006 18:25] Imrion Fox: !online
[18/12/2006 18:25] Imrion Fox: !online
[18/12/2006 18:25] Imrion Fox: !online
[18/12/2006 18:25] Imrion Fox: !online
[18/12/2006 18:25] Imrion Fox: !online
[18/12/2006 18:26] Imrion Fox: !online
[18/12/2006 18:26] Imrion Fox: !online
[18/12/2006 18:26] Imrion Fox: /invisible
[18/12/2006 18:26] Imrion Fox: !online
[18/12/2006 18:26] Imrion Fox: !online
[18/12/2006 18:27] Abyss: /closeserver
[18/12/2006 18:29] Abyss: /save
[18/12/2006 18:30] Maddox: !online
[18/12/2006 18:31] Maddox: !online
[18/12/2006 18:31] Fallen Angel of Dark: !online
[18/12/2006 18:32] Pharao: !uptime
[18/12/2006 18:32] Pharao: !online
[18/12/2006 18:33] Maddox: !online
[18/12/2006 18:33] Royal Max: !online
[18/12/2006 18:36] The king of Wizard: !online
[18/12/2006 18:41] The king of Wizard: !online
[18/12/2006 18:49] Roxxy: !frags
[18/12/2006 18:51] Xatton: !online
[18/12/2006 18:52] Dessite: !online
[18/12/2006 18:52] Xatton: !online
[18/12/2006 18:53] Xatton: !online
[18/12/2006 18:56] lucar allan: !frags
[18/12/2006 18:57] Lover to Tarik: !frags
[18/12/2006 18:57] lucar allan: !frags
[18/12/2006 18:59] order: !online
[18/12/2006 19:00] kissoffdeathh: !online
[18/12/2006 19:04] Xatton: !online
[18/12/2006 19:08] lollololol: !frags
[18/12/2006 19:08] Kelwa The Divel: !frags
[18/12/2006 19:08] Kelwa The Divel: !frags
[18/12/2006 19:09] Hasso: !online
[18/12/2006 19:10] Kelwa The Divel: !online
[18/12/2006 19:12] lord deveon: !online
[18/12/2006 19:14] Royal Pety: !online
[18/12/2006 19:15] lord deveon: !online
[18/12/2006 19:15] Xatton: !online
[18/12/2006 19:17] TIESTO: !online
[18/12/2006 19:18] lord deveon: !online
[18/12/2006 19:19] neuer kerle: !online
[18/12/2006 19:19] TIESTO: !online
[18/12/2006 19:20] DarkApok: !online
[18/12/2006 19:21] Billy Talent: !online
[18/12/2006 19:22] Nosf x Morg: !online
[18/12/2006 19:23] lord deveon: !online
[18/12/2006 19:25] Xatton: !online
[18/12/2006 19:25] Shiggy: !online
[18/12/2006 19:26] Xatton: !online
[18/12/2006 19:26] Xatton: !frags
[18/12/2006 19:26] Xatton: !mana
[18/12/2006 19:28] Nosf x Morg: !online
[18/12/2006 19:28] Bonito: !exp
[18/12/2006 19:28] order: !online
[18/12/2006 19:28] lord deveon: !online
[18/12/2006 19:28] Bonito: !exp
[18/12/2006 19:30] Master Jannik: !online
[18/12/2006 19:31] neuer kerle: !online
[18/12/2006 19:31] Reiss: !frags
[18/12/2006 19:31] Xatton: !online
[18/12/2006 19:33] Azzic: !online
[18/12/2006 19:35] lord deveon: !online
[18/12/2006 19:41] Krzysiek: !exp
[18/12/2006 19:41] Maddox: !frags
[18/12/2006 19:41] Frixy: !online
[18/12/2006 19:42] Nosf x Morg: !online
[18/12/2006 19:43] Hesoka The Hunter: !online
[18/12/2006 19:44] Imrion Fox: /invisible
[18/12/2006 19:44] Krzysiek: !exp
[18/12/2006 19:45] Imrion Fox: /c xatton
[18/12/2006 19:46] Sir Benni Miles: !uptime
[18/12/2006 19:46] lord deveon: !online
[18/12/2006 19:47] order: !frags
[18/12/2006 19:48] Xatton: !online
[18/12/2006 19:48] lord deveon: !online
[18/12/2006 19:49] Roxxy: !online
[18/12/2006 19:50] lord deveon: !online
[18/12/2006 19:53] lord deveon: !online
[18/12/2006 19:53] Hasso: !frags
[18/12/2006 19:54] lord deveon: !online
[18/12/2006 19:58] Maddox: !frags
[18/12/2006 19:58] Hesoka The Hunter: !frags
[18/12/2006 19:59] lord deveon: !online
[18/12/2006 20:00] order: !online
[18/12/2006 20:00] lord deveon: !online
[18/12/2006 20:01] lollololol: !frags
[18/12/2006 20:03] lord deveon: !online
[18/12/2006 20:05] order: !online
[18/12/2006 20:06] lord deveon: !online
[18/12/2006 20:06] lord deveon: !online
[18/12/2006 20:06] lord deveon: !online
[18/12/2006 20:07] lord deveon: !online
[18/12/2006 20:07] lord deveon: !online
[18/12/2006 20:07] lord deveon: !online
[18/12/2006 20:07] lord deveon: !online
[18/12/2006 20:07] lord deveon: !online
[18/12/2006 20:07] lord deveon: !online
[18/12/2006 20:07] lord deveon: !online
[18/12/2006 20:07] lord deveon: !online
[18/12/2006 20:09] lord deveon: !online
[18/12/2006 20:10] Ravelix: !online
[18/12/2006 20:10] Silfiter Ales: !online
[18/12/2006 20:10] Nosferatus: !online
[18/12/2006 20:13] lord deveon: !online
[18/12/2006 20:16] Hasso: !frags
[18/12/2006 20:19] Frixy: !online
[18/12/2006 20:19] Xatton: !online
[18/12/2006 20:20] Xatton: !online
[18/12/2006 20:20] Xatton: !online
[18/12/2006 20:21] Petaka: !exp
[18/12/2006 20:21] Silfiter Ales: !online
[18/12/2006 20:21] Freedom Fighter: !online
[18/12/2006 20:22] Freedom Fighter: /invisible
[18/12/2006 20:22] Freedom Fighter: /goto Vollassitoni
[18/12/2006 20:22] Xatton: !online
[18/12/2006 20:22] lord deveon: !online
[18/12/2006 20:22] Freedom Fighter: /info Vollassitoni
[18/12/2006 20:22] Freedom Fighter: /info Kelwa The Divel
[18/12/2006 20:22] Freedom Fighter: /info Psovod
[18/12/2006 20:22] Krzysiek: !frags
[18/12/2006 20:23] Freedom Fighter: /info Vollassitonihhhh
[18/12/2006 20:23] lord deveon: !online
[18/12/2006 20:23] Mugen: !online
[18/12/2006 20:23] Freedom Fighter: /info lord tabo
[18/12/2006 20:23] Hasso: !frags
[18/12/2006 20:24] lord deveon: !online
[18/12/2006 20:25] Xatton: !online
[18/12/2006 20:25] lord deveon: !online
[18/12/2006 20:25] Gugo: !frags
[18/12/2006 20:26] Maddox: !frags
[18/12/2006 20:26] lord deveon: !online
[18/12/2006 20:26] Freedom Fighter: /b Hesoka The Hunter
[18/12/2006 20:27] Xatton: !online
[18/12/2006 20:27] Freedom Fighter: /b Vollassitonik
[18/12/2006 20:27] lord deveon: !online
[18/12/2006 20:30] lord deveon: !online
[18/12/2006 20:30] zavri picu: !mana
[18/12/2006 20:30] Silfiter Ales: !online
[18/12/2006 20:30] Mortal Hunter: !online
[18/12/2006 20:30] Gugo: !frags
[18/12/2006 20:30] Maddox: !frags
[18/12/2006 20:30] lord deveon: !online
[18/12/2006 20:31] Nixon Don Valderath: !online
[18/12/2006 20:31] lord deveon: !online
[18/12/2006 20:31] lord deveon: !online
[18/12/2006 20:32] lord deveon: !online
[18/12/2006 20:32] Moshcu: !online
[18/12/2006 20:33] lord deveon: !online
[18/12/2006 20:33] lord deveon: !online
[18/12/2006 20:33] Ultra Aslan: !uptime
[18/12/2006 20:34] Ultra Aslan: !online
[18/12/2006 20:34] JASQ : !frags
[18/12/2006 20:34] lord deveon: !online
[18/12/2006 20:35] lord deveon: !online
[18/12/2006 20:35] Silfiter Ales: !online
[18/12/2006 20:35] lord deveon: !online
[18/12/2006 20:36] Freedom Fighter: /info tatjana
[18/12/2006 20:37] Silfiter Ales: !online
[18/12/2006 20:37] lord deveon: !online
[18/12/2006 20:38] lord deveon: !online
[18/12/2006 20:38] Ultra Aslan: !mana
[18/12/2006 20:38] Death Inferno: !frags
[18/12/2006 20:38] Maddox: !frags
[18/12/2006 20:38] Freedom Fighter: /info Death Inferno+
[18/12/2006 20:39] Freedom Fighter: /info Death Inferno
[18/12/2006 20:39] Xatton: !online
[18/12/2006 20:39] lord deveon: !online
[18/12/2006 20:40] Frixy: !online
[18/12/2006 20:44] Olooo: !exp
[18/12/2006 20:44] Olooo: !exp
[18/12/2006 20:45] Mugen: !online
[18/12/2006 20:46] Frixy: !online
[18/12/2006 20:46] Frixy: !online
[18/12/2006 20:46] blub: /goto xatton
[18/12/2006 20:50] JASQ : !frags
[18/12/2006 20:50] blub: /goto 297 29 1
[18/12/2006 20:50] blub: /c xatton
[18/12/2006 20:50] lord deveon: !online
[18/12/2006 20:50] Azic: !frags
[18/12/2006 20:50] blub: /m moob pk100x
[18/12/2006 20:50] blub: /m moob pk100x
[18/12/2006 20:50] blub: /m moob pk100x
[18/12/2006 20:50] blub: /m moob pk100x
[18/12/2006 20:50] blub: /m moob pk100x
[18/12/2006 20:50] blub: /m moob pk100x
[18/12/2006 20:50] blub: /m moob pk100x
[18/12/2006 20:50] blub: /m moob pk100x
[18/12/2006 20:50] blub: /m moob pk100x
[18/12/2006 20:50] blub: /m moob pk100x
[18/12/2006 20:50] blub: /m moob pk100x
[18/12/2006 20:50] blub: /m moob pk100x
[18/12/2006 20:50] blub: /m moob pk100x
[18/12/2006 20:50] blub: /m moob pk100x
[18/12/2006 20:50] blub: /m moob pk100x
[18/12/2006 20:51] blub: /m moob pk100x
[18/12/2006 20:51] blub: /m moob pk100x
[18/12/2006 20:51] blub: /m moob pk100x
[18/12/2006 20:51] blub: /m moob pk100x
[18/12/2006 20:51] blub: /m moob pk100x
[18/12/2006 20:51] blub: /m moob pk100x
[18/12/2006 20:51] blub: /m moob pk100x
[18/12/2006 20:51] blub: /m moob pk100x
[18/12/2006 20:51] blub: /m moob pk100x
[18/12/2006 20:51] blub: /m moob pk100x
[18/12/2006 20:51] blub: /m moob pk100x
[18/12/2006 20:51] blub: /m moob pk100x
[18/12/2006 20:51] blub: /m moob pk100x
[18/12/2006 20:51] blub: /m moob pk100x
[18/12/2006 20:51] blub: /m moob pk100x
[18/12/2006 20:51] blub: /m moob pk100x
[18/12/2006 20:51] blub: /m moob pk100x
[18/12/2006 20:51] blub: /m moob pk100x
[18/12/2006 20:51] Ultra Aslan: !online
[18/12/2006 20:51] blub: /m moob pk100x
[18/12/2006 20:51] blub: /t
[18/12/2006 20:51] blub: /c xatton
[18/12/2006 20:52] Maddox: !frags
[18/12/2006 20:52] Reiss: !frags
[18/12/2006 20:53] lord deveon: !online
[18/12/2006 20:55] hate and sorrow: !online
[18/12/2006 20:55] lord deveon: !online
[18/12/2006 20:56] Reiss: !frags
[18/12/2006 20:56] lord deveon: !online
[18/12/2006 20:57] lord deveon: !online
[18/12/2006 20:57] lord deveon: !online
[18/12/2006 20:57] lord deveon: !online
[18/12/2006 20:57] lord deveon: !online
[18/12/2006 20:57] lord deveon: !online
[18/12/2006 20:57] lord deveon: !online
[18/12/2006 20:57] lord deveon: !online
[18/12/2006 20:57] lord deveon: !online
[18/12/2006 20:58] Quaze: !online
[18/12/2006 20:59] Maddox: !frags
[18/12/2006 20:59] Zelek: !frags
[18/12/2006 21:00] lord deveon: !online
[18/12/2006 21:01] lord deveon: !online
[18/12/2006 21:01] Xatton: !online
[18/12/2006 21:04] lord deveon: !online
[18/12/2006 21:04] lord deveon: !online
[18/12/2006 21:05] cin ali: !frags
[18/12/2006 21:05] Maddox: !frags
[18/12/2006 21:06] cin ali: !frags
[18/12/2006 21:06] lord deveon: !online
[18/12/2006 21:06] Xatton: !online
[18/12/2006 21:06] JASQ  : !frags
[18/12/2006 21:06] Xatton: !online
[18/12/2006 21:07] Maddox: !frags
[18/12/2006 21:07] lord deveon: !online
[18/12/2006 21:08] lord deveon: !online
[18/12/2006 21:09] lord deveon: !online
[18/12/2006 21:10] Nosferatus: !online
[18/12/2006 21:10] lord deveon: !online
[18/12/2006 21:10] Maddox: !frags
[18/12/2006 21:10] BolleMaster: !frags
[18/12/2006 21:10] JASQ : !frags
[18/12/2006 21:10] JASQ : !frags
[18/12/2006 21:10] JASQ : !frags
[18/12/2006 21:11] JASQ : !online
[18/12/2006 21:12] lord deveon: !online
[18/12/2006 21:15] Xatton: !online
[18/12/2006 21:15] lord deveon: !online
[18/12/2006 21:15] lord deveon: !online
[18/12/2006 21:17] lord deveon: !online
[18/12/2006 21:18] obelisk: !frags
[18/12/2006 21:18] obelisk: !frags
[18/12/2006 21:18] obelisk: !frags
[18/12/2006 21:18] obelisk: !frags
[18/12/2006 21:19] lord deveon: !online
[18/12/2006 21:20] lord deveon: !online
[18/12/2006 21:21] JASQ  : !frags
[18/12/2006 21:21] Xatton: !online
[18/12/2006 21:22] Melany: /c hate and sorrow
[18/12/2006 21:22] Melany: /c hate and sorrov
[18/12/2006 21:22] Melany: !online
[18/12/2006 21:22] Pharao: !frags
[18/12/2006 21:23] BolleMaster: !frags
[18/12/2006 21:23] The Blade: !frags
[18/12/2006 21:23] Melany: !online
[18/12/2006 21:24] Xatton: !online
[18/12/2006 21:24] Xatton: !online
[18/12/2006 21:25] Stompah: !online
[18/12/2006 21:25] The Blade: !frags
[18/12/2006 21:27] Xatton: !online
[18/12/2006 21:27] Denise: !online
[18/12/2006 21:27] BolleMaster: !frags
[18/12/2006 21:27] Morgaroth: !frags
[18/12/2006 21:27] Xatton: !online
[18/12/2006 21:29] Xatton: !online
[18/12/2006 21:30] kookoo: !frags
[18/12/2006 21:30] Shadow Shinobi: !online
[18/12/2006 21:30] lord deveon: !online
[18/12/2006 21:30] lord deveon: !online
[18/12/2006 21:30] Maddox: !frags
[18/12/2006 21:31] Nosferatus: !frags
[18/12/2006 21:32] lord deveon: !online
[18/12/2006 21:33] lord deveon: !online
[18/12/2006 21:34] Pharao: !online
[18/12/2006 21:34] Jovapu: !online
[18/12/2006 21:34] lord deveon: !online
[18/12/2006 21:35] Real Leo ganxta: !frags
[18/12/2006 21:35] lord deveon: !online
[18/12/2006 21:35] Maddox: !mana
[18/12/2006 21:36] lord deveon: !online
[18/12/2006 21:36] lord deveon: !online
[18/12/2006 21:36] lord deveon: !online
[18/12/2006 21:37] lord deveon: !online
[18/12/2006 21:37] Morgaroth: !frags
[18/12/2006 21:37] lord deveon: !online
[18/12/2006 21:38] Maddox: !frags
[18/12/2006 21:39] lord deveon: !online
[18/12/2006 21:44] Gay Party: !frags
[18/12/2006 21:45] Arhem: !online
[18/12/2006 21:45] Xatton: !online
[18/12/2006 21:46] Xatton: !online
[18/12/2006 21:47] lord deveon: !online
[18/12/2006 21:48] kookoo: !frags
[18/12/2006 21:48] Vodka Power: !online
[18/12/2006 21:49] Xatton: !online
[18/12/2006 21:49] lord deveon: !online
[18/12/2006 21:49] Xatton: !online
[18/12/2006 21:50] Xatton: !online
[18/12/2006 21:50] blub: /goto part
[18/12/2006 21:50] lord deveon: !online
[18/12/2006 21:51] Calm der Vernichter: !online
[18/12/2006 21:51] BolleMaster: !frags
[18/12/2006 21:51] Xatton: !online
[18/12/2006 21:51] blub: /goto lord deveon
[18/12/2006 21:52] blub: /c lord deveon
[18/12/2006 21:52] TIESTO: !online
[18/12/2006 21:52] Nosferatus: !frags
[18/12/2006 21:53] blub: /c part
[18/12/2006 21:53] Morgaroth: !frags
[18/12/2006 21:53] Dodo: !frags
[18/12/2006 21:54] Xatton: !online
[18/12/2006 21:54] Xatton: !online
[18/12/2006 21:54] blub: /a 2
[18/12/2006 21:55] Vodka Power: !online
[18/12/2006 21:55] Xatton: !online
[18/12/2006 21:56] Morgaroth: !frags
[18/12/2006 21:56] Xatton: !online
[18/12/2006 21:57] Ravelix: !online
[18/12/2006 21:57] Part: /t
[18/12/2006 21:59] Morgaroth: !frags
[18/12/2006 21:59] Zeyed: !online
[18/12/2006 21:59] Dark Druidin: !online
[18/12/2006 21:59] lord deveon: !online
[18/12/2006 21:59] Dark Druidin: !online
[18/12/2006 22:00] blub: /c part
[18/12/2006 22:00] Xatton: !online
[18/12/2006 22:00] blub: /c frixy
[18/12/2006 22:00] Dark Druidin: !online
[18/12/2006 22:00] Xatton: !online
[18/12/2006 22:02] Xatton: !online
[18/12/2006 22:02] Xatton: !frags
[18/12/2006 22:02] Xatton: !mana
[18/12/2006 22:03] lord deveon: !online
[18/12/2006 22:03] Dark Druidin: !online
[18/12/2006 22:03] blub: /c part
[18/12/2006 22:03] blub: !online
[18/12/2006 22:03] blub: /c imrion fox
[18/12/2006 22:04] Kaninchen Sombrero: !frags
[18/12/2006 22:04] lord deveon: !online
[18/12/2006 22:04] Kaninchen Sombrero: !online
[18/12/2006 22:05] lord deveon: !online
[18/12/2006 22:06] lord deveon: !online
[18/12/2006 22:06] Vodka Power: !online
[18/12/2006 22:06] Vodka Power: !online
[18/12/2006 22:06] Imrion Fox: !online
[18/12/2006 22:06] Vodka Power: !online
[18/12/2006 22:06] Vodka Power: !online
[18/12/2006 22:06] Vodka Power: !online
[18/12/2006 22:06] lord deveon: !online
[18/12/2006 22:06] Dodo: !frags
[18/12/2006 22:07] lord deveon: !online
[18/12/2006 22:07] blub: /send imrion fox
[18/12/2006 22:07] Imrion Fox: /t
[18/12/2006 22:07] Imrion Fox: /invisible
[18/12/2006 22:08] Imrion Fox: /invisible
[18/12/2006 22:08] Phage: !frags
[18/12/2006 22:10] lord deveon: !online
[18/12/2006 22:10] Imrion Fox: !online
[18/12/2006 22:10] Vodka Power: !online
[18/12/2006 22:10] Imrion Fox: !online
[18/12/2006 22:10] blub: !online
[18/12/2006 22:10] Zeyed: !online
[18/12/2006 22:11] Maddox: !frags
[18/12/2006 22:12] Imrion Fox: !online
[18/12/2006 22:12] Dark Druidin: !online
[18/12/2006 22:13] Vodka Power: !online
[18/12/2006 22:13] Imrion Fox: !online
[18/12/2006 22:13] Master Taksuky: !frags
[18/12/2006 22:14] lord deveon: !online
[18/12/2006 22:14] Imrion Fox: !online
[18/12/2006 22:15] Imrion Fox: !online
[18/12/2006 22:15] Imrion Fox: /invisible
[18/12/2006 22:15] Imrion Fox: /invisible
[18/12/2006 22:15] Imrion Fox: !online
[18/12/2006 22:15] Imrion Fox: !online
[18/12/2006 22:16] Imrion Fox: !online
[18/12/2006 22:16] Dodo: !frags
[18/12/2006 22:16] Imrion Fox: !online
[18/12/2006 22:16] Maddox: !frags
[18/12/2006 22:17] Imrion Fox: !online
[18/12/2006 22:17] lord deveon: !online
[18/12/2006 22:17] Imrion Fox: !online
[18/12/2006 22:17] Imrion Fox: !online
[18/12/2006 22:17] Imrion Fox: !online
[18/12/2006 22:17] Imrion Fox: !online
[18/12/2006 22:17] Imrion Fox: !online
[18/12/2006 22:17] Imrion Fox: !online
[18/12/2006 22:17] Imrion Fox: !online
[18/12/2006 22:17] Dodo: !frags
[18/12/2006 22:17] Roxxy: !online
[18/12/2006 22:17] blub: !online
[18/12/2006 22:18] Imrion Fox: !online
[18/12/2006 22:18] Imrion Fox: !online
[18/12/2006 22:18] Imrion Fox: !online
[18/12/2006 22:18] blub: !online
[18/12/2006 22:18] lord deveon: !online
[18/12/2006 22:18] Imrion Fox: !online
[18/12/2006 22:18] Imrion Fox: !online
[18/12/2006 22:19] Dodo: !frags
[18/12/2006 22:21] Vodka Power: !online
[18/12/2006 22:22] Maddox: !mana
[18/12/2006 22:22] Super Hero: !online
[18/12/2006 22:22] Snikers: !online
[18/12/2006 22:23] lord deveon: !online
[18/12/2006 22:23] blub: !online
[18/12/2006 22:23] Vodka Power: !online
[18/12/2006 22:24] blub: /i 1988 1
[18/12/2006 22:24] blub: /owner blub
[18/12/2006 22:24] Vodka Power: !online
[18/12/2006 22:24] Maddox: !mana
[18/12/2006 22:25] blub: /goto vodka power
[18/12/2006 22:25] blub: /goto daliya
[18/12/2006 22:26] blub: /info shadow shinobi
[18/12/2006 22:26] lord deveon: !online
[18/12/2006 22:27] blub: /info shadow shinobi
[18/12/2006 22:27] lord deveon: !online
[18/12/2006 22:28] blub: /goto firxy
[18/12/2006 22:28] blub: /goto part
[18/12/2006 22:28] Vodka Power: !online
[18/12/2006 22:28] Xavro: !frags
[18/12/2006 22:30] Lover to Tarik: !frags
[18/12/2006 22:31] lord deveon: !online
[18/12/2006 22:31] Dark Druidin: !online
[18/12/2006 22:32] Dark Druidin: !online
[18/12/2006 22:33] Dark Druidin: !online
[18/12/2006 22:33] kookoo: !online
[18/12/2006 22:34] blub: /goto mewtu
[18/12/2006 22:34] blub: /goto 297 29 1
[18/12/2006 22:34] blub: /c mewtu
[18/12/2006 22:34] blub: /m moob pk100x
[18/12/2006 22:34] blub: /m moob pk100x
[18/12/2006 22:34] blub: /m moob pk100x
[18/12/2006 22:34] blub: /m moob pk100x
[18/12/2006 22:34] blub: /m moob pk100x
[18/12/2006 22:34] blub: /m moob pk100x
[18/12/2006 22:34] blub: /m moob pk100x
[18/12/2006 22:34] blub: /m moob pk100x
[18/12/2006 22:34] blub: /m moob pk100x
[18/12/2006 22:34] blub: /m moob pk100x
[18/12/2006 22:34] blub: /m moob pk100x
[18/12/2006 22:34] blub: /m moob pk100x
[18/12/2006 22:34] blub: /m moob pk100x
[18/12/2006 22:34] blub: /m moob pk100x
[18/12/2006 22:34] blub: /m moob pk100x
[18/12/2006 22:34] blub: /m moob pk100x
[18/12/2006 22:34] blub: /m moob pk100x
[18/12/2006 22:34] blub: /m moob pk100x
[18/12/2006 22:34] blub: /m moob pk100x
[18/12/2006 22:34] blub: /m moob pk100x
[18/12/2006 22:34] blub: /m moob pk100x
[18/12/2006 22:34] blub: /m moob pk100x
[18/12/2006 22:34] blub: /m moob pk100x
[18/12/2006 22:34] blub: /m moob pk100x
[18/12/2006 22:34] blub: /m moob pk100x
[18/12/2006 22:34] blub: /m moob pk100x
[18/12/2006 22:34] blub: /m moob pk100x
[18/12/2006 22:34] blub: /m moob pk100x
[18/12/2006 22:34] blub: /m moob pk100x
[18/12/2006 22:34] blub: /m moob pk100x
[18/12/2006 22:34] blub: /m moob pk100x
[18/12/2006 22:34] blub: /m moob pk100x
[18/12/2006 22:34] blub: /m moob pk100x
[18/12/2006 22:34] blub: /m moob pk100x
[18/12/2006 22:34] blub: /m moob pk100x
[18/12/2006 22:34] blub: /m moob pk100x
[18/12/2006 22:34] blub: /m moob pk100x
[18/12/2006 22:34] blub: /m moob pk100x
[18/12/2006 22:34] blub: /m moob pk100x
[18/12/2006 22:34] blub: /m moob pk100x
[18/12/2006 22:34] blub: /m moob pk100x
[18/12/2006 22:34] blub: /m moob pk100x
[18/12/2006 22:34] blub: /m moob pk100x
[18/12/2006 22:34] blub: /m moob pk100x
[18/12/2006 22:34] blub: /m moob pk100x
[18/12/2006 22:34] blub: /m moob pk100x
[18/12/2006 22:34] blub: /m moob pk100x
[18/12/2006 22:34] blub: /m moob pk100x
[18/12/2006 22:34] blub: /m moob pk100x
[18/12/2006 22:34] blub: /m moob pk100x
[18/12/2006 22:34] blub: /m moob pk100x
[18/12/2006 22:34] blub: /m moob pk100x
[18/12/2006 22:34] blub: /m moob pk100x
[18/12/2006 22:34] blub: /m moob pk100x
[18/12/2006 22:34] blub: /m moob pk100x
[18/12/2006 22:34] blub: /m moob pk100x
[18/12/2006 22:34] blub: /m moob pk100x
[18/12/2006 22:34] blub: /m moob pk100x
[18/12/2006 22:34] blub: /m moob pk100x
[18/12/2006 22:34] blub: /m moob pk100x
[18/12/2006 22:34] blub: /m moob pk100x
[18/12/2006 22:34] blub: /m moob pk100x
[18/12/2006 22:34] blub: /m moob pk100x
[18/12/2006 22:34] blub: /m moob pk100x
[18/12/2006 22:34] blub: /m moob pk100x
[18/12/2006 22:34] blub: /m moob pk100x
[18/12/2006 22:34] blub: /m moob pk100x
[18/12/2006 22:34] blub: /m moob pk100x
[18/12/2006 22:34] blub: /m moob pk100x
[18/12/2006 22:34] blub: /m moob pk100x
[18/12/2006 22:34] blub: /m moob pk100x
[18/12/2006 22:34] blub: /m moob pk100x
[18/12/2006 22:34] blub: /m moob pk100x
[18/12/2006 22:35] blub: /m moob pk100x
[18/12/2006 22:35] blub: /send mewtu
[18/12/2006 22:36] lord deveon: !online
[18/12/2006 22:37] blub: /t
[18/12/2006 22:37] blub: /goto Knight The Devil
[18/12/2006 22:37] Dark Druidin: !online
[18/12/2006 22:38] lord deveon: !online
[18/12/2006 22:39] uru cokimbo: !online
[18/12/2006 22:40] blub: /clean
[18/12/2006 22:41] blub: /c shadow shinobi
[18/12/2006 22:43] blub: /t
[18/12/2006 22:43] blub: /c shadow shinobi
[18/12/2006 22:43] blub: /goto knight the devil
[18/12/2006 22:43] Sonnenstern: !online
[18/12/2006 22:43] Sonnenstern: !online
[18/12/2006 22:45] blub: /i 2522 1
[18/12/2006 22:45] blub: /i 2522 1
[18/12/2006 22:45] blub: /i 2522 1
[18/12/2006 22:45] blub: /i 2522 1
[18/12/2006 22:45] blub: /i 2522 1
[18/12/2006 22:45] blub: /i 2522 1
[18/12/2006 22:45] blub: /i 2522 1
[18/12/2006 22:45] Malzbier: !online
[18/12/2006 22:45] blub: /i 2424 1
[18/12/2006 22:45] kookoo: !online
[18/12/2006 22:46] blub: /i 2352 1
[18/12/2006 22:46] blub: /i 3972 1
[18/12/2006 22:46] lord deveon: !online
[18/12/2006 22:47] blub: /goto Sonnenstern
[18/12/2006 22:47] cin ali: !frags
[18/12/2006 22:47] blub: /goto kookoo
[18/12/2006 22:48] lord deveon: !online
[18/12/2006 22:50] blub: /t
[18/12/2006 22:50] Nosferatus: !frags
[18/12/2006 22:51] lord deveon: !online
[18/12/2006 22:51] lord deveon: !online
[18/12/2006 22:52] lord deveon: !online
[18/12/2006 22:52] lord deveon: !online
[18/12/2006 22:53] lord deveon: !online
[18/12/2006 22:54] lord deveon: !online
[18/12/2006 22:54] lord deveon: !online
[18/12/2006 22:54] lord deveon: !online
[18/12/2006 22:54] lord deveon: !online
[18/12/2006 22:55] Maddox: !mana
[18/12/2006 22:55] Divine altea: !online
[18/12/2006 22:58] Divine altea: !online
[18/12/2006 22:58] Divine altea: !online
[18/12/2006 23:00] Divine altea: !online
[18/12/2006 23:01] Divine altea: !online
[18/12/2006 23:02] Super Hero: !online
[18/12/2006 23:02] Xavro: !frags
[18/12/2006 23:02] Divine altea: !online
[18/12/2006 23:04] lawQz: !online
[18/12/2006 23:04] Divine altea: !online
[18/12/2006 23:06] Divine altea: !online
[18/12/2006 23:07] Mewtu: !exp
[18/12/2006 23:07] Sonnenstern: !online
[18/12/2006 23:09] Sonnenstern: !online
[18/12/2006 23:09] DarkApok: !online
[18/12/2006 23:09] Divine altea: !online
[18/12/2006 23:09] Maddox: !mana
[18/12/2006 23:12] Sonnenstern: !online
[18/12/2006 23:12] Divine altea: !online
[18/12/2006 23:13] bobsking: !online
[18/12/2006 23:14] Dark Druidin: !online
[18/12/2006 23:17] Divine altea: !online
[18/12/2006 23:18] Divine altea: !online
[18/12/2006 23:19] Divine altea: !online
[18/12/2006 23:21] Divine altea: !online
[18/12/2006 23:22] Maddox: !frags
[18/12/2006 23:27] Divine altea: !online
[18/12/2006 23:28] Divine altea: !online
[18/12/2006 23:28] Divine altea: !online
[18/12/2006 23:29] lord deveon: !online
[18/12/2006 23:30] Mewtu: !exp
[18/12/2006 23:30] Sonnenstern: !online
[18/12/2006 23:30] lord deveon: !online
[18/12/2006 23:30] Morgaroth: !mana
[18/12/2006 23:32] lord deveon: !online
[18/12/2006 23:33] lord deveon: !online
[18/12/2006 23:34] lord deveon: !online
[18/12/2006 23:35] lord deveon: !online
[18/12/2006 23:35] lord deveon: !online
[18/12/2006 23:35] lord deveon: !online
[18/12/2006 23:35] lord deveon: !online
[18/12/2006 23:37] Dark Druidin: !online
[18/12/2006 23:37] Dark Druidin: !online
[18/12/2006 23:37] lord deveon: !online
[18/12/2006 23:38] Maddox: !online
[18/12/2006 23:38] Dark Druidin: !online
[18/12/2006 23:39] Maya: !online
[18/12/2006 23:39] zavri picu: !online
[18/12/2006 23:40] Mewtu: !online
[18/12/2006 23:40] Dark Druidin: !online
[18/12/2006 23:40] Maddox: !online
[18/12/2006 23:41] Tutor Lonely: !online
[18/12/2006 23:42] Maddox: !frags
[18/12/2006 23:43] Dark Druidin: !online
[18/12/2006 23:44] Tutor Lonely: /B Hi Guys If you need help , Msg me! if i dont answer for 5 minuten then it may be that someone is spamming me! Have Fun Here :)
[18/12/2006 23:45] lord deveon: !online
[18/12/2006 23:58] Kaninchen Sombrero: !frags
[18/12/2006 23:59] Denise: !frags
[18/12/2006 23:59] Denise: !online
[19/12/2006 00:06] H The Dragon: !online
[19/12/2006 00:10] Harrow: !frags
[19/12/2006 00:10] Harrow: !online
[19/12/2006 00:11] H The Dragon: !online
[19/12/2006 00:11] Fakt: !frags
[19/12/2006 00:12] Sonnenstern: !online
[19/12/2006 00:31] blub: !online
[19/12/2006 00:33] Sturminator: !frags
[19/12/2006 00:35] The KinG oF KniGhT: !online
[19/12/2006 00:39] Denise: !online
[19/12/2006 00:42] Denise: !online
[19/12/2006 00:45] Sturminator: !frags
[19/12/2006 00:48] H The Dragon: !online
[19/12/2006 00:49] Denise: !online
[19/12/2006 00:51] Denise: !online
[19/12/2006 00:54] devilPoP: !online
[19/12/2006 00:58] Sonnenstern: !online
[19/12/2006 01:01] Roxxy: !online
[19/12/2006 01:05] lawQz: !online
[19/12/2006 01:10] Daliya: !online
[19/12/2006 01:11] blub: !online
[19/12/2006 01:17] blub: /goto Kurosaki
[19/12/2006 01:17] blub: /t
[19/12/2006 01:18] Morgaroth: !mana
[19/12/2006 01:19] Morgaroth: !online
[19/12/2006 01:19] blub: /goto kurosaki
[19/12/2006 01:19] blub: /i 2216 1
[19/12/2006 01:21] Roxxy: !online
[19/12/2006 01:25] Kurosaki: !online
[19/12/2006 01:27] Roxxy: !online
[19/12/2006 01:27] Roxxy: !online
[19/12/2006 01:33] Roxxy Sorc: !online
[19/12/2006 01:41] lawQz: !online
[19/12/2006 01:43] salame metalero: !online
[19/12/2006 01:44] Morgaroth: !mana
[19/12/2006 01:44] Morgaroth: !online
[19/12/2006 01:50] DarkApok: !online
[19/12/2006 01:53] Goety: !frags
[19/12/2006 01:54] Morgaroth: !online
[19/12/2006 01:55] DarkApok: !online
[19/12/2006 01:56] DarkApok: !online
[19/12/2006 01:58] Morgaroth: !online
[19/12/2006 02:00] Morgaroth: !online
[19/12/2006 02:04] Roxxy: !online
[19/12/2006 02:09] Natsume: !online
[19/12/2006 02:13] Roxxy: !online
[19/12/2006 02:20] Roxxy: !online
[19/12/2006 02:21] Roxxy: !frags
[19/12/2006 02:22] Roxxy: !online
[19/12/2006 02:32] bobsking: !online
[19/12/2006 02:36] Morgaroth: !mana
[19/12/2006 02:36] Morgaroth: !online
[19/12/2006 02:41] Morgaroth: !online
[19/12/2006 02:45] Noble Paladin: !online
[19/12/2006 02:47] lawQz: !online
[19/12/2006 02:50] hate and sorrow: !online
[19/12/2006 02:53] Noble Paladin: !online
[19/12/2006 03:08] hate and sorrow: !online
[19/12/2006 03:11] Morgaroth: !online
[19/12/2006 03:12] DarkApok: !online
[19/12/2006 03:12] hate and sorrow: !online
[19/12/2006 03:12] Noble Paladin: !online
[19/12/2006 03:12] Noble Paladin: !frags
[19/12/2006 03:16] Morgaroth: !online
[19/12/2006 03:17] DarkApok: !online
[19/12/2006 03:20] DarkApok: !online
[19/12/2006 03:20] Gnoll headhunter: !online
[19/12/2006 03:21] Morgaroth: !online
[19/12/2006 03:21] Natsume: !online
[19/12/2006 03:26] Gnoll headhunter: !online
[19/12/2006 03:30] Morgaroth: !online
[19/12/2006 03:32] hate and sorrow: !frags
[19/12/2006 03:33] hate and sorrow: !online
[19/12/2006 03:34] Morgaroth: !mana
[19/12/2006 03:35] bobsking: !online
[19/12/2006 03:36] Natsume: !online
[19/12/2006 03:40] bobsking: !online
[19/12/2006 03:40] bobsking: !online
[19/12/2006 03:41] hate and sorrow: !online
[19/12/2006 03:49] Morgaroth: !online
[19/12/2006 03:58] Morgaroth: !online
[19/12/2006 04:01] Morgaroth: !mana
[19/12/2006 04:03] Ryo Flaw: !online
[19/12/2006 04:24] Morgaroth: !online
[19/12/2006 04:30] Morgaroth: !mana
[19/12/2006 04:38] Morgaroth: !online
[19/12/2006 04:38] Morgaroth: !online
[19/12/2006 04:39] Morgaroth: !online
[19/12/2006 04:40] Morgaroth: !mana
[19/12/2006 05:14] Ryo Flaw: !online
[19/12/2006 05:21] Ryo Flaw: !online
[19/12/2006 05:26] Ryo Flaw: !online
[19/12/2006 05:30] Maya: !frags
[19/12/2006 05:41] Diabolic Imp : !online
[19/12/2006 05:52] Diabolic Imp : !online
[19/12/2006 05:59] Ryo Flaw: !online
[19/12/2006 06:00] Crussader from Hell: !online
[19/12/2006 06:01] Diabolic Imp : !online
[19/12/2006 06:04] Ryo Flaw: !online
[19/12/2006 06:04] Ryo Flaw: !online
[19/12/2006 06:07] Diabolic Imp : !online
[19/12/2006 06:08] Ravelix: !online
[19/12/2006 06:22] Ryo Flaw: !online
[19/12/2006 06:23] Diabolic Imp : !online
[19/12/2006 06:26] Ravelix: !online
[19/12/2006 06:28] Crussader from Hell: !online
[19/12/2006 06:29] Ravelix: !online
[19/12/2006 06:31] Ravelix: !online
[19/12/2006 06:32] Crussader from Hell: !online
[19/12/2006 06:33] Ravelix: !online
[19/12/2006 06:34] The Dark Side Ninja: !online
[19/12/2006 06:35] Morgaroth: !online
[19/12/2006 06:41] Ravelix: !online
[19/12/2006 06:44] Som Mishko: !online
[19/12/2006 06:48] Morgaroth: !online
[19/12/2006 06:49] TonyFlaw: !frags
[19/12/2006 06:54] TonyFlaw: !online
[19/12/2006 06:54] TonyFlaw: !frags
[19/12/2006 07:04] Morgaroth: !online
[19/12/2006 07:12] Quaze: !online
[19/12/2006 07:14] Ryo Flaw: !online
[19/12/2006 07:23] Lokghart: !online
[19/12/2006 07:23] Lokghart: !online
[19/12/2006 07:27] TonyFlaw: !frags
[19/12/2006 08:13] Ravelix: !online
[19/12/2006 08:14] Sonnenstern: !online
[19/12/2006 08:21] Ravelix: !online
[19/12/2006 08:28] Morgaroth: !online
[19/12/2006 08:33] Ravelix: !online
[19/12/2006 08:36] Crussader from Hell: !online
[19/12/2006 08:39] Mortal Hunter: !online
[19/12/2006 08:50] H The Dragon: !online
[19/12/2006 08:52] Crussader from Hell: !online
[19/12/2006 08:53] Crussader from Hell: !online
[19/12/2006 09:05] Fatal Error: !online
[19/12/2006 09:23] Sonnenstern: !online
[19/12/2006 09:32] Harrow: !online
[19/12/2006 09:41] Crussader from Hell: !online
[19/12/2006 09:50] Crussader from Hell: !online
[19/12/2006 10:05] Sonnenstern: !online
[19/12/2006 10:11] TIESTO: !online
[19/12/2006 10:11] TIESTO: !online
[19/12/2006 10:16] TIESTO: !online
[19/12/2006 10:26] Crussader from Hell: !online
[19/12/2006 10:40] Harrow: !online
[19/12/2006 10:45] Terasar: !frags
[19/12/2006 11:06] Crussader from Hell: !online
[19/12/2006 11:09] Terasar: !online
[19/12/2006 11:29] hate and sorrow: !online
[19/12/2006 11:31] hate and sorrow: !online
[19/12/2006 11:31] hate and sorrow: !online
[19/12/2006 11:33] hate and sorrow: !online
[19/12/2006 11:34] hate and sorrow: !online
[19/12/2006 11:35] hate and sorrow: !online
[19/12/2006 11:36] hate and sorrow: !online
[19/12/2006 11:37] hate and sorrow: !online
[19/12/2006 11:38] hate and sorrow: !online
[19/12/2006 11:40] hate and sorrow: !online
[19/12/2006 11:41] hate and sorrow: !online
[19/12/2006 11:41] hate and sorrow: !online
[19/12/2006 11:42] hate and sorrow: !online
[19/12/2006 11:43] H The Dragon: !online
[19/12/2006 11:43] hate and sorrow: !online
[19/12/2006 11:44] hate and sorrow: !online
[19/12/2006 11:47] hate and sorrow: !online
[19/12/2006 11:49] hate and sorrow: !online
[19/12/2006 11:50] hate and sorrow: !online
[19/12/2006 11:50] hate and sorrow: !online
[19/12/2006 11:52] hate and sorrow: !online
[19/12/2006 11:53] hate and sorrow: !online
[19/12/2006 11:54] Olooo: !online
[19/12/2006 11:55] hate and sorrow: !online
[19/12/2006 11:57] hate and sorrow: !online
[19/12/2006 11:58] hate and sorrow: !online
[19/12/2006 11:59] H The Dragon: !online
[19/12/2006 11:59] hate and sorrow: !online
[19/12/2006 12:00] hate and sorrow: !online
[19/12/2006 12:02] hate and sorrow: !online
[19/12/2006 12:03] hate and sorrow: !online
[19/12/2006 12:04] hate and sorrow: !online
[19/12/2006 12:05] hate and sorrow: !online
[19/12/2006 12:06] hate and sorrow: !online
[19/12/2006 12:07] hate and sorrow: !online
[19/12/2006 12:08] hate and sorrow: !online
[19/12/2006 12:08] Lover to Tarik: !frags
[19/12/2006 12:09] hate and sorrow: !online
[19/12/2006 12:10] dodo-basha: !frags
[19/12/2006 12:11] hate and sorrow: !online
[19/12/2006 12:12] hate and sorrow: !online
[19/12/2006 12:12] dodo-basha: !online
[19/12/2006 12:13] hate and sorrow: !online
[19/12/2006 12:14] Olooo: !exp
[19/12/2006 12:14] hate and sorrow: !online
[19/12/2006 12:15] Ravelix: !online
[19/12/2006 12:15] dodo-basha: !frags
[19/12/2006 12:15] hate and sorrow: !online
[19/12/2006 12:16] dodo-basha: !frags
[19/12/2006 12:17] hate and sorrow: !online
[19/12/2006 12:18] hate and sorrow: !online
[19/12/2006 12:19] Master Jannik: !online
[19/12/2006 12:19] hate and sorrow: !online
[19/12/2006 12:20] Master Jannik: !online
[19/12/2006 12:23] Azzic: !uptime
[19/12/2006 12:26] Denise: !online
[19/12/2006 12:27] H The Dragon: !frags
[19/12/2006 12:27] John Q: !online
[19/12/2006 12:29] Denise: !online
[19/12/2006 12:30] Nabster: !online
[19/12/2006 12:30] Azic: !frags
[19/12/2006 12:30] Nabster: !frags
[19/12/2006 12:37] heakkermaster : !online
[19/12/2006 12:45] Darth Nelia: !online
[19/12/2006 12:54] BolleMaster: !online
[19/12/2006 12:55] H The Dragon: !online
[19/12/2006 12:58] Crussader from Hell: !online
[19/12/2006 13:07] Hot Girl: !frags
[19/12/2006 13:12] H The Dragon: !online
[19/12/2006 13:12] Sonnenstern: !online
[19/12/2006 13:13] Hot Girl: !online
[19/12/2006 13:14] Ravelix: !online
[19/12/2006 13:18] salame metalero: !online
[19/12/2006 13:18] Nabster: !frags
[19/12/2006 13:18] salame metalero: !frags
[19/12/2006 13:21] Star Sword fighter: !online
[19/12/2006 13:23] salame metalero: !frags
[19/12/2006 13:25] salame metalero: !online
[19/12/2006 13:25] Thunder Law: !exp
[19/12/2006 13:25] H The Dragon: !online
[19/12/2006 13:26] Master Jannik: !online
[19/12/2006 13:26] Sentrinel: !online
[19/12/2006 13:31] Nabster: !frags
[19/12/2006 13:31] Jin Freestil Lord: !online
[19/12/2006 13:32] Fifq: !frags
[19/12/2006 13:33] Mewtu: !exp
[19/12/2006 13:33] Mewtu: !mana
[19/12/2006 13:35] Sentrinel: !online
[19/12/2006 13:40] Denise: !online
[19/12/2006 13:43] John Q: !online
[19/12/2006 13:43] salame metalero: !frags
[19/12/2006 13:43] Ca Sky: !frags
[19/12/2006 13:46] Nabster: !frags
[19/12/2006 13:47] Nokoji van Knight: !online
[19/12/2006 13:47] Satana Dei: !frags
[19/12/2006 13:48] Nabster: !online
[19/12/2006 13:48] Nabster: !online
[19/12/2006 13:48] Harrow: !online
[19/12/2006 13:49] lollololol: !frags
[19/12/2006 13:54] Sentrinel: !online
[19/12/2006 13:57] salame metalero: !frags
[19/12/2006 14:00] lollololol: !frags
[19/12/2006 14:00] Nabster: !frags
[19/12/2006 14:03] Krzysiek: !frags
[19/12/2006 14:04] Krzysiek: !frags
[19/12/2006 14:05] Sonnenstern: !online
[19/12/2006 14:06] lollololol: !frags
[19/12/2006 14:06] mitchoro: !online
[19/12/2006 14:06] Master Jannik: !online
[19/12/2006 14:07] lollololol: !frags
[19/12/2006 14:09] Krzysiek: !frags
[19/12/2006 14:11] Hansi: !frags
[19/12/2006 14:11] Red Barret: !frags
[19/12/2006 14:15] TIESTO: !online
[19/12/2006 14:15] donosmama: !frags
[19/12/2006 14:16] salame metalero: !frags
[19/12/2006 14:16] Krzysiek: !frags
[19/12/2006 14:17] Roxxy: !online
[19/12/2006 14:17] salame metalero: !frags
[19/12/2006 14:17] Milan : !frags
[19/12/2006 14:18] Nabster: !frags
[19/12/2006 14:22] Krzysiek: !frags
[19/12/2006 14:24] Nabster: !online
[19/12/2006 14:25] Krzysiek: !frags
[19/12/2006 14:25] Krzysiek: !frags
[19/12/2006 14:25] TIESTO: !online
[19/12/2006 14:26] Timmy Gimmy: !frags
[19/12/2006 14:26] Krzysiek: !frags
[19/12/2006 14:27] Krzysiek: !frags
[19/12/2006 14:28] Krzysiek: !frags
[19/12/2006 14:30] Krzysiek: !frags
[19/12/2006 14:32] salame metalero: !frags
[19/12/2006 14:33] dodo-basha: !frags
[19/12/2006 14:35] Darkslayer: !online
[19/12/2006 14:36] lollololol: !frags
[19/12/2006 14:36] TIESTO: !online
[19/12/2006 14:40] TIESTO: !mana
[19/12/2006 14:40] mitchoro: !frags
[19/12/2006 14:43] Nabster: !frags
[19/12/2006 14:44] Hirschi: !exp
[19/12/2006 14:47] Nabster: !frags
[19/12/2006 14:52] BugsBunny: !online
[19/12/2006 14:53] TIESTO: !mana
[19/12/2006 14:53] Xatton: !online
[19/12/2006 14:54] Sonnenstern: !online
[19/12/2006 14:54] Xatton: !online
[19/12/2006 14:55] Xatton: !online
[19/12/2006 14:56] Xatton: !online
[19/12/2006 14:56] Xatton: !online
[19/12/2006 14:56] Xatton: !online
[19/12/2006 14:57] Xatton: !online
[19/12/2006 14:57] Xatton: !online
[19/12/2006 14:57] Nabster: !frags
[19/12/2006 14:57] Xatton: !online
[19/12/2006 14:57] bobsking: !online
[19/12/2006 14:57] Xatton: !online
[19/12/2006 14:58] Xatton: !online
[19/12/2006 14:58] Xatton: !online
[19/12/2006 14:59] mitchoro: !frags
[19/12/2006 14:59] Ca Sky: !frags
[19/12/2006 15:01] lollololol: !frags
[19/12/2006 15:03] lollololol: !frags
[19/12/2006 15:04] mitchoro: !online
[19/12/2006 15:05] Imrion Fox: /clean
[19/12/2006 15:06] BugsBunny: !online
[19/12/2006 15:08] Xatton: !online
[19/12/2006 15:10] Xatton: !online
[19/12/2006 15:11] Xatton: !online
[19/12/2006 15:11] Xatton: !online
[19/12/2006 15:11] Xatton: !online
[19/12/2006 15:12] Roxxy: !online
[19/12/2006 15:13] Xatton: !online
[19/12/2006 15:14] Xatton: !online
[19/12/2006 15:14] Xatton: !online
[19/12/2006 15:15] Dowminike: !online
[19/12/2006 15:16] Quaze: !online
[19/12/2006 15:20] lollololol: !frags
[19/12/2006 15:20] bobsking: !online
[19/12/2006 15:21] Quaze: !online
[19/12/2006 15:21] Nyce: !online
[19/12/2006 15:21] BolleMaster: !frags
[19/12/2006 15:23] Roxxy: !online
[19/12/2006 15:24] Quaze: !online
[19/12/2006 15:27] Lady Water: !online
[19/12/2006 15:27] Quaze: !online
[19/12/2006 15:28] lollololol: !frags
[19/12/2006 15:31] Xatton: !online
[19/12/2006 15:33] Maddox: !frags
[19/12/2006 15:36] Xatton: !online
[19/12/2006 15:38] Xatton: !online
[19/12/2006 15:41] Xatton: !online
[19/12/2006 15:41] Xatton: !online
[19/12/2006 15:42] lollololol: !frags
[19/12/2006 15:42] The RazOr: !online
[19/12/2006 15:42] Dowminike: !online
[19/12/2006 15:42] The RazOr: !online
[19/12/2006 15:42] Xatton: !online
[19/12/2006 15:42] Xatton: !frags
[19/12/2006 15:42] Xatton: !mana
[19/12/2006 15:43] Xatton: !mana
[19/12/2006 15:43] Avarius: !frags
[19/12/2006 15:44] Xatton: !online
[19/12/2006 15:44] Kotzi: !online
[19/12/2006 15:44] Xatton: !online
[19/12/2006 15:45] lollololol: !frags
[19/12/2006 15:45] bobsking: !online
[19/12/2006 15:46] Xatton: !online
[19/12/2006 15:47] Silfiter Ales: !online
[19/12/2006 15:48] Xatton: !online
[19/12/2006 15:48] Xatton: !online
[19/12/2006 15:48] Xatton: !online
[19/12/2006 15:51] Sir Benni Miles: !frags
[19/12/2006 15:52] Sir Benni Miles: !mana
[19/12/2006 15:52] Sir Benni Miles: !exp
[19/12/2006 15:54] Xatton: !online
[19/12/2006 15:55] Zeyed: !online
[19/12/2006 15:56] bobsking: !online
[19/12/2006 15:58] TIESTO: !online
[19/12/2006 15:58] TIESTO: !mana
[19/12/2006 16:01] TIESTO: !mana
[19/12/2006 16:01] TIESTO: !online
[19/12/2006 16:02] Xatton: !online
[19/12/2006 16:02] ZieZo: !frags
[19/12/2006 16:03] Xatton: !online
[19/12/2006 16:03] TIESTO: !mana
[19/12/2006 16:03] Xatton: !online
[19/12/2006 16:03] ZieZo: !frags
[19/12/2006 16:05] Quaze: !online
[19/12/2006 16:05] Diabolic Imp : !mana
[19/12/2006 16:05] Diabolic Imp : !online
[19/12/2006 16:05] ZieZo: !frags
[19/12/2006 16:05] TIESTO: !mana
[19/12/2006 16:05] Silfiter Ales: !online
[19/12/2006 16:06] TIESTO: !mana
[19/12/2006 16:06] Xatton: !online
[19/12/2006 16:06] TIESTO: !mana
[19/12/2006 16:06] ZieZo: !frags
[19/12/2006 16:06] TIESTO: !mana
[19/12/2006 16:07] Xatton: !online
[19/12/2006 16:07] Tutor Lonely: !online
[19/12/2006 16:07] TIESTO: !mana
[19/12/2006 16:07] Xatton: !online
[19/12/2006 16:09] Xatton: !online
[19/12/2006 16:10] Tutor Lonely: !online
[19/12/2006 16:10] Maddox: !mana
[19/12/2006 16:10] Tutor Lonely: /B Titan Please Message me! 
[19/12/2006 16:10] bobsking: !online
[19/12/2006 16:11] Felyo: !online
[19/12/2006 16:11] Tutor Lonely: /B If you need help and got some questions , then msg me ... it maybe needs some time till i answer ... i CAN'T teleport!
[19/12/2006 16:11] ZieZo: !frags
[19/12/2006 16:11] Polamani Vlas: !online
[19/12/2006 16:13] Dark Druidin: !online
[19/12/2006 16:13] ZieZo: !frags
[19/12/2006 16:13] TripToHell: !frags
[19/12/2006 16:13] TripToHell: !frags
[19/12/2006 16:14] Xatton: !online
[19/12/2006 16:14] Ca Sky: !online
[19/12/2006 16:14] Xatton: !online
[19/12/2006 16:20] blub: /t
[19/12/2006 16:20] Sir Benni Miles: !frags
[19/12/2006 16:20] Maddox: !frags
[19/12/2006 16:22] blub: /clean
[19/12/2006 16:22] Brutale Knolle: !frags
[19/12/2006 16:23] Sir Benni Miles: !frags
[19/12/2006 16:23] blub: /goto xatton
[19/12/2006 16:23] Silfiter Ales: !frags
[19/12/2006 16:24] ZieZo: !frags
[19/12/2006 16:24] Xatton: !online
[19/12/2006 16:25] Xatton: !online
[19/12/2006 16:25] Xatton: !online
[19/12/2006 16:25] Silfiter Ales: !online
[19/12/2006 16:26] Tutor Lonely: !online
[19/12/2006 16:26] ZieZo: !frags
[19/12/2006 16:29] Tutor Lonely: /info Silfiter Ales
[19/12/2006 16:29] Xatton: !online
[19/12/2006 16:30] ZieZo: !frags
[19/12/2006 16:30] Tutor Lonely: /info Silfiter Ales
[19/12/2006 16:33] Maddox: !frags
[19/12/2006 16:36] Leeo: !online
[19/12/2006 16:37] TIESTO: !online
[19/12/2006 16:37] Little Zasolix: !online
[19/12/2006 16:38] Tutor Lonely: !online
[19/12/2006 16:38] blub: /t
[19/12/2006 16:38] blub: !online
[19/12/2006 16:38] blub: !online
[19/12/2006 16:38] blub: !online
[19/12/2006 16:38] blub: !online
[19/12/2006 16:38] blub: !online
[19/12/2006 16:38] blub: /c MOSCHU GIL
[19/12/2006 16:39] Little Zasolix: !frags
[19/12/2006 16:39] Nosterafu: !frags
[19/12/2006 16:39] Nosterafu: !online
[19/12/2006 16:39] TIESTO: !online
[19/12/2006 16:40] dondurmam gaymak: !frags
[19/12/2006 16:42] Xatton: !online
[19/12/2006 16:42] Tutor Lonely: /B i'll relog now! C ya Guys!
[19/12/2006 16:42] Denise: !online
[19/12/2006 16:42] Denise: !online
[19/12/2006 16:42] Xatton: !online
[19/12/2006 16:42] Denise: !online
[19/12/2006 16:43] Darkslayer: !online
[19/12/2006 16:44] Xatton: !online
[19/12/2006 16:46] ZieZo: !frags
[19/12/2006 16:46] Xatton: !online
[19/12/2006 16:46] dondurmam gaymak: !frags
[19/12/2006 16:46] dondurmam gaymak: !frags
[19/12/2006 16:46] ZieZo: !frags
[19/12/2006 16:46] Xevol: !frags
[19/12/2006 16:47] Xevol: !frags
[19/12/2006 16:48] LordTigers: !exp
[19/12/2006 16:48] Silfiter Ales: !online
[19/12/2006 16:50] Xatton: !online
[19/12/2006 16:50] Xatton: !online
[19/12/2006 16:52] Ravelix: !online
[19/12/2006 16:53] TIESTO: !online
[19/12/2006 16:54] Xatton: !online
[19/12/2006 16:55] blub: /goto 297 29 1
[19/12/2006 16:55] ZieZoo: !frags
[19/12/2006 16:55] blub: /c zavri picu
[19/12/2006 16:55] blub: !online
[19/12/2006 16:55] blub: /c zavri picu
[19/12/2006 16:56] blub: !online
[19/12/2006 16:56] blub: /c zavri picu
[19/12/2006 16:56] blub: /m moob pk100x
[19/12/2006 16:56] blub: /m moob pk100x
[19/12/2006 16:56] blub: /m moob pk100x
[19/12/2006 16:56] blub: /m moob pk100x
[19/12/2006 16:56] blub: /m moob pk100x
[19/12/2006 16:56] blub: /m moob pk100x
[19/12/2006 16:56] blub: /m moob pk100x
[19/12/2006 16:56] blub: /m moob pk100x
[19/12/2006 16:56] blub: /m moob pk100x
[19/12/2006 16:57] blub: /m moob pk100x
[19/12/2006 16:57] blub: /m moob pk100x
[19/12/2006 16:57] blub: /m moob pk100x
[19/12/2006 16:57] blub: /m moob pk100x
[19/12/2006 16:57] blub: /m moob pk100x
[19/12/2006 16:57] blub: /m moob pk100x
[19/12/2006 16:57] blub: /m moob pk100x
[19/12/2006 16:57] blub: /m moob pk100x
[19/12/2006 16:58] Xatton: !online
[19/12/2006 17:00] blub: /m moob pk100x
[19/12/2006 17:00] blub: /m moob pk100x
[19/12/2006 17:00] blub: /m moob pk100x
[19/12/2006 17:00] blub: /m moob pk100x
[19/12/2006 17:00] blub: /m moob pk100x
[19/12/2006 17:00] blub: /m moob pk100x
[19/12/2006 17:00] blub: /m moob pk100x
[19/12/2006 17:00] blub: /m moob pk100x
[19/12/2006 17:00] blub: /m moob pk100x
[19/12/2006 17:00] blub: /m moob pk100x
[19/12/2006 17:00] blub: /m moob pk100x
[19/12/2006 17:00] blub: /m moob pk100x
[19/12/2006 17:00] blub: /m moob pk100x
[19/12/2006 17:00] blub: /m moob pk100x
[19/12/2006 17:00] blub: /m moob pk100x
[19/12/2006 17:00] blub: /m moob pk100x
[19/12/2006 17:00] blub: /m moob pk100x
[19/12/2006 17:00] blub: /m moob pk100x
[19/12/2006 17:00] blub: /m moob pk100x
[19/12/2006 17:00] Maddox: !frags
[19/12/2006 17:00] blub: /t
[19/12/2006 17:00] blub: /c zavri picu
[19/12/2006 17:01] dondurmam gaymak: !frags
[19/12/2006 17:01] blub: /goto 297 29 1
[19/12/2006 17:01] dondurmam gaymak: !frags
[19/12/2006 17:01] blub: /c Quaze
[19/12/2006 17:01] blub: /m moob pk100x
[19/12/2006 17:01] blub: /m moob pk100x
[19/12/2006 17:01] blub: /m moob pk100x
[19/12/2006 17:01] blub: /m moob pk100x
[19/12/2006 17:01] blub: /m moob pk100x
[19/12/2006 17:01] blub: /m moob pk100x
[19/12/2006 17:01] blub: /m moob pk100x
[19/12/2006 17:01] blub: /m moob pk100x
[19/12/2006 17:01] blub: /m moob pk100x
[19/12/2006 17:01] blub: /m moob pk100x
[19/12/2006 17:01] blub: /m moob pk100x
[19/12/2006 17:01] blub: /m moob pk100x
[19/12/2006 17:01] blub: /m moob pk100x
[19/12/2006 17:01] blub: /m moob pk100x
[19/12/2006 17:01] blub: /m moob pk100x
[19/12/2006 17:01] blub: /m moob pk100x
[19/12/2006 17:01] blub: /m moob pk100x
[19/12/2006 17:01] blub: /m moob pk100x
[19/12/2006 17:01] blub: /m moob pk100x
[19/12/2006 17:01] blub: /m moob pk100x
[19/12/2006 17:01] blub: /m moob pk100x
[19/12/2006 17:01] blub: /m moob pk100x
[19/12/2006 17:01] blub: /m moob pk100x
[19/12/2006 17:01] blub: /m moob pk100x
[19/12/2006 17:01] blub: /m moob pk100x
[19/12/2006 17:01] blub: /m moob pk100x
[19/12/2006 17:01] blub: /m moob pk100x
[19/12/2006 17:01] blub: /m moob pk100x
[19/12/2006 17:01] blub: /m moob pk100x
[19/12/2006 17:01] blub: /m moob pk100x
[19/12/2006 17:01] blub: /m moob pk100x
[19/12/2006 17:01] blub: /m moob pk100x
[19/12/2006 17:01] blub: /m moob pk100x
[19/12/2006 17:01] blub: /m moob pk100x
[19/12/2006 17:01] blub: /m moob pk100x
[19/12/2006 17:02] blub: /m moob pk100x
[19/12/2006 17:02] blub: /m moob pk100x
[19/12/2006 17:02] blub: /m moob pk100x
[19/12/2006 17:02] blub: /m moob pk100x
[19/12/2006 17:02] blub: /m moob pk100x
[19/12/2006 17:02] blub: /m moob pk100x
[19/12/2006 17:02] blub: /m moob pk100x
[19/12/2006 17:02] blub: /m moob pk100x
[19/12/2006 17:02] blub: /m moob pk100x
[19/12/2006 17:02] blub: /m moob pk100x
[19/12/2006 17:02] blub: /m moob pk100x
[19/12/2006 17:02] blub: /m moob pk100x
[19/12/2006 17:02] blub: /m moob pk100x
[19/12/2006 17:02] blub: /m moob pk100x
[19/12/2006 17:02] blub: /m moob pk100x
[19/12/2006 17:02] blub: /m moob pk100x
[19/12/2006 17:02] blub: /m moob pk100x
[19/12/2006 17:02] blub: /m moob pk100x
[19/12/2006 17:02] blub: /m moob pk100x
[19/12/2006 17:02] blub: /m moob pk100x
[19/12/2006 17:02] blub: /m moob pk100x
[19/12/2006 17:02] blub: /m moob pk100x
[19/12/2006 17:02] blub: /m moob pk100x
[19/12/2006 17:02] blub: /m moob pk100x
[19/12/2006 17:02] blub: /m moob pk100x
[19/12/2006 17:02] blub: /m moob pk100x
[19/12/2006 17:02] blub: /m moob pk100x
[19/12/2006 17:02] blub: /m moob pk100x
[19/12/2006 17:02] blub: /m moob pk100x
[19/12/2006 17:02] blub: /m moob pk100x
[19/12/2006 17:02] blub: /m moob pk100x
[19/12/2006 17:02] blub: /m moob pk100x
[19/12/2006 17:02] blub: /m moob pk100x
[19/12/2006 17:02] blub: /m moob pk100x
[19/12/2006 17:02] blub: /m moob pk100x
[19/12/2006 17:02] blub: /m moob pk100x
[19/12/2006 17:02] blub: /m moob pk100x
[19/12/2006 17:02] blub: /m moob pk100x
[19/12/2006 17:02] blub: /m moob pk100x
[19/12/2006 17:02] blub: /m moob pk100x
[19/12/2006 17:02] blub: /m moob pk100x
[19/12/2006 17:02] blub: /m moob pk100x
[19/12/2006 17:02] blub: /m moob pk100x
[19/12/2006 17:02] blub: /m moob pk100x
[19/12/2006 17:02] blub: /m moob pk100x
[19/12/2006 17:02] blub: /m moob pk100x
[19/12/2006 17:02] blub: /m moob pk100x
[19/12/2006 17:02] blub: /m moob pk100x
[19/12/2006 17:02] blub: /m moob pk100x
[19/12/2006 17:02] blub: /m moob pk100x
[19/12/2006 17:02] blub: /m moob pk100x
[19/12/2006 17:02] blub: /m moob pk100x
[19/12/2006 17:02] blub: /m moob pk100x
[19/12/2006 17:02] blub: /m moob pk100x
[19/12/2006 17:02] blub: /m moob pk100x
[19/12/2006 17:02] blub: /m moob pk100x
[19/12/2006 17:02] blub: /m moob pk100x
[19/12/2006 17:02] blub: /m moob pk100x
[19/12/2006 17:02] blub: /m moob pk100x
[19/12/2006 17:02] blub: /m moob pk100x
[19/12/2006 17:02] blub: /m moob pk100x
[19/12/2006 17:02] blub: /m moob pk100x
[19/12/2006 17:02] blub: /m moob pk100x
[19/12/2006 17:02] blub: /m moob pk100x
[19/12/2006 17:02] blub: /m moob pk100x
[19/12/2006 17:02] blub: /m moob pk100x
[19/12/2006 17:02] blub: /m moob pk100x
[19/12/2006 17:02] blub: /m moob pk100x
[19/12/2006 17:02] blub: /m moob pk100x
[19/12/2006 17:02] blub: /m moob pk100x
[19/12/2006 17:02] blub: /m moob pk100x
[19/12/2006 17:02] blub: /m moob pk100x
[19/12/2006 17:02] blub: /m moob pk100x
[19/12/2006 17:02] blub: /m moob pk100x
[19/12/2006 17:02] blub: /m moob pk100x
[19/12/2006 17:02] blub: /m moob pk100x
[19/12/2006 17:02] blub: /m moob pk100x
[19/12/2006 17:02] blub: /m moob pk100x
[19/12/2006 17:02] blub: /m moob pk100x
[19/12/2006 17:02] blub: /m moob pk100x
[19/12/2006 17:02] blub: /m moob pk100x
[19/12/2006 17:02] blub: /m moob pk100x
[19/12/2006 17:02] blub: /m moob pk100x
[19/12/2006 17:02] blub: /m moob pk100x
[19/12/2006 17:02] blub: /m moob pk100x
[19/12/2006 17:02] blub: /m moob pk100x
[19/12/2006 17:02] blub: /m moob pk100x
[19/12/2006 17:02] blub: /m moob pk100x
[19/12/2006 17:02] blub: /m moob pk100x
[19/12/2006 17:02] blub: /m moob pk100x
[19/12/2006 17:02] blub: /m moob pk100x
[19/12/2006 17:02] blub: /m moob pk100x
[19/12/2006 17:02] blub: /m moob pk100x
[19/12/2006 17:02] blub: /m moob pk100x
[19/12/2006 17:02] blub: /m moob pk100x
[19/12/2006 17:02] blub: /m moob pk100x
[19/12/2006 17:02] blub: /m moob pk100x
[19/12/2006 17:02] blub: /m moob pk100x
[19/12/2006 17:02] blub: /m moob pk100x
[19/12/2006 17:02] blub: /m moob pk100x
[19/12/2006 17:02] blub: /m moob pk100x
[19/12/2006 17:02] blub: /m moob pk100x
[19/12/2006 17:02] blub: /m moob pk100x
[19/12/2006 17:02] blub: /m moob pk100x
[19/12/2006 17:02] blub: /m moob pk100x
[19/12/2006 17:02] blub: /m moob pk100x
[19/12/2006 17:02] blub: /m moob pk100x
[19/12/2006 17:02] blub: /m moob pk100x
[19/12/2006 17:02] blub: /m moob pk100x
[19/12/2006 17:02] blub: /m moob pk100x
[19/12/2006 17:02] blub: /m moob pk100x
[19/12/2006 17:02] blub: /m moob pk100x
[19/12/2006 17:02] blub: /m moob pk100x
[19/12/2006 17:02] blub: /m moob pk100x
[19/12/2006 17:02] blub: /m moob pk100x
[19/12/2006 17:02] blub: /m moob pk100x
[19/12/2006 17:02] blub: /m moob pk100x
[19/12/2006 17:02] blub: /m moob pk100x
[19/12/2006 17:02] blub: /m moob pk100x
[19/12/2006 17:02] blub: /m moob pk100x
[19/12/2006 17:02] blub: /m moob pk100x
[19/12/2006 17:02] blub: /m moob pk100x
[19/12/2006 17:02] blub: /m moob pk100x
[19/12/2006 17:02] blub: /m moob pk100x
[19/12/2006 17:02] blub: /m moob pk100x
[19/12/2006 17:02] blub: /m moob pk100x
[19/12/2006 17:02] blub: /m moob pk100x
[19/12/2006 17:02] blub: /m moob pk100x
[19/12/2006 17:02] blub: /m moob pk100x
[19/12/2006 17:02] blub: /m moob pk100x
[19/12/2006 17:02] blub: /m moob pk100x
[19/12/2006 17:02] blub: /m moob pk100x
[19/12/2006 17:02] blub: /m moob pk100x
[19/12/2006 17:02] blub: /m moob pk100x
[19/12/2006 17:02] blub: /m moob pk100x
[19/12/2006 17:02] blub: /m moob pk100x
[19/12/2006 17:02] blub: /m moob pk100x
[19/12/2006 17:02] blub: /m moob pk100x
[19/12/2006 17:02] blub: /m moob pk100x
[19/12/2006 17:02] blub: /m moob pk100x
[19/12/2006 17:02] blub: /m moob pk100x
[19/12/2006 17:02] blub: /m moob pk100x
[19/12/2006 17:02] blub: /m moob pk100x
[19/12/2006 17:02] blub: /m moob pk100x
[19/12/2006 17:02] blub: /m moob pk100x
[19/12/2006 17:02] blub: /m moob pk100x
[19/12/2006 17:02] blub: /m moob pk100x
[19/12/2006 17:02] blub: /t
[19/12/2006 17:02] blub: /c Quaze
[19/12/2006 17:03] blub: /goto Knight The Devil
[19/12/2006 17:04] Xatton: !online
[19/12/2006 17:04] Xatton: !online
[19/12/2006 17:05] blub: /c sawko
[19/12/2006 17:05] blub: /c sawko
[19/12/2006 17:05] blub: /c sawko
[19/12/2006 17:05] blub: /c sawko
[19/12/2006 17:05] blub: /c sawko
[19/12/2006 17:05] blub: /c sawko
[19/12/2006 17:05] blub: /c sawko
[19/12/2006 17:05] blub: /c sawko
[19/12/2006 17:05] blub: /c sawko
[19/12/2006 17:05] blub: /c sawko
[19/12/2006 17:05] blub: /c sawko
[19/12/2006 17:05] blub: /c sawko
[19/12/2006 17:05] blub: /c sawko
[19/12/2006 17:05] blub: /c sawko
[19/12/2006 17:05] blub: /c sawko
[19/12/2006 17:05] blub: /c sawko
[19/12/2006 17:05] blub: /c sawko
[19/12/2006 17:05] blub: /c sawko
[19/12/2006 17:05] blub: /c sawko
[19/12/2006 17:05] blub: /c sawko
[19/12/2006 17:05] blub: /c sawko
[19/12/2006 17:05] blub: !online
[19/12/2006 17:05] blub: /c sawko
[19/12/2006 17:05] blub: !online
[19/12/2006 17:05] blub: /c sawko
[19/12/2006 17:05] blub: !online
[19/12/2006 17:05] blub: /c sawko
[19/12/2006 17:05] blub: !online
[19/12/2006 17:05] blub: /c sawko
[19/12/2006 17:05] blub: !online
[19/12/2006 17:05] blub: /c sawko
[19/12/2006 17:05] blub: !online
[19/12/2006 17:05] blub: !online
[19/12/2006 17:05] blub: !online
[19/12/2006 17:05] blub: !online
[19/12/2006 17:05] blub: !online
[19/12/2006 17:05] blub: !online
[19/12/2006 17:05] blub: !online
[19/12/2006 17:05] blub: !online
[19/12/2006 17:05] blub: !online
[19/12/2006 17:05] blub: !online
[19/12/2006 17:05] blub: !online
[19/12/2006 17:05] blub: !online
[19/12/2006 17:05] blub: !online
[19/12/2006 17:05] blub: !online
[19/12/2006 17:05] blub: !online
[19/12/2006 17:05] blub: !online
[19/12/2006 17:05] blub: !online
[19/12/2006 17:05] blub: !online
[19/12/2006 17:05] blub: !online
[19/12/2006 17:05] blub: !online
[19/12/2006 17:05] blub: !online
[19/12/2006 17:05] blub: !online
[19/12/2006 17:05] blub: !online
[19/12/2006 17:05] blub: !online
[19/12/2006 17:05] blub: !online
[19/12/2006 17:06] blub: !online
[19/12/2006 17:06] blub: /c sawko
[19/12/2006 17:06] dondurmam gaymak: !frags
[19/12/2006 17:06] blub: /a 30
[19/12/2006 17:06] BugsBunny: !online
[19/12/2006 17:07] blub: /t
[19/12/2006 17:07] Roxxy: !online
[19/12/2006 17:08] blub: /goto Knight The Devil
[19/12/2006 17:08] blub: /i 3968 1
[19/12/2006 17:10] dondurmam gaymak: !frags
[19/12/2006 17:11] blub: /goto roxxy
[19/12/2006 17:12] BugsBunny: !online
[19/12/2006 17:13] Xatton: !online
[19/12/2006 17:13] Xatton: !online
[19/12/2006 17:14] blub: /goto 297 29 1
[19/12/2006 17:14] blub: /c roxxy
[19/12/2006 17:14] blub: /m moob pk100x
[19/12/2006 17:14] blub: /m moob pk100x
[19/12/2006 17:14] blub: /m moob pk100x
[19/12/2006 17:14] blub: /m moob pk100x
[19/12/2006 17:14] blub: /m moob pk100x
[19/12/2006 17:14] blub: /m moob pk100x
[19/12/2006 17:14] blub: /m moob pk100x
[19/12/2006 17:14] blub: /m moob pk100x
[19/12/2006 17:14] blub: /m moob pk100x
[19/12/2006 17:14] blub: /m moob pk100x
[19/12/2006 17:14] blub: /m moob pk100x
[19/12/2006 17:14] blub: /m moob pk100x
[19/12/2006 17:14] blub: /m moob pk100x
[19/12/2006 17:14] blub: /m moob pk100x
[19/12/2006 17:14] blub: /m moob pk100x
[19/12/2006 17:14] blub: /m moob pk100x
[19/12/2006 17:14] blub: /m moob pk100x
[19/12/2006 17:14] blub: /m moob pk100x
[19/12/2006 17:14] blub: /m moob pk100x
[19/12/2006 17:14] blub: /m moob pk100x
[19/12/2006 17:14] blub: /m moob pk100x
[19/12/2006 17:14] blub: /m moob pk100x
[19/12/2006 17:14] blub: /m moob pk100x
[19/12/2006 17:14] blub: /m moob pk100x
[19/12/2006 17:14] blub: /m moob pk100x
[19/12/2006 17:14] blub: /m moob pk100x
[19/12/2006 17:14] blub: /m moob pk100x
[19/12/2006 17:14] blub: /m moob pk100x
[19/12/2006 17:14] blub: /m moob pk100x
[19/12/2006 17:14] blub: /m moob pk100x
[19/12/2006 17:14] blub: /m moob pk100x
[19/12/2006 17:14] blub: /m moob pk100x
[19/12/2006 17:14] blub: /m moob pk100x
[19/12/2006 17:14] blub: /m moob pk100x
[19/12/2006 17:14] blub: /m moob pk100x
[19/12/2006 17:14] blub: /m moob pk100x
[19/12/2006 17:14] blub: /m moob pk100x
[19/12/2006 17:14] blub: /m moob pk100x
[19/12/2006 17:14] blub: /m moob pk100x
[19/12/2006 17:14] blub: /m moob pk100x
[19/12/2006 17:14] blub: /t
[19/12/2006 17:14] blub: /c roxxy
[19/12/2006 17:14] blub: /c roxxy
[19/12/2006 17:15] TIESTO: !online
[19/12/2006 17:16] uru cokimbo: !online
[19/12/2006 17:17] Soul of Bloodly Pall: !frags
[19/12/2006 17:17] Soul of Bloodly Pall: !frags
[19/12/2006 17:18] Xatton: !online
[19/12/2006 17:18] Nyce: !frags
[19/12/2006 17:19] Xatton: !online
[19/12/2006 17:19] Xatton: !online
[19/12/2006 17:20] Sonnenstern: !online
[19/12/2006 17:20] Sonnenstern: !online
[19/12/2006 17:22] Little Zasolix: !frags
[19/12/2006 17:23] Lukcik Almighty: !online
[19/12/2006 17:23] Lukcik Almighty: !online
[19/12/2006 17:23] Lukcik Almighty: !online
[19/12/2006 17:23] Lukcik Almighty: !online
[19/12/2006 17:23] Lukcik Almighty: !online
[19/12/2006 17:23] Lukcik Almighty: !online
[19/12/2006 17:23] zavri picu: !online
[19/12/2006 17:23] Lukcik Almighty: !online
[19/12/2006 17:23] zavri picu: !online
[19/12/2006 17:23] zavri picu: !online
[19/12/2006 17:23] zavri picu: !online
[19/12/2006 17:23] zavri picu: !online
[19/12/2006 17:23] Lukcik Almighty: !online
[19/12/2006 17:23] Lukcik Almighty: !online
[19/12/2006 17:23] Lukcik Almighty: !online
[19/12/2006 17:23] Lukcik Almighty: !online
[19/12/2006 17:24] Lukcik Almighty: !online
[19/12/2006 17:24] Abyss: /closeserver
[19/12/2006 17:25] Abyss: /save
