[05/01/2007 13:40] Freedom Fighter: /m orc
[05/01/2007 13:41] Freedom Fighter: /c shadow shinobi
[05/01/2007 13:41] Freedom Fighter: !online
[05/01/2007 13:41] Freedom Fighter: /invisible
[05/01/2007 13:43] Freedom Fighter: /goto j u d e
[05/01/2007 13:44] Freedom Fighter: /m jeti
[05/01/2007 13:45] Freedom Fighter: /m jety
[05/01/2007 13:45] Freedom Fighter: /m eti
[05/01/2007 13:45] Freedom Fighter: /m etti
[05/01/2007 13:45] Freedom Fighter: /m etty
[05/01/2007 13:45] Freedom Fighter: /m ety
[05/01/2007 13:48] Freedom Fighter: /m dragon
[05/01/2007 13:50] Freedom Fighter: /c yeti
[05/01/2007 13:51] Freedom Fighter: !online
[05/01/2007 13:51] Freedom Fighter: /goto TIESTO
[05/01/2007 13:51] Freedom Fighter: /goto hot girl
[05/01/2007 13:51] Freedom Fighter: /goto lawQz
[05/01/2007 13:51] Freedom Fighter: /goto polek
[05/01/2007 13:52] Freedom Fighter: /goto freedom fighter
[05/01/2007 13:52] Freedom Fighter: /goto Freedom Fighter
[05/01/2007 13:53] Freedom Fighter: /goto AzirA
[05/01/2007 13:53] Freedom Fighter: /goto rapi
[05/01/2007 13:53] Freedom Fighter: /goto pyza
[05/01/2007 13:53] Freedom Fighter: /goto pyza 
[05/01/2007 13:53] Freedom Fighter: /goto Nab of Hell
[05/01/2007 13:53] Freedom Fighter: /goto hillox
[05/01/2007 13:54] Freedom Fighter: /goto HashBrowny
[05/01/2007 13:54] Freedom Fighter: !online
[05/01/2007 13:54] Freedom Fighter: /goto Omietka
[05/01/2007 13:54] Freedom Fighter: /goto honess
[05/01/2007 16:51] GM Skinner: /goto Damion
[05/01/2007 16:52] GM Skinner: /owner Damion
[05/01/2007 20:12] Imrion Fox: /clean
[06/01/2007 10:48] System: /closeserver
[06/01/2007 10:49] System: /save
[06/01/2007 18:08] {[HGM]}Shinry: /getonline
[06/01/2007 18:09] {[HGM]}Shinry: /goto Adagio
[06/01/2007 18:09] {[HGM]}Shinry: /a 2
[06/01/2007 18:11] {[HGM]}Shinry: /info Folter
[06/01/2007 18:11] {[HGM]}Shinry: /info Adagio
[06/01/2007 18:11] {[HGM]}Shinry: /info Myx
[06/01/2007 18:11] {[HGM]}Shinry: /info Koi
[06/01/2007 18:11] {[HGM]}Shinry: /info Koi 
[06/01/2007 18:13] {[HGM]}Shinry: /getonline
[06/01/2007 18:13] {[HGM]}Shinry: /goto Kewin sam w domu
[06/01/2007 18:14] {[HGM]}Shinry: /b Kewin sam w domu
[06/01/2007 18:14] {[HGM]}Shinry: /goto KnIgHt Of LiGhT
[06/01/2007 18:14] {[HGM]}Shinry: /goto Sonnenstern
[06/01/2007 18:15] {[HGM]}Shinry: /goto Damion
[06/01/2007 18:15] {[HGM]}Shinry: /goto Damion 
[06/01/2007 18:15] {[HGM]}Shinry: /goto Damion
[06/01/2007 18:15] {[HGM]}Shinry: /getonline
[06/01/2007 18:15] {[HGM]}Shinry: /goto ZieZo
[06/01/2007 18:15] {[HGM]}Shinry: /goto Counter
[06/01/2007 18:16] {[HGM]}Shinry: /a 15
[06/01/2007 18:20] {[HGM]}Shinry: /getonline
[06/01/2007 18:20] {[HGM]}Shinry: /goto Satana Dei
[06/01/2007 18:20] {[HGM]}Shinry: /goto Hirschi
[06/01/2007 18:21] {[HGM]}Shinry: /goto Defin
[06/01/2007 18:21] {[HGM]}Shinry: /goto Defin 
[06/01/2007 18:21] {[HGM]}Shinry: /goto Ryo Flaw
[06/01/2007 18:22] {[HGM]}Shinry: /goto hyro
[06/01/2007 18:22] {[HGM]}Shinry: /goto nogard
[06/01/2007 18:22] {[HGM]}Shinry: /goto Myx
[06/01/2007 18:23] {[HGM]}Shinry: /goto Vodka Star
[06/01/2007 18:24] {[HGM]}Shinry: /getonline
[06/01/2007 18:24] {[HGM]}Shinry: /goto Neo Volcom
[06/01/2007 18:24] {[HGM]}Shinry: /goto Rapi
[06/01/2007 18:25] {[HGM]}Shinry: /goto Folter
[06/01/2007 18:26] {[HGM]}Shinry: /goto lozamoza
[06/01/2007 18:26] {[HGM]}Shinry: /goto Zekul
[06/01/2007 18:27] {[HGM]}Shinry: /goto Patriarchas
[06/01/2007 18:27] {[HGM]}Shinry: /goto SkAtEee
[06/01/2007 18:27] {[HGM]}Shinry: /goto Dead Skull
[06/01/2007 18:28] {[HGM]}Shinry: /goto Dead Skull
[06/01/2007 18:28] {[HGM]}Shinry: /goto Dead Skull 
[06/01/2007 18:28] {[HGM]}Shinry: /getonline
[06/01/2007 18:28] {[HGM]}Shinry: /goto Hakan
[06/01/2007 18:29] {[HGM]}Shinry: /goto uru peteco
[06/01/2007 18:29] {[HGM]}Shinry: /goto Schwin
[06/01/2007 18:30] {[HGM]}Shinry: /goto Sir Benni Miles
[06/01/2007 18:30] {[HGM]}Shinry: /goto Mewtu
[06/01/2007 18:31] {[HGM]}Shinry: /goto Zehso
[06/01/2007 18:31] {[HGM]}Shinry: /goto TripToHell
[06/01/2007 18:32] {[HGM]}Shinry: /goto Stara Krowa II
[06/01/2007 18:33] {[HGM]}Shinry: /getonline
[06/01/2007 18:33] {[HGM]}Shinry: /goto Felyo
[06/01/2007 18:33] {[HGM]}Shinry: /goto Sir Psycho Sexy
[06/01/2007 18:35] {[HGM]}Shinry: /getonline
[06/01/2007 18:35] {[HGM]}Shinry: /goto Mirol Paladyn
[06/01/2007 18:35] {[HGM]}Shinry: /goto Descapullator
[06/01/2007 18:36] {[HGM]}Shinry: /goto the dark ness II
[06/01/2007 18:36] {[HGM]}Shinry: /goto Bomben Ulf
[06/01/2007 18:40] {[HGM]}Shinry: /getonline
[06/01/2007 18:44] {[HGM]}Shinry: /owner DamNiT
[06/01/2007 18:44] {[HGM]}Shinry: /goto Counter
[06/01/2007 18:45] {[HGM]}Shinry: /goto Koi 
[06/01/2007 18:46] {[HGM]}Shinry: /a 1
[06/01/2007 18:48] {[HGM]}Shinry: /goto Counter
[06/01/2007 18:51] G Shine M: /c {[HGM]}Shinry
[06/01/2007 18:51] G Shine M: /c {[HGM]}Shinry
[06/01/2007 18:51] G Shine M: /c {[HGM]}Shinry
[06/01/2007 18:51] G Shine M: /c {[HGM]}Shinry
[06/01/2007 18:51] G Shine M: /c {[HGM]}Shinry
[06/01/2007 18:51] G Shine M: /c {[HGM]}Shinry
[06/01/2007 18:51] G Shine M: /c {[HGM]}Shinry
[06/01/2007 18:51] G Shine M: /c {[HGM]}Shinry
[06/01/2007 18:51] G Shine M: /c {[HGM]}Shinry
[06/01/2007 18:51] G Shine M: /c {[HGM]}Shinry
[06/01/2007 18:51] G Shine M: /c {[HGM]}Shinry
[06/01/2007 18:51] G Shine M: /c {[HGM]}Shinry
[06/01/2007 18:51] G Shine M: /c {[HGM]}Shinry
[06/01/2007 18:51] G Shine M: /c {[HGM]}Shinry
[06/01/2007 18:51] G Shine M: /c {[HGM]}Shinry
[06/01/2007 18:51] G Shine M: /c {[HGM]}Shinry
[06/01/2007 18:51] G Shine M: /c {[HGM]}Shinry
[06/01/2007 18:51] G Shine M: /c {[HGM]}Shinry
[06/01/2007 18:51] G Shine M: /c {[HGM]}Shinry
[06/01/2007 18:51] G Shine M: /c {[HGM]}Shinry
[06/01/2007 18:51] G Shine M: /c {[HGM]}Shinry
[06/01/2007 18:51] G Shine M: /c {[HGM]}Shinry
[06/01/2007 18:51] G Shine M: /c {[HGM]}Shinry
[06/01/2007 18:51] G Shine M: /c {[HGM]}Shinry
[06/01/2007 18:51] G Shine M: /c {[HGM]}Shinry
[06/01/2007 19:41] Imrion Fox: /invisible
[06/01/2007 19:42] Imrion Fox: !online
[06/01/2007 19:42] Imrion Fox: /clean
[07/01/2007 01:45] GM Adrian-g: !online
[07/01/2007 01:45] GM Adrian-g: /a 20x
[07/01/2007 02:31] blub: /clean
[07/01/2007 15:40] Abyss: /closeserver
[07/01/2007 15:41] Abyss: /save
[07/01/2007 19:20] {[HGM]}Shinry: /getonline
[07/01/2007 19:21] GM Adrian-g: !online
[07/01/2007 19:22] {[HGM]}Shinry: /goto Adagio
[07/01/2007 19:22] GM Adrian-g: /a 5x
[07/01/2007 19:22] {[HGM]}Shinry: /goto zavri picu
[07/01/2007 19:26] {[HGM]}Shinry: /getonline
[07/01/2007 19:26] {[HGM]}Shinry: /goto Schwin
[07/01/2007 19:27] {[HGM]}Shinry: /invisible
[07/01/2007 19:31] {[HGM]}Shinry: /invisible
[07/01/2007 19:34] {[HGM]}Shinry: /invisible
[07/01/2007 19:34] {[HGM]}Shinry: /getonline
[07/01/2007 19:34] {[HGM]}Shinry: /goto Neo Volcom
[07/01/2007 19:34] {[HGM]}Shinry: /invisible
[07/01/2007 19:35] {[HGM]}Shinry: /goto Sonnenstern
[07/01/2007 19:35] {[HGM]}Shinry: /goto TripToHell
[07/01/2007 19:35] {[HGM]}Shinry: /goto uru knight
[07/01/2007 19:35] {[HGM]}Shinry: /goto Bomben Ulf
[07/01/2007 19:35] {[HGM]}Shinry: /getonline
[07/01/2007 19:35] {[HGM]}Shinry: /goto DamNiT
[07/01/2007 19:36] {[HGM]}Shinry: /goto BluePowerRanger
[07/01/2007 19:36] {[HGM]}Shinry: /goto Darkkilla
[07/01/2007 19:36] {[HGM]}Shinry: /goto Avril
[07/01/2007 19:36] {[HGM]}Shinry: /goto Gankstar
[07/01/2007 19:38] {[HGM]}Shinry: /goto GM Adrian-g
[07/01/2007 19:38] {[HGM]}Shinry: /getonline
[07/01/2007 19:38] {[HGM]}Shinry: /goto Catsik Knight
[07/01/2007 19:38] {[HGM]}Shinry: /goto Zekul
[07/01/2007 19:38] {[HGM]}Shinry: /goto Hot Girl
[07/01/2007 19:38] {[HGM]}Shinry: /goto Lord zurek
[07/01/2007 19:38] {[HGM]}Shinry: /goto Koka Sorcerer
[07/01/2007 19:39] {[HGM]}Shinry: /goto Stone Giant
[07/01/2007 19:39] {[HGM]}Shinry: /goto masterkiller
[07/01/2007 19:39] {[HGM]}Shinry: /goto SiraXer
[07/01/2007 19:39] {[HGM]}Shinry: /getonline
[07/01/2007 19:40] {[HGM]}Shinry: /goto Pyza
[07/01/2007 19:40] {[HGM]}Shinry: /goto Pyza 
[07/01/2007 19:40] {[HGM]}Shinry: /goto Satana Dei
[07/01/2007 19:40] {[HGM]}Shinry: /goto Dot
[07/01/2007 19:40] {[HGM]}Shinry: /goto Xatton
[07/01/2007 19:40] {[HGM]}Shinry: /goto sencillita
[07/01/2007 19:41] {[HGM]}Shinry: /getonline
[07/01/2007 19:41] {[HGM]}Shinry: /goto lawQz
[07/01/2007 19:41] {[HGM]}Shinry: /goto Sir Benni Miles
[07/01/2007 19:41] {[HGM]}Shinry: /goto Rotiderum
[07/01/2007 19:41] {[HGM]}Shinry: /goto Vodka Star
[07/01/2007 19:42] {[HGM]}Shinry: /goto Vodka Star
[07/01/2007 19:42] {[HGM]}Shinry: /goto Khalimdor
[07/01/2007 19:42] {[HGM]}Shinry: /goto Lord Qualax
[07/01/2007 19:44] {[HGM]}Shinry: /getonline
[07/01/2007 19:44] {[HGM]}Shinry: /goto Xell
[07/01/2007 19:44] {[HGM]}Shinry: /goto sencillita
[07/01/2007 19:44] {[HGM]}Shinry: /goto piolin el vergudo
[07/01/2007 19:44] {[HGM]}Shinry: /goto Som Dracik
[07/01/2007 19:45] {[HGM]}Shinry: /goto 1460 310 7
[07/01/2007 19:49] {[HGM]}Shinry: /invisible
[07/01/2007 19:49] {[HGM]}Shinry: /goto Xatton
[07/01/2007 19:49] {[HGM]}Shinry: /c Xatton
[07/01/2007 19:50] {[HGM]}Shinry: /goto Xatton
[07/01/2007 19:50] GM Adrian-g: /goto zekul
[07/01/2007 19:51] GM Adrian-g: /c neo volcom
[07/01/2007 19:51] {[HGM]}Shinry: /goto Xatton
[07/01/2007 19:51] {[HGM]}Shinry: /c Xatton
[07/01/2007 19:52] GM Adrian-g: /m alien demon
[07/01/2007 19:52] {[HGM]}Shinry: /goto Xatton
[07/01/2007 19:52] {[HGM]}Shinry: /c Xatton
[07/01/2007 19:52] {[HGM]}Shinry: /goto Xatton
[07/01/2007 19:52] {[HGM]}Shinry: /goto Xatton
[07/01/2007 19:52] {[HGM]}Shinry: /invisible
[07/01/2007 19:52] {[HGM]}Shinry: /c Xatton
[07/01/2007 19:53] GM Adrian-g: /a 5x
[07/01/2007 19:53] {[HGM]}Shinry: /goto Xatton
[07/01/2007 19:53] {[HGM]}Shinry: /goto Xatton
[07/01/2007 19:53] {[HGM]}Shinry: /goto Xatton
[07/01/2007 19:53] {[HGM]}Shinry: /goto Xatton
[07/01/2007 19:53] {[HGM]}Shinry: /goto Xatton
[07/01/2007 19:53] {[HGM]}Shinry: /goto Xatton
[07/01/2007 19:53] {[HGM]}Shinry: /goto Xatton
[07/01/2007 19:53] {[HGM]}Shinry: /goto Xatton
[07/01/2007 19:53] {[HGM]}Shinry: /goto Xatton
[07/01/2007 19:53] {[HGM]}Shinry: /goto Xatton
[07/01/2007 19:53] {[HGM]}Shinry: /goto Xatton
[07/01/2007 19:53] {[HGM]}Shinry: /goto Xatton
[07/01/2007 19:53] {[HGM]}Shinry: /goto Xatton
[07/01/2007 19:53] {[HGM]}Shinry: /goto Xatton
[07/01/2007 19:53] {[HGM]}Shinry: /goto Xatton
[07/01/2007 19:53] GM Adrian-g: /c masterkiller
[07/01/2007 19:53] {[HGM]}Shinry: /goto Xatton
[07/01/2007 19:53] GM Adrian-g: /c neo volcom
[07/01/2007 19:53] {[HGM]}Shinry: /goto Xatton
[07/01/2007 19:54] {[HGM]}Shinry: /goto Xatton
[07/01/2007 20:02] GM Adrian-g: /m alien demon
[07/01/2007 20:03] GM Adrian-g: /a 5x
[07/01/2007 20:03] GM Adrian-g: /a 5x
[07/01/2007 20:04] GM Adrian-g: /c ganksta
[07/01/2007 20:04] GM Adrian-g: /c gankstar
[07/01/2007 20:04] GM Adrian-g: /m god of light
[07/01/2007 20:09] {[HGM]}Shinry: /t
[07/01/2007 20:09] {[HGM]}Shinry: /a 15
[07/01/2007 20:09] {[HGM]}Shinry: /goto GM Adrian-g
[07/01/2007 20:10] {[HGM]}Shinry: /a 4
[07/01/2007 20:11] {[HGM]}Shinry: /a 3
[07/01/2007 20:11] {[HGM]}Shinry: /a 3
[07/01/2007 20:11] {[HGM]}Shinry: /a 3
[07/01/2007 20:12] GM Adrian-g: /t
[07/01/2007 20:12] {[HGM]}Shinry: /goto GM Adrian-g
[07/01/2007 20:13] {[HGM]}Shinry: /t
[07/01/2007 20:14] {[HGM]}Shinry: /c Xatton
[07/01/2007 20:15] GM Adrian-g: /m dragon lord
[07/01/2007 20:16] GM Adrian-g: /m demon
[07/01/2007 20:16] GM Adrian-g: /m demon
[07/01/2007 20:17] GM Adrian-g: /m demon
[07/01/2007 20:17] GM Adrian-g: /m demon
[07/01/2007 20:17] {[HGM]}Shinry: /t
[07/01/2007 20:17] GM Adrian-g: /m demon
[07/01/2007 20:18] {[HGM]}Shinry: /a 14
[07/01/2007 20:18] GM Adrian-g: /m demon
[07/01/2007 20:18] GM Adrian-g: /m demon
[07/01/2007 20:18] GM Adrian-g: /m demon
[07/01/2007 20:18] {[HGM]}Shinry: /summon Dragon lord
[07/01/2007 20:18] GM Adrian-g: /m demon
[07/01/2007 20:18] GM Adrian-g: /m demon
[07/01/2007 20:18] {[HGM]}Shinry: /summon Dragon lord
[07/01/2007 20:19] {[HGM]}Shinry: /summon Ancient Scarab
[07/01/2007 20:19] GM Adrian-g: /m demon
[07/01/2007 20:19] {[HGM]}Shinry: /summon Demon
[07/01/2007 20:19] GM Adrian-g: /m demon
[07/01/2007 20:19] {[HGM]}Shinry: /m Demon
[07/01/2007 20:20] GM Adrian-g: /m demon
[07/01/2007 20:20] {[HGM]}Shinry: /m Lich
[07/01/2007 20:20] GM Adrian-g: /m banshee
[07/01/2007 20:20] {[HGM]}Shinry: /m Cerberus
[07/01/2007 20:20] GM Adrian-g: /m behemoth
[07/01/2007 20:20] GM Adrian-g: /m behemoth
[07/01/2007 20:20] GM Adrian-g: /m demon
[07/01/2007 20:21] {[HGM]}Shinry: /m Demon
[07/01/2007 20:22] GM Adrian-g: /m demon
[07/01/2007 20:22] GM Adrian-g: /m demon
[07/01/2007 20:23] {[HGM]}Shinry: /m Warlock
[07/01/2007 20:24] GM Adrian-g: /m demon
[07/01/2007 20:24] GM Adrian-g: /m demon
[07/01/2007 20:24] {[HGM]}Shinry: /m Demon
[07/01/2007 20:25] GM Adrian-g: /m demon noob
[07/01/2007 20:25] GM Adrian-g: /m demon
[07/01/2007 20:25] GM Adrian-g: /m demon
[07/01/2007 20:25] {[HGM]}Shinry: /m Demon
[07/01/2007 20:26] GM Adrian-g: /m demon
[07/01/2007 20:26] GM Adrian-g: /m demon
[07/01/2007 20:26] {[HGM]}Shinry: /m Demon
[07/01/2007 20:27] {[HGM]}Shinry: /m Cave rat
[07/01/2007 20:27] GM Adrian-g: /m god enel
[07/01/2007 20:28] {[HGM]}Shinry: /m Cerberus
[07/01/2007 20:28] GM Adrian-g: /m demon
[07/01/2007 20:28] GM Adrian-g: /m demon
[07/01/2007 20:28] {[HGM]}Shinry: /m Cerberus
[07/01/2007 20:29] GM Adrian-g: /m demon
[07/01/2007 20:30] GM Adrian-g: /m demon
[07/01/2007 20:30] {[HGM]}Shinry: /goto 1460 310 7
[07/01/2007 20:30] {[HGM]}Shinry: /goto 547 222 7
[07/01/2007 20:30] {[HGM]}Shinry: /goto Sonnenstern
[07/01/2007 20:30] {[HGM]}Shinry: /owner Sonnenstern
[07/01/2007 20:31] {[HGM]}Shinry: /goto 547 222 7
[07/01/2007 20:31] {[HGM]}Shinry: /up
[07/01/2007 20:31] {[HGM]}Shinry: /up
[07/01/2007 20:31] {[HGM]}Shinry: /a 3
[07/01/2007 20:31] {[HGM]}Shinry: /a 3
[07/01/2007 20:31] {[HGM]}Shinry: /up
[07/01/2007 20:31] {[HGM]}Shinry: /up
[07/01/2007 20:31] {[HGM]}Shinry: /up
[07/01/2007 20:31] {[HGM]}Shinry: /down
[07/01/2007 20:31] {[HGM]}Shinry: /a 6
[07/01/2007 20:31] {[HGM]}Shinry: /a 6
[07/01/2007 20:31] {[HGM]}Shinry: /a 6
[07/01/2007 20:31] {[HGM]}Shinry: /a 6
[07/01/2007 20:31] {[HGM]}Shinry: /a 6
[07/01/2007 20:31] {[HGM]}Shinry: /a 6
[07/01/2007 20:31] {[HGM]}Shinry: /a 6
[07/01/2007 20:32] {[HGM]}Shinry: /a 6
[07/01/2007 20:32] {[HGM]}Shinry: /a 6
[07/01/2007 20:32] {[HGM]}Shinry: /a 6
[07/01/2007 20:32] {[HGM]}Shinry: /t
[07/01/2007 20:32] {[HGM]}Shinry: /a 15
[07/01/2007 20:32] {[HGM]}Shinry: /m Crimson
[07/01/2007 20:32] {[HGM]}Shinry: /m Krato
[07/01/2007 20:40] GM Adrian-g: /m dragon lord
[07/01/2007 20:40] GM Adrian-g: /m dragon lord
[07/01/2007 20:41] GM Adrian-g: /m hydra
[07/01/2007 20:42] GM Adrian-g: /m hydra
[07/01/2007 20:42] GM Adrian-g: /m hydra
[07/01/2007 21:23] GM Adrian-g: /up
[07/01/2007 21:23] GM Adrian-g: /up
[07/01/2007 21:23] GM Adrian-g: /up
[07/01/2007 21:23] GM Adrian-g: /up
[07/01/2007 21:23] GM Adrian-g: /c tiesto
[07/01/2007 21:24] GM Adrian-g: /m demon
[07/01/2007 21:24] GM Adrian-g: /m god of light
[07/01/2007 21:24] GM Adrian-g: /m god of light
[07/01/2007 21:24] GM Adrian-g: /m god of light
[07/01/2007 21:24] GM Adrian-g: /m god of light
[07/01/2007 21:24] GM Adrian-g: /m god of light
[07/01/2007 21:24] GM Adrian-g: /m god of light
[07/01/2007 21:24] GM Adrian-g: /m god of light
[07/01/2007 21:24] GM Adrian-g: /m god of light
[07/01/2007 21:25] GM Adrian-g: /m god of light
[07/01/2007 21:25] GM Adrian-g: /m god of light
[07/01/2007 21:26] GM Adrian-g: /m god of light
[07/01/2007 21:26] GM Adrian-g: /m god of light
[07/01/2007 21:26] GM Adrian-g: /m god of light
[07/01/2007 21:26] GM Adrian-g: /m god of light
[07/01/2007 21:26] GM Adrian-g: /m god of light
[07/01/2007 21:27] GM Adrian-g: /t
[07/01/2007 21:27] GM Adrian-g: /a 20x
[07/01/2007 21:27] GM Adrian-g: /a 5x
[07/01/2007 21:27] GM Adrian-g: /c tiesto
[07/01/2007 21:27] GM Adrian-g: /goto sencillita
[07/01/2007 21:28] GM Adrian-g: /c sencillita
[07/01/2007 21:33] GM Adrian-g: /goto master bono
[07/01/2007 21:41] GM Adrian-g: /c DarK ZoRc
[07/01/2007 21:41] GM Adrian-g: /c DarK ZoRc
[07/01/2007 21:41] GM Adrian-g: /c DarK ZoRc
[07/01/2007 21:41] GM Adrian-g: /c DarK ZoRc
[07/01/2007 21:48] GM Adrian-g: /goto tiesto
[07/01/2007 21:49] GM Adrian-g: /c tiesto
[07/01/2007 21:49] GM Adrian-g: /c tiesto
[07/01/2007 21:50] kamatos: /invisible
[07/01/2007 21:51] GM Adrian-g: /goto The Apocalypse
[07/01/2007 21:52] kamatos: /goto 547 222 7
[07/01/2007 21:52] kamatos: /goto 547 222 7
[07/01/2007 21:53] kamatos: /goto god of light
[07/01/2007 21:53] kamatos: /goto god of light
[07/01/2007 21:53] kamatos: /goto god of light
[07/01/2007 21:54] kamatos: /t
[07/01/2007 21:55] kamatos: /t
[07/01/2007 21:55] GM Adrian-g: /t
[07/01/2007 21:56] GM Adrian-g: /a 20x
[07/01/2007 21:56] GM Adrian-g: /a 5x
[07/01/2007 21:58] GM Adrian-g: /goto sencillita
[07/01/2007 21:59] Imrion Fox: !online
[07/01/2007 22:05] Imrion Fox: !online
[07/01/2007 22:06] GM Adrian-g: /c reiss
[07/01/2007 22:07] GM Adrian-g: /c reiss
[07/01/2007 22:07] Imrion Fox: !online
[07/01/2007 22:07] GM Adrian-g: /c reiss
[07/01/2007 22:10] GM Adrian-g: /ban Reiss
[07/01/2007 22:10] GM Adrian-g: /c sencillita
[07/01/2007 22:10] Imrion Fox: !online
[07/01/2007 22:11] Imrion Fox: !online
[07/01/2007 22:16] Imrion Fox: !online
[07/01/2007 22:22] GM Adrian-g: /c sencillita
[07/01/2007 22:36] GM Adrian-g: /c sencillita
[07/01/2007 22:49] GM Adrian-g: /pvp 0
[07/01/2007 22:54] GM Adrian-g: /i 2160 100
[08/01/2007 00:06] GM Adrian-g: /goto sencillita
[08/01/2007 00:07] GM Adrian-g: /a 1x
[08/01/2007 00:07] GM Adrian-g: /a 1x
[08/01/2007 00:07] GM Adrian-g: /a 1x
[08/01/2007 00:07] GM Adrian-g: /a 1x
[08/01/2007 00:07] GM Adrian-g: /a 1x
[08/01/2007 00:10] GM Adrian-g: /a 1x
[08/01/2007 00:10] GM Adrian-g: /a 1x
[08/01/2007 00:10] GM Adrian-g: /a 1x
[08/01/2007 00:13] GM Adrian-g: /down
[08/01/2007 00:14] GM Adrian-g: /up
[08/01/2007 00:14] GM Adrian-g: /i 4382 i
[08/01/2007 00:15] GM Adrian-g: /a 1x
[08/01/2007 00:16] GM Adrian-g: /m flamingo
[08/01/2007 00:17] GM Adrian-g: /c tiesto
[08/01/2007 00:17] GM Adrian-g: /c tiesto
[08/01/2007 00:17] GM Adrian-g: /c tiesto
[08/01/2007 00:17] GM Adrian-g: /c tiesto
[08/01/2007 00:17] GM Adrian-g: /a 5x
[08/01/2007 00:17] GM Adrian-g: /m demon noob
[08/01/2007 00:17] GM Adrian-g: /a 5x
[08/01/2007 00:18] GM Adrian-g: /up
[08/01/2007 00:18] GM Adrian-g: /up
[08/01/2007 00:18] GM Adrian-g: /up
[08/01/2007 00:18] GM Adrian-g: /up
[08/01/2007 00:18] GM Adrian-g: /c felyo
[08/01/2007 00:19] GM Adrian-g: /m god of light
[08/01/2007 00:19] GM Adrian-g: /m god of light
[08/01/2007 00:19] GM Adrian-g: /m god of light
[08/01/2007 00:19] GM Adrian-g: /m god of light
[08/01/2007 00:19] GM Adrian-g: /m god of light
[08/01/2007 00:19] GM Adrian-g: /m god of light
[08/01/2007 00:19] GM Adrian-g: /m god of light
[08/01/2007 00:19] GM Adrian-g: /m god of light
[08/01/2007 00:19] GM Adrian-g: /t
[08/01/2007 00:19] GM Adrian-g: /a 20x
[08/01/2007 00:19] GM Adrian-g: /goto sencillita
[08/01/2007 00:19] GM Adrian-g: /goto pyza
[08/01/2007 00:20] GM Adrian-g: /c felyo
[08/01/2007 00:21] GM Adrian-g: /goto pyza 
[08/01/2007 00:21] GM Adrian-g: /c b style
[08/01/2007 00:24] GM Adrian-g: /m god enel
[08/01/2007 00:24] GM Adrian-g: /c pyza 
[08/01/2007 00:25] GM Adrian-g: /c xblood
[08/01/2007 00:25] GM Adrian-g: /c tiesto
[08/01/2007 00:25] GM Adrian-g: /c tiesto
[08/01/2007 00:26] GM Adrian-g: /c xblood
[08/01/2007 00:26] GM Adrian-g: /c pyza 
[08/01/2007 00:26] GM Adrian-g: /c lawqz
[08/01/2007 00:29] GM Adrian-g: /c xblood
[08/01/2007 00:29] GM Adrian-g: /c pyza 
[08/01/2007 00:30] GM Adrian-g: /c pyza 
[08/01/2007 00:32] GM Adrian-g: /a 5x
[08/01/2007 00:32] GM Adrian-g: /goto sencillita
[08/01/2007 00:36] GM Adrian-g: /m demon noob
[08/01/2007 00:37] GM Adrian-g: /m demon noob
[08/01/2007 00:37] GM Adrian-g: /m demon noob
[08/01/2007 00:50] GM Adrian-g: /c tiesto
[08/01/2007 00:50] GM Adrian-g: /c tiesto
[08/01/2007 00:51] GM Adrian-g: /goto tiesto
[08/01/2007 00:51] GM Adrian-g: /goto tiesto
[08/01/2007 00:51] GM Adrian-g: /goto tiesto
[08/01/2007 00:51] GM Adrian-g: /goto tiesto
[08/01/2007 00:51] GM Adrian-g: /goto tiesto
[08/01/2007 00:51] GM Adrian-g: /goto tiesto
[08/01/2007 00:51] GM Adrian-g: /goto tiesto
[08/01/2007 00:52] GM Adrian-g: /goto tiesto
[08/01/2007 00:58] GM Adrian-g: /a 1x
[08/01/2007 00:58] GM Adrian-g: /a 1x
[08/01/2007 00:58] GM Adrian-g: /a 1x
[08/01/2007 00:58] GM Adrian-g: /a 1x
[08/01/2007 01:12] GM Adrian-g: /goto tiesto
[08/01/2007 01:12] GM Adrian-g: /t
[08/01/2007 01:12] GM Adrian-g: /t
[08/01/2007 01:12] GM Adrian-g: /goto tiesto
[08/01/2007 01:14] GM Adrian-g: /goto tiesto
[08/01/2007 01:18] GM Adrian-g: /c sencillita
[08/01/2007 01:19] GM Adrian-g: /i 2179 i
[08/01/2007 01:20] GM Adrian-g: /t
[08/01/2007 01:20] GM Adrian-g: /a 20x
[08/01/2007 01:20] GM Adrian-g: /a 5x
[08/01/2007 01:20] GM Adrian-g: /c tiesto
[08/01/2007 01:20] GM Adrian-g: /c sencillita
[08/01/2007 01:22] GM Adrian-g: /goto pyza 
[08/01/2007 01:24] GM Adrian-g: /goto sencillita
[08/01/2007 01:36] GM Adrian-g: /up
[08/01/2007 01:36] GM Adrian-g: /down
[08/01/2007 01:37] GM Adrian-g: /owner DarkIII
[08/01/2007 02:04] GM Adrian-g: /i 2160 25
[08/01/2007 02:09] GM Adrian-g: /i 2160 50
[08/01/2007 14:50] Imrion Fox: /clean
[08/01/2007 18:11] Tutor Benny Bonge: /B Bla
[08/01/2007 18:11] Tutor Benny Bonge: /B hi all nopvp fans
[08/01/2007 18:14] Tutor Benny Bonge: /B Bla Bla Bla
[08/01/2007 18:14] Tutor Benny Bonge: /B Dotn Say So Bullshir
[08/01/2007 18:14] Tutor Benny Bonge: /B Dont
[08/01/2007 18:14] Tutor Benny Bonge: /B u say to me noob who gonna spawming ffs
[08/01/2007 18:14] Tutor Benny Bonge: /B sry all
[08/01/2007 18:15] Tutor Benny Bonge: /B By?? aLittle Kiddy
[08/01/2007 18:18] Tutor Benny Bonge: /B 3.0
[08/01/2007 18:19] Tutor Benny Bonge: /B 4:0 
[08/01/2007 18:38] Consellor Boris: /B Greetings
[08/01/2007 18:38] Consellor Boris: /invisible
[08/01/2007 18:40] Consellor Boris: /B 18:40 You see Home Boy (Level 146). He is  Dark Bloody Wizard. He is D12 of RPG (Gaylordi).
[08/01/2007 18:40] Consellor Boris: /B very gay!
[08/01/2007 18:42] Consellor Boris: /B a chopper is attacking the old city
[08/01/2007 18:42] Consellor Boris: /B get in pz or fight against it
[08/01/2007 18:42] Consellor Boris: /c Chopper
[08/01/2007 18:42] Consellor Boris: /B the chopper is destroying old city
[08/01/2007 18:44] Consellor Boris: /B god enel strike old city
[08/01/2007 18:44] Consellor Boris: /c God Enel
[08/01/2007 18:45] Consellor Boris: /B they attack old cit
[08/01/2007 18:45] Consellor Boris: /c Mihawk Falkenauge
[08/01/2007 18:46] Consellor Boris: /c Chopper
[08/01/2007 18:46] Consellor Boris: /c God Enel
[08/01/2007 18:48] Consellor Boris: /c Krato
[08/01/2007 18:48] Consellor Boris: /t
[08/01/2007 18:48] Consellor Boris: /c Krato
[08/01/2007 18:48] Consellor Boris: /B Kratos attacking old city defend our hometown
[08/01/2007 18:48] Consellor Boris: /B no i am not german
[08/01/2007 18:49] Consellor Boris: /B and i just talk with ppl on english
[08/01/2007 18:49] Tutor Benny Bonge: /B Bla Bla Bla Dont Spawm Consellor
[08/01/2007 18:49] Consellor Boris: /B FU
[08/01/2007 18:50] Consellor Boris: /c Quwz
[08/01/2007 18:50] Consellor Boris: /c Quwz
[08/01/2007 18:50] Consellor Boris: /c Krato
[08/01/2007 18:51] Consellor Boris: /c Quwz
[08/01/2007 18:53] Tutor Benny Bonge: /B Why U Macked That Fuck monsters
[08/01/2007 18:53] Tutor Benny Bonge: /B ???
[08/01/2007 18:53] Consellor Boris: /B u should first learn some english and than try talk with me
[08/01/2007 18:53] Tutor Benny Bonge: /B Lol ur only a damn noob
[08/01/2007 18:54] Tutor Benny Bonge: /B Have See How many Players Died??
[08/01/2007 18:54] Consellor Boris: /B i told everyone that monsters will come
[08/01/2007 18:57] Consellor Boris: /c Chopper
[08/01/2007 18:58] Consellor Boris: /c Tutor Benny Bonge
[08/01/2007 18:58] Consellor Boris: /t
[08/01/2007 18:58] Consellor Boris: /c Quwz
[08/01/2007 18:58] Tutor Benny Bonge: /B HAAH RLY HAPPY FUCKER
[08/01/2007 18:58] Consellor Boris: /B Chopper in old city
[08/01/2007 18:58] Tutor Benny Bonge: /B but i love screens
[08/01/2007 18:59] Consellor Boris: /B Tutor Benny Bonge died for titanium
[08/01/2007 18:59] Tutor Benny Bonge: /B but i love screens
[08/01/2007 18:59] Tutor Benny Bonge: /B and i have 1
[08/01/2007 19:00] Consellor Boris: /B chopper in old city!
[08/01/2007 19:01] Consellor Boris: /B if u wanna know hwere the chpper is than search if u dont wanna face it than stay in pz
[08/01/2007 19:02] Consellor Boris: /invisible
[08/01/2007 19:05] Consellor Boris: /t
[08/01/2007 19:06] Consellor Boris: /invisible
[08/01/2007 19:07] Consellor Boris: /B some mighty monsters are attacking the Dark World Of Odin
[08/01/2007 19:07] Consellor Boris: /c Chopper
[08/01/2007 19:07] Consellor Boris: /c Chopper
[08/01/2007 19:08] Consellor Boris: /c Chopper
[08/01/2007 19:08] Consellor Boris: /c Mihawk falkenauge
[08/01/2007 19:09] Consellor Boris: /c God Enel
[08/01/2007 19:09] Consellor Boris: /B some noobs blocked me and now i am too bored to make more monsters
[08/01/2007 19:10] Consellor Boris: /c Fallen Angel
[08/01/2007 19:10] Consellor Boris: /B a fallen angel spwned in Deser
[08/01/2007 19:10] Consellor Boris: /B a fallen angel spwned in Desert*
[08/01/2007 19:11] Consellor Boris: /B ger famus or die try'in
[08/01/2007 19:11] Consellor Boris: /B get famus or die try'in
[08/01/2007 19:12] Consellor Boris: /c Quwz
[08/01/2007 19:15] Consellor Boris: /B everyone go on his own risk to fallen angel
[08/01/2007 19:15] Consellor Boris: /c Boxer
[08/01/2007 19:17] Consellor Boris: /c Prezifix
[08/01/2007 19:20] Consellor Boris: /t
[08/01/2007 19:22] Consellor Boris: /c Quwz
[08/01/2007 19:24] blub: /clean
[08/01/2007 19:24] blub: !online
[08/01/2007 19:25] blub: /goto Sonnenstern
[08/01/2007 19:25] blub: /goto fallen angel
[08/01/2007 19:26] blub: /a 3
[08/01/2007 19:26] blub: /goto fallen angel
[08/01/2007 19:26] Consellor Boris: /getonline
[08/01/2007 19:26] Consellor Boris: /t
[08/01/2007 19:29] blub: /goto fallen angel
[08/01/2007 19:30] Consellor Boris: /invisible
[08/01/2007 19:33] blub: /a 300
[08/01/2007 19:33] blub: /a 300
[08/01/2007 19:33] blub: /a 20
[08/01/2007 19:33] blub: /a 20
[08/01/2007 19:33] blub: /a 20
[08/01/2007 19:33] blub: /a 20
[08/01/2007 19:33] blub: /a 20
[08/01/2007 19:33] blub: /a 20
[08/01/2007 19:33] blub: /a 20
[08/01/2007 19:33] blub: /a 20
[08/01/2007 19:33] blub: /a 20
[08/01/2007 19:33] blub: /a 20
[08/01/2007 19:33] blub: /a 20
[08/01/2007 19:33] blub: /a 20
[08/01/2007 19:33] blub: /a 20
[08/01/2007 19:33] blub: /up
[08/01/2007 19:33] blub: /up
[08/01/2007 19:33] blub: /up
[08/01/2007 19:33] blub: /up
[08/01/2007 19:33] blub: /c zekul
[08/01/2007 19:33] blub: /t
[08/01/2007 19:34] blub: /goto 297 29 1
[08/01/2007 19:34] blub: /c mewtu
[08/01/2007 19:34] blub: /m moob pk100x
[08/01/2007 19:34] blub: /m moob pk100x
[08/01/2007 19:34] blub: /m moob pk100x
[08/01/2007 19:34] blub: /m moob pk100x
[08/01/2007 19:34] blub: /m moob pk100x
[08/01/2007 19:34] blub: /m moob pk100x
[08/01/2007 19:34] blub: /m moob pk100x
[08/01/2007 19:34] blub: /m moob pk100x
[08/01/2007 19:34] blub: /m moob pk100x
[08/01/2007 19:34] blub: /m moob pk100x
[08/01/2007 19:34] blub: /m moob pk100x
[08/01/2007 19:34] blub: /m moob pk100x
[08/01/2007 19:34] blub: /m moob pk100x
[08/01/2007 19:34] blub: /m moob pk100x
[08/01/2007 19:34] blub: /m moob pk100x
[08/01/2007 19:34] blub: /m moob pk100x
[08/01/2007 19:34] blub: /m moob pk100x
[08/01/2007 19:34] blub: /m moob pk100x
[08/01/2007 19:34] blub: /m moob pk100x
[08/01/2007 19:34] blub: /m moob pk100x
[08/01/2007 19:34] blub: /m moob pk100x
[08/01/2007 19:34] blub: /m moob pk100x
[08/01/2007 19:34] blub: /m moob pk100x
[08/01/2007 19:34] blub: /m moob pk100x
[08/01/2007 19:34] blub: /m moob pk100x
[08/01/2007 19:34] blub: /m moob pk100x
[08/01/2007 19:34] blub: /m moob pk100x
[08/01/2007 19:34] blub: /m moob pk100x
[08/01/2007 19:34] blub: /m moob pk100x
[08/01/2007 19:34] blub: /m moob pk100x
[08/01/2007 19:34] blub: /m moob pk100x
[08/01/2007 19:34] blub: /m moob pk100x
[08/01/2007 19:34] blub: /m moob pk100x
[08/01/2007 19:34] blub: /m moob pk100x
[08/01/2007 19:34] blub: /m moob pk100x
[08/01/2007 19:34] blub: /m moob pk100x
[08/01/2007 19:34] blub: /m moob pk100x
[08/01/2007 19:34] blub: /m moob pk100x
[08/01/2007 19:34] blub: /m moob pk100x
[08/01/2007 19:34] blub: /m moob pk100x
[08/01/2007 19:34] blub: /m moob pk100x
[08/01/2007 19:34] blub: /m moob pk100x
[08/01/2007 19:34] blub: /m moob pk100x
[08/01/2007 19:34] blub: /m moob pk100x
[08/01/2007 19:34] blub: /m moob pk100x
[08/01/2007 19:34] blub: /m moob pk100x
[08/01/2007 19:34] blub: /m moob pk100x
[08/01/2007 19:34] blub: /m moob pk100x
[08/01/2007 19:34] blub: /m moob pk100x
[08/01/2007 19:34] blub: /m moob pk100x
[08/01/2007 19:34] blub: /m moob pk100x
[08/01/2007 19:34] blub: /m moob pk100x
[08/01/2007 19:34] blub: /m moob pk100x
[08/01/2007 19:34] blub: /m moob pk100x
[08/01/2007 19:34] blub: /m moob pk100x
[08/01/2007 19:34] blub: /m moob pk100x
[08/01/2007 19:34] blub: /m moob pk100x
[08/01/2007 19:34] blub: /m moob pk100x
[08/01/2007 19:34] blub: /m moob pk100x
[08/01/2007 19:34] blub: /m moob pk100x
[08/01/2007 19:34] blub: /m moob pk100x
[08/01/2007 19:34] blub: /m moob pk100x
[08/01/2007 19:34] blub: /m moob pk100x
[08/01/2007 19:34] blub: /m moob pk100x
[08/01/2007 19:34] blub: /m moob pk100x
[08/01/2007 19:34] blub: /m moob pk100x
[08/01/2007 19:34] blub: /m moob pk100x
[08/01/2007 19:34] blub: /m moob pk100x
[08/01/2007 19:34] blub: /m moob pk100x
[08/01/2007 19:34] blub: /m moob pk100x
[08/01/2007 19:34] blub: /m moob pk100x
[08/01/2007 19:34] blub: /m moob pk100x
[08/01/2007 19:34] blub: /m moob pk100x
[08/01/2007 19:34] blub: /m moob pk100x
[08/01/2007 19:34] blub: /m moob pk100x
[08/01/2007 19:34] blub: /m moob pk100x
[08/01/2007 19:34] blub: /m moob pk100x
[08/01/2007 19:34] blub: /m moob pk100x
[08/01/2007 19:34] blub: /m moob pk100x
[08/01/2007 19:34] blub: /m moob pk100x
[08/01/2007 19:34] blub: /m moob pk100x
[08/01/2007 19:34] blub: /m moob pk100x
[08/01/2007 19:34] blub: /m moob pk100x
[08/01/2007 19:34] blub: /m moob pk100x
[08/01/2007 19:34] blub: /m moob pk100x
[08/01/2007 19:34] blub: /m moob pk100x
[08/01/2007 19:34] blub: /m moob pk100x
[08/01/2007 19:34] blub: /m moob pk100x
[08/01/2007 19:34] blub: /m moob pk100x
[08/01/2007 19:34] blub: /m moob pk100x
[08/01/2007 19:34] blub: /m moob pk100x
[08/01/2007 19:34] blub: /m moob pk100x
[08/01/2007 19:34] blub: /m moob pk100x
[08/01/2007 19:34] blub: /m moob pk100x
[08/01/2007 19:34] blub: /m moob pk100x
[08/01/2007 19:34] blub: /m moob pk100x
[08/01/2007 19:34] blub: /m moob pk100x
[08/01/2007 19:34] blub: /m moob pk100x
[08/01/2007 19:34] blub: /m moob pk100x
[08/01/2007 19:34] blub: /m moob pk100x
[08/01/2007 19:34] blub: /m moob pk100x
[08/01/2007 19:34] blub: /m moob pk100x
[08/01/2007 19:34] blub: /m moob pk100x
[08/01/2007 19:34] blub: /m moob pk100x
[08/01/2007 19:34] blub: /m moob pk100x
[08/01/2007 19:34] blub: /m moob pk100x
[08/01/2007 19:34] blub: /m moob pk100x
[08/01/2007 19:34] blub: /m moob pk100x
[08/01/2007 19:34] blub: /m moob pk100x
[08/01/2007 19:34] blub: /m moob pk100x
[08/01/2007 19:34] blub: /m moob pk100x
[08/01/2007 19:34] blub: /m moob pk100x
[08/01/2007 19:34] blub: /m moob pk100x
[08/01/2007 19:34] blub: /m moob pk100x
[08/01/2007 19:34] blub: /m moob pk100x
[08/01/2007 19:34] blub: /m moob pk100x
[08/01/2007 19:34] blub: /m moob pk100x
[08/01/2007 19:34] blub: /m moob pk100x
[08/01/2007 19:34] blub: /m moob pk100x
[08/01/2007 19:34] blub: /m moob pk100x
[08/01/2007 19:34] blub: /m moob pk100x
[08/01/2007 19:34] blub: /m moob pk100x
[08/01/2007 19:34] blub: /m moob pk100x
[08/01/2007 19:34] blub: /m moob pk100x
[08/01/2007 19:34] blub: /m moob pk100x
[08/01/2007 19:34] blub: /m moob pk100x
[08/01/2007 19:34] blub: /m moob pk100x
[08/01/2007 19:34] blub: /m moob pk100x
[08/01/2007 19:34] blub: /m moob pk100x
[08/01/2007 19:34] blub: /m moob pk100x
[08/01/2007 19:34] blub: /m moob pk100x
[08/01/2007 19:34] blub: /m moob pk100x
[08/01/2007 19:34] blub: /m moob pk100x
[08/01/2007 19:34] blub: /m moob pk100x
[08/01/2007 19:34] blub: /m moob pk100x
[08/01/2007 19:34] blub: /m moob pk100x
[08/01/2007 19:34] blub: /m moob pk100x
[08/01/2007 19:34] blub: /m moob pk100x
[08/01/2007 19:34] blub: /m moob pk100x
[08/01/2007 19:34] blub: /m moob pk100x
[08/01/2007 19:34] blub: /m moob pk100x
[08/01/2007 19:34] blub: /m moob pk100x
[08/01/2007 19:34] blub: /m moob pk100x
[08/01/2007 19:34] blub: /m moob pk100x
[08/01/2007 19:34] blub: /m moob pk100x
[08/01/2007 19:34] blub: /m moob pk100x
[08/01/2007 19:34] blub: /m moob pk100x
[08/01/2007 19:34] blub: /m moob pk100x
[08/01/2007 19:34] blub: /m moob pk100x
[08/01/2007 19:34] blub: /m moob pk100x
[08/01/2007 19:34] blub: /m moob pk100x
[08/01/2007 19:34] blub: /m moob pk100x
[08/01/2007 19:34] blub: /m moob pk100x
[08/01/2007 19:34] blub: /m moob pk100x
[08/01/2007 19:34] blub: /m moob pk100x
[08/01/2007 19:34] blub: /m moob pk100x
[08/01/2007 19:34] blub: /m moob pk100x
[08/01/2007 19:34] blub: /m moob pk100x
[08/01/2007 19:34] blub: /m moob pk100x
[08/01/2007 19:34] blub: /m moob pk100x
[08/01/2007 19:34] blub: /m moob pk100x
[08/01/2007 19:34] blub: /m moob pk100x
[08/01/2007 19:34] blub: /m moob pk100x
[08/01/2007 19:34] blub: /m moob pk100x
[08/01/2007 19:34] blub: /m moob pk100x
[08/01/2007 19:34] blub: /m moob pk100x
[08/01/2007 19:34] blub: /m moob pk100x
[08/01/2007 19:34] blub: /m moob pk100x
[08/01/2007 19:34] blub: /m moob pk100x
[08/01/2007 19:34] blub: /m moob pk100x
[08/01/2007 19:34] blub: /m moob pk100x
[08/01/2007 19:34] blub: /m moob pk100x
[08/01/2007 19:34] blub: /m moob pk100x
[08/01/2007 19:34] blub: /m moob pk100x
[08/01/2007 19:34] blub: /m moob pk100x
[08/01/2007 19:34] blub: /m moob pk100x
[08/01/2007 19:34] blub: /m moob pk100x
[08/01/2007 19:34] blub: /m moob pk100x
[08/01/2007 19:34] blub: /m moob pk100x
[08/01/2007 19:34] blub: /m moob pk100x
[08/01/2007 19:34] blub: /m moob pk100x
[08/01/2007 19:34] blub: /m moob pk100x
[08/01/2007 19:34] blub: /m moob pk100x
[08/01/2007 19:34] blub: /m moob pk100x
[08/01/2007 19:34] blub: /m moob pk100x
[08/01/2007 19:34] blub: /m moob pk100x
[08/01/2007 19:34] blub: /m moob pk100x
[08/01/2007 19:34] blub: /m moob pk100x
[08/01/2007 19:34] blub: /m moob pk100x
[08/01/2007 19:34] blub: /m moob pk100x
[08/01/2007 19:34] blub: /m moob pk100x
[08/01/2007 19:34] blub: /m moob pk100x
[08/01/2007 19:34] blub: /m moob pk100x
[08/01/2007 19:34] blub: /m moob pk100x
[08/01/2007 19:34] blub: /m moob pk100x
[08/01/2007 19:34] blub: /m moob pk100x
[08/01/2007 19:34] blub: /m moob pk100x
[08/01/2007 19:34] blub: /m moob pk100x
[08/01/2007 19:34] blub: /m moob pk100x
[08/01/2007 19:34] blub: /m moob pk100x
[08/01/2007 19:34] blub: /m moob pk100x
[08/01/2007 19:34] blub: /m moob pk100x
[08/01/2007 19:34] blub: /m moob pk100x
[08/01/2007 19:34] blub: /m moob pk100x
[08/01/2007 19:34] blub: /m moob pk100x
[08/01/2007 19:34] blub: /m moob pk100x
[08/01/2007 19:34] blub: /m moob pk100x
[08/01/2007 19:34] blub: /m moob pk100x
[08/01/2007 19:34] blub: /m moob pk100x
[08/01/2007 19:34] blub: /m moob pk100x
[08/01/2007 19:34] blub: /m moob pk100x
[08/01/2007 19:34] blub: /m moob pk100x
[08/01/2007 19:34] blub: /m moob pk100x
[08/01/2007 19:34] blub: /m moob pk100x
[08/01/2007 19:34] blub: /m moob pk100x
[08/01/2007 19:34] blub: /m moob pk100x
[08/01/2007 19:34] blub: /m moob pk100x
[08/01/2007 19:34] blub: /m moob pk100x
[08/01/2007 19:34] blub: /pvp 1
[08/01/2007 19:34] blub: /m moob pk100x
[08/01/2007 19:34] blub: /m moob pk100x
[08/01/2007 19:34] blub: /m moob pk100x
[08/01/2007 19:34] blub: /m moob pk100x
[08/01/2007 19:34] blub: /m moob pk100x
[08/01/2007 19:34] blub: /m moob pk100x
[08/01/2007 19:34] blub: /m moob pk100x
[08/01/2007 19:34] blub: /m moob pk100x
[08/01/2007 19:34] blub: /m moob pk100x
[08/01/2007 19:34] blub: /m moob pk100x
[08/01/2007 19:34] blub: /m moob pk100x
[08/01/2007 19:34] blub: /t
[08/01/2007 19:35] blub: /c mewtu
[08/01/2007 19:36] blub: /kick thunder law
[08/01/2007 19:36] blub: /c nabster
[08/01/2007 19:36] blub: /goto nabster
[08/01/2007 20:39] GM Adrian-g: /t
[08/01/2007 20:39] GM Adrian-g: /c Shadow Shinobi
[08/01/2007 20:49] GM Adrian-g: /a 5x
[08/01/2007 20:50] GM Adrian-g: /goto Shadow Shinobi
[08/01/2007 20:50] GM Adrian-g: /goto Shadow Shinobi
[08/01/2007 20:55] GM Adrian-g: /t
[08/01/2007 20:55] GM Adrian-g: /c Shadow Shinobi
[08/01/2007 21:01] GM Adrian-g: /invisible
[08/01/2007 21:02] GM Adrian-g: /a 1x
[08/01/2007 21:14] Natitto: /c shadow shinobi
[08/01/2007 21:14] Natitto: /m moob pk100x
[08/01/2007 21:14] Natitto: /m moob pk100x
[08/01/2007 21:14] Natitto: /m moob pk100x
[08/01/2007 21:14] Natitto: /m moob pk100x
[08/01/2007 21:14] Natitto: /m moob pk100x
[08/01/2007 21:14] Natitto: /m moob pk100x
[08/01/2007 21:14] Natitto: /m moob pk100x
[08/01/2007 21:14] Natitto: /m moob pk100x
[08/01/2007 21:14] Natitto: /m moob pk100x
[08/01/2007 21:14] Natitto: /m moob pk100x
[08/01/2007 21:14] Natitto: /m moob pk100x
[08/01/2007 21:14] Natitto: /m moob pk100x
[08/01/2007 21:14] Natitto: /m moob pk100x
[08/01/2007 21:14] Natitto: /m moob pk100x
[08/01/2007 21:14] Natitto: /m moob pk100x
[08/01/2007 21:14] Natitto: /m moob pk100x
[08/01/2007 21:14] Natitto: /m moob pk100x
[08/01/2007 21:14] Natitto: /m moob pk100x
[08/01/2007 21:14] Natitto: /m moob pk100x
[08/01/2007 21:14] Natitto: /m moob pk100x
[08/01/2007 21:14] Natitto: /m moob pk100x
[08/01/2007 21:14] Natitto: /m moob pk100x
[08/01/2007 21:14] Natitto: /m moob pk100x
[08/01/2007 21:14] Natitto: /m moob pk100x
[08/01/2007 21:14] Natitto: /m moob pk100x
[08/01/2007 21:14] Natitto: /m moob pk100x
[08/01/2007 21:14] Natitto: /m moob pk100x
[08/01/2007 21:14] Natitto: /m moob pk100x
[08/01/2007 21:14] Natitto: /m moob pk100x
[08/01/2007 21:14] Natitto: /m moob pk100x
[08/01/2007 21:14] Natitto: /m moob pk100x
[08/01/2007 21:14] Natitto: /m moob pk100x
[08/01/2007 21:14] Natitto: /m moob pk100x
[08/01/2007 21:14] Natitto: /m moob pk100x
[08/01/2007 21:14] Natitto: /m moob pk100x
[08/01/2007 21:14] Natitto: /m moob pk100x
[08/01/2007 21:14] Natitto: /m moob pk100x
[08/01/2007 21:14] Natitto: /m moob pk100x
[08/01/2007 21:14] Natitto: /m moob pk100x
[08/01/2007 21:14] Natitto: /m moob pk100x
[08/01/2007 21:14] Natitto: /m moob pk100x
[08/01/2007 21:14] Natitto: /m moob pk100x
[08/01/2007 21:14] Natitto: /m moob pk100x
[08/01/2007 21:15] Natitto: /m moob pk100x
[08/01/2007 21:15] Natitto: /m moob pk100x
[08/01/2007 21:15] Natitto: /m moob pk100x
[08/01/2007 21:15] Natitto: /m moob pk100x
[08/01/2007 21:15] Natitto: /m moob pk100x
[08/01/2007 21:15] Natitto: /m moob pk100x
[08/01/2007 21:15] Natitto: /m moob pk100x
[08/01/2007 21:15] Natitto: /m moob pk100x
[08/01/2007 21:15] Natitto: /m moob pk100x
[08/01/2007 21:15] Natitto: /m moob pk100x
[08/01/2007 21:15] Natitto: /m moob pk100x
[08/01/2007 21:15] Natitto: /m moob pk100x
[08/01/2007 21:15] Natitto: /m moob pk100x
[08/01/2007 21:15] Natitto: /m moob pk100x
[08/01/2007 21:15] Natitto: /m moob pk100x
[08/01/2007 21:15] Natitto: /m moob pk100x
[08/01/2007 21:15] Natitto: /m moob pk100x
[08/01/2007 21:15] Natitto: /m moob pk100x
[08/01/2007 21:15] Natitto: /m moob pk100x
[08/01/2007 21:15] Natitto: /m moob pk100x
[08/01/2007 21:15] Natitto: /m moob pk100x
[08/01/2007 21:15] Natitto: /m moob pk100x
[08/01/2007 21:15] Natitto: /m moob pk100x
[08/01/2007 21:15] Natitto: /m moob pk100x
[08/01/2007 21:15] Natitto: /m moob pk100x
[08/01/2007 21:15] Natitto: /m moob pk100x
[08/01/2007 21:15] Natitto: /m moob pk100x
[08/01/2007 21:15] Natitto: /m moob pk100x
[08/01/2007 21:15] Natitto: /m moob pk100x
[08/01/2007 21:15] Natitto: /m moob pk100x
[08/01/2007 21:15] Natitto: /m moob pk100x
[08/01/2007 21:15] Natitto: /m moob pk100x
[08/01/2007 21:15] Natitto: /m moob pk100x
[08/01/2007 21:15] Natitto: /m moob pk100x
[08/01/2007 21:15] Natitto: /m moob pk100x
[08/01/2007 21:15] Natitto: /m moob pk100x
[08/01/2007 21:15] Natitto: /invisible
[08/01/2007 21:15] Natitto: /t
[08/01/2007 21:15] Natitto: /a 1
[08/01/2007 21:16] Natitto: /c shadow shinobi
[08/01/2007 21:16] Natitto: /i 2352 1
[08/01/2007 21:17] Natitto: /i 2160 100
[08/01/2007 21:51] Freedom Fighter: /b Schwin
[08/01/2007 22:07] Part: /c roxxy
[08/01/2007 22:07] Part: /c roxxy
[08/01/2007 22:07] Part: /c roxxy
[08/01/2007 22:07] Part: /c roxxy
[08/01/2007 22:07] Part: /c roxxy
[08/01/2007 22:24] Abyss: /save
[08/01/2007 22:25] Abyss: /closeserver
[09/01/2007 13:46] Consellor Boris: /invisible
[09/01/2007 13:47] Consellor Boris: /c Quwz
[09/01/2007 14:10] Imrion Fox: /clean
[09/01/2007 14:11] Imrion Fox: /c mewtu
[09/01/2007 15:07] Consellor Boris: /B Greetings to all TiTaniums
[09/01/2007 15:08] Consellor Boris: /B someone need help or got a question?
[09/01/2007 15:09] Consellor Boris: /B wtf none write with me :'(
[09/01/2007 15:09] Consellor Boris: /B normaly my hole screen is full with msges
[09/01/2007 15:10] Consellor Boris: /B 15:09 Xatton: ist ja auch war
[09/01/2007 15:10] Consellor Boris: /B could u translate?
[09/01/2007 15:18] Consellor Boris: /clean
[09/01/2007 15:34] Consellor Boris: /B well boys and girls i gtg but we will see us again baba <3<3<3
[09/01/2007 16:04] Imrion Fox: /clean
[09/01/2007 16:18] Imrion Fox: /clean
[09/01/2007 17:18] Kuki: /invisible
[09/01/2007 17:18] Kuki: /a 1
[09/01/2007 17:18] Kuki: /a 1
[09/01/2007 17:18] Kuki: /a 1
[09/01/2007 17:18] Kuki: /a 1
[09/01/2007 17:18] Kuki: /a 1
[09/01/2007 17:18] Kuki: /a 1
[09/01/2007 17:18] Kuki: /a 1
[09/01/2007 17:18] Kuki: /a 1
[09/01/2007 17:18] Kuki: /a 1
[09/01/2007 17:18] Kuki: /a 1
[09/01/2007 17:19] Kuki: /c shadow shinobi
[09/01/2007 17:19] Kuki: /m moob pk100x
[09/01/2007 17:19] Kuki: /m moob pk100x
[09/01/2007 17:19] Kuki: /m moob pk100x
[09/01/2007 17:19] Kuki: /m moob pk100x
[09/01/2007 17:19] Kuki: /m moob pk100x
[09/01/2007 17:19] Kuki: /m moob pk100x
[09/01/2007 17:19] Kuki: /m moob pk100x
[09/01/2007 17:19] Kuki: /m moob pk100x
[09/01/2007 17:19] Kuki: /m moob pk100x
[09/01/2007 17:19] Kuki: /m moob pk100x
[09/01/2007 17:19] Kuki: /m moob pk100x
[09/01/2007 17:19] Kuki: /m moob pk100x
[09/01/2007 17:19] Kuki: /m moob pk100x
[09/01/2007 17:19] Kuki: /m moob pk100x
[09/01/2007 17:19] Kuki: /m moob pk100x
[09/01/2007 17:19] Kuki: /m moob pk100x
[09/01/2007 17:19] Kuki: /m moob pk100x
[09/01/2007 17:19] Kuki: /m moob pk100x
[09/01/2007 17:19] Kuki: /m moob pk100x
[09/01/2007 17:19] Kuki: /m moob pk100x
[09/01/2007 17:19] Kuki: /m moob pk100x
[09/01/2007 17:19] Kuki: /m moob pk100x
[09/01/2007 17:19] Kuki: /m moob pk100x
[09/01/2007 17:19] Kuki: /m Flamingo
[09/01/2007 17:19] Kuki: /m Flamingo
[09/01/2007 17:19] Kuki: /m Flamingo
[09/01/2007 17:19] Kuki: /m Flamingo
[09/01/2007 17:19] Kuki: /m Flamingo
[09/01/2007 17:19] Kuki: /m Flamingo
[09/01/2007 17:19] Kuki: /m Flamingo
[09/01/2007 17:19] Kuki: /m Flamingo
[09/01/2007 17:19] Kuki: /m Flamingo
[09/01/2007 17:19] Kuki: /m moob pk100x
[09/01/2007 17:19] Kuki: /m moob pk100x
[09/01/2007 17:19] Kuki: /m moob pk100x
[09/01/2007 17:19] Kuki: /m moob pk100x
[09/01/2007 17:19] Kuki: /m moob pk100x
[09/01/2007 17:19] Kuki: /m moob pk100x
[09/01/2007 17:19] Kuki: /m moob pk100x
[09/01/2007 17:19] Kuki: /m moob pk100x
[09/01/2007 17:19] Kuki: /m moob pk100x
[09/01/2007 17:19] Kuki: /m moob pk100x
[09/01/2007 17:20] Kuki: /m moob pk100x
[09/01/2007 17:20] Kuki: /m moob pk100x
[09/01/2007 17:20] Kuki: /m moob pk100x
[09/01/2007 17:20] Kuki: /m moob pk100x
[09/01/2007 17:20] Kuki: /m moob pk100x
[09/01/2007 17:20] Kuki: /m moob pk100x
[09/01/2007 17:20] Kuki: /m moob pk100x
[09/01/2007 17:20] Kuki: /m moob pk100x
[09/01/2007 17:20] Kuki: /m moob pk100x
[09/01/2007 17:20] Kuki: /m moob pk100x
[09/01/2007 17:20] Kuki: /m moob pk100x
[09/01/2007 17:20] Kuki: /m moob pk100x
[09/01/2007 17:20] Kuki: /m moob pk100x
[09/01/2007 17:20] Kuki: /m moob pk100x
[09/01/2007 17:20] Kuki: /m moob pk100x
[09/01/2007 17:20] Kuki: /m moob pk100x
[09/01/2007 17:20] Kuki: /m moob pk100x
[09/01/2007 17:20] Kuki: /m moob pk100x
[09/01/2007 17:20] Kuki: /m moob pk100x
[09/01/2007 17:20] Kuki: /m moob pk100x
[09/01/2007 17:20] Kuki: /m moob pk100x
[09/01/2007 17:20] Kuki: /m moob pk100x
[09/01/2007 17:20] Kuki: /m moob pk100x
[09/01/2007 17:20] Kuki: /m moob pk100x
[09/01/2007 17:20] Kuki: /m moob pk100x
[09/01/2007 17:20] Kuki: /m moob pk100x
[09/01/2007 17:20] Kuki: /m moob pk100x
[09/01/2007 17:20] Kuki: /m moob pk100x
[09/01/2007 17:20] Kuki: /m moob pk100x
[09/01/2007 17:20] Kuki: /m moob pk100x
[09/01/2007 17:20] Kuki: /m moob pk100x
[09/01/2007 17:20] Kuki: /m moob pk100x
[09/01/2007 17:20] Kuki: /m moob pk100x
[09/01/2007 17:20] Kuki: /m moob pk100x
[09/01/2007 17:20] Kuki: /m moob pk100x
[09/01/2007 17:20] Kuki: /m moob pk100x
[09/01/2007 17:20] Kuki: /m moob pk100x
[09/01/2007 17:20] Kuki: /m moob pk100x
[09/01/2007 17:20] Kuki: /m moob pk100x
[09/01/2007 17:20] Kuki: /m moob pk100x
[09/01/2007 17:20] Kuki: /m moob pk100x
[09/01/2007 17:20] Kuki: /m moob pk100x
[09/01/2007 17:20] Kuki: /m moob pk100x
[09/01/2007 17:20] Kuki: /m moob pk100x
[09/01/2007 17:20] Kuki: /m moob pk100x
[09/01/2007 17:20] Kuki: /m moob pk100x
[09/01/2007 17:20] Kuki: /m moob pk100x
[09/01/2007 17:20] Kuki: /m moob pk100x
[09/01/2007 17:20] Kuki: /m moob pk100x
[09/01/2007 17:20] Kuki: /m moob pk100x
[09/01/2007 17:20] Kuki: /m moob pk100x
[09/01/2007 17:20] Kuki: /m moob pk100x
[09/01/2007 17:20] Kuki: /m moob pk100x
[09/01/2007 17:20] Kuki: /m moob pk100x
[09/01/2007 17:20] Kuki: /m moob pk100x
[09/01/2007 17:20] Kuki: /m moob pk100x
[09/01/2007 17:20] Kuki: /m moob pk100x
[09/01/2007 17:20] Kuki: /m moob pk100x
[09/01/2007 17:20] Kuki: /m moob pk100x
[09/01/2007 17:20] Kuki: /m moob pk100x
[09/01/2007 17:20] Kuki: /m moob pk100x
[09/01/2007 17:20] Kuki: /m moob pk100x
[09/01/2007 17:20] Kuki: /m moob pk100x
[09/01/2007 17:20] Kuki: /m moob pk100x
[09/01/2007 17:20] Kuki: /m moob pk100x
[09/01/2007 17:20] Kuki: /m moob pk100x
[09/01/2007 17:20] Kuki: /m moob pk100x
[09/01/2007 17:20] Kuki: /m moob pk100x
[09/01/2007 17:20] Kuki: /m moob pk100x
[09/01/2007 17:20] Kuki: /m moob pk100x
[09/01/2007 18:00] Imrion Fox: !online
[09/01/2007 18:04] Imrion Fox: /t
[09/01/2007 18:04] Imrion Fox: /invisible
[09/01/2007 18:09] Imrion Fox: /invisible
[09/01/2007 18:11] Imrion Fox: !online
[09/01/2007 18:11] Imrion Fox: /invisible
[09/01/2007 18:11] Imrion Fox: !online
[09/01/2007 18:12] Imrion Fox: !online
[09/01/2007 18:13] Imrion Fox: /c darkIII
[09/01/2007 18:13] Imrion Fox: /invisible
[09/01/2007 18:14] Imrion Fox: /invisible
[09/01/2007 19:16] Kuki: /c jirayah
[09/01/2007 19:16] Kuki: /c jiraya
[09/01/2007 19:17] Kuki: /c Sakura of The Fire
[09/01/2007 19:17] Kuki: /c Jiraiya
[09/01/2007 19:17] Kuki: /c Sensej Kakashi
[09/01/2007 19:17] Kuki: /c Sensej Kakashi
[09/01/2007 19:17] Kuki: /c Sensej Kakashi
[09/01/2007 19:18] Kuki: /c Sensej Kakashi
[09/01/2007 19:18] Kuki: /c Sakura of The Fire
[09/01/2007 19:18] Kuki: /c Sensej Kakashi
[09/01/2007 19:18] Kuki: /c Jiraiya
[09/01/2007 19:18] Kuki: /c Jiraiya
[09/01/2007 19:18] Kuki: /c Sensej Kakashi
[09/01/2007 19:18] Kuki: /c Sensej Kakashi
[09/01/2007 19:18] Kuki: /c Sensej Kakashi
[09/01/2007 19:18] Kuki: /c Sensej Kakashi
[09/01/2007 19:18] Kuki: /c Sensej Kakashi
[09/01/2007 19:18] Kuki: /c Sensej Kakashi
[09/01/2007 19:18] Kuki: /c Sensej Kakashi
[09/01/2007 19:18] Kuki: /c Sensej Kakashi
[09/01/2007 19:18] Kuki: /c Sensej Kakashi
[09/01/2007 19:19] Kuki: /c Sensej Kakashi
[09/01/2007 19:19] Kuki: /c Sensej Kakashi
[09/01/2007 19:19] Kuki: /c Sensej Kakashi
[09/01/2007 19:19] Kuki: /c Sensej Kakashi
[09/01/2007 19:19] Kuki: /c Sensej Kakashi
[09/01/2007 19:19] Kuki: /c Sensej Kakashi
[09/01/2007 19:19] Kuki: /c Sensej Kakashi
[09/01/2007 19:21] Kuki: /a aergej savchenko
[09/01/2007 19:21] Kuki: /s sergej savchenko
[09/01/2007 19:21] Kuki: /s sergej savchenko
[09/01/2007 19:21] Kuki: /s sergej savchenko
[09/01/2007 19:21] Kuki: /c Jiraiya
[09/01/2007 19:22] Kuki: /m moob pk100x
[09/01/2007 19:22] Kuki: /m moob pk100x
[09/01/2007 19:22] Kuki: /m moob pk100x
[09/01/2007 19:22] Kuki: /m moob pk100x
[09/01/2007 19:22] Kuki: /m moob pk100x
[09/01/2007 19:22] Kuki: /m moob pk100x
[09/01/2007 19:22] Kuki: /m moob pk100x
[09/01/2007 19:22] Kuki: /m moob pk100x
[09/01/2007 19:22] Kuki: /m moob pk100x
[09/01/2007 19:22] Kuki: /a 1
[09/01/2007 19:22] Kuki: /c Jiraya
[09/01/2007 19:22] Kuki: /c jiraiya
[09/01/2007 19:22] Kuki: /a 1
[09/01/2007 19:23] Kuki: /c Sakura of The Fire
[09/01/2007 19:23] Kuki: /m moob pk100x
[09/01/2007 19:23] Kuki: /m moob pk100x
[09/01/2007 19:23] Kuki: /m moob pk100x
[09/01/2007 19:23] Kuki: /m moob pk100x
[09/01/2007 19:23] Kuki: /m moob pk100x
[09/01/2007 19:23] Kuki: /m moob pk100x
[09/01/2007 19:23] Kuki: /m moob pk100x
[09/01/2007 19:23] Kuki: /m moob pk100x
[09/01/2007 19:23] Kuki: /m moob pk100x
[09/01/2007 19:23] Kuki: /m moob pk100x
[09/01/2007 19:23] Kuki: /m moob pk100x
[09/01/2007 19:23] Kuki: /m moob pk100x
[09/01/2007 19:23] Kuki: /c kakashi sensej
[09/01/2007 19:24] Kuki: !online
[09/01/2007 19:24] Kuki: /c sakura of the fire
[09/01/2007 19:24] Kuki: /m moob pk100x
[09/01/2007 19:24] Kuki: /m moob pk100x
[09/01/2007 19:24] Kuki: /m moob pk100x
[09/01/2007 19:24] Kuki: /m moob pk100x
[09/01/2007 19:24] Kuki: /m moob pk100x
[09/01/2007 19:24] Kuki: /m moob pk100x
[09/01/2007 19:24] Kuki: /m moob pk100x
[09/01/2007 19:24] Kuki: /m moob pk100x
[09/01/2007 19:24] Kuki: /m moob pk100x
[09/01/2007 19:24] Kuki: /m moob pk100x
[09/01/2007 19:24] Kuki: /m moob pk100x
[09/01/2007 19:24] Kuki: /m moob pk100x
[09/01/2007 19:24] Kuki: /m moob pk100x
[09/01/2007 19:24] Kuki: /m moob pk100x
[09/01/2007 19:25] Kuki: /m moob pk100x
[09/01/2007 19:25] Kuki: /m moob pk100x
[09/01/2007 19:25] Kuki: /m moob pk100x
[09/01/2007 19:25] Kuki: /m moob pk100x
[09/01/2007 19:25] Kuki: /m moob pk100x
[09/01/2007 19:25] Kuki: /a 1
[09/01/2007 19:25] Kuki: /a 1
[09/01/2007 19:25] Kuki: /c Sakura of The Fire
[09/01/2007 19:26] Kuki: /a 1
[09/01/2007 19:26] Kuki: /a 1
[09/01/2007 19:26] Kuki: /c sensej kakashi
[09/01/2007 19:26] Kuki: /c sensej kakashi
[09/01/2007 19:26] Kuki: /c sensej kakashi
[09/01/2007 19:26] Kuki: /c sensej kakashi
[09/01/2007 19:26] Kuki: /c sensej kakashi
[09/01/2007 19:27] Kuki: /m moob pk100x
[09/01/2007 19:27] Kuki: /m moob pk100x
[09/01/2007 19:27] Kuki: /m moob pk100x
[09/01/2007 19:27] Kuki: /m moob pk100x
[09/01/2007 19:27] Kuki: /m moob pk100x
[09/01/2007 19:27] Kuki: /m moob pk100x
[09/01/2007 19:27] Kuki: /m moob pk100x
[09/01/2007 19:27] Kuki: /m moob pk100x
[09/01/2007 19:27] Kuki: /m moob pk100x
[09/01/2007 19:27] Kuki: /m moob pk100x
[09/01/2007 19:28] Kuki: /m moob pk100x
[09/01/2007 19:28] Kuki: /m moob pk100x
[09/01/2007 19:28] Kuki: /m moob pk100x
[09/01/2007 19:28] Kuki: /m moob pk100x
[09/01/2007 19:28] Kuki: /m moob pk100x
[09/01/2007 19:28] Kuki: /m moob pk100x
[09/01/2007 19:28] Kuki: /m moob pk100x
[09/01/2007 19:28] Kuki: /m moob pk100x
[09/01/2007 19:28] Kuki: /m moob pk100x
[09/01/2007 19:28] Kuki: /m moob pk100x
[09/01/2007 19:29] Kuki: /m moob pk100x
[09/01/2007 19:29] Kuki: /m moob pk100x
[09/01/2007 19:29] Kuki: /m moob pk100x
[09/01/2007 19:29] Kuki: /m moob pk100x
[09/01/2007 19:31] Kuki: /i 2160 100
[09/01/2007 19:31] Kuki: /i 2160 100
[09/01/2007 19:31] Kuki: /i 2160 100
[09/01/2007 19:31] Kuki: /s trainer
[09/01/2007 19:31] Kuki: /s trainer
[09/01/2007 19:31] Kuki: /s trainer
[09/01/2007 19:33] Kuki: /c shadow shinobi
[09/01/2007 20:23] Tutor Freezer: /B any questions write in help caht blx
[09/01/2007 22:24] Dalos: /invisible
[09/01/2007 22:24] Dalos: !online
[09/01/2007 22:24] Dalos: /getonline
[09/01/2007 22:24] Dalos: /goto myx
[09/01/2007 22:24] Dalos: /goto isy
[09/01/2007 22:25] Dalos: /goto Firenze Bellator
[09/01/2007 22:25] Dalos: /goto Greaper Rim
[09/01/2007 22:25] Dalos: /goto lamoza
[09/01/2007 22:25] Dalos: /goto cassy
[09/01/2007 22:26] Dalos: /closeserver
[09/01/2007 22:41] Kuki: /s sergej savchenko
[10/01/2007 17:06] Abyss: /closeserver
[10/01/2007 17:07] Abyss: /save
[10/01/2007 17:17] garrjlks: /c shadow shinobi
[10/01/2007 18:07] blub: /goto 297 29 1
[10/01/2007 18:08] blub: /c Sasuke Uchiha
[10/01/2007 18:08] blub: /m moob pk100x
[10/01/2007 18:08] blub: /m moob pk100x
[10/01/2007 18:08] blub: /m moob pk100x
[10/01/2007 18:08] blub: /m moob pk100x
[10/01/2007 18:09] blub: /m moob pk100x
[10/01/2007 18:09] blub: /m moob pk100x
[10/01/2007 18:09] blub: /m moob pk100x
[10/01/2007 18:09] blub: /m moob pk100x
[10/01/2007 18:09] blub: /m moob pk100x
[10/01/2007 18:09] blub: /m moob pk100x
[10/01/2007 18:10] blub: /m moob pk100x
[10/01/2007 18:10] blub: /m moob pk100x
[10/01/2007 18:10] blub: /m moob pk100x
[10/01/2007 18:10] blub: /m moob pk100x
[10/01/2007 18:10] blub: /m moob pk100x
[10/01/2007 18:10] blub: /m moob pk100x
[10/01/2007 18:10] blub: /m moob pk100x
[10/01/2007 18:10] blub: /m moob pk100x
[10/01/2007 18:11] blub: /m moob pk100x
[10/01/2007 18:11] blub: /m moob pk100x
[10/01/2007 18:11] blub: /m moob pk100x
[10/01/2007 18:11] blub: /m moob pk100x
[10/01/2007 18:11] blub: /m moob pk100x
[10/01/2007 18:11] blub: /m moob pk100x
[10/01/2007 18:11] blub: /m moob pk100x
[10/01/2007 18:11] blub: /m moob pk100x
[10/01/2007 18:11] blub: /m moob pk100x
[10/01/2007 18:11] blub: /m moob pk100x
[10/01/2007 18:12] blub: /m moob pk100x
[10/01/2007 18:12] blub: /m moob pk100x
[10/01/2007 18:12] blub: /t
[10/01/2007 18:12] blub: /c Sasuke Uchiha
[10/01/2007 18:39] Tutor Lonely: !online
[10/01/2007 18:40] Tutor Lonely: !online
[10/01/2007 18:42] Tutor Lonely: !online
[10/01/2007 18:43] Tutor Lonely: !online
[10/01/2007 18:46] Tutor Lonely: !online
[10/01/2007 18:47] Tutor Lonely: !online
[10/01/2007 19:58] Abyss: /closeserver
[10/01/2007 19:58] Abyss: /save
