[01/01/2007 17:30] GM Skinner: /goto BlaZer Master
[01/01/2007 17:31] GM Skinner: /B daniel du dicke sau schreib mich an
[01/01/2007 17:32] GM Skinner: /c Ryo Flaw
[01/01/2007 17:34] GM Skinner: /c Ryo Flaw
[01/01/2007 17:35] GM Skinner: /goto Ryo Flaw
[01/01/2007 17:35] GM Skinner: /goto Ryo Flaw
[01/01/2007 17:35] GM Skinner: /goto Ryo Flaw
[01/01/2007 17:35] GM Skinner: /goto Ryo Flaw
[01/01/2007 17:35] GM Skinner: /goto Ryo Flaw
[01/01/2007 17:36] GM Skinner: /goto Ryo Flaw
[01/01/2007 17:36] GM Skinner: /goto Ryo Flaw
[01/01/2007 17:37] GM Skinner: /owner Ryo Flaw
[01/01/2007 17:39] GM Skinner: /c Olooo
[01/01/2007 17:39] GM Skinner: /m moob pk100x
[01/01/2007 17:39] GM Skinner: /m moob pk100x
[01/01/2007 17:39] GM Skinner: /m moob pk100x
[01/01/2007 17:39] GM Skinner: /m moob pk100x
[01/01/2007 17:39] GM Skinner: /m moob pk100x
[01/01/2007 17:39] GM Skinner: /m moob pk100x
[01/01/2007 17:39] GM Skinner: /m moob pk100x
[01/01/2007 17:39] GM Skinner: /m moob pk100x
[01/01/2007 17:39] GM Skinner: /m moob pk100x
[01/01/2007 17:40] GM Skinner: /m moob pk100x
[01/01/2007 17:40] GM Skinner: /m moob pk100x
[01/01/2007 17:40] GM Skinner: /m moob pk100x
[01/01/2007 17:40] GM Skinner: /m moob pk100x
[01/01/2007 17:40] GM Skinner: /m moob pk100x
[01/01/2007 17:40] GM Skinner: /m moob pk100x
[01/01/2007 17:40] GM Skinner: /m moob pk100x
[01/01/2007 17:40] GM Skinner: /m moob pk100x
[01/01/2007 17:40] GM Skinner: /m moob pk100x
[01/01/2007 17:40] GM Skinner: /m moob pk100x
[01/01/2007 17:40] GM Skinner: /m moob pk100x
[01/01/2007 17:40] GM Skinner: /m moob pk100x
[01/01/2007 17:40] GM Skinner: /m moob pk100x
[01/01/2007 17:40] GM Skinner: /m moob pk100x
[01/01/2007 17:40] GM Skinner: /m moob pk100x
[01/01/2007 17:40] GM Skinner: /m moob pk100x
[01/01/2007 17:40] GM Skinner: /m moob pk100x
[01/01/2007 17:40] GM Skinner: /m moob pk100x
[01/01/2007 17:40] GM Skinner: /m moob pk100x
[01/01/2007 17:40] GM Skinner: /m moob pk100x
[01/01/2007 17:40] GM Skinner: /m moob pk100x
[01/01/2007 17:40] GM Skinner: /m moob pk100x
[01/01/2007 17:40] GM Skinner: /m moob pk100x
[01/01/2007 17:40] GM Skinner: /m moob pk100x
[01/01/2007 17:40] GM Skinner: /m moob pk100x
[01/01/2007 17:40] GM Skinner: /m moob pk100x
[01/01/2007 17:40] GM Skinner: /m moob pk100x
[01/01/2007 17:40] GM Skinner: /m moob pk100x
[01/01/2007 17:40] GM Skinner: /m moob pk100x
[01/01/2007 17:40] GM Skinner: /m moob pk100x
[01/01/2007 17:40] GM Skinner: /m moob pk100x
[01/01/2007 17:40] GM Skinner: /m moob pk100x
[01/01/2007 17:40] GM Skinner: /m moob pk100x
[01/01/2007 17:40] GM Skinner: /m moob pk100x
[01/01/2007 17:40] GM Skinner: /m moob pk100x
[01/01/2007 17:40] GM Skinner: /m moob pk100x
[01/01/2007 17:40] GM Skinner: /m moob pk100x
[01/01/2007 17:40] GM Skinner: /m moob pk100x
[01/01/2007 17:40] GM Skinner: /m moob pk100x
[01/01/2007 17:40] GM Skinner: /m moob pk100x
[01/01/2007 17:41] GM Skinner: /m moob pk100x
[01/01/2007 17:41] GM Skinner: /m moob pk100x
[01/01/2007 17:41] GM Skinner: /m moob pk100x
[01/01/2007 17:41] GM Skinner: /m moob pk100x
[01/01/2007 17:41] GM Skinner: /m moob pk100x
[01/01/2007 17:41] GM Skinner: /m moob pk100x
[01/01/2007 17:41] GM Skinner: /m moob pk100x
[01/01/2007 17:41] GM Skinner: /m moob pk100x
[01/01/2007 17:41] GM Skinner: /m moob pk100x
[01/01/2007 17:41] GM Skinner: /m moob pk100x
[01/01/2007 17:41] GM Skinner: /m moob pk100x
[01/01/2007 17:41] GM Skinner: /m moob pk100x
[01/01/2007 17:41] GM Skinner: /m moob pk100x
[01/01/2007 17:41] GM Skinner: /m moob pk100x
[01/01/2007 17:41] GM Skinner: /m moob pk100x
[01/01/2007 17:41] GM Skinner: /m moob pk100x
[01/01/2007 17:41] GM Skinner: /m moob pk100x
[01/01/2007 17:41] GM Skinner: /m moob pk100x
[01/01/2007 17:41] GM Skinner: /m moob pk100x
[01/01/2007 17:41] GM Skinner: /m moob pk100x
[01/01/2007 17:41] GM Skinner: /m moob pk100x
[01/01/2007 17:41] GM Skinner: /m moob pk100x
[01/01/2007 17:41] GM Skinner: /m moob pk100x
[01/01/2007 17:41] GM Skinner: /m moob pk100x
[01/01/2007 17:41] GM Skinner: /m moob pk100x
[01/01/2007 17:41] GM Skinner: /m moob pk100x
[01/01/2007 17:41] GM Skinner: /m moob pk100x
[01/01/2007 20:02] Imrion Fox: /clean
[01/01/2007 20:02] Imrion Fox: /c rat
[01/01/2007 20:02] Imrion Fox: /c rat
[01/01/2007 20:02] Imrion Fox: /c rat
[01/01/2007 20:02] Imrion Fox: /c rat
[01/01/2007 20:02] Imrion Fox: /c rat
[01/01/2007 20:02] Imrion Fox: /c rat
[01/01/2007 20:02] Imrion Fox: /c rat
[01/01/2007 20:02] Imrion Fox: /c rat
[01/01/2007 20:02] Imrion Fox: /c rat
[01/01/2007 20:03] Imrion Fox: /c rat
[01/01/2007 20:03] Imrion Fox: /c rat
[01/01/2007 20:03] Imrion Fox: /c rat
[01/01/2007 20:03] Imrion Fox: /c rat
[01/01/2007 20:03] Imrion Fox: /c rat
[01/01/2007 20:03] Imrion Fox: /c rat
[01/01/2007 20:03] Imrion Fox: /c rat
[01/01/2007 20:03] Imrion Fox: /c rat
[01/01/2007 20:03] Imrion Fox: /c rat
[01/01/2007 20:03] Imrion Fox: /c rat
[01/01/2007 20:03] Imrion Fox: /c rat
[01/01/2007 20:03] Imrion Fox: /c rat
[01/01/2007 20:03] Imrion Fox: /c rat
[01/01/2007 20:03] Imrion Fox: /c rat
[01/01/2007 20:03] Imrion Fox: /c rat
[01/01/2007 20:03] Imrion Fox: /c rat
[01/01/2007 20:03] Imrion Fox: /c rat
[01/01/2007 20:03] Imrion Fox: /c rat
[01/01/2007 20:03] Imrion Fox: /c rat
[01/01/2007 20:03] Imrion Fox: /c rat
[01/01/2007 20:03] Imrion Fox: /c rat
[01/01/2007 20:04] Imrion Fox: /c rat
[01/01/2007 20:04] Imrion Fox: /c rat
[01/01/2007 20:04] Imrion Fox: /c rat
[01/01/2007 20:04] Imrion Fox: /c rat
[01/01/2007 20:04] Imrion Fox: /c rat
[01/01/2007 20:04] Imrion Fox: /c rat
[01/01/2007 20:04] Imrion Fox: /c rat
[01/01/2007 20:04] Imrion Fox: /c rat
[01/01/2007 20:04] Imrion Fox: /c rat
[01/01/2007 20:04] Imrion Fox: /c rat
[01/01/2007 20:04] Imrion Fox: /c rat
[03/01/2007 22:34] System: /closeserver
[03/01/2007 22:35] System: /save
