[2006-03-24 19:00] Asuex : 
[2006-03-28 15:34] Frixy: 
[2006-03-28 19:20] Test Druid: 
[2006-03-28 19:20] Test Druid: i cant login on my char ! :( name :MiLkA
[2006-03-31 22:31] Sebbe: <some1 gm/god online?>
[2006-04-01 11:19] Loxia: i am new player PLEASE some free items
[2006-04-07 20:26] Loxia Sorc: i see Bug on a Hero Quest
[2006-04-11 15:53] blub: 
[2006-04-13 08:25] Test Knight: <gm, ven plz!!>
[2006-04-13 20:20] Spoxster: BUY HOUS E!
[2006-04-13 21:02] Spoxster: i found bug and buy house
[2006-04-15 10:45] Clab: 
[2006-04-15 10:45] Clab: Annihi doesn't work
[2006-04-15 16:31] Spoxster: Quwz is fu**ing power abuser!!!I hunting on behes he cames and said "LEAVE OR DIE !! "i told him im here first and he killed me...And i logon and he told me im hunted and i must pay 100k or can make new character.. WTF ???!I think GM's have to Sto
[2006-04-15 21:51] Spoxster: ANNI NOT WORK
[2006-04-17 19:07] Test Paladin: I but bug on my other char name : Clab 181 knight and can't log anybody can help me?
[2006-04-17 19:08] Test Paladin: I but bug on my other char name : Clab 181 knight and can't log anybody can help me?
[2006-04-24 19:59] Spoxster: HEEEELP HEEEEEEELP IM TRAPPED IN RADOKA UNCOMPLETED QUEST IM HERE FOR TWO DAYS NOBODY CANT HELP ME HELP ME PLEASE I GOT 83 MAGIC LEVEL DONT WANT MORE MANASIT :P
[2006-04-28 16:00] Spoxster: wtf ??where are items from my house ?! i lost like 2 milions who stoled my items ?!!?!?!!?!?!?!?!?!
[2006-05-01 18:18] Royal arks: 
[2006-05-01 18:19] Royal arks: macro user here
[2006-05-10 23:45] Sir Krosh: 
[2006-05-12 12:12] Test Druid: 
[2006-05-12 12:12] Test Druid: 
[2006-05-12 12:12] Test Druid: 
[2006-05-12 12:12] Test Druid: 
[2006-05-12 12:12] Test Druid: 
[2006-05-12 12:12] Test Druid: 
[2006-05-12 12:12] Test Druid: 
[2006-05-12 12:12] Test Druid: 
[2006-05-12 12:12] Test Druid: 
[2006-05-12 12:12] Test Druid: 
[2006-05-12 12:12] Test Druid: 
[2006-05-12 12:12] Test Druid: 
[2006-05-12 12:12] Test Druid: 
[2006-05-12 12:12] Test Druid: 
[2006-05-12 12:12] Test Druid: 
[2006-05-12 12:12] Test Druid: 
[2006-05-12 12:12] Test Druid: 
[2006-05-12 12:12] Test Druid: 
[2006-05-12 12:12] Test Druid: 
[2006-05-12 12:12] Test Druid: 
[2006-05-12 12:12] Test Druid: 
[2006-05-12 12:12] Test Druid: 
[2006-05-12 12:12] Test Druid: 
[2006-05-12 12:12] Test Druid: 
[2006-05-12 12:12] Test Druid: 
[2006-05-12 12:12] Test Druid: 
[2006-05-12 12:12] Test Druid: 
[2006-05-12 12:12] Test Druid: 
[2006-05-12 12:12] Test Druid: 
[2006-05-12 12:12] Test Druid: 
[2006-05-12 12:12] Test Druid: 
[2006-05-12 12:12] Test Druid: 
[2006-05-12 12:12] Test Druid: 
[2006-05-12 12:12] Test Druid: 
[2006-05-12 12:12] Test Druid: 
[2006-05-12 12:12] Test Druid: 
[2006-05-12 12:12] Test Druid: 
[2006-05-12 12:12] Test Druid: 
[2006-05-12 12:12] Test Druid: 
[2006-05-12 12:12] Test Druid: 
[2006-05-12 12:12] Test Druid: 
[2006-05-12 12:12] Test Druid: 
[2006-05-12 12:12] Test Druid: 
[2006-05-12 12:12] Test Druid: 
[2006-05-12 12:12] Test Druid: 
[2006-05-12 12:12] Test Druid: 
[2006-05-12 12:12] Test Druid: 
[2006-05-12 12:12] Test Druid: 
[2006-05-12 12:12] Test Druid: 
[2006-05-12 12:12] Test Druid: 
[2006-05-12 12:12] Test Druid: 
[2006-05-12 12:12] Test Druid: 
[2006-05-12 12:12] Test Druid: 
[2006-05-12 12:12] Test Druid: 
[2006-05-12 12:12] Test Druid: 
[2006-05-16 19:00] Kicki: Now is lagging a little..
[2006-05-19 21:38] Edinho The Blizzard: have guys killing all players
[2006-05-24 20:50] Scrol: 
[2006-05-24 20:50] Scrol: IN Razoria needs a Trainer.
[2006-05-31 16:45] Eny: 
[2006-05-31 16:45] Eny: in dp they are killin ppl
[2006-06-16 15:19] Hunder: krentox power abuser with low lvls
[2006-06-16 17:00] Hunder: The fire killer was killing mefor fun 
[2006-06-18 03:47] Ferlu Pardel: lamoza is power abusing killing for fun 19:46 You see a dead human (Vol:12).You recognize Ferlu Pardel. He was killed by lamoza.
[2006-06-21 19:44] David Christoff:  Mogli killed for pa i didnt did nothing to him he is still attacking me
[2006-06-22 22:36] Angels Ending: 
[2006-06-25 18:23] Test Sorc: banned uses macro
[2006-06-29 23:48] Pkje IIIIIIII: bax sho is random killer
[2006-06-29 23:49] Pkje IIIIIIII: mah style killed 3 times without reason.
[2006-06-30 19:59] UHS PLEASE: 
[2006-07-03 23:04] Darky Shadowy: ladiva uses macro
[2006-07-13 15:05] Muklot: 
[2006-07-13 15:06] Muklot: the Mrs Sorc have been killed me... -.- i'm lvl 9
[2006-07-25 05:43] Tutor Flawless: 
[2006-07-25 05:43] Tutor Flawless:  love u soo much :*
[2006-07-28 07:21] zavri picu: LOL
[2006-08-02 01:42] Joker Hunter: 
[2006-08-02 01:42] Joker Hunter: 
[2006-08-02 19:18] Consellor Ultimatum: 
[2006-08-27 11:10] Dessite: 
[2006-08-28 10:09] Mahomet: 
[2006-09-03 14:47] Trugz Ran: gm pls unbanned my har DAKS WETHS!
[2006-09-03 14:47] Trugz Ran: gm pls unbanned my har DAKS WETHS!
[2006-09-03 14:47] Trugz Ran: gm pls unbanned my har DAKS WETHS!
[2006-09-03 14:47] Trugz Ran: gm pls unbanned my har DAKS WETHS!
[2006-09-03 14:47] Trugz Ran: gm pls unbanned my har DAKS WETHS!
[2006-09-03 14:47] Trugz Ran: gm pls unbanned my har DAKS WETHS!
[2006-09-10 18:48] Ranntanplan: 
[2006-09-10 18:49] Ranntanplan: Elite Kaempfer has  cheat
[2006-09-10 18:49] Ranntanplan: Elite Kaempfer has  cheat.
[2006-09-12 01:46] Portector II: 
[2006-09-12 01:47] Portector II: I cannot log on one of my characters... It says connecting to world and justs stays there...
[2006-09-13 20:12] Kelly: 
[2006-09-13 20:12] Kelly: this ot has a bug
[2006-10-09 14:35] White Dragon: 
[2006-10-09 14:35] White Dragon: Twice komm ma zu mir ich bin bei den scarabs ganz unten bei dem schiff
[2006-10-09 14:36] White Dragon: unten
[2006-10-10 21:46] Kruq Vey: 
[2006-10-15 18:34] Edu II: DamNiT maked field rune (deathbomb) in arena...
[2006-10-15 18:34] Edu II: DamNiT maked field rune (deathbomb) in arena...
[2006-10-18 15:37] Killler Maniak: 
[2006-10-18 15:38] Killler Maniak: 
[2006-10-19 20:01] Emperor Brian: I see a map fault
[2006-11-06 21:40] Tutor Freezer: characktr damion = bugged
[2006-11-25 00:04] Master Bono: 
[2006-11-25 00:04] Master Bono: d
[2006-11-25 00:04] Master Bono: Mario the knight use pz bug!!
[2006-11-25 00:04] Master Bono: Mario the knight use pz bug!!
[2006-11-25 00:04] Master Bono: Mario the knight use pz bug!!
[2006-11-25 00:04] Master Bono: Mario the knight use pz bug!!
[2006-11-28 18:15] Kalius Dreamweaver: 
[2006-12-01 21:46] wtfass: 
[2006-12-01 21:46] wtfass: 
[2006-12-01 21:46] wtfass: 
[2006-12-01 21:46] wtfass: 
[2006-12-01 21:46] wtfass: 
[2006-12-01 21:46] wtfass: 
[2006-12-01 21:46] wtfass: 
[2006-12-08 07:01] Imrion Fox: 06:50 Xatton: i will report u later too (hate and sorrow)
[2006-12-08 07:01] Imrion Fox: 06:50 Xatton: cuz u take 2 times my spawn i warned u (hate and sorrow)
[2006-12-08 07:01] Imrion Fox: 06:57 hate and sorrow: ok to repay you, i offer you my service, i can be your personal assassin, ^^, you know,kill some one you hate (will mich bestechen)
[2007-01-01 17:18] Rancid: ja ich hab ein problem ich hab etz zum ersten mal seit 5 monaten wieder eingeloggt und etz bin ich lvl 1 und auf so ner lava insel und kann mich ned bewegen
[2007-01-01 17:19] Busen Lilli: genau das selbe mit diesem char wie mit rancid...
[2007-01-01 17:21] General Anal: und mit diesem
[2007-01-01 17:21] General Anal: die waren alle über lvl 100 :(
[2007-01-09 19:12] Ataxerio: 
[2007-01-09 19:22] Seba: 
[2007-01-11 14:32] The Butcher: 
[2007-01-13 09:48] Ataxerio: 
[2007-01-13 09:48] Ataxerio: 
[2007-01-13 09:48] Ataxerio: 
[2007-01-13 09:48] Ataxerio: 
[2007-01-13 09:48] Ataxerio: 
[2007-01-13 09:48] Ataxerio: 
[2007-01-13 09:48] Ataxerio: 
[2007-01-13 09:48] Ataxerio: 
[2007-01-13 09:48] Ataxerio: 
[2007-01-13 09:48] Ataxerio: 
[2007-01-13 09:48] Ataxerio: 
[2007-01-13 09:48] Ataxerio: 
[2007-01-13 09:48] Ataxerio: 
[2007-01-13 09:48] Ataxerio: 
[2007-01-13 09:48] Ataxerio: 
[2007-01-13 09:48] Ataxerio: 
[2007-01-13 09:48] Ataxerio: 
[2007-01-13 09:48] Ataxerio: 
[2007-01-13 09:48] Ataxerio: 
[2007-01-13 09:48] Ataxerio: 
[2007-01-13 09:48] Ataxerio: 
[2007-01-13 09:48] Ataxerio: 
[2007-01-13 09:48] Ataxerio: 
[2007-01-13 09:54] Ataxerio: 
[2007-01-13 09:54] Ataxerio: 
[2007-01-13 09:54] Ataxerio: 
[2007-01-13 09:54] Ataxerio: 
[2007-01-13 09:54] Ataxerio: 
[2007-01-15 16:26] Algerond: 
[2007-01-15 16:26] Algerond: pls running around killing nothing knowing newbies.....
[2007-01-17 19:51] Koi : 
[2007-01-17 19:51] Koi : Crussader from hell is cave botter on guards!
[2007-01-17 20:59] Kewin sam w domu: Powracajom kapcie use deathbomb in arena
[2007-01-17 21:08] Kewin sam w domu: Virtualek dropping fire fields and on fire fields magic walls on pvp area on teleports
[2007-01-25 23:48] kookoo: 
[2007-02-05 18:09] Kewin sam w domu: 
[2007-02-05 18:10] Koi : LoL PaLLY Makes magic wall next to me and i can't shoot to trainer
[2007-02-05 20:56] Oko: 
[2007-02-09 21:30] Koi : Tacit Rainbow using bot for exura vita
[2007-02-11 11:47] Koi : Roxxy have got 2 houses
[2007-02-18 12:23] Thunder Law: Saggito Ales is PA!!! and skullhunter
[2007-02-18 12:28] Thunder Law: SAGGITO ALES IS POWER ABUSER
[2007-02-18 12:28] Thunder Law: SAGGITO ALES IS POWER ABUSER
[2007-02-18 12:28] Thunder Law: SAGGITO ALES IS POWER ABUSER
[2007-02-18 12:28] Thunder Law: SAGGITO ALES IS POWER ABUSER
[2007-03-02 14:34] kookoo: 
[2007-03-25 10:44] BeNeKkk: 
[2007-03-26 17:46] Ventriel : 
[2007-04-16 12:34] kookoo: Sergaj :Barbie had thiefed my house plz help
[2007-05-01 16:11] Jenny the Fire: 
[2007-05-07 17:35] Jenny the Fire: xD
[2007-05-19 02:07] bobsking: 17:06 You lose 2725 hitpoints due to an attack by Hostage.
[2007-06-19 16:54] Animatic: 
[2007-06-28 18:21] bobsking: 
[2007-06-28 18:21] bobsking: 19:21 You see a dead human (Vol:12).You recognize Sweety Girl. She was killed by Mr Blub.
[2007-08-13 18:58] Pox Mixxer: SEXY BABE OF LOVE IS NE DUMME KUH
[2007-08-13 18:58] Pox Mixxer: GHAHAHAHAAHHAAHA TITAN DU HURENSOHN DEINE MUTTER HABE ICH 3MAL VON HINTEN
[2007-08-21 00:05] BlacK MamBa  : hey titan, kannst du mir sagen woher ich multi ip changer 7.6 - 8.0 finde wenn du es mir sagst eh schicke ich dir 20€ ich gebe dir meine msn addy und du sagst mir den link einfach wenn ich offline bin und deine addresse und dann bekommste 20€
[2007-08-21 00:05] BlacK MamBa  : Tanja.Angel@hotmail.de is die msn addy und sag mir woher dann bekommste 20€
[2007-08-30 15:53] Dark Ousa: 
[2007-08-30 15:53] Dark Ousa: hi whats up
[2007-08-31 03:32] bobsking: 
[2007-08-31 18:57] Trishy: :D
